[2023-06-15T00:01:59.959+0000] {taskinstance.py:1083} INFO - Dependencies all met for <TaskInstance: database_postgres.create_table scheduled__2023-06-14T00:00:00+00:00 [queued]>
[2023-06-15T00:01:59.973+0000] {taskinstance.py:1083} INFO - Dependencies all met for <TaskInstance: database_postgres.create_table scheduled__2023-06-14T00:00:00+00:00 [queued]>
[2023-06-15T00:01:59.974+0000] {taskinstance.py:1279} INFO - 
--------------------------------------------------------------------------------
[2023-06-15T00:01:59.974+0000] {taskinstance.py:1280} INFO - Starting attempt 1 of 1
[2023-06-15T00:01:59.975+0000] {taskinstance.py:1281} INFO - 
--------------------------------------------------------------------------------
[2023-06-15T00:01:59.989+0000] {taskinstance.py:1300} INFO - Executing <Task(PostgresOperator): create_table> on 2023-06-14 00:00:00+00:00
[2023-06-15T00:01:59.997+0000] {standard_task_runner.py:55} INFO - Started process 15022 to run task
[2023-06-15T00:02:00.001+0000] {standard_task_runner.py:82} INFO - Running: ['***', 'tasks', 'run', 'database_postgres', 'create_table', 'scheduled__2023-06-14T00:00:00+00:00', '--job-id', '75', '--raw', '--subdir', 'DAGS_FOLDER/postgress_db.py', '--cfg-path', '/tmp/tmpcaiwbq99']
[2023-06-15T00:02:00.015+0000] {standard_task_runner.py:83} INFO - Job 75: Subtask create_table
[2023-06-15T00:02:00.186+0000] {task_command.py:388} INFO - Running <TaskInstance: database_postgres.create_table scheduled__2023-06-14T00:00:00+00:00 [running]> on host 9268ba351b9c
[2023-06-15T00:02:00.299+0000] {taskinstance.py:1509} INFO - Exporting the following env vars:
AIRFLOW_CTX_DAG_OWNER=***
AIRFLOW_CTX_DAG_ID=database_postgres
AIRFLOW_CTX_TASK_ID=create_table
AIRFLOW_CTX_EXECUTION_DATE=2023-06-14T00:00:00+00:00
AIRFLOW_CTX_TRY_NUMBER=1
AIRFLOW_CTX_DAG_RUN_ID=scheduled__2023-06-14T00:00:00+00:00
[2023-06-15T00:02:00.300+0000] {sql.py:254} INFO - Executing: -- drop table if exists execution_table;
CREATE TABLE IF NOT EXISTS execution_table (
  id SERIAL PRIMARY KEY,
  exectime TIMESTAMP DEFAULT CURRENT_TIMESTAMP
);
[2023-06-15T00:02:00.316+0000] {base.py:73} INFO - Using connection ID 'postgres' for task execution.
[2023-06-15T00:02:00.567+0000] {base.py:73} INFO - Using connection ID 'postgres' for task execution.
[2023-06-15T00:02:00.573+0000] {sql.py:375} INFO - Running statement: -- drop table if exists execution_table;
CREATE TABLE IF NOT EXISTS execution_table (
  id SERIAL PRIMARY KEY,
  exectime TIMESTAMP DEFAULT CURRENT_TIMESTAMP
);, parameters: None
[2023-06-15T00:02:00.593+0000] {taskinstance.py:1323} INFO - Marking task as SUCCESS. dag_id=database_postgres, task_id=create_table, execution_date=20230614T000000, start_date=20230615T000159, end_date=20230615T000200
[2023-06-15T00:02:00.628+0000] {local_task_job.py:208} INFO - Task exited with return code 0
[2023-06-15T00:02:00.652+0000] {taskinstance.py:2578} INFO - 1 downstream tasks scheduled from follow-on schedule check
