[2023-06-14T14:05:54.992+0000] {taskinstance.py:1083} INFO - Dependencies all met for <TaskInstance: database_postgres.create_table manual__2023-06-14T14:05:53.760386+00:00 [queued]>
[2023-06-14T14:05:54.999+0000] {taskinstance.py:1083} INFO - Dependencies all met for <TaskInstance: database_postgres.create_table manual__2023-06-14T14:05:53.760386+00:00 [queued]>
[2023-06-14T14:05:55.000+0000] {taskinstance.py:1279} INFO - 
--------------------------------------------------------------------------------
[2023-06-14T14:05:55.000+0000] {taskinstance.py:1280} INFO - Starting attempt 1 of 1
[2023-06-14T14:05:55.001+0000] {taskinstance.py:1281} INFO - 
--------------------------------------------------------------------------------
[2023-06-14T14:05:55.009+0000] {taskinstance.py:1300} INFO - Executing <Task(PostgresOperator): create_table> on 2023-06-14 14:05:53.760386+00:00
[2023-06-14T14:05:55.014+0000] {standard_task_runner.py:55} INFO - Started process 95 to run task
[2023-06-14T14:05:55.018+0000] {standard_task_runner.py:82} INFO - Running: ['***', 'tasks', 'run', 'database_postgres', 'create_table', 'manual__2023-06-14T14:05:53.760386+00:00', '--job-id', '43', '--raw', '--subdir', 'DAGS_FOLDER/postgress_db.py', '--cfg-path', '/tmp/tmpa9j716cx']
[2023-06-14T14:05:55.019+0000] {standard_task_runner.py:83} INFO - Job 43: Subtask create_table
[2023-06-14T14:05:55.081+0000] {task_command.py:388} INFO - Running <TaskInstance: database_postgres.create_table manual__2023-06-14T14:05:53.760386+00:00 [running]> on host 5fd7c6d884b5
[2023-06-14T14:05:55.132+0000] {taskinstance.py:1509} INFO - Exporting the following env vars:
AIRFLOW_CTX_DAG_OWNER=***
AIRFLOW_CTX_DAG_ID=database_postgres
AIRFLOW_CTX_TASK_ID=create_table
AIRFLOW_CTX_EXECUTION_DATE=2023-06-14T14:05:53.760386+00:00
AIRFLOW_CTX_TRY_NUMBER=1
AIRFLOW_CTX_DAG_RUN_ID=manual__2023-06-14T14:05:53.760386+00:00
[2023-06-14T14:05:55.133+0000] {sql.py:254} INFO - Executing: CREATE TABLE IF NOT EXISTS my_table (
  id INT UNIQUE NOT NULL,
  execution_time TIMESTAMP DEFAULT CURRENT_TIMESTAMP
);
[2023-06-14T14:05:55.141+0000] {base.py:73} INFO - Using connection ID 'postgres' for task execution.
[2023-06-14T14:05:55.247+0000] {base.py:73} INFO - Using connection ID 'postgres' for task execution.
[2023-06-14T14:05:55.252+0000] {sql.py:375} INFO - Running statement: CREATE TABLE IF NOT EXISTS my_table (
  id INT UNIQUE NOT NULL,
  execution_time TIMESTAMP DEFAULT CURRENT_TIMESTAMP
);, parameters: None
[2023-06-14T14:05:55.262+0000] {taskinstance.py:1323} INFO - Marking task as SUCCESS. dag_id=database_postgres, task_id=create_table, execution_date=20230614T140553, start_date=20230614T140554, end_date=20230614T140555
[2023-06-14T14:05:55.311+0000] {local_task_job.py:208} INFO - Task exited with return code 0
[2023-06-14T14:05:55.329+0000] {taskinstance.py:2578} INFO - 1 downstream tasks scheduled from follow-on schedule check
