[2023-06-08T12:58:49.885+0000] {taskinstance.py:1083} INFO - Dependencies all met for <TaskInstance: database_postgres.create_table manual__2023-06-08T12:58:49.021479+00:00 [queued]>
[2023-06-08T12:58:49.891+0000] {taskinstance.py:1083} INFO - Dependencies all met for <TaskInstance: database_postgres.create_table manual__2023-06-08T12:58:49.021479+00:00 [queued]>
[2023-06-08T12:58:49.891+0000] {taskinstance.py:1279} INFO - 
--------------------------------------------------------------------------------
[2023-06-08T12:58:49.892+0000] {taskinstance.py:1280} INFO - Starting attempt 1 of 1
[2023-06-08T12:58:49.892+0000] {taskinstance.py:1281} INFO - 
--------------------------------------------------------------------------------
[2023-06-08T12:58:49.899+0000] {taskinstance.py:1300} INFO - Executing <Task(PostgresOperator): create_table> on 2023-06-08 12:58:49.021479+00:00
[2023-06-08T12:58:49.904+0000] {standard_task_runner.py:55} INFO - Started process 771 to run task
[2023-06-08T12:58:49.907+0000] {standard_task_runner.py:82} INFO - Running: ['***', 'tasks', 'run', 'database_postgres', 'create_table', 'manual__2023-06-08T12:58:49.021479+00:00', '--job-id', '21', '--raw', '--subdir', 'DAGS_FOLDER/postgress_db.py', '--cfg-path', '/tmp/tmpiczpcdzc']
[2023-06-08T12:58:49.908+0000] {standard_task_runner.py:83} INFO - Job 21: Subtask create_table
[2023-06-08T12:58:49.956+0000] {task_command.py:388} INFO - Running <TaskInstance: database_postgres.create_table manual__2023-06-08T12:58:49.021479+00:00 [running]> on host 54f992379a81
[2023-06-08T12:58:50.001+0000] {taskinstance.py:1509} INFO - Exporting the following env vars:
AIRFLOW_CTX_DAG_OWNER=***
AIRFLOW_CTX_DAG_ID=database_postgres
AIRFLOW_CTX_TASK_ID=create_table
AIRFLOW_CTX_EXECUTION_DATE=2023-06-08T12:58:49.021479+00:00
AIRFLOW_CTX_TRY_NUMBER=1
AIRFLOW_CTX_DAG_RUN_ID=manual__2023-06-08T12:58:49.021479+00:00
[2023-06-08T12:58:50.002+0000] {sql.py:254} INFO - Executing: drop table if exists users;
            CREATE TABLE IF NOT EXISTS USERS (
                id INT not null unique,
                name VARCHAR(255) NOT NULL,
                email VARCHAR(255) NOT NULL,
                phone VARCHAR(255) NOT NULL,
                address VARCHAR(255) NOT NULL,
                organization VARCHAR(255) NOT NULL
            );
[2023-06-08T12:58:50.009+0000] {base.py:73} INFO - Using connection ID 'postgres' for task execution.
[2023-06-08T12:58:50.145+0000] {base.py:73} INFO - Using connection ID 'postgres' for task execution.
[2023-06-08T12:58:50.150+0000] {sql.py:375} INFO - Running statement: drop table if exists users;
            CREATE TABLE IF NOT EXISTS USERS (
                id INT not null unique,
                name VARCHAR(255) NOT NULL,
                email VARCHAR(255) NOT NULL,
                phone VARCHAR(255) NOT NULL,
                address VARCHAR(255) NOT NULL,
                organization VARCHAR(255) NOT NULL
            );, parameters: None
[2023-06-08T12:58:50.173+0000] {taskinstance.py:1323} INFO - Marking task as SUCCESS. dag_id=database_postgres, task_id=create_table, execution_date=20230608T125849, start_date=20230608T125849, end_date=20230608T125850
[2023-06-08T12:58:50.200+0000] {local_task_job.py:208} INFO - Task exited with return code 0
[2023-06-08T12:58:50.221+0000] {taskinstance.py:2578} INFO - 1 downstream tasks scheduled from follow-on schedule check
