[2023-06-14T15:14:58.616+0000] {taskinstance.py:1083} INFO - Dependencies all met for <TaskInstance: database_postgres.create_table manual__2023-06-14T15:14:57.649319+00:00 [queued]>
[2023-06-14T15:14:58.622+0000] {taskinstance.py:1083} INFO - Dependencies all met for <TaskInstance: database_postgres.create_table manual__2023-06-14T15:14:57.649319+00:00 [queued]>
[2023-06-14T15:14:58.622+0000] {taskinstance.py:1279} INFO - 
--------------------------------------------------------------------------------
[2023-06-14T15:14:58.623+0000] {taskinstance.py:1280} INFO - Starting attempt 1 of 1
[2023-06-14T15:14:58.623+0000] {taskinstance.py:1281} INFO - 
--------------------------------------------------------------------------------
[2023-06-14T15:14:58.630+0000] {taskinstance.py:1300} INFO - Executing <Task(PostgresOperator): create_table> on 2023-06-14 15:14:57.649319+00:00
[2023-06-14T15:14:58.635+0000] {standard_task_runner.py:55} INFO - Started process 320 to run task
[2023-06-14T15:14:58.638+0000] {standard_task_runner.py:82} INFO - Running: ['***', 'tasks', 'run', 'database_postgres', 'create_table', 'manual__2023-06-14T15:14:57.649319+00:00', '--job-id', '49', '--raw', '--subdir', 'DAGS_FOLDER/postgress_db.py', '--cfg-path', '/tmp/tmphbv9t77p']
[2023-06-14T15:14:58.639+0000] {standard_task_runner.py:83} INFO - Job 49: Subtask create_table
[2023-06-14T15:14:58.687+0000] {task_command.py:388} INFO - Running <TaskInstance: database_postgres.create_table manual__2023-06-14T15:14:57.649319+00:00 [running]> on host 240567dc9ead
[2023-06-14T15:14:58.731+0000] {taskinstance.py:1509} INFO - Exporting the following env vars:
AIRFLOW_CTX_DAG_OWNER=***
AIRFLOW_CTX_DAG_ID=database_postgres
AIRFLOW_CTX_TASK_ID=create_table
AIRFLOW_CTX_EXECUTION_DATE=2023-06-14T15:14:57.649319+00:00
AIRFLOW_CTX_TRY_NUMBER=1
AIRFLOW_CTX_DAG_RUN_ID=manual__2023-06-14T15:14:57.649319+00:00
[2023-06-14T15:14:58.732+0000] {sql.py:254} INFO - Executing: CREATE TABLE IF NOT EXISTS my_table (
  id INT UNIQUE NOT NULL,
  execution_time TIMESTAMP DEFAULT CURRENT_TIMESTAMP
);
[2023-06-14T15:14:58.740+0000] {base.py:73} INFO - Using connection ID 'postgres' for task execution.
[2023-06-14T15:14:58.840+0000] {base.py:73} INFO - Using connection ID 'postgres' for task execution.
[2023-06-14T15:14:58.844+0000] {sql.py:375} INFO - Running statement: CREATE TABLE IF NOT EXISTS my_table (
  id INT UNIQUE NOT NULL,
  execution_time TIMESTAMP DEFAULT CURRENT_TIMESTAMP
);, parameters: None
[2023-06-14T15:14:58.853+0000] {taskinstance.py:1323} INFO - Marking task as SUCCESS. dag_id=database_postgres, task_id=create_table, execution_date=20230614T151457, start_date=20230614T151458, end_date=20230614T151458
[2023-06-14T15:14:58.891+0000] {local_task_job.py:208} INFO - Task exited with return code 0
[2023-06-14T15:14:58.912+0000] {taskinstance.py:2578} INFO - 1 downstream tasks scheduled from follow-on schedule check
