[2023-06-14T09:17:14.580+0000] {taskinstance.py:1083} INFO - Dependencies all met for <TaskInstance: database_postgres.create_table scheduled__2023-06-13T00:00:00+00:00 [queued]>
[2023-06-14T09:17:14.589+0000] {taskinstance.py:1083} INFO - Dependencies all met for <TaskInstance: database_postgres.create_table scheduled__2023-06-13T00:00:00+00:00 [queued]>
[2023-06-14T09:17:14.590+0000] {taskinstance.py:1279} INFO - 
--------------------------------------------------------------------------------
[2023-06-14T09:17:14.590+0000] {taskinstance.py:1280} INFO - Starting attempt 1 of 1
[2023-06-14T09:17:14.591+0000] {taskinstance.py:1281} INFO - 
--------------------------------------------------------------------------------
[2023-06-14T09:17:14.599+0000] {taskinstance.py:1300} INFO - Executing <Task(PostgresOperator): create_table> on 2023-06-13 00:00:00+00:00
[2023-06-14T09:17:14.604+0000] {standard_task_runner.py:55} INFO - Started process 54 to run task
[2023-06-14T09:17:14.607+0000] {standard_task_runner.py:82} INFO - Running: ['***', 'tasks', 'run', 'database_postgres', 'create_table', 'scheduled__2023-06-13T00:00:00+00:00', '--job-id', '27', '--raw', '--subdir', 'DAGS_FOLDER/postgress_db.py', '--cfg-path', '/tmp/tmpl4r62mrd']
[2023-06-14T09:17:14.608+0000] {standard_task_runner.py:83} INFO - Job 27: Subtask create_table
[2023-06-14T09:17:14.675+0000] {task_command.py:388} INFO - Running <TaskInstance: database_postgres.create_table scheduled__2023-06-13T00:00:00+00:00 [running]> on host 54f992379a81
[2023-06-14T09:17:14.725+0000] {taskinstance.py:1509} INFO - Exporting the following env vars:
AIRFLOW_CTX_DAG_OWNER=***
AIRFLOW_CTX_DAG_ID=database_postgres
AIRFLOW_CTX_TASK_ID=create_table
AIRFLOW_CTX_EXECUTION_DATE=2023-06-13T00:00:00+00:00
AIRFLOW_CTX_TRY_NUMBER=1
AIRFLOW_CTX_DAG_RUN_ID=scheduled__2023-06-13T00:00:00+00:00
[2023-06-14T09:17:14.726+0000] {sql.py:254} INFO - Executing: drop table if exists users;
            CREATE TABLE IF NOT EXISTS USERS (
                id INT not null unique,
                name VARCHAR(255) NOT NULL,
                email VARCHAR(255) NOT NULL,
                phone VARCHAR(255) NOT NULL,
                address VARCHAR(255) NOT NULL,
                organization VARCHAR(255) NOT NULL
            );
[2023-06-14T09:17:14.734+0000] {base.py:73} INFO - Using connection ID 'postgres' for task execution.
[2023-06-14T09:17:14.844+0000] {base.py:73} INFO - Using connection ID 'postgres' for task execution.
[2023-06-14T09:17:14.849+0000] {sql.py:375} INFO - Running statement: drop table if exists users;
            CREATE TABLE IF NOT EXISTS USERS (
                id INT not null unique,
                name VARCHAR(255) NOT NULL,
                email VARCHAR(255) NOT NULL,
                phone VARCHAR(255) NOT NULL,
                address VARCHAR(255) NOT NULL,
                organization VARCHAR(255) NOT NULL
            );, parameters: None
[2023-06-14T09:17:14.875+0000] {taskinstance.py:1323} INFO - Marking task as SUCCESS. dag_id=database_postgres, task_id=create_table, execution_date=20230613T000000, start_date=20230614T091714, end_date=20230614T091714
[2023-06-14T09:17:14.899+0000] {local_task_job.py:208} INFO - Task exited with return code 0
[2023-06-14T09:17:14.917+0000] {taskinstance.py:2578} INFO - 1 downstream tasks scheduled from follow-on schedule check
