[2023-06-14T09:16:40.647+0000] {processor.py:153} INFO - Started process (PID=49) to work on /home/airflow/.local/lib/python3.7/site-packages/airflow/example_dags/example_complex.py
[2023-06-14T09:16:40.656+0000] {processor.py:743} INFO - Processing file /home/airflow/.local/lib/python3.7/site-packages/airflow/example_dags/example_complex.py for tasks to queue
[2023-06-14T09:16:40.657+0000] {logging_mixin.py:137} INFO - [2023-06-14T09:16:40.657+0000] {dagbag.py:538} INFO - Filling up the DagBag from /home/airflow/.local/lib/python3.7/site-packages/airflow/example_dags/example_complex.py
[2023-06-14T09:16:40.695+0000] {logging_mixin.py:137} INFO - [2023-06-14T09:16:40.695+0000] {taskmixin.py:205} WARNING - Dependency <Task(BashOperator): create_entry_group>, delete_entry_group already registered for DAG: example_complex
[2023-06-14T09:16:40.696+0000] {logging_mixin.py:137} INFO - [2023-06-14T09:16:40.696+0000] {taskmixin.py:205} WARNING - Dependency <Task(BashOperator): delete_entry_group>, create_entry_group already registered for DAG: example_complex
[2023-06-14T09:16:40.697+0000] {logging_mixin.py:137} INFO - [2023-06-14T09:16:40.697+0000] {taskmixin.py:205} WARNING - Dependency <Task(BashOperator): create_entry_gcs>, delete_entry already registered for DAG: example_complex
[2023-06-14T09:16:40.697+0000] {logging_mixin.py:137} INFO - [2023-06-14T09:16:40.697+0000] {taskmixin.py:205} WARNING - Dependency <Task(BashOperator): delete_entry>, create_entry_gcs already registered for DAG: example_complex
[2023-06-14T09:16:40.698+0000] {logging_mixin.py:137} INFO - [2023-06-14T09:16:40.698+0000] {taskmixin.py:205} WARNING - Dependency <Task(BashOperator): create_tag>, delete_tag already registered for DAG: example_complex
[2023-06-14T09:16:40.699+0000] {logging_mixin.py:137} INFO - [2023-06-14T09:16:40.698+0000] {taskmixin.py:205} WARNING - Dependency <Task(BashOperator): delete_tag>, create_tag already registered for DAG: example_complex
[2023-06-14T09:16:40.725+0000] {processor.py:753} INFO - DAG(s) dict_keys(['example_complex']) retrieved from /home/airflow/.local/lib/python3.7/site-packages/airflow/example_dags/example_complex.py
[2023-06-14T09:16:40.763+0000] {logging_mixin.py:137} INFO - [2023-06-14T09:16:40.763+0000] {dag.py:2690} INFO - Sync 1 DAGs
[2023-06-14T09:16:40.799+0000] {logging_mixin.py:137} INFO - [2023-06-14T09:16:40.799+0000] {dag.py:3441} INFO - Setting next_dagrun for example_complex to None, run_after=None
[2023-06-14T09:16:40.823+0000] {processor.py:175} INFO - Processing /home/airflow/.local/lib/python3.7/site-packages/airflow/example_dags/example_complex.py took 0.179 seconds
[2023-06-14T09:17:11.693+0000] {processor.py:153} INFO - Started process (PID=124) to work on /home/airflow/.local/lib/python3.7/site-packages/airflow/example_dags/example_complex.py
[2023-06-14T09:17:11.695+0000] {processor.py:743} INFO - Processing file /home/airflow/.local/lib/python3.7/site-packages/airflow/example_dags/example_complex.py for tasks to queue
[2023-06-14T09:17:11.696+0000] {logging_mixin.py:137} INFO - [2023-06-14T09:17:11.696+0000] {dagbag.py:538} INFO - Filling up the DagBag from /home/airflow/.local/lib/python3.7/site-packages/airflow/example_dags/example_complex.py
[2023-06-14T09:17:11.710+0000] {logging_mixin.py:137} INFO - [2023-06-14T09:17:11.710+0000] {taskmixin.py:205} WARNING - Dependency <Task(BashOperator): create_entry_group>, delete_entry_group already registered for DAG: example_complex
[2023-06-14T09:17:11.711+0000] {logging_mixin.py:137} INFO - [2023-06-14T09:17:11.711+0000] {taskmixin.py:205} WARNING - Dependency <Task(BashOperator): delete_entry_group>, create_entry_group already registered for DAG: example_complex
[2023-06-14T09:17:11.712+0000] {logging_mixin.py:137} INFO - [2023-06-14T09:17:11.712+0000] {taskmixin.py:205} WARNING - Dependency <Task(BashOperator): create_entry_gcs>, delete_entry already registered for DAG: example_complex
[2023-06-14T09:17:11.713+0000] {logging_mixin.py:137} INFO - [2023-06-14T09:17:11.713+0000] {taskmixin.py:205} WARNING - Dependency <Task(BashOperator): delete_entry>, create_entry_gcs already registered for DAG: example_complex
[2023-06-14T09:17:11.714+0000] {logging_mixin.py:137} INFO - [2023-06-14T09:17:11.714+0000] {taskmixin.py:205} WARNING - Dependency <Task(BashOperator): create_tag>, delete_tag already registered for DAG: example_complex
[2023-06-14T09:17:11.714+0000] {logging_mixin.py:137} INFO - [2023-06-14T09:17:11.714+0000] {taskmixin.py:205} WARNING - Dependency <Task(BashOperator): delete_tag>, create_tag already registered for DAG: example_complex
[2023-06-14T09:17:11.733+0000] {processor.py:753} INFO - DAG(s) dict_keys(['example_complex']) retrieved from /home/airflow/.local/lib/python3.7/site-packages/airflow/example_dags/example_complex.py
[2023-06-14T09:17:11.771+0000] {logging_mixin.py:137} INFO - [2023-06-14T09:17:11.770+0000] {dag.py:2690} INFO - Sync 1 DAGs
[2023-06-14T09:17:11.812+0000] {logging_mixin.py:137} INFO - [2023-06-14T09:17:11.811+0000] {dag.py:3441} INFO - Setting next_dagrun for example_complex to None, run_after=None
[2023-06-14T09:17:11.845+0000] {processor.py:175} INFO - Processing /home/airflow/.local/lib/python3.7/site-packages/airflow/example_dags/example_complex.py took 0.158 seconds
[2023-06-14T09:17:42.059+0000] {processor.py:153} INFO - Started process (PID=204) to work on /home/airflow/.local/lib/python3.7/site-packages/airflow/example_dags/example_complex.py
[2023-06-14T09:17:42.062+0000] {processor.py:743} INFO - Processing file /home/airflow/.local/lib/python3.7/site-packages/airflow/example_dags/example_complex.py for tasks to queue
[2023-06-14T09:17:42.063+0000] {logging_mixin.py:137} INFO - [2023-06-14T09:17:42.063+0000] {dagbag.py:538} INFO - Filling up the DagBag from /home/airflow/.local/lib/python3.7/site-packages/airflow/example_dags/example_complex.py
[2023-06-14T09:17:42.080+0000] {logging_mixin.py:137} INFO - [2023-06-14T09:17:42.080+0000] {taskmixin.py:205} WARNING - Dependency <Task(BashOperator): create_entry_group>, delete_entry_group already registered for DAG: example_complex
[2023-06-14T09:17:42.081+0000] {logging_mixin.py:137} INFO - [2023-06-14T09:17:42.081+0000] {taskmixin.py:205} WARNING - Dependency <Task(BashOperator): delete_entry_group>, create_entry_group already registered for DAG: example_complex
[2023-06-14T09:17:42.082+0000] {logging_mixin.py:137} INFO - [2023-06-14T09:17:42.082+0000] {taskmixin.py:205} WARNING - Dependency <Task(BashOperator): create_entry_gcs>, delete_entry already registered for DAG: example_complex
[2023-06-14T09:17:42.082+0000] {logging_mixin.py:137} INFO - [2023-06-14T09:17:42.082+0000] {taskmixin.py:205} WARNING - Dependency <Task(BashOperator): delete_entry>, create_entry_gcs already registered for DAG: example_complex
[2023-06-14T09:17:42.083+0000] {logging_mixin.py:137} INFO - [2023-06-14T09:17:42.083+0000] {taskmixin.py:205} WARNING - Dependency <Task(BashOperator): create_tag>, delete_tag already registered for DAG: example_complex
[2023-06-14T09:17:42.083+0000] {logging_mixin.py:137} INFO - [2023-06-14T09:17:42.083+0000] {taskmixin.py:205} WARNING - Dependency <Task(BashOperator): delete_tag>, create_tag already registered for DAG: example_complex
[2023-06-14T09:17:42.088+0000] {processor.py:753} INFO - DAG(s) dict_keys(['example_complex']) retrieved from /home/airflow/.local/lib/python3.7/site-packages/airflow/example_dags/example_complex.py
[2023-06-14T09:17:42.115+0000] {logging_mixin.py:137} INFO - [2023-06-14T09:17:42.115+0000] {dag.py:2690} INFO - Sync 1 DAGs
[2023-06-14T09:17:42.139+0000] {logging_mixin.py:137} INFO - [2023-06-14T09:17:42.139+0000] {dag.py:3441} INFO - Setting next_dagrun for example_complex to None, run_after=None
[2023-06-14T09:17:42.156+0000] {processor.py:175} INFO - Processing /home/airflow/.local/lib/python3.7/site-packages/airflow/example_dags/example_complex.py took 0.103 seconds
[2023-06-14T09:18:12.582+0000] {processor.py:153} INFO - Started process (PID=268) to work on /home/airflow/.local/lib/python3.7/site-packages/airflow/example_dags/example_complex.py
[2023-06-14T09:18:12.583+0000] {processor.py:743} INFO - Processing file /home/airflow/.local/lib/python3.7/site-packages/airflow/example_dags/example_complex.py for tasks to queue
[2023-06-14T09:18:12.584+0000] {logging_mixin.py:137} INFO - [2023-06-14T09:18:12.584+0000] {dagbag.py:538} INFO - Filling up the DagBag from /home/airflow/.local/lib/python3.7/site-packages/airflow/example_dags/example_complex.py
[2023-06-14T09:18:12.592+0000] {logging_mixin.py:137} INFO - [2023-06-14T09:18:12.592+0000] {taskmixin.py:205} WARNING - Dependency <Task(BashOperator): create_entry_group>, delete_entry_group already registered for DAG: example_complex
[2023-06-14T09:18:12.592+0000] {logging_mixin.py:137} INFO - [2023-06-14T09:18:12.592+0000] {taskmixin.py:205} WARNING - Dependency <Task(BashOperator): delete_entry_group>, create_entry_group already registered for DAG: example_complex
[2023-06-14T09:18:12.593+0000] {logging_mixin.py:137} INFO - [2023-06-14T09:18:12.593+0000] {taskmixin.py:205} WARNING - Dependency <Task(BashOperator): create_entry_gcs>, delete_entry already registered for DAG: example_complex
[2023-06-14T09:18:12.593+0000] {logging_mixin.py:137} INFO - [2023-06-14T09:18:12.593+0000] {taskmixin.py:205} WARNING - Dependency <Task(BashOperator): delete_entry>, create_entry_gcs already registered for DAG: example_complex
[2023-06-14T09:18:12.594+0000] {logging_mixin.py:137} INFO - [2023-06-14T09:18:12.594+0000] {taskmixin.py:205} WARNING - Dependency <Task(BashOperator): create_tag>, delete_tag already registered for DAG: example_complex
[2023-06-14T09:18:12.594+0000] {logging_mixin.py:137} INFO - [2023-06-14T09:18:12.594+0000] {taskmixin.py:205} WARNING - Dependency <Task(BashOperator): delete_tag>, create_tag already registered for DAG: example_complex
[2023-06-14T09:18:12.599+0000] {processor.py:753} INFO - DAG(s) dict_keys(['example_complex']) retrieved from /home/airflow/.local/lib/python3.7/site-packages/airflow/example_dags/example_complex.py
[2023-06-14T09:18:12.620+0000] {logging_mixin.py:137} INFO - [2023-06-14T09:18:12.620+0000] {dag.py:2690} INFO - Sync 1 DAGs
[2023-06-14T09:18:12.635+0000] {logging_mixin.py:137} INFO - [2023-06-14T09:18:12.635+0000] {dag.py:3441} INFO - Setting next_dagrun for example_complex to None, run_after=None
[2023-06-14T09:18:12.646+0000] {processor.py:175} INFO - Processing /home/airflow/.local/lib/python3.7/site-packages/airflow/example_dags/example_complex.py took 0.066 seconds
[2023-06-14T09:18:42.766+0000] {processor.py:153} INFO - Started process (PID=344) to work on /home/airflow/.local/lib/python3.7/site-packages/airflow/example_dags/example_complex.py
[2023-06-14T09:18:42.767+0000] {processor.py:743} INFO - Processing file /home/airflow/.local/lib/python3.7/site-packages/airflow/example_dags/example_complex.py for tasks to queue
[2023-06-14T09:18:42.768+0000] {logging_mixin.py:137} INFO - [2023-06-14T09:18:42.768+0000] {dagbag.py:538} INFO - Filling up the DagBag from /home/airflow/.local/lib/python3.7/site-packages/airflow/example_dags/example_complex.py
[2023-06-14T09:18:42.775+0000] {logging_mixin.py:137} INFO - [2023-06-14T09:18:42.775+0000] {taskmixin.py:205} WARNING - Dependency <Task(BashOperator): create_entry_group>, delete_entry_group already registered for DAG: example_complex
[2023-06-14T09:18:42.775+0000] {logging_mixin.py:137} INFO - [2023-06-14T09:18:42.775+0000] {taskmixin.py:205} WARNING - Dependency <Task(BashOperator): delete_entry_group>, create_entry_group already registered for DAG: example_complex
[2023-06-14T09:18:42.776+0000] {logging_mixin.py:137} INFO - [2023-06-14T09:18:42.775+0000] {taskmixin.py:205} WARNING - Dependency <Task(BashOperator): create_entry_gcs>, delete_entry already registered for DAG: example_complex
[2023-06-14T09:18:42.776+0000] {logging_mixin.py:137} INFO - [2023-06-14T09:18:42.776+0000] {taskmixin.py:205} WARNING - Dependency <Task(BashOperator): delete_entry>, create_entry_gcs already registered for DAG: example_complex
[2023-06-14T09:18:42.776+0000] {logging_mixin.py:137} INFO - [2023-06-14T09:18:42.776+0000] {taskmixin.py:205} WARNING - Dependency <Task(BashOperator): create_tag>, delete_tag already registered for DAG: example_complex
[2023-06-14T09:18:42.777+0000] {logging_mixin.py:137} INFO - [2023-06-14T09:18:42.777+0000] {taskmixin.py:205} WARNING - Dependency <Task(BashOperator): delete_tag>, create_tag already registered for DAG: example_complex
[2023-06-14T09:18:42.781+0000] {processor.py:753} INFO - DAG(s) dict_keys(['example_complex']) retrieved from /home/airflow/.local/lib/python3.7/site-packages/airflow/example_dags/example_complex.py
[2023-06-14T09:18:42.804+0000] {logging_mixin.py:137} INFO - [2023-06-14T09:18:42.804+0000] {dag.py:2690} INFO - Sync 1 DAGs
[2023-06-14T09:18:42.819+0000] {logging_mixin.py:137} INFO - [2023-06-14T09:18:42.818+0000] {dag.py:3441} INFO - Setting next_dagrun for example_complex to None, run_after=None
[2023-06-14T09:18:42.830+0000] {processor.py:175} INFO - Processing /home/airflow/.local/lib/python3.7/site-packages/airflow/example_dags/example_complex.py took 0.066 seconds
[2023-06-14T09:19:14.418+0000] {processor.py:153} INFO - Started process (PID=420) to work on /home/airflow/.local/lib/python3.7/site-packages/airflow/example_dags/example_complex.py
[2023-06-14T09:19:14.419+0000] {processor.py:743} INFO - Processing file /home/airflow/.local/lib/python3.7/site-packages/airflow/example_dags/example_complex.py for tasks to queue
[2023-06-14T09:19:14.420+0000] {logging_mixin.py:137} INFO - [2023-06-14T09:19:14.420+0000] {dagbag.py:538} INFO - Filling up the DagBag from /home/airflow/.local/lib/python3.7/site-packages/airflow/example_dags/example_complex.py
[2023-06-14T09:19:14.428+0000] {logging_mixin.py:137} INFO - [2023-06-14T09:19:14.428+0000] {taskmixin.py:205} WARNING - Dependency <Task(BashOperator): create_entry_group>, delete_entry_group already registered for DAG: example_complex
[2023-06-14T09:19:14.429+0000] {logging_mixin.py:137} INFO - [2023-06-14T09:19:14.429+0000] {taskmixin.py:205} WARNING - Dependency <Task(BashOperator): delete_entry_group>, create_entry_group already registered for DAG: example_complex
[2023-06-14T09:19:14.429+0000] {logging_mixin.py:137} INFO - [2023-06-14T09:19:14.429+0000] {taskmixin.py:205} WARNING - Dependency <Task(BashOperator): create_entry_gcs>, delete_entry already registered for DAG: example_complex
[2023-06-14T09:19:14.430+0000] {logging_mixin.py:137} INFO - [2023-06-14T09:19:14.430+0000] {taskmixin.py:205} WARNING - Dependency <Task(BashOperator): delete_entry>, create_entry_gcs already registered for DAG: example_complex
[2023-06-14T09:19:14.430+0000] {logging_mixin.py:137} INFO - [2023-06-14T09:19:14.430+0000] {taskmixin.py:205} WARNING - Dependency <Task(BashOperator): create_tag>, delete_tag already registered for DAG: example_complex
[2023-06-14T09:19:14.431+0000] {logging_mixin.py:137} INFO - [2023-06-14T09:19:14.431+0000] {taskmixin.py:205} WARNING - Dependency <Task(BashOperator): delete_tag>, create_tag already registered for DAG: example_complex
[2023-06-14T09:19:14.436+0000] {processor.py:753} INFO - DAG(s) dict_keys(['example_complex']) retrieved from /home/airflow/.local/lib/python3.7/site-packages/airflow/example_dags/example_complex.py
[2023-06-14T09:19:14.467+0000] {logging_mixin.py:137} INFO - [2023-06-14T09:19:14.467+0000] {dag.py:2690} INFO - Sync 1 DAGs
[2023-06-14T09:19:14.483+0000] {logging_mixin.py:137} INFO - [2023-06-14T09:19:14.483+0000] {dag.py:3441} INFO - Setting next_dagrun for example_complex to None, run_after=None
[2023-06-14T09:19:14.496+0000] {processor.py:175} INFO - Processing /home/airflow/.local/lib/python3.7/site-packages/airflow/example_dags/example_complex.py took 0.081 seconds
[2023-06-14T09:19:45.318+0000] {processor.py:153} INFO - Started process (PID=485) to work on /home/airflow/.local/lib/python3.7/site-packages/airflow/example_dags/example_complex.py
[2023-06-14T09:19:45.323+0000] {processor.py:743} INFO - Processing file /home/airflow/.local/lib/python3.7/site-packages/airflow/example_dags/example_complex.py for tasks to queue
[2023-06-14T09:19:45.325+0000] {logging_mixin.py:137} INFO - [2023-06-14T09:19:45.324+0000] {dagbag.py:538} INFO - Filling up the DagBag from /home/airflow/.local/lib/python3.7/site-packages/airflow/example_dags/example_complex.py
[2023-06-14T09:19:45.338+0000] {logging_mixin.py:137} INFO - [2023-06-14T09:19:45.338+0000] {taskmixin.py:205} WARNING - Dependency <Task(BashOperator): create_entry_group>, delete_entry_group already registered for DAG: example_complex
[2023-06-14T09:19:45.340+0000] {logging_mixin.py:137} INFO - [2023-06-14T09:19:45.340+0000] {taskmixin.py:205} WARNING - Dependency <Task(BashOperator): delete_entry_group>, create_entry_group already registered for DAG: example_complex
[2023-06-14T09:19:45.341+0000] {logging_mixin.py:137} INFO - [2023-06-14T09:19:45.341+0000] {taskmixin.py:205} WARNING - Dependency <Task(BashOperator): create_entry_gcs>, delete_entry already registered for DAG: example_complex
[2023-06-14T09:19:45.342+0000] {logging_mixin.py:137} INFO - [2023-06-14T09:19:45.341+0000] {taskmixin.py:205} WARNING - Dependency <Task(BashOperator): delete_entry>, create_entry_gcs already registered for DAG: example_complex
[2023-06-14T09:19:45.342+0000] {logging_mixin.py:137} INFO - [2023-06-14T09:19:45.342+0000] {taskmixin.py:205} WARNING - Dependency <Task(BashOperator): create_tag>, delete_tag already registered for DAG: example_complex
[2023-06-14T09:19:45.346+0000] {logging_mixin.py:137} INFO - [2023-06-14T09:19:45.346+0000] {taskmixin.py:205} WARNING - Dependency <Task(BashOperator): delete_tag>, create_tag already registered for DAG: example_complex
[2023-06-14T09:19:45.360+0000] {processor.py:753} INFO - DAG(s) dict_keys(['example_complex']) retrieved from /home/airflow/.local/lib/python3.7/site-packages/airflow/example_dags/example_complex.py
[2023-06-14T09:19:45.447+0000] {logging_mixin.py:137} INFO - [2023-06-14T09:19:45.447+0000] {dag.py:2690} INFO - Sync 1 DAGs
[2023-06-14T09:19:45.551+0000] {logging_mixin.py:137} INFO - [2023-06-14T09:19:45.551+0000] {dag.py:3441} INFO - Setting next_dagrun for example_complex to None, run_after=None
[2023-06-14T09:19:45.648+0000] {processor.py:175} INFO - Processing /home/airflow/.local/lib/python3.7/site-packages/airflow/example_dags/example_complex.py took 0.333 seconds
[2023-06-14T09:20:18.288+0000] {processor.py:153} INFO - Started process (PID=562) to work on /home/airflow/.local/lib/python3.7/site-packages/airflow/example_dags/example_complex.py
[2023-06-14T09:20:18.292+0000] {processor.py:743} INFO - Processing file /home/airflow/.local/lib/python3.7/site-packages/airflow/example_dags/example_complex.py for tasks to queue
[2023-06-14T09:20:18.296+0000] {logging_mixin.py:137} INFO - [2023-06-14T09:20:18.295+0000] {dagbag.py:538} INFO - Filling up the DagBag from /home/airflow/.local/lib/python3.7/site-packages/airflow/example_dags/example_complex.py
[2023-06-14T09:20:18.355+0000] {logging_mixin.py:137} INFO - [2023-06-14T09:20:18.354+0000] {taskmixin.py:205} WARNING - Dependency <Task(BashOperator): create_entry_group>, delete_entry_group already registered for DAG: example_complex
[2023-06-14T09:20:18.363+0000] {logging_mixin.py:137} INFO - [2023-06-14T09:20:18.363+0000] {taskmixin.py:205} WARNING - Dependency <Task(BashOperator): delete_entry_group>, create_entry_group already registered for DAG: example_complex
[2023-06-14T09:20:18.366+0000] {logging_mixin.py:137} INFO - [2023-06-14T09:20:18.366+0000] {taskmixin.py:205} WARNING - Dependency <Task(BashOperator): create_entry_gcs>, delete_entry already registered for DAG: example_complex
[2023-06-14T09:20:18.366+0000] {logging_mixin.py:137} INFO - [2023-06-14T09:20:18.366+0000] {taskmixin.py:205} WARNING - Dependency <Task(BashOperator): delete_entry>, create_entry_gcs already registered for DAG: example_complex
[2023-06-14T09:20:18.367+0000] {logging_mixin.py:137} INFO - [2023-06-14T09:20:18.367+0000] {taskmixin.py:205} WARNING - Dependency <Task(BashOperator): create_tag>, delete_tag already registered for DAG: example_complex
[2023-06-14T09:20:18.368+0000] {logging_mixin.py:137} INFO - [2023-06-14T09:20:18.368+0000] {taskmixin.py:205} WARNING - Dependency <Task(BashOperator): delete_tag>, create_tag already registered for DAG: example_complex
[2023-06-14T09:20:18.388+0000] {processor.py:753} INFO - DAG(s) dict_keys(['example_complex']) retrieved from /home/airflow/.local/lib/python3.7/site-packages/airflow/example_dags/example_complex.py
[2023-06-14T09:20:18.462+0000] {logging_mixin.py:137} INFO - [2023-06-14T09:20:18.462+0000] {dag.py:2690} INFO - Sync 1 DAGs
[2023-06-14T09:20:18.538+0000] {logging_mixin.py:137} INFO - [2023-06-14T09:20:18.538+0000] {dag.py:3441} INFO - Setting next_dagrun for example_complex to None, run_after=None
[2023-06-14T09:20:18.601+0000] {processor.py:175} INFO - Processing /home/airflow/.local/lib/python3.7/site-packages/airflow/example_dags/example_complex.py took 0.316 seconds
[2023-06-14T09:20:49.480+0000] {processor.py:153} INFO - Started process (PID=625) to work on /home/airflow/.local/lib/python3.7/site-packages/airflow/example_dags/example_complex.py
[2023-06-14T09:20:49.481+0000] {processor.py:743} INFO - Processing file /home/airflow/.local/lib/python3.7/site-packages/airflow/example_dags/example_complex.py for tasks to queue
[2023-06-14T09:20:49.483+0000] {logging_mixin.py:137} INFO - [2023-06-14T09:20:49.483+0000] {dagbag.py:538} INFO - Filling up the DagBag from /home/airflow/.local/lib/python3.7/site-packages/airflow/example_dags/example_complex.py
[2023-06-14T09:20:49.499+0000] {logging_mixin.py:137} INFO - [2023-06-14T09:20:49.499+0000] {taskmixin.py:205} WARNING - Dependency <Task(BashOperator): create_entry_group>, delete_entry_group already registered for DAG: example_complex
[2023-06-14T09:20:49.500+0000] {logging_mixin.py:137} INFO - [2023-06-14T09:20:49.500+0000] {taskmixin.py:205} WARNING - Dependency <Task(BashOperator): delete_entry_group>, create_entry_group already registered for DAG: example_complex
[2023-06-14T09:20:49.500+0000] {logging_mixin.py:137} INFO - [2023-06-14T09:20:49.500+0000] {taskmixin.py:205} WARNING - Dependency <Task(BashOperator): create_entry_gcs>, delete_entry already registered for DAG: example_complex
[2023-06-14T09:20:49.501+0000] {logging_mixin.py:137} INFO - [2023-06-14T09:20:49.501+0000] {taskmixin.py:205} WARNING - Dependency <Task(BashOperator): delete_entry>, create_entry_gcs already registered for DAG: example_complex
[2023-06-14T09:20:49.501+0000] {logging_mixin.py:137} INFO - [2023-06-14T09:20:49.501+0000] {taskmixin.py:205} WARNING - Dependency <Task(BashOperator): create_tag>, delete_tag already registered for DAG: example_complex
[2023-06-14T09:20:49.503+0000] {logging_mixin.py:137} INFO - [2023-06-14T09:20:49.503+0000] {taskmixin.py:205} WARNING - Dependency <Task(BashOperator): delete_tag>, create_tag already registered for DAG: example_complex
[2023-06-14T09:20:49.509+0000] {processor.py:753} INFO - DAG(s) dict_keys(['example_complex']) retrieved from /home/airflow/.local/lib/python3.7/site-packages/airflow/example_dags/example_complex.py
[2023-06-14T09:20:49.535+0000] {logging_mixin.py:137} INFO - [2023-06-14T09:20:49.535+0000] {dag.py:2690} INFO - Sync 1 DAGs
[2023-06-14T09:20:49.557+0000] {logging_mixin.py:137} INFO - [2023-06-14T09:20:49.556+0000] {dag.py:3441} INFO - Setting next_dagrun for example_complex to None, run_after=None
[2023-06-14T09:20:49.572+0000] {processor.py:175} INFO - Processing /home/airflow/.local/lib/python3.7/site-packages/airflow/example_dags/example_complex.py took 0.095 seconds
[2023-06-14T09:21:19.729+0000] {processor.py:153} INFO - Started process (PID=689) to work on /home/airflow/.local/lib/python3.7/site-packages/airflow/example_dags/example_complex.py
[2023-06-14T09:21:19.730+0000] {processor.py:743} INFO - Processing file /home/airflow/.local/lib/python3.7/site-packages/airflow/example_dags/example_complex.py for tasks to queue
[2023-06-14T09:21:19.731+0000] {logging_mixin.py:137} INFO - [2023-06-14T09:21:19.731+0000] {dagbag.py:538} INFO - Filling up the DagBag from /home/airflow/.local/lib/python3.7/site-packages/airflow/example_dags/example_complex.py
[2023-06-14T09:21:19.739+0000] {logging_mixin.py:137} INFO - [2023-06-14T09:21:19.739+0000] {taskmixin.py:205} WARNING - Dependency <Task(BashOperator): create_entry_group>, delete_entry_group already registered for DAG: example_complex
[2023-06-14T09:21:19.739+0000] {logging_mixin.py:137} INFO - [2023-06-14T09:21:19.739+0000] {taskmixin.py:205} WARNING - Dependency <Task(BashOperator): delete_entry_group>, create_entry_group already registered for DAG: example_complex
[2023-06-14T09:21:19.740+0000] {logging_mixin.py:137} INFO - [2023-06-14T09:21:19.740+0000] {taskmixin.py:205} WARNING - Dependency <Task(BashOperator): create_entry_gcs>, delete_entry already registered for DAG: example_complex
[2023-06-14T09:21:19.740+0000] {logging_mixin.py:137} INFO - [2023-06-14T09:21:19.740+0000] {taskmixin.py:205} WARNING - Dependency <Task(BashOperator): delete_entry>, create_entry_gcs already registered for DAG: example_complex
[2023-06-14T09:21:19.741+0000] {logging_mixin.py:137} INFO - [2023-06-14T09:21:19.741+0000] {taskmixin.py:205} WARNING - Dependency <Task(BashOperator): create_tag>, delete_tag already registered for DAG: example_complex
[2023-06-14T09:21:19.741+0000] {logging_mixin.py:137} INFO - [2023-06-14T09:21:19.741+0000] {taskmixin.py:205} WARNING - Dependency <Task(BashOperator): delete_tag>, create_tag already registered for DAG: example_complex
[2023-06-14T09:21:19.746+0000] {processor.py:753} INFO - DAG(s) dict_keys(['example_complex']) retrieved from /home/airflow/.local/lib/python3.7/site-packages/airflow/example_dags/example_complex.py
[2023-06-14T09:21:19.769+0000] {logging_mixin.py:137} INFO - [2023-06-14T09:21:19.769+0000] {dag.py:2690} INFO - Sync 1 DAGs
[2023-06-14T09:21:19.784+0000] {logging_mixin.py:137} INFO - [2023-06-14T09:21:19.784+0000] {dag.py:3441} INFO - Setting next_dagrun for example_complex to None, run_after=None
[2023-06-14T09:21:19.796+0000] {processor.py:175} INFO - Processing /home/airflow/.local/lib/python3.7/site-packages/airflow/example_dags/example_complex.py took 0.069 seconds
[2023-06-14T09:21:50.189+0000] {processor.py:153} INFO - Started process (PID=765) to work on /home/airflow/.local/lib/python3.7/site-packages/airflow/example_dags/example_complex.py
[2023-06-14T09:21:50.191+0000] {processor.py:743} INFO - Processing file /home/airflow/.local/lib/python3.7/site-packages/airflow/example_dags/example_complex.py for tasks to queue
[2023-06-14T09:21:50.192+0000] {logging_mixin.py:137} INFO - [2023-06-14T09:21:50.192+0000] {dagbag.py:538} INFO - Filling up the DagBag from /home/airflow/.local/lib/python3.7/site-packages/airflow/example_dags/example_complex.py
[2023-06-14T09:21:50.201+0000] {logging_mixin.py:137} INFO - [2023-06-14T09:21:50.201+0000] {taskmixin.py:205} WARNING - Dependency <Task(BashOperator): create_entry_group>, delete_entry_group already registered for DAG: example_complex
[2023-06-14T09:21:50.201+0000] {logging_mixin.py:137} INFO - [2023-06-14T09:21:50.201+0000] {taskmixin.py:205} WARNING - Dependency <Task(BashOperator): delete_entry_group>, create_entry_group already registered for DAG: example_complex
[2023-06-14T09:21:50.202+0000] {logging_mixin.py:137} INFO - [2023-06-14T09:21:50.202+0000] {taskmixin.py:205} WARNING - Dependency <Task(BashOperator): create_entry_gcs>, delete_entry already registered for DAG: example_complex
[2023-06-14T09:21:50.203+0000] {logging_mixin.py:137} INFO - [2023-06-14T09:21:50.203+0000] {taskmixin.py:205} WARNING - Dependency <Task(BashOperator): delete_entry>, create_entry_gcs already registered for DAG: example_complex
[2023-06-14T09:21:50.203+0000] {logging_mixin.py:137} INFO - [2023-06-14T09:21:50.203+0000] {taskmixin.py:205} WARNING - Dependency <Task(BashOperator): create_tag>, delete_tag already registered for DAG: example_complex
[2023-06-14T09:21:50.204+0000] {logging_mixin.py:137} INFO - [2023-06-14T09:21:50.204+0000] {taskmixin.py:205} WARNING - Dependency <Task(BashOperator): delete_tag>, create_tag already registered for DAG: example_complex
[2023-06-14T09:21:50.209+0000] {processor.py:753} INFO - DAG(s) dict_keys(['example_complex']) retrieved from /home/airflow/.local/lib/python3.7/site-packages/airflow/example_dags/example_complex.py
[2023-06-14T09:21:50.232+0000] {logging_mixin.py:137} INFO - [2023-06-14T09:21:50.232+0000] {dag.py:2690} INFO - Sync 1 DAGs
[2023-06-14T09:21:50.247+0000] {logging_mixin.py:137} INFO - [2023-06-14T09:21:50.247+0000] {dag.py:3441} INFO - Setting next_dagrun for example_complex to None, run_after=None
[2023-06-14T09:21:50.258+0000] {processor.py:175} INFO - Processing /home/airflow/.local/lib/python3.7/site-packages/airflow/example_dags/example_complex.py took 0.072 seconds
[2023-06-14T09:22:20.592+0000] {processor.py:153} INFO - Started process (PID=842) to work on /home/airflow/.local/lib/python3.7/site-packages/airflow/example_dags/example_complex.py
[2023-06-14T09:22:20.594+0000] {processor.py:743} INFO - Processing file /home/airflow/.local/lib/python3.7/site-packages/airflow/example_dags/example_complex.py for tasks to queue
[2023-06-14T09:22:20.595+0000] {logging_mixin.py:137} INFO - [2023-06-14T09:22:20.595+0000] {dagbag.py:538} INFO - Filling up the DagBag from /home/airflow/.local/lib/python3.7/site-packages/airflow/example_dags/example_complex.py
[2023-06-14T09:22:20.607+0000] {logging_mixin.py:137} INFO - [2023-06-14T09:22:20.607+0000] {taskmixin.py:205} WARNING - Dependency <Task(BashOperator): create_entry_group>, delete_entry_group already registered for DAG: example_complex
[2023-06-14T09:22:20.608+0000] {logging_mixin.py:137} INFO - [2023-06-14T09:22:20.608+0000] {taskmixin.py:205} WARNING - Dependency <Task(BashOperator): delete_entry_group>, create_entry_group already registered for DAG: example_complex
[2023-06-14T09:22:20.610+0000] {logging_mixin.py:137} INFO - [2023-06-14T09:22:20.609+0000] {taskmixin.py:205} WARNING - Dependency <Task(BashOperator): create_entry_gcs>, delete_entry already registered for DAG: example_complex
[2023-06-14T09:22:20.611+0000] {logging_mixin.py:137} INFO - [2023-06-14T09:22:20.611+0000] {taskmixin.py:205} WARNING - Dependency <Task(BashOperator): delete_entry>, create_entry_gcs already registered for DAG: example_complex
[2023-06-14T09:22:20.613+0000] {logging_mixin.py:137} INFO - [2023-06-14T09:22:20.613+0000] {taskmixin.py:205} WARNING - Dependency <Task(BashOperator): create_tag>, delete_tag already registered for DAG: example_complex
[2023-06-14T09:22:20.614+0000] {logging_mixin.py:137} INFO - [2023-06-14T09:22:20.614+0000] {taskmixin.py:205} WARNING - Dependency <Task(BashOperator): delete_tag>, create_tag already registered for DAG: example_complex
[2023-06-14T09:22:20.620+0000] {processor.py:753} INFO - DAG(s) dict_keys(['example_complex']) retrieved from /home/airflow/.local/lib/python3.7/site-packages/airflow/example_dags/example_complex.py
[2023-06-14T09:22:20.681+0000] {logging_mixin.py:137} INFO - [2023-06-14T09:22:20.681+0000] {dag.py:2690} INFO - Sync 1 DAGs
[2023-06-14T09:22:20.701+0000] {logging_mixin.py:137} INFO - [2023-06-14T09:22:20.701+0000] {dag.py:3441} INFO - Setting next_dagrun for example_complex to None, run_after=None
[2023-06-14T09:22:20.714+0000] {processor.py:175} INFO - Processing /home/airflow/.local/lib/python3.7/site-packages/airflow/example_dags/example_complex.py took 0.125 seconds
[2023-06-14T09:22:50.843+0000] {processor.py:153} INFO - Started process (PID=906) to work on /home/airflow/.local/lib/python3.7/site-packages/airflow/example_dags/example_complex.py
[2023-06-14T09:22:50.845+0000] {processor.py:743} INFO - Processing file /home/airflow/.local/lib/python3.7/site-packages/airflow/example_dags/example_complex.py for tasks to queue
[2023-06-14T09:22:50.845+0000] {logging_mixin.py:137} INFO - [2023-06-14T09:22:50.845+0000] {dagbag.py:538} INFO - Filling up the DagBag from /home/airflow/.local/lib/python3.7/site-packages/airflow/example_dags/example_complex.py
[2023-06-14T09:22:50.853+0000] {logging_mixin.py:137} INFO - [2023-06-14T09:22:50.852+0000] {taskmixin.py:205} WARNING - Dependency <Task(BashOperator): create_entry_group>, delete_entry_group already registered for DAG: example_complex
[2023-06-14T09:22:50.853+0000] {logging_mixin.py:137} INFO - [2023-06-14T09:22:50.853+0000] {taskmixin.py:205} WARNING - Dependency <Task(BashOperator): delete_entry_group>, create_entry_group already registered for DAG: example_complex
[2023-06-14T09:22:50.854+0000] {logging_mixin.py:137} INFO - [2023-06-14T09:22:50.854+0000] {taskmixin.py:205} WARNING - Dependency <Task(BashOperator): create_entry_gcs>, delete_entry already registered for DAG: example_complex
[2023-06-14T09:22:50.854+0000] {logging_mixin.py:137} INFO - [2023-06-14T09:22:50.854+0000] {taskmixin.py:205} WARNING - Dependency <Task(BashOperator): delete_entry>, create_entry_gcs already registered for DAG: example_complex
[2023-06-14T09:22:50.855+0000] {logging_mixin.py:137} INFO - [2023-06-14T09:22:50.855+0000] {taskmixin.py:205} WARNING - Dependency <Task(BashOperator): create_tag>, delete_tag already registered for DAG: example_complex
[2023-06-14T09:22:50.855+0000] {logging_mixin.py:137} INFO - [2023-06-14T09:22:50.855+0000] {taskmixin.py:205} WARNING - Dependency <Task(BashOperator): delete_tag>, create_tag already registered for DAG: example_complex
[2023-06-14T09:22:50.860+0000] {processor.py:753} INFO - DAG(s) dict_keys(['example_complex']) retrieved from /home/airflow/.local/lib/python3.7/site-packages/airflow/example_dags/example_complex.py
[2023-06-14T09:22:50.883+0000] {logging_mixin.py:137} INFO - [2023-06-14T09:22:50.883+0000] {dag.py:2690} INFO - Sync 1 DAGs
[2023-06-14T09:22:50.898+0000] {logging_mixin.py:137} INFO - [2023-06-14T09:22:50.898+0000] {dag.py:3441} INFO - Setting next_dagrun for example_complex to None, run_after=None
[2023-06-14T09:22:50.910+0000] {processor.py:175} INFO - Processing /home/airflow/.local/lib/python3.7/site-packages/airflow/example_dags/example_complex.py took 0.069 seconds
[2023-06-14T09:23:21.113+0000] {processor.py:153} INFO - Started process (PID=981) to work on /home/airflow/.local/lib/python3.7/site-packages/airflow/example_dags/example_complex.py
[2023-06-14T09:23:21.114+0000] {processor.py:743} INFO - Processing file /home/airflow/.local/lib/python3.7/site-packages/airflow/example_dags/example_complex.py for tasks to queue
[2023-06-14T09:23:21.114+0000] {logging_mixin.py:137} INFO - [2023-06-14T09:23:21.114+0000] {dagbag.py:538} INFO - Filling up the DagBag from /home/airflow/.local/lib/python3.7/site-packages/airflow/example_dags/example_complex.py
[2023-06-14T09:23:21.122+0000] {logging_mixin.py:137} INFO - [2023-06-14T09:23:21.121+0000] {taskmixin.py:205} WARNING - Dependency <Task(BashOperator): create_entry_group>, delete_entry_group already registered for DAG: example_complex
[2023-06-14T09:23:21.122+0000] {logging_mixin.py:137} INFO - [2023-06-14T09:23:21.122+0000] {taskmixin.py:205} WARNING - Dependency <Task(BashOperator): delete_entry_group>, create_entry_group already registered for DAG: example_complex
[2023-06-14T09:23:21.123+0000] {logging_mixin.py:137} INFO - [2023-06-14T09:23:21.123+0000] {taskmixin.py:205} WARNING - Dependency <Task(BashOperator): create_entry_gcs>, delete_entry already registered for DAG: example_complex
[2023-06-14T09:23:21.123+0000] {logging_mixin.py:137} INFO - [2023-06-14T09:23:21.123+0000] {taskmixin.py:205} WARNING - Dependency <Task(BashOperator): delete_entry>, create_entry_gcs already registered for DAG: example_complex
[2023-06-14T09:23:21.124+0000] {logging_mixin.py:137} INFO - [2023-06-14T09:23:21.123+0000] {taskmixin.py:205} WARNING - Dependency <Task(BashOperator): create_tag>, delete_tag already registered for DAG: example_complex
[2023-06-14T09:23:21.124+0000] {logging_mixin.py:137} INFO - [2023-06-14T09:23:21.124+0000] {taskmixin.py:205} WARNING - Dependency <Task(BashOperator): delete_tag>, create_tag already registered for DAG: example_complex
[2023-06-14T09:23:21.129+0000] {processor.py:753} INFO - DAG(s) dict_keys(['example_complex']) retrieved from /home/airflow/.local/lib/python3.7/site-packages/airflow/example_dags/example_complex.py
[2023-06-14T09:23:21.153+0000] {logging_mixin.py:137} INFO - [2023-06-14T09:23:21.153+0000] {dag.py:2690} INFO - Sync 1 DAGs
[2023-06-14T09:23:21.170+0000] {logging_mixin.py:137} INFO - [2023-06-14T09:23:21.170+0000] {dag.py:3441} INFO - Setting next_dagrun for example_complex to None, run_after=None
[2023-06-14T09:23:21.184+0000] {processor.py:175} INFO - Processing /home/airflow/.local/lib/python3.7/site-packages/airflow/example_dags/example_complex.py took 0.074 seconds
[2023-06-14T09:23:51.531+0000] {processor.py:153} INFO - Started process (PID=1057) to work on /home/airflow/.local/lib/python3.7/site-packages/airflow/example_dags/example_complex.py
[2023-06-14T09:23:51.532+0000] {processor.py:743} INFO - Processing file /home/airflow/.local/lib/python3.7/site-packages/airflow/example_dags/example_complex.py for tasks to queue
[2023-06-14T09:23:51.533+0000] {logging_mixin.py:137} INFO - [2023-06-14T09:23:51.533+0000] {dagbag.py:538} INFO - Filling up the DagBag from /home/airflow/.local/lib/python3.7/site-packages/airflow/example_dags/example_complex.py
[2023-06-14T09:23:51.541+0000] {logging_mixin.py:137} INFO - [2023-06-14T09:23:51.541+0000] {taskmixin.py:205} WARNING - Dependency <Task(BashOperator): create_entry_group>, delete_entry_group already registered for DAG: example_complex
[2023-06-14T09:23:51.542+0000] {logging_mixin.py:137} INFO - [2023-06-14T09:23:51.542+0000] {taskmixin.py:205} WARNING - Dependency <Task(BashOperator): delete_entry_group>, create_entry_group already registered for DAG: example_complex
[2023-06-14T09:23:51.543+0000] {logging_mixin.py:137} INFO - [2023-06-14T09:23:51.543+0000] {taskmixin.py:205} WARNING - Dependency <Task(BashOperator): create_entry_gcs>, delete_entry already registered for DAG: example_complex
[2023-06-14T09:23:51.543+0000] {logging_mixin.py:137} INFO - [2023-06-14T09:23:51.543+0000] {taskmixin.py:205} WARNING - Dependency <Task(BashOperator): delete_entry>, create_entry_gcs already registered for DAG: example_complex
[2023-06-14T09:23:51.544+0000] {logging_mixin.py:137} INFO - [2023-06-14T09:23:51.544+0000] {taskmixin.py:205} WARNING - Dependency <Task(BashOperator): create_tag>, delete_tag already registered for DAG: example_complex
[2023-06-14T09:23:51.544+0000] {logging_mixin.py:137} INFO - [2023-06-14T09:23:51.544+0000] {taskmixin.py:205} WARNING - Dependency <Task(BashOperator): delete_tag>, create_tag already registered for DAG: example_complex
[2023-06-14T09:23:51.549+0000] {processor.py:753} INFO - DAG(s) dict_keys(['example_complex']) retrieved from /home/airflow/.local/lib/python3.7/site-packages/airflow/example_dags/example_complex.py
[2023-06-14T09:23:51.573+0000] {logging_mixin.py:137} INFO - [2023-06-14T09:23:51.573+0000] {dag.py:2690} INFO - Sync 1 DAGs
[2023-06-14T09:23:51.590+0000] {logging_mixin.py:137} INFO - [2023-06-14T09:23:51.590+0000] {dag.py:3441} INFO - Setting next_dagrun for example_complex to None, run_after=None
[2023-06-14T09:23:51.601+0000] {processor.py:175} INFO - Processing /home/airflow/.local/lib/python3.7/site-packages/airflow/example_dags/example_complex.py took 0.074 seconds
[2023-06-14T09:24:22.092+0000] {processor.py:153} INFO - Started process (PID=1121) to work on /home/airflow/.local/lib/python3.7/site-packages/airflow/example_dags/example_complex.py
[2023-06-14T09:24:22.094+0000] {processor.py:743} INFO - Processing file /home/airflow/.local/lib/python3.7/site-packages/airflow/example_dags/example_complex.py for tasks to queue
[2023-06-14T09:24:22.095+0000] {logging_mixin.py:137} INFO - [2023-06-14T09:24:22.095+0000] {dagbag.py:538} INFO - Filling up the DagBag from /home/airflow/.local/lib/python3.7/site-packages/airflow/example_dags/example_complex.py
[2023-06-14T09:24:22.104+0000] {logging_mixin.py:137} INFO - [2023-06-14T09:24:22.104+0000] {taskmixin.py:205} WARNING - Dependency <Task(BashOperator): create_entry_group>, delete_entry_group already registered for DAG: example_complex
[2023-06-14T09:24:22.105+0000] {logging_mixin.py:137} INFO - [2023-06-14T09:24:22.105+0000] {taskmixin.py:205} WARNING - Dependency <Task(BashOperator): delete_entry_group>, create_entry_group already registered for DAG: example_complex
[2023-06-14T09:24:22.106+0000] {logging_mixin.py:137} INFO - [2023-06-14T09:24:22.105+0000] {taskmixin.py:205} WARNING - Dependency <Task(BashOperator): create_entry_gcs>, delete_entry already registered for DAG: example_complex
[2023-06-14T09:24:22.106+0000] {logging_mixin.py:137} INFO - [2023-06-14T09:24:22.106+0000] {taskmixin.py:205} WARNING - Dependency <Task(BashOperator): delete_entry>, create_entry_gcs already registered for DAG: example_complex
[2023-06-14T09:24:22.107+0000] {logging_mixin.py:137} INFO - [2023-06-14T09:24:22.107+0000] {taskmixin.py:205} WARNING - Dependency <Task(BashOperator): create_tag>, delete_tag already registered for DAG: example_complex
[2023-06-14T09:24:22.107+0000] {logging_mixin.py:137} INFO - [2023-06-14T09:24:22.107+0000] {taskmixin.py:205} WARNING - Dependency <Task(BashOperator): delete_tag>, create_tag already registered for DAG: example_complex
[2023-06-14T09:24:22.113+0000] {processor.py:753} INFO - DAG(s) dict_keys(['example_complex']) retrieved from /home/airflow/.local/lib/python3.7/site-packages/airflow/example_dags/example_complex.py
[2023-06-14T09:24:22.144+0000] {logging_mixin.py:137} INFO - [2023-06-14T09:24:22.144+0000] {dag.py:2690} INFO - Sync 1 DAGs
[2023-06-14T09:24:22.181+0000] {logging_mixin.py:137} INFO - [2023-06-14T09:24:22.181+0000] {dag.py:3441} INFO - Setting next_dagrun for example_complex to None, run_after=None
[2023-06-14T09:24:22.210+0000] {processor.py:175} INFO - Processing /home/airflow/.local/lib/python3.7/site-packages/airflow/example_dags/example_complex.py took 0.120 seconds
[2023-06-14T09:24:52.604+0000] {processor.py:153} INFO - Started process (PID=1197) to work on /home/airflow/.local/lib/python3.7/site-packages/airflow/example_dags/example_complex.py
[2023-06-14T09:24:52.605+0000] {processor.py:743} INFO - Processing file /home/airflow/.local/lib/python3.7/site-packages/airflow/example_dags/example_complex.py for tasks to queue
[2023-06-14T09:24:52.606+0000] {logging_mixin.py:137} INFO - [2023-06-14T09:24:52.606+0000] {dagbag.py:538} INFO - Filling up the DagBag from /home/airflow/.local/lib/python3.7/site-packages/airflow/example_dags/example_complex.py
[2023-06-14T09:24:52.614+0000] {logging_mixin.py:137} INFO - [2023-06-14T09:24:52.613+0000] {taskmixin.py:205} WARNING - Dependency <Task(BashOperator): create_entry_group>, delete_entry_group already registered for DAG: example_complex
[2023-06-14T09:24:52.614+0000] {logging_mixin.py:137} INFO - [2023-06-14T09:24:52.614+0000] {taskmixin.py:205} WARNING - Dependency <Task(BashOperator): delete_entry_group>, create_entry_group already registered for DAG: example_complex
[2023-06-14T09:24:52.615+0000] {logging_mixin.py:137} INFO - [2023-06-14T09:24:52.614+0000] {taskmixin.py:205} WARNING - Dependency <Task(BashOperator): create_entry_gcs>, delete_entry already registered for DAG: example_complex
[2023-06-14T09:24:52.615+0000] {logging_mixin.py:137} INFO - [2023-06-14T09:24:52.615+0000] {taskmixin.py:205} WARNING - Dependency <Task(BashOperator): delete_entry>, create_entry_gcs already registered for DAG: example_complex
[2023-06-14T09:24:52.616+0000] {logging_mixin.py:137} INFO - [2023-06-14T09:24:52.616+0000] {taskmixin.py:205} WARNING - Dependency <Task(BashOperator): create_tag>, delete_tag already registered for DAG: example_complex
[2023-06-14T09:24:52.616+0000] {logging_mixin.py:137} INFO - [2023-06-14T09:24:52.616+0000] {taskmixin.py:205} WARNING - Dependency <Task(BashOperator): delete_tag>, create_tag already registered for DAG: example_complex
[2023-06-14T09:24:52.621+0000] {processor.py:753} INFO - DAG(s) dict_keys(['example_complex']) retrieved from /home/airflow/.local/lib/python3.7/site-packages/airflow/example_dags/example_complex.py
[2023-06-14T09:24:52.645+0000] {logging_mixin.py:137} INFO - [2023-06-14T09:24:52.644+0000] {dag.py:2690} INFO - Sync 1 DAGs
[2023-06-14T09:24:52.660+0000] {logging_mixin.py:137} INFO - [2023-06-14T09:24:52.660+0000] {dag.py:3441} INFO - Setting next_dagrun for example_complex to None, run_after=None
[2023-06-14T09:24:52.672+0000] {processor.py:175} INFO - Processing /home/airflow/.local/lib/python3.7/site-packages/airflow/example_dags/example_complex.py took 0.071 seconds
[2023-06-14T09:25:22.776+0000] {processor.py:153} INFO - Started process (PID=1271) to work on /home/airflow/.local/lib/python3.7/site-packages/airflow/example_dags/example_complex.py
[2023-06-14T09:25:22.777+0000] {processor.py:743} INFO - Processing file /home/airflow/.local/lib/python3.7/site-packages/airflow/example_dags/example_complex.py for tasks to queue
[2023-06-14T09:25:22.778+0000] {logging_mixin.py:137} INFO - [2023-06-14T09:25:22.778+0000] {dagbag.py:538} INFO - Filling up the DagBag from /home/airflow/.local/lib/python3.7/site-packages/airflow/example_dags/example_complex.py
[2023-06-14T09:25:22.786+0000] {logging_mixin.py:137} INFO - [2023-06-14T09:25:22.786+0000] {taskmixin.py:205} WARNING - Dependency <Task(BashOperator): create_entry_group>, delete_entry_group already registered for DAG: example_complex
[2023-06-14T09:25:22.787+0000] {logging_mixin.py:137} INFO - [2023-06-14T09:25:22.787+0000] {taskmixin.py:205} WARNING - Dependency <Task(BashOperator): delete_entry_group>, create_entry_group already registered for DAG: example_complex
[2023-06-14T09:25:22.787+0000] {logging_mixin.py:137} INFO - [2023-06-14T09:25:22.787+0000] {taskmixin.py:205} WARNING - Dependency <Task(BashOperator): create_entry_gcs>, delete_entry already registered for DAG: example_complex
[2023-06-14T09:25:22.788+0000] {logging_mixin.py:137} INFO - [2023-06-14T09:25:22.788+0000] {taskmixin.py:205} WARNING - Dependency <Task(BashOperator): delete_entry>, create_entry_gcs already registered for DAG: example_complex
[2023-06-14T09:25:22.788+0000] {logging_mixin.py:137} INFO - [2023-06-14T09:25:22.788+0000] {taskmixin.py:205} WARNING - Dependency <Task(BashOperator): create_tag>, delete_tag already registered for DAG: example_complex
[2023-06-14T09:25:22.789+0000] {logging_mixin.py:137} INFO - [2023-06-14T09:25:22.788+0000] {taskmixin.py:205} WARNING - Dependency <Task(BashOperator): delete_tag>, create_tag already registered for DAG: example_complex
[2023-06-14T09:25:22.794+0000] {processor.py:753} INFO - DAG(s) dict_keys(['example_complex']) retrieved from /home/airflow/.local/lib/python3.7/site-packages/airflow/example_dags/example_complex.py
[2023-06-14T09:25:22.816+0000] {logging_mixin.py:137} INFO - [2023-06-14T09:25:22.816+0000] {dag.py:2690} INFO - Sync 1 DAGs
[2023-06-14T09:25:22.831+0000] {logging_mixin.py:137} INFO - [2023-06-14T09:25:22.831+0000] {dag.py:3441} INFO - Setting next_dagrun for example_complex to None, run_after=None
[2023-06-14T09:25:22.842+0000] {processor.py:175} INFO - Processing /home/airflow/.local/lib/python3.7/site-packages/airflow/example_dags/example_complex.py took 0.069 seconds
[2023-06-14T09:25:53.069+0000] {processor.py:153} INFO - Started process (PID=1336) to work on /home/airflow/.local/lib/python3.7/site-packages/airflow/example_dags/example_complex.py
[2023-06-14T09:25:53.070+0000] {processor.py:743} INFO - Processing file /home/airflow/.local/lib/python3.7/site-packages/airflow/example_dags/example_complex.py for tasks to queue
[2023-06-14T09:25:53.071+0000] {logging_mixin.py:137} INFO - [2023-06-14T09:25:53.071+0000] {dagbag.py:538} INFO - Filling up the DagBag from /home/airflow/.local/lib/python3.7/site-packages/airflow/example_dags/example_complex.py
[2023-06-14T09:25:53.079+0000] {logging_mixin.py:137} INFO - [2023-06-14T09:25:53.079+0000] {taskmixin.py:205} WARNING - Dependency <Task(BashOperator): create_entry_group>, delete_entry_group already registered for DAG: example_complex
[2023-06-14T09:25:53.080+0000] {logging_mixin.py:137} INFO - [2023-06-14T09:25:53.080+0000] {taskmixin.py:205} WARNING - Dependency <Task(BashOperator): delete_entry_group>, create_entry_group already registered for DAG: example_complex
[2023-06-14T09:25:53.080+0000] {logging_mixin.py:137} INFO - [2023-06-14T09:25:53.080+0000] {taskmixin.py:205} WARNING - Dependency <Task(BashOperator): create_entry_gcs>, delete_entry already registered for DAG: example_complex
[2023-06-14T09:25:53.081+0000] {logging_mixin.py:137} INFO - [2023-06-14T09:25:53.081+0000] {taskmixin.py:205} WARNING - Dependency <Task(BashOperator): delete_entry>, create_entry_gcs already registered for DAG: example_complex
[2023-06-14T09:25:53.081+0000] {logging_mixin.py:137} INFO - [2023-06-14T09:25:53.081+0000] {taskmixin.py:205} WARNING - Dependency <Task(BashOperator): create_tag>, delete_tag already registered for DAG: example_complex
[2023-06-14T09:25:53.082+0000] {logging_mixin.py:137} INFO - [2023-06-14T09:25:53.082+0000] {taskmixin.py:205} WARNING - Dependency <Task(BashOperator): delete_tag>, create_tag already registered for DAG: example_complex
[2023-06-14T09:25:53.087+0000] {processor.py:753} INFO - DAG(s) dict_keys(['example_complex']) retrieved from /home/airflow/.local/lib/python3.7/site-packages/airflow/example_dags/example_complex.py
[2023-06-14T09:25:53.108+0000] {logging_mixin.py:137} INFO - [2023-06-14T09:25:53.108+0000] {dag.py:2690} INFO - Sync 1 DAGs
[2023-06-14T09:25:53.124+0000] {logging_mixin.py:137} INFO - [2023-06-14T09:25:53.124+0000] {dag.py:3441} INFO - Setting next_dagrun for example_complex to None, run_after=None
[2023-06-14T09:25:53.136+0000] {processor.py:175} INFO - Processing /home/airflow/.local/lib/python3.7/site-packages/airflow/example_dags/example_complex.py took 0.070 seconds
[2023-06-14T09:26:23.183+0000] {processor.py:153} INFO - Started process (PID=1412) to work on /home/airflow/.local/lib/python3.7/site-packages/airflow/example_dags/example_complex.py
[2023-06-14T09:26:23.184+0000] {processor.py:743} INFO - Processing file /home/airflow/.local/lib/python3.7/site-packages/airflow/example_dags/example_complex.py for tasks to queue
[2023-06-14T09:26:23.185+0000] {logging_mixin.py:137} INFO - [2023-06-14T09:26:23.185+0000] {dagbag.py:538} INFO - Filling up the DagBag from /home/airflow/.local/lib/python3.7/site-packages/airflow/example_dags/example_complex.py
[2023-06-14T09:26:23.193+0000] {logging_mixin.py:137} INFO - [2023-06-14T09:26:23.193+0000] {taskmixin.py:205} WARNING - Dependency <Task(BashOperator): create_entry_group>, delete_entry_group already registered for DAG: example_complex
[2023-06-14T09:26:23.193+0000] {logging_mixin.py:137} INFO - [2023-06-14T09:26:23.193+0000] {taskmixin.py:205} WARNING - Dependency <Task(BashOperator): delete_entry_group>, create_entry_group already registered for DAG: example_complex
[2023-06-14T09:26:23.194+0000] {logging_mixin.py:137} INFO - [2023-06-14T09:26:23.194+0000] {taskmixin.py:205} WARNING - Dependency <Task(BashOperator): create_entry_gcs>, delete_entry already registered for DAG: example_complex
[2023-06-14T09:26:23.194+0000] {logging_mixin.py:137} INFO - [2023-06-14T09:26:23.194+0000] {taskmixin.py:205} WARNING - Dependency <Task(BashOperator): delete_entry>, create_entry_gcs already registered for DAG: example_complex
[2023-06-14T09:26:23.195+0000] {logging_mixin.py:137} INFO - [2023-06-14T09:26:23.195+0000] {taskmixin.py:205} WARNING - Dependency <Task(BashOperator): create_tag>, delete_tag already registered for DAG: example_complex
[2023-06-14T09:26:23.195+0000] {logging_mixin.py:137} INFO - [2023-06-14T09:26:23.195+0000] {taskmixin.py:205} WARNING - Dependency <Task(BashOperator): delete_tag>, create_tag already registered for DAG: example_complex
[2023-06-14T09:26:23.200+0000] {processor.py:753} INFO - DAG(s) dict_keys(['example_complex']) retrieved from /home/airflow/.local/lib/python3.7/site-packages/airflow/example_dags/example_complex.py
[2023-06-14T09:26:23.222+0000] {logging_mixin.py:137} INFO - [2023-06-14T09:26:23.222+0000] {dag.py:2690} INFO - Sync 1 DAGs
[2023-06-14T09:26:23.238+0000] {logging_mixin.py:137} INFO - [2023-06-14T09:26:23.237+0000] {dag.py:3441} INFO - Setting next_dagrun for example_complex to None, run_after=None
[2023-06-14T09:26:23.249+0000] {processor.py:175} INFO - Processing /home/airflow/.local/lib/python3.7/site-packages/airflow/example_dags/example_complex.py took 0.068 seconds
