[2023-06-14T09:16:41.540+0000] {processor.py:153} INFO - Started process (PID=55) to work on /home/airflow/.local/lib/python3.7/site-packages/airflow/example_dags/example_latest_only_with_trigger.py
[2023-06-14T09:16:41.546+0000] {processor.py:743} INFO - Processing file /home/airflow/.local/lib/python3.7/site-packages/airflow/example_dags/example_latest_only_with_trigger.py for tasks to queue
[2023-06-14T09:16:41.550+0000] {logging_mixin.py:137} INFO - [2023-06-14T09:16:41.550+0000] {dagbag.py:538} INFO - Filling up the DagBag from /home/airflow/.local/lib/python3.7/site-packages/airflow/example_dags/example_latest_only_with_trigger.py
[2023-06-14T09:16:41.584+0000] {processor.py:753} INFO - DAG(s) dict_keys(['latest_only_with_trigger']) retrieved from /home/airflow/.local/lib/python3.7/site-packages/airflow/example_dags/example_latest_only_with_trigger.py
[2023-06-14T09:16:41.649+0000] {logging_mixin.py:137} INFO - [2023-06-14T09:16:41.649+0000] {dag.py:2690} INFO - Sync 1 DAGs
[2023-06-14T09:16:41.702+0000] {logging_mixin.py:137} INFO - [2023-06-14T09:16:41.702+0000] {dag.py:3441} INFO - Setting next_dagrun for latest_only_with_trigger to 2023-06-14T05:16:41.702485+00:00, run_after=2023-06-14T09:16:41.702485+00:00
[2023-06-14T09:16:41.745+0000] {processor.py:175} INFO - Processing /home/airflow/.local/lib/python3.7/site-packages/airflow/example_dags/example_latest_only_with_trigger.py took 0.207 seconds
[2023-06-14T09:17:12.300+0000] {processor.py:153} INFO - Started process (PID=130) to work on /home/airflow/.local/lib/python3.7/site-packages/airflow/example_dags/example_latest_only_with_trigger.py
[2023-06-14T09:17:12.303+0000] {processor.py:743} INFO - Processing file /home/airflow/.local/lib/python3.7/site-packages/airflow/example_dags/example_latest_only_with_trigger.py for tasks to queue
[2023-06-14T09:17:12.305+0000] {logging_mixin.py:137} INFO - [2023-06-14T09:17:12.304+0000] {dagbag.py:538} INFO - Filling up the DagBag from /home/airflow/.local/lib/python3.7/site-packages/airflow/example_dags/example_latest_only_with_trigger.py
[2023-06-14T09:17:12.319+0000] {processor.py:753} INFO - DAG(s) dict_keys(['latest_only_with_trigger']) retrieved from /home/airflow/.local/lib/python3.7/site-packages/airflow/example_dags/example_latest_only_with_trigger.py
[2023-06-14T09:17:12.381+0000] {logging_mixin.py:137} INFO - [2023-06-14T09:17:12.381+0000] {dag.py:2690} INFO - Sync 1 DAGs
[2023-06-14T09:17:12.407+0000] {logging_mixin.py:137} INFO - [2023-06-14T09:17:12.406+0000] {dag.py:3441} INFO - Setting next_dagrun for latest_only_with_trigger to 2023-06-14T05:17:12.406736+00:00, run_after=2023-06-14T09:17:12.406736+00:00
[2023-06-14T09:17:12.423+0000] {processor.py:175} INFO - Processing /home/airflow/.local/lib/python3.7/site-packages/airflow/example_dags/example_latest_only_with_trigger.py took 0.127 seconds
[2023-06-14T09:17:42.504+0000] {processor.py:153} INFO - Started process (PID=210) to work on /home/airflow/.local/lib/python3.7/site-packages/airflow/example_dags/example_latest_only_with_trigger.py
[2023-06-14T09:17:42.505+0000] {processor.py:743} INFO - Processing file /home/airflow/.local/lib/python3.7/site-packages/airflow/example_dags/example_latest_only_with_trigger.py for tasks to queue
[2023-06-14T09:17:42.506+0000] {logging_mixin.py:137} INFO - [2023-06-14T09:17:42.506+0000] {dagbag.py:538} INFO - Filling up the DagBag from /home/airflow/.local/lib/python3.7/site-packages/airflow/example_dags/example_latest_only_with_trigger.py
[2023-06-14T09:17:42.516+0000] {processor.py:753} INFO - DAG(s) dict_keys(['latest_only_with_trigger']) retrieved from /home/airflow/.local/lib/python3.7/site-packages/airflow/example_dags/example_latest_only_with_trigger.py
[2023-06-14T09:17:42.536+0000] {logging_mixin.py:137} INFO - [2023-06-14T09:17:42.535+0000] {dag.py:2690} INFO - Sync 1 DAGs
[2023-06-14T09:17:42.552+0000] {logging_mixin.py:137} INFO - [2023-06-14T09:17:42.552+0000] {dag.py:3441} INFO - Setting next_dagrun for latest_only_with_trigger to 2023-06-14T05:17:42.552234+00:00, run_after=2023-06-14T09:17:42.552234+00:00
[2023-06-14T09:17:42.565+0000] {processor.py:175} INFO - Processing /home/airflow/.local/lib/python3.7/site-packages/airflow/example_dags/example_latest_only_with_trigger.py took 0.063 seconds
[2023-06-14T09:18:12.847+0000] {processor.py:153} INFO - Started process (PID=274) to work on /home/airflow/.local/lib/python3.7/site-packages/airflow/example_dags/example_latest_only_with_trigger.py
[2023-06-14T09:18:12.848+0000] {processor.py:743} INFO - Processing file /home/airflow/.local/lib/python3.7/site-packages/airflow/example_dags/example_latest_only_with_trigger.py for tasks to queue
[2023-06-14T09:18:12.849+0000] {logging_mixin.py:137} INFO - [2023-06-14T09:18:12.849+0000] {dagbag.py:538} INFO - Filling up the DagBag from /home/airflow/.local/lib/python3.7/site-packages/airflow/example_dags/example_latest_only_with_trigger.py
[2023-06-14T09:18:12.859+0000] {processor.py:753} INFO - DAG(s) dict_keys(['latest_only_with_trigger']) retrieved from /home/airflow/.local/lib/python3.7/site-packages/airflow/example_dags/example_latest_only_with_trigger.py
[2023-06-14T09:18:12.877+0000] {logging_mixin.py:137} INFO - [2023-06-14T09:18:12.877+0000] {dag.py:2690} INFO - Sync 1 DAGs
[2023-06-14T09:18:12.891+0000] {logging_mixin.py:137} INFO - [2023-06-14T09:18:12.891+0000] {dag.py:3441} INFO - Setting next_dagrun for latest_only_with_trigger to 2023-06-14T05:18:12.891258+00:00, run_after=2023-06-14T09:18:12.891258+00:00
[2023-06-14T09:18:12.902+0000] {processor.py:175} INFO - Processing /home/airflow/.local/lib/python3.7/site-packages/airflow/example_dags/example_latest_only_with_trigger.py took 0.058 seconds
[2023-06-14T09:18:43.039+0000] {processor.py:153} INFO - Started process (PID=350) to work on /home/airflow/.local/lib/python3.7/site-packages/airflow/example_dags/example_latest_only_with_trigger.py
[2023-06-14T09:18:43.040+0000] {processor.py:743} INFO - Processing file /home/airflow/.local/lib/python3.7/site-packages/airflow/example_dags/example_latest_only_with_trigger.py for tasks to queue
[2023-06-14T09:18:43.041+0000] {logging_mixin.py:137} INFO - [2023-06-14T09:18:43.041+0000] {dagbag.py:538} INFO - Filling up the DagBag from /home/airflow/.local/lib/python3.7/site-packages/airflow/example_dags/example_latest_only_with_trigger.py
[2023-06-14T09:18:43.051+0000] {processor.py:753} INFO - DAG(s) dict_keys(['latest_only_with_trigger']) retrieved from /home/airflow/.local/lib/python3.7/site-packages/airflow/example_dags/example_latest_only_with_trigger.py
[2023-06-14T09:18:43.070+0000] {logging_mixin.py:137} INFO - [2023-06-14T09:18:43.070+0000] {dag.py:2690} INFO - Sync 1 DAGs
[2023-06-14T09:18:43.088+0000] {logging_mixin.py:137} INFO - [2023-06-14T09:18:43.088+0000] {dag.py:3441} INFO - Setting next_dagrun for latest_only_with_trigger to 2023-06-14T05:18:43.087909+00:00, run_after=2023-06-14T09:18:43.087909+00:00
[2023-06-14T09:18:43.099+0000] {processor.py:175} INFO - Processing /home/airflow/.local/lib/python3.7/site-packages/airflow/example_dags/example_latest_only_with_trigger.py took 0.063 seconds
[2023-06-14T09:19:14.767+0000] {processor.py:153} INFO - Started process (PID=426) to work on /home/airflow/.local/lib/python3.7/site-packages/airflow/example_dags/example_latest_only_with_trigger.py
[2023-06-14T09:19:14.768+0000] {processor.py:743} INFO - Processing file /home/airflow/.local/lib/python3.7/site-packages/airflow/example_dags/example_latest_only_with_trigger.py for tasks to queue
[2023-06-14T09:19:14.769+0000] {logging_mixin.py:137} INFO - [2023-06-14T09:19:14.769+0000] {dagbag.py:538} INFO - Filling up the DagBag from /home/airflow/.local/lib/python3.7/site-packages/airflow/example_dags/example_latest_only_with_trigger.py
[2023-06-14T09:19:14.786+0000] {processor.py:753} INFO - DAG(s) dict_keys(['latest_only_with_trigger']) retrieved from /home/airflow/.local/lib/python3.7/site-packages/airflow/example_dags/example_latest_only_with_trigger.py
[2023-06-14T09:19:14.808+0000] {logging_mixin.py:137} INFO - [2023-06-14T09:19:14.808+0000] {dag.py:2690} INFO - Sync 1 DAGs
[2023-06-14T09:19:14.827+0000] {logging_mixin.py:137} INFO - [2023-06-14T09:19:14.827+0000] {dag.py:3441} INFO - Setting next_dagrun for latest_only_with_trigger to 2023-06-14T05:19:14.826965+00:00, run_after=2023-06-14T09:19:14.826965+00:00
[2023-06-14T09:19:14.839+0000] {processor.py:175} INFO - Processing /home/airflow/.local/lib/python3.7/site-packages/airflow/example_dags/example_latest_only_with_trigger.py took 0.075 seconds
[2023-06-14T09:19:46.284+0000] {processor.py:153} INFO - Started process (PID=491) to work on /home/airflow/.local/lib/python3.7/site-packages/airflow/example_dags/example_latest_only_with_trigger.py
[2023-06-14T09:19:46.291+0000] {processor.py:743} INFO - Processing file /home/airflow/.local/lib/python3.7/site-packages/airflow/example_dags/example_latest_only_with_trigger.py for tasks to queue
[2023-06-14T09:19:46.293+0000] {logging_mixin.py:137} INFO - [2023-06-14T09:19:46.293+0000] {dagbag.py:538} INFO - Filling up the DagBag from /home/airflow/.local/lib/python3.7/site-packages/airflow/example_dags/example_latest_only_with_trigger.py
[2023-06-14T09:19:46.322+0000] {processor.py:753} INFO - DAG(s) dict_keys(['latest_only_with_trigger']) retrieved from /home/airflow/.local/lib/python3.7/site-packages/airflow/example_dags/example_latest_only_with_trigger.py
[2023-06-14T09:19:46.352+0000] {logging_mixin.py:137} INFO - [2023-06-14T09:19:46.352+0000] {dag.py:2690} INFO - Sync 1 DAGs
[2023-06-14T09:19:46.389+0000] {logging_mixin.py:137} INFO - [2023-06-14T09:19:46.389+0000] {dag.py:3441} INFO - Setting next_dagrun for latest_only_with_trigger to 2023-06-14T05:19:46.388979+00:00, run_after=2023-06-14T09:19:46.388979+00:00
[2023-06-14T09:19:46.514+0000] {processor.py:175} INFO - Processing /home/airflow/.local/lib/python3.7/site-packages/airflow/example_dags/example_latest_only_with_trigger.py took 0.240 seconds
[2023-06-14T09:20:19.692+0000] {processor.py:153} INFO - Started process (PID=568) to work on /home/airflow/.local/lib/python3.7/site-packages/airflow/example_dags/example_latest_only_with_trigger.py
[2023-06-14T09:20:19.695+0000] {processor.py:743} INFO - Processing file /home/airflow/.local/lib/python3.7/site-packages/airflow/example_dags/example_latest_only_with_trigger.py for tasks to queue
[2023-06-14T09:20:19.696+0000] {logging_mixin.py:137} INFO - [2023-06-14T09:20:19.696+0000] {dagbag.py:538} INFO - Filling up the DagBag from /home/airflow/.local/lib/python3.7/site-packages/airflow/example_dags/example_latest_only_with_trigger.py
[2023-06-14T09:20:19.712+0000] {processor.py:753} INFO - DAG(s) dict_keys(['latest_only_with_trigger']) retrieved from /home/airflow/.local/lib/python3.7/site-packages/airflow/example_dags/example_latest_only_with_trigger.py
[2023-06-14T09:20:19.741+0000] {logging_mixin.py:137} INFO - [2023-06-14T09:20:19.741+0000] {dag.py:2690} INFO - Sync 1 DAGs
[2023-06-14T09:20:19.762+0000] {logging_mixin.py:137} INFO - [2023-06-14T09:20:19.762+0000] {dag.py:3441} INFO - Setting next_dagrun for latest_only_with_trigger to 2023-06-14T05:20:19.761726+00:00, run_after=2023-06-14T09:20:19.761726+00:00
[2023-06-14T09:20:19.800+0000] {processor.py:175} INFO - Processing /home/airflow/.local/lib/python3.7/site-packages/airflow/example_dags/example_latest_only_with_trigger.py took 0.111 seconds
[2023-06-14T09:20:49.867+0000] {processor.py:153} INFO - Started process (PID=631) to work on /home/airflow/.local/lib/python3.7/site-packages/airflow/example_dags/example_latest_only_with_trigger.py
[2023-06-14T09:20:49.869+0000] {processor.py:743} INFO - Processing file /home/airflow/.local/lib/python3.7/site-packages/airflow/example_dags/example_latest_only_with_trigger.py for tasks to queue
[2023-06-14T09:20:49.873+0000] {logging_mixin.py:137} INFO - [2023-06-14T09:20:49.873+0000] {dagbag.py:538} INFO - Filling up the DagBag from /home/airflow/.local/lib/python3.7/site-packages/airflow/example_dags/example_latest_only_with_trigger.py
[2023-06-14T09:20:49.890+0000] {processor.py:753} INFO - DAG(s) dict_keys(['latest_only_with_trigger']) retrieved from /home/airflow/.local/lib/python3.7/site-packages/airflow/example_dags/example_latest_only_with_trigger.py
[2023-06-14T09:20:49.912+0000] {logging_mixin.py:137} INFO - [2023-06-14T09:20:49.912+0000] {dag.py:2690} INFO - Sync 1 DAGs
[2023-06-14T09:20:49.932+0000] {logging_mixin.py:137} INFO - [2023-06-14T09:20:49.931+0000] {dag.py:3441} INFO - Setting next_dagrun for latest_only_with_trigger to 2023-06-14T05:20:49.931717+00:00, run_after=2023-06-14T09:20:49.931717+00:00
[2023-06-14T09:20:49.946+0000] {processor.py:175} INFO - Processing /home/airflow/.local/lib/python3.7/site-packages/airflow/example_dags/example_latest_only_with_trigger.py took 0.083 seconds
[2023-06-14T09:21:20.020+0000] {processor.py:153} INFO - Started process (PID=695) to work on /home/airflow/.local/lib/python3.7/site-packages/airflow/example_dags/example_latest_only_with_trigger.py
[2023-06-14T09:21:20.021+0000] {processor.py:743} INFO - Processing file /home/airflow/.local/lib/python3.7/site-packages/airflow/example_dags/example_latest_only_with_trigger.py for tasks to queue
[2023-06-14T09:21:20.022+0000] {logging_mixin.py:137} INFO - [2023-06-14T09:21:20.022+0000] {dagbag.py:538} INFO - Filling up the DagBag from /home/airflow/.local/lib/python3.7/site-packages/airflow/example_dags/example_latest_only_with_trigger.py
[2023-06-14T09:21:20.032+0000] {processor.py:753} INFO - DAG(s) dict_keys(['latest_only_with_trigger']) retrieved from /home/airflow/.local/lib/python3.7/site-packages/airflow/example_dags/example_latest_only_with_trigger.py
[2023-06-14T09:21:20.052+0000] {logging_mixin.py:137} INFO - [2023-06-14T09:21:20.052+0000] {dag.py:2690} INFO - Sync 1 DAGs
[2023-06-14T09:21:20.068+0000] {logging_mixin.py:137} INFO - [2023-06-14T09:21:20.068+0000] {dag.py:3441} INFO - Setting next_dagrun for latest_only_with_trigger to 2023-06-14T05:21:20.068397+00:00, run_after=2023-06-14T09:21:20.068397+00:00
[2023-06-14T09:21:20.079+0000] {processor.py:175} INFO - Processing /home/airflow/.local/lib/python3.7/site-packages/airflow/example_dags/example_latest_only_with_trigger.py took 0.061 seconds
[2023-06-14T09:21:50.476+0000] {processor.py:153} INFO - Started process (PID=771) to work on /home/airflow/.local/lib/python3.7/site-packages/airflow/example_dags/example_latest_only_with_trigger.py
[2023-06-14T09:21:50.477+0000] {processor.py:743} INFO - Processing file /home/airflow/.local/lib/python3.7/site-packages/airflow/example_dags/example_latest_only_with_trigger.py for tasks to queue
[2023-06-14T09:21:50.477+0000] {logging_mixin.py:137} INFO - [2023-06-14T09:21:50.477+0000] {dagbag.py:538} INFO - Filling up the DagBag from /home/airflow/.local/lib/python3.7/site-packages/airflow/example_dags/example_latest_only_with_trigger.py
[2023-06-14T09:21:50.487+0000] {processor.py:753} INFO - DAG(s) dict_keys(['latest_only_with_trigger']) retrieved from /home/airflow/.local/lib/python3.7/site-packages/airflow/example_dags/example_latest_only_with_trigger.py
[2023-06-14T09:21:50.505+0000] {logging_mixin.py:137} INFO - [2023-06-14T09:21:50.505+0000] {dag.py:2690} INFO - Sync 1 DAGs
[2023-06-14T09:21:50.519+0000] {logging_mixin.py:137} INFO - [2023-06-14T09:21:50.519+0000] {dag.py:3441} INFO - Setting next_dagrun for latest_only_with_trigger to 2023-06-14T05:21:50.519061+00:00, run_after=2023-06-14T09:21:50.519061+00:00
[2023-06-14T09:21:50.529+0000] {processor.py:175} INFO - Processing /home/airflow/.local/lib/python3.7/site-packages/airflow/example_dags/example_latest_only_with_trigger.py took 0.056 seconds
[2023-06-14T09:22:20.952+0000] {processor.py:153} INFO - Started process (PID=848) to work on /home/airflow/.local/lib/python3.7/site-packages/airflow/example_dags/example_latest_only_with_trigger.py
[2023-06-14T09:22:20.953+0000] {processor.py:743} INFO - Processing file /home/airflow/.local/lib/python3.7/site-packages/airflow/example_dags/example_latest_only_with_trigger.py for tasks to queue
[2023-06-14T09:22:20.954+0000] {logging_mixin.py:137} INFO - [2023-06-14T09:22:20.954+0000] {dagbag.py:538} INFO - Filling up the DagBag from /home/airflow/.local/lib/python3.7/site-packages/airflow/example_dags/example_latest_only_with_trigger.py
[2023-06-14T09:22:20.965+0000] {processor.py:753} INFO - DAG(s) dict_keys(['latest_only_with_trigger']) retrieved from /home/airflow/.local/lib/python3.7/site-packages/airflow/example_dags/example_latest_only_with_trigger.py
[2023-06-14T09:22:20.988+0000] {logging_mixin.py:137} INFO - [2023-06-14T09:22:20.988+0000] {dag.py:2690} INFO - Sync 1 DAGs
[2023-06-14T09:22:21.006+0000] {logging_mixin.py:137} INFO - [2023-06-14T09:22:21.006+0000] {dag.py:3441} INFO - Setting next_dagrun for latest_only_with_trigger to 2023-06-14T05:22:21.006635+00:00, run_after=2023-06-14T09:22:21.006635+00:00
[2023-06-14T09:22:21.018+0000] {processor.py:175} INFO - Processing /home/airflow/.local/lib/python3.7/site-packages/airflow/example_dags/example_latest_only_with_trigger.py took 0.069 seconds
[2023-06-14T09:22:51.205+0000] {processor.py:153} INFO - Started process (PID=912) to work on /home/airflow/.local/lib/python3.7/site-packages/airflow/example_dags/example_latest_only_with_trigger.py
[2023-06-14T09:22:51.206+0000] {processor.py:743} INFO - Processing file /home/airflow/.local/lib/python3.7/site-packages/airflow/example_dags/example_latest_only_with_trigger.py for tasks to queue
[2023-06-14T09:22:51.207+0000] {logging_mixin.py:137} INFO - [2023-06-14T09:22:51.206+0000] {dagbag.py:538} INFO - Filling up the DagBag from /home/airflow/.local/lib/python3.7/site-packages/airflow/example_dags/example_latest_only_with_trigger.py
[2023-06-14T09:22:51.217+0000] {processor.py:753} INFO - DAG(s) dict_keys(['latest_only_with_trigger']) retrieved from /home/airflow/.local/lib/python3.7/site-packages/airflow/example_dags/example_latest_only_with_trigger.py
[2023-06-14T09:22:51.235+0000] {logging_mixin.py:137} INFO - [2023-06-14T09:22:51.235+0000] {dag.py:2690} INFO - Sync 1 DAGs
[2023-06-14T09:22:51.250+0000] {logging_mixin.py:137} INFO - [2023-06-14T09:22:51.250+0000] {dag.py:3441} INFO - Setting next_dagrun for latest_only_with_trigger to 2023-06-14T05:22:51.249859+00:00, run_after=2023-06-14T09:22:51.249859+00:00
[2023-06-14T09:22:51.260+0000] {processor.py:175} INFO - Processing /home/airflow/.local/lib/python3.7/site-packages/airflow/example_dags/example_latest_only_with_trigger.py took 0.058 seconds
[2023-06-14T09:23:21.423+0000] {processor.py:153} INFO - Started process (PID=987) to work on /home/airflow/.local/lib/python3.7/site-packages/airflow/example_dags/example_latest_only_with_trigger.py
[2023-06-14T09:23:21.424+0000] {processor.py:743} INFO - Processing file /home/airflow/.local/lib/python3.7/site-packages/airflow/example_dags/example_latest_only_with_trigger.py for tasks to queue
[2023-06-14T09:23:21.425+0000] {logging_mixin.py:137} INFO - [2023-06-14T09:23:21.425+0000] {dagbag.py:538} INFO - Filling up the DagBag from /home/airflow/.local/lib/python3.7/site-packages/airflow/example_dags/example_latest_only_with_trigger.py
[2023-06-14T09:23:21.435+0000] {processor.py:753} INFO - DAG(s) dict_keys(['latest_only_with_trigger']) retrieved from /home/airflow/.local/lib/python3.7/site-packages/airflow/example_dags/example_latest_only_with_trigger.py
[2023-06-14T09:23:21.455+0000] {logging_mixin.py:137} INFO - [2023-06-14T09:23:21.455+0000] {dag.py:2690} INFO - Sync 1 DAGs
[2023-06-14T09:23:21.471+0000] {logging_mixin.py:137} INFO - [2023-06-14T09:23:21.471+0000] {dag.py:3441} INFO - Setting next_dagrun for latest_only_with_trigger to 2023-06-14T05:23:21.471428+00:00, run_after=2023-06-14T09:23:21.471428+00:00
[2023-06-14T09:23:21.483+0000] {processor.py:175} INFO - Processing /home/airflow/.local/lib/python3.7/site-packages/airflow/example_dags/example_latest_only_with_trigger.py took 0.063 seconds
[2023-06-14T09:23:51.872+0000] {processor.py:153} INFO - Started process (PID=1063) to work on /home/airflow/.local/lib/python3.7/site-packages/airflow/example_dags/example_latest_only_with_trigger.py
[2023-06-14T09:23:51.874+0000] {processor.py:743} INFO - Processing file /home/airflow/.local/lib/python3.7/site-packages/airflow/example_dags/example_latest_only_with_trigger.py for tasks to queue
[2023-06-14T09:23:51.876+0000] {logging_mixin.py:137} INFO - [2023-06-14T09:23:51.876+0000] {dagbag.py:538} INFO - Filling up the DagBag from /home/airflow/.local/lib/python3.7/site-packages/airflow/example_dags/example_latest_only_with_trigger.py
[2023-06-14T09:23:51.893+0000] {processor.py:753} INFO - DAG(s) dict_keys(['latest_only_with_trigger']) retrieved from /home/airflow/.local/lib/python3.7/site-packages/airflow/example_dags/example_latest_only_with_trigger.py
[2023-06-14T09:23:51.919+0000] {logging_mixin.py:137} INFO - [2023-06-14T09:23:51.918+0000] {dag.py:2690} INFO - Sync 1 DAGs
[2023-06-14T09:23:51.936+0000] {logging_mixin.py:137} INFO - [2023-06-14T09:23:51.936+0000] {dag.py:3441} INFO - Setting next_dagrun for latest_only_with_trigger to 2023-06-14T05:23:51.935800+00:00, run_after=2023-06-14T09:23:51.935800+00:00
[2023-06-14T09:23:51.948+0000] {processor.py:175} INFO - Processing /home/airflow/.local/lib/python3.7/site-packages/airflow/example_dags/example_latest_only_with_trigger.py took 0.079 seconds
[2023-06-14T09:24:22.691+0000] {processor.py:153} INFO - Started process (PID=1127) to work on /home/airflow/.local/lib/python3.7/site-packages/airflow/example_dags/example_latest_only_with_trigger.py
[2023-06-14T09:24:22.693+0000] {processor.py:743} INFO - Processing file /home/airflow/.local/lib/python3.7/site-packages/airflow/example_dags/example_latest_only_with_trigger.py for tasks to queue
[2023-06-14T09:24:22.695+0000] {logging_mixin.py:137} INFO - [2023-06-14T09:24:22.695+0000] {dagbag.py:538} INFO - Filling up the DagBag from /home/airflow/.local/lib/python3.7/site-packages/airflow/example_dags/example_latest_only_with_trigger.py
[2023-06-14T09:24:22.710+0000] {processor.py:753} INFO - DAG(s) dict_keys(['latest_only_with_trigger']) retrieved from /home/airflow/.local/lib/python3.7/site-packages/airflow/example_dags/example_latest_only_with_trigger.py
[2023-06-14T09:24:22.731+0000] {logging_mixin.py:137} INFO - [2023-06-14T09:24:22.731+0000] {dag.py:2690} INFO - Sync 1 DAGs
[2023-06-14T09:24:22.749+0000] {logging_mixin.py:137} INFO - [2023-06-14T09:24:22.749+0000] {dag.py:3441} INFO - Setting next_dagrun for latest_only_with_trigger to 2023-06-14T05:24:22.749166+00:00, run_after=2023-06-14T09:24:22.749166+00:00
[2023-06-14T09:24:22.761+0000] {processor.py:175} INFO - Processing /home/airflow/.local/lib/python3.7/site-packages/airflow/example_dags/example_latest_only_with_trigger.py took 0.073 seconds
[2023-06-14T09:24:52.883+0000] {processor.py:153} INFO - Started process (PID=1203) to work on /home/airflow/.local/lib/python3.7/site-packages/airflow/example_dags/example_latest_only_with_trigger.py
[2023-06-14T09:24:52.884+0000] {processor.py:743} INFO - Processing file /home/airflow/.local/lib/python3.7/site-packages/airflow/example_dags/example_latest_only_with_trigger.py for tasks to queue
[2023-06-14T09:24:52.885+0000] {logging_mixin.py:137} INFO - [2023-06-14T09:24:52.885+0000] {dagbag.py:538} INFO - Filling up the DagBag from /home/airflow/.local/lib/python3.7/site-packages/airflow/example_dags/example_latest_only_with_trigger.py
[2023-06-14T09:24:52.895+0000] {processor.py:753} INFO - DAG(s) dict_keys(['latest_only_with_trigger']) retrieved from /home/airflow/.local/lib/python3.7/site-packages/airflow/example_dags/example_latest_only_with_trigger.py
[2023-06-14T09:24:52.914+0000] {logging_mixin.py:137} INFO - [2023-06-14T09:24:52.914+0000] {dag.py:2690} INFO - Sync 1 DAGs
[2023-06-14T09:24:52.931+0000] {logging_mixin.py:137} INFO - [2023-06-14T09:24:52.931+0000] {dag.py:3441} INFO - Setting next_dagrun for latest_only_with_trigger to 2023-06-14T05:24:52.931101+00:00, run_after=2023-06-14T09:24:52.931101+00:00
[2023-06-14T09:24:52.941+0000] {processor.py:175} INFO - Processing /home/airflow/.local/lib/python3.7/site-packages/airflow/example_dags/example_latest_only_with_trigger.py took 0.061 seconds
[2023-06-14T09:25:23.067+0000] {processor.py:153} INFO - Started process (PID=1277) to work on /home/airflow/.local/lib/python3.7/site-packages/airflow/example_dags/example_latest_only_with_trigger.py
[2023-06-14T09:25:23.068+0000] {processor.py:743} INFO - Processing file /home/airflow/.local/lib/python3.7/site-packages/airflow/example_dags/example_latest_only_with_trigger.py for tasks to queue
[2023-06-14T09:25:23.069+0000] {logging_mixin.py:137} INFO - [2023-06-14T09:25:23.069+0000] {dagbag.py:538} INFO - Filling up the DagBag from /home/airflow/.local/lib/python3.7/site-packages/airflow/example_dags/example_latest_only_with_trigger.py
[2023-06-14T09:25:23.080+0000] {processor.py:753} INFO - DAG(s) dict_keys(['latest_only_with_trigger']) retrieved from /home/airflow/.local/lib/python3.7/site-packages/airflow/example_dags/example_latest_only_with_trigger.py
[2023-06-14T09:25:23.100+0000] {logging_mixin.py:137} INFO - [2023-06-14T09:25:23.100+0000] {dag.py:2690} INFO - Sync 1 DAGs
[2023-06-14T09:25:23.117+0000] {logging_mixin.py:137} INFO - [2023-06-14T09:25:23.117+0000] {dag.py:3441} INFO - Setting next_dagrun for latest_only_with_trigger to 2023-06-14T05:25:23.116919+00:00, run_after=2023-06-14T09:25:23.116919+00:00
[2023-06-14T09:25:23.127+0000] {processor.py:175} INFO - Processing /home/airflow/.local/lib/python3.7/site-packages/airflow/example_dags/example_latest_only_with_trigger.py took 0.062 seconds
[2023-06-14T09:25:53.350+0000] {processor.py:153} INFO - Started process (PID=1342) to work on /home/airflow/.local/lib/python3.7/site-packages/airflow/example_dags/example_latest_only_with_trigger.py
[2023-06-14T09:25:53.351+0000] {processor.py:743} INFO - Processing file /home/airflow/.local/lib/python3.7/site-packages/airflow/example_dags/example_latest_only_with_trigger.py for tasks to queue
[2023-06-14T09:25:53.352+0000] {logging_mixin.py:137} INFO - [2023-06-14T09:25:53.352+0000] {dagbag.py:538} INFO - Filling up the DagBag from /home/airflow/.local/lib/python3.7/site-packages/airflow/example_dags/example_latest_only_with_trigger.py
[2023-06-14T09:25:53.363+0000] {processor.py:753} INFO - DAG(s) dict_keys(['latest_only_with_trigger']) retrieved from /home/airflow/.local/lib/python3.7/site-packages/airflow/example_dags/example_latest_only_with_trigger.py
[2023-06-14T09:25:53.380+0000] {logging_mixin.py:137} INFO - [2023-06-14T09:25:53.379+0000] {dag.py:2690} INFO - Sync 1 DAGs
[2023-06-14T09:25:53.394+0000] {logging_mixin.py:137} INFO - [2023-06-14T09:25:53.394+0000] {dag.py:3441} INFO - Setting next_dagrun for latest_only_with_trigger to 2023-06-14T05:25:53.393942+00:00, run_after=2023-06-14T09:25:53.393942+00:00
[2023-06-14T09:25:53.404+0000] {processor.py:175} INFO - Processing /home/airflow/.local/lib/python3.7/site-packages/airflow/example_dags/example_latest_only_with_trigger.py took 0.057 seconds
[2023-06-14T09:26:23.488+0000] {processor.py:153} INFO - Started process (PID=1418) to work on /home/airflow/.local/lib/python3.7/site-packages/airflow/example_dags/example_latest_only_with_trigger.py
[2023-06-14T09:26:23.489+0000] {processor.py:743} INFO - Processing file /home/airflow/.local/lib/python3.7/site-packages/airflow/example_dags/example_latest_only_with_trigger.py for tasks to queue
[2023-06-14T09:26:23.490+0000] {logging_mixin.py:137} INFO - [2023-06-14T09:26:23.490+0000] {dagbag.py:538} INFO - Filling up the DagBag from /home/airflow/.local/lib/python3.7/site-packages/airflow/example_dags/example_latest_only_with_trigger.py
[2023-06-14T09:26:23.502+0000] {processor.py:753} INFO - DAG(s) dict_keys(['latest_only_with_trigger']) retrieved from /home/airflow/.local/lib/python3.7/site-packages/airflow/example_dags/example_latest_only_with_trigger.py
[2023-06-14T09:26:23.525+0000] {logging_mixin.py:137} INFO - [2023-06-14T09:26:23.524+0000] {dag.py:2690} INFO - Sync 1 DAGs
[2023-06-14T09:26:23.543+0000] {logging_mixin.py:137} INFO - [2023-06-14T09:26:23.543+0000] {dag.py:3441} INFO - Setting next_dagrun for latest_only_with_trigger to 2023-06-14T05:26:23.543334+00:00, run_after=2023-06-14T09:26:23.543334+00:00
[2023-06-14T09:26:23.556+0000] {processor.py:175} INFO - Processing /home/airflow/.local/lib/python3.7/site-packages/airflow/example_dags/example_latest_only_with_trigger.py took 0.070 seconds
