[2023-06-14T09:16:39.736+0000] {processor.py:153} INFO - Started process (PID=41) to work on /home/airflow/.local/lib/python3.7/site-packages/airflow/example_dags/example_xcomargs.py
[2023-06-14T09:16:39.738+0000] {processor.py:743} INFO - Processing file /home/airflow/.local/lib/python3.7/site-packages/airflow/example_dags/example_xcomargs.py for tasks to queue
[2023-06-14T09:16:39.753+0000] {logging_mixin.py:137} INFO - [2023-06-14T09:16:39.753+0000] {dagbag.py:538} INFO - Filling up the DagBag from /home/airflow/.local/lib/python3.7/site-packages/airflow/example_dags/example_xcomargs.py
[2023-06-14T09:16:39.791+0000] {processor.py:753} INFO - DAG(s) dict_keys(['example_xcom_args', 'example_xcom_args_with_operators']) retrieved from /home/airflow/.local/lib/python3.7/site-packages/airflow/example_dags/example_xcomargs.py
[2023-06-14T09:16:39.830+0000] {logging_mixin.py:137} INFO - [2023-06-14T09:16:39.829+0000] {dag.py:2690} INFO - Sync 2 DAGs
[2023-06-14T09:16:39.861+0000] {logging_mixin.py:137} INFO - [2023-06-14T09:16:39.861+0000] {dag.py:3441} INFO - Setting next_dagrun for example_xcom_args to None, run_after=None
[2023-06-14T09:16:39.866+0000] {logging_mixin.py:137} INFO - [2023-06-14T09:16:39.865+0000] {dag.py:3441} INFO - Setting next_dagrun for example_xcom_args_with_operators to None, run_after=None
[2023-06-14T09:16:39.885+0000] {processor.py:175} INFO - Processing /home/airflow/.local/lib/python3.7/site-packages/airflow/example_dags/example_xcomargs.py took 0.152 seconds
[2023-06-14T09:17:10.241+0000] {processor.py:153} INFO - Started process (PID=116) to work on /home/airflow/.local/lib/python3.7/site-packages/airflow/example_dags/example_xcomargs.py
[2023-06-14T09:17:10.242+0000] {processor.py:743} INFO - Processing file /home/airflow/.local/lib/python3.7/site-packages/airflow/example_dags/example_xcomargs.py for tasks to queue
[2023-06-14T09:17:10.243+0000] {logging_mixin.py:137} INFO - [2023-06-14T09:17:10.243+0000] {dagbag.py:538} INFO - Filling up the DagBag from /home/airflow/.local/lib/python3.7/site-packages/airflow/example_dags/example_xcomargs.py
[2023-06-14T09:17:10.260+0000] {processor.py:753} INFO - DAG(s) dict_keys(['example_xcom_args_with_operators', 'example_xcom_args']) retrieved from /home/airflow/.local/lib/python3.7/site-packages/airflow/example_dags/example_xcomargs.py
[2023-06-14T09:17:10.286+0000] {logging_mixin.py:137} INFO - [2023-06-14T09:17:10.286+0000] {dag.py:2690} INFO - Sync 2 DAGs
[2023-06-14T09:17:10.301+0000] {logging_mixin.py:137} INFO - [2023-06-14T09:17:10.301+0000] {dag.py:3441} INFO - Setting next_dagrun for example_xcom_args to None, run_after=None
[2023-06-14T09:17:10.305+0000] {logging_mixin.py:137} INFO - [2023-06-14T09:17:10.305+0000] {dag.py:3441} INFO - Setting next_dagrun for example_xcom_args_with_operators to None, run_after=None
[2023-06-14T09:17:10.322+0000] {processor.py:175} INFO - Processing /home/airflow/.local/lib/python3.7/site-packages/airflow/example_dags/example_xcomargs.py took 0.084 seconds
[2023-06-14T09:17:41.604+0000] {processor.py:153} INFO - Started process (PID=193) to work on /home/airflow/.local/lib/python3.7/site-packages/airflow/example_dags/example_xcomargs.py
[2023-06-14T09:17:41.606+0000] {processor.py:743} INFO - Processing file /home/airflow/.local/lib/python3.7/site-packages/airflow/example_dags/example_xcomargs.py for tasks to queue
[2023-06-14T09:17:41.607+0000] {logging_mixin.py:137} INFO - [2023-06-14T09:17:41.607+0000] {dagbag.py:538} INFO - Filling up the DagBag from /home/airflow/.local/lib/python3.7/site-packages/airflow/example_dags/example_xcomargs.py
[2023-06-14T09:17:41.624+0000] {processor.py:753} INFO - DAG(s) dict_keys(['example_xcom_args', 'example_xcom_args_with_operators']) retrieved from /home/airflow/.local/lib/python3.7/site-packages/airflow/example_dags/example_xcomargs.py
[2023-06-14T09:17:41.649+0000] {logging_mixin.py:137} INFO - [2023-06-14T09:17:41.648+0000] {dag.py:2690} INFO - Sync 2 DAGs
[2023-06-14T09:17:41.663+0000] {logging_mixin.py:137} INFO - [2023-06-14T09:17:41.663+0000] {dag.py:3441} INFO - Setting next_dagrun for example_xcom_args to None, run_after=None
[2023-06-14T09:17:41.667+0000] {logging_mixin.py:137} INFO - [2023-06-14T09:17:41.667+0000] {dag.py:3441} INFO - Setting next_dagrun for example_xcom_args_with_operators to None, run_after=None
[2023-06-14T09:17:41.685+0000] {processor.py:175} INFO - Processing /home/airflow/.local/lib/python3.7/site-packages/airflow/example_dags/example_xcomargs.py took 0.083 seconds
[2023-06-14T09:18:12.242+0000] {processor.py:153} INFO - Started process (PID=260) to work on /home/airflow/.local/lib/python3.7/site-packages/airflow/example_dags/example_xcomargs.py
[2023-06-14T09:18:12.244+0000] {processor.py:743} INFO - Processing file /home/airflow/.local/lib/python3.7/site-packages/airflow/example_dags/example_xcomargs.py for tasks to queue
[2023-06-14T09:18:12.244+0000] {logging_mixin.py:137} INFO - [2023-06-14T09:18:12.244+0000] {dagbag.py:538} INFO - Filling up the DagBag from /home/airflow/.local/lib/python3.7/site-packages/airflow/example_dags/example_xcomargs.py
[2023-06-14T09:18:12.259+0000] {processor.py:753} INFO - DAG(s) dict_keys(['example_xcom_args', 'example_xcom_args_with_operators']) retrieved from /home/airflow/.local/lib/python3.7/site-packages/airflow/example_dags/example_xcomargs.py
[2023-06-14T09:18:12.280+0000] {logging_mixin.py:137} INFO - [2023-06-14T09:18:12.280+0000] {dag.py:2690} INFO - Sync 2 DAGs
[2023-06-14T09:18:12.294+0000] {logging_mixin.py:137} INFO - [2023-06-14T09:18:12.294+0000] {dag.py:3441} INFO - Setting next_dagrun for example_xcom_args to None, run_after=None
[2023-06-14T09:18:12.296+0000] {logging_mixin.py:137} INFO - [2023-06-14T09:18:12.296+0000] {dag.py:3441} INFO - Setting next_dagrun for example_xcom_args_with_operators to None, run_after=None
[2023-06-14T09:18:12.305+0000] {processor.py:175} INFO - Processing /home/airflow/.local/lib/python3.7/site-packages/airflow/example_dags/example_xcomargs.py took 0.065 seconds
[2023-06-14T09:18:42.348+0000] {processor.py:153} INFO - Started process (PID=336) to work on /home/airflow/.local/lib/python3.7/site-packages/airflow/example_dags/example_xcomargs.py
[2023-06-14T09:18:42.349+0000] {processor.py:743} INFO - Processing file /home/airflow/.local/lib/python3.7/site-packages/airflow/example_dags/example_xcomargs.py for tasks to queue
[2023-06-14T09:18:42.350+0000] {logging_mixin.py:137} INFO - [2023-06-14T09:18:42.350+0000] {dagbag.py:538} INFO - Filling up the DagBag from /home/airflow/.local/lib/python3.7/site-packages/airflow/example_dags/example_xcomargs.py
[2023-06-14T09:18:42.364+0000] {processor.py:753} INFO - DAG(s) dict_keys(['example_xcom_args_with_operators', 'example_xcom_args']) retrieved from /home/airflow/.local/lib/python3.7/site-packages/airflow/example_dags/example_xcomargs.py
[2023-06-14T09:18:42.384+0000] {logging_mixin.py:137} INFO - [2023-06-14T09:18:42.384+0000] {dag.py:2690} INFO - Sync 2 DAGs
[2023-06-14T09:18:42.399+0000] {logging_mixin.py:137} INFO - [2023-06-14T09:18:42.399+0000] {dag.py:3441} INFO - Setting next_dagrun for example_xcom_args to None, run_after=None
[2023-06-14T09:18:42.401+0000] {logging_mixin.py:137} INFO - [2023-06-14T09:18:42.401+0000] {dag.py:3441} INFO - Setting next_dagrun for example_xcom_args_with_operators to None, run_after=None
[2023-06-14T09:18:42.410+0000] {processor.py:175} INFO - Processing /home/airflow/.local/lib/python3.7/site-packages/airflow/example_dags/example_xcomargs.py took 0.065 seconds
[2023-06-14T09:19:13.820+0000] {processor.py:153} INFO - Started process (PID=412) to work on /home/airflow/.local/lib/python3.7/site-packages/airflow/example_dags/example_xcomargs.py
[2023-06-14T09:19:13.821+0000] {processor.py:743} INFO - Processing file /home/airflow/.local/lib/python3.7/site-packages/airflow/example_dags/example_xcomargs.py for tasks to queue
[2023-06-14T09:19:13.822+0000] {logging_mixin.py:137} INFO - [2023-06-14T09:19:13.822+0000] {dagbag.py:538} INFO - Filling up the DagBag from /home/airflow/.local/lib/python3.7/site-packages/airflow/example_dags/example_xcomargs.py
[2023-06-14T09:19:13.845+0000] {processor.py:753} INFO - DAG(s) dict_keys(['example_xcom_args', 'example_xcom_args_with_operators']) retrieved from /home/airflow/.local/lib/python3.7/site-packages/airflow/example_dags/example_xcomargs.py
[2023-06-14T09:19:13.869+0000] {logging_mixin.py:137} INFO - [2023-06-14T09:19:13.869+0000] {dag.py:2690} INFO - Sync 2 DAGs
[2023-06-14T09:19:13.885+0000] {logging_mixin.py:137} INFO - [2023-06-14T09:19:13.885+0000] {dag.py:3441} INFO - Setting next_dagrun for example_xcom_args to None, run_after=None
[2023-06-14T09:19:13.887+0000] {logging_mixin.py:137} INFO - [2023-06-14T09:19:13.887+0000] {dag.py:3441} INFO - Setting next_dagrun for example_xcom_args_with_operators to None, run_after=None
[2023-06-14T09:19:13.897+0000] {processor.py:175} INFO - Processing /home/airflow/.local/lib/python3.7/site-packages/airflow/example_dags/example_xcomargs.py took 0.081 seconds
[2023-06-14T09:19:44.800+0000] {processor.py:153} INFO - Started process (PID=477) to work on /home/airflow/.local/lib/python3.7/site-packages/airflow/example_dags/example_xcomargs.py
[2023-06-14T09:19:44.803+0000] {processor.py:743} INFO - Processing file /home/airflow/.local/lib/python3.7/site-packages/airflow/example_dags/example_xcomargs.py for tasks to queue
[2023-06-14T09:19:44.806+0000] {logging_mixin.py:137} INFO - [2023-06-14T09:19:44.805+0000] {dagbag.py:538} INFO - Filling up the DagBag from /home/airflow/.local/lib/python3.7/site-packages/airflow/example_dags/example_xcomargs.py
[2023-06-14T09:19:44.824+0000] {processor.py:753} INFO - DAG(s) dict_keys(['example_xcom_args_with_operators', 'example_xcom_args']) retrieved from /home/airflow/.local/lib/python3.7/site-packages/airflow/example_dags/example_xcomargs.py
[2023-06-14T09:19:44.848+0000] {logging_mixin.py:137} INFO - [2023-06-14T09:19:44.848+0000] {dag.py:2690} INFO - Sync 2 DAGs
[2023-06-14T09:19:44.873+0000] {logging_mixin.py:137} INFO - [2023-06-14T09:19:44.873+0000] {dag.py:3441} INFO - Setting next_dagrun for example_xcom_args to None, run_after=None
[2023-06-14T09:19:44.877+0000] {logging_mixin.py:137} INFO - [2023-06-14T09:19:44.877+0000] {dag.py:3441} INFO - Setting next_dagrun for example_xcom_args_with_operators to None, run_after=None
[2023-06-14T09:19:44.898+0000] {processor.py:175} INFO - Processing /home/airflow/.local/lib/python3.7/site-packages/airflow/example_dags/example_xcomargs.py took 0.102 seconds
[2023-06-14T09:20:16.784+0000] {processor.py:153} INFO - Started process (PID=554) to work on /home/airflow/.local/lib/python3.7/site-packages/airflow/example_dags/example_xcomargs.py
[2023-06-14T09:20:16.802+0000] {processor.py:743} INFO - Processing file /home/airflow/.local/lib/python3.7/site-packages/airflow/example_dags/example_xcomargs.py for tasks to queue
[2023-06-14T09:20:16.813+0000] {logging_mixin.py:137} INFO - [2023-06-14T09:20:16.813+0000] {dagbag.py:538} INFO - Filling up the DagBag from /home/airflow/.local/lib/python3.7/site-packages/airflow/example_dags/example_xcomargs.py
[2023-06-14T09:20:16.952+0000] {processor.py:753} INFO - DAG(s) dict_keys(['example_xcom_args', 'example_xcom_args_with_operators']) retrieved from /home/airflow/.local/lib/python3.7/site-packages/airflow/example_dags/example_xcomargs.py
[2023-06-14T09:20:17.009+0000] {logging_mixin.py:137} INFO - [2023-06-14T09:20:17.009+0000] {dag.py:2690} INFO - Sync 2 DAGs
[2023-06-14T09:20:17.031+0000] {logging_mixin.py:137} INFO - [2023-06-14T09:20:17.031+0000] {dag.py:3441} INFO - Setting next_dagrun for example_xcom_args to None, run_after=None
[2023-06-14T09:20:17.036+0000] {logging_mixin.py:137} INFO - [2023-06-14T09:20:17.035+0000] {dag.py:3441} INFO - Setting next_dagrun for example_xcom_args_with_operators to None, run_after=None
[2023-06-14T09:20:17.071+0000] {processor.py:175} INFO - Processing /home/airflow/.local/lib/python3.7/site-packages/airflow/example_dags/example_xcomargs.py took 0.310 seconds
[2023-06-14T09:20:48.365+0000] {processor.py:153} INFO - Started process (PID=614) to work on /home/airflow/.local/lib/python3.7/site-packages/airflow/example_dags/example_xcomargs.py
[2023-06-14T09:20:48.369+0000] {processor.py:743} INFO - Processing file /home/airflow/.local/lib/python3.7/site-packages/airflow/example_dags/example_xcomargs.py for tasks to queue
[2023-06-14T09:20:48.372+0000] {logging_mixin.py:137} INFO - [2023-06-14T09:20:48.372+0000] {dagbag.py:538} INFO - Filling up the DagBag from /home/airflow/.local/lib/python3.7/site-packages/airflow/example_dags/example_xcomargs.py
[2023-06-14T09:20:48.445+0000] {processor.py:753} INFO - DAG(s) dict_keys(['example_xcom_args', 'example_xcom_args_with_operators']) retrieved from /home/airflow/.local/lib/python3.7/site-packages/airflow/example_dags/example_xcomargs.py
[2023-06-14T09:20:48.495+0000] {logging_mixin.py:137} INFO - [2023-06-14T09:20:48.495+0000] {dag.py:2690} INFO - Sync 2 DAGs
[2023-06-14T09:20:48.543+0000] {logging_mixin.py:137} INFO - [2023-06-14T09:20:48.543+0000] {dag.py:3441} INFO - Setting next_dagrun for example_xcom_args to None, run_after=None
[2023-06-14T09:20:48.591+0000] {logging_mixin.py:137} INFO - [2023-06-14T09:20:48.591+0000] {dag.py:3441} INFO - Setting next_dagrun for example_xcom_args_with_operators to None, run_after=None
[2023-06-14T09:20:48.635+0000] {processor.py:175} INFO - Processing /home/airflow/.local/lib/python3.7/site-packages/airflow/example_dags/example_xcomargs.py took 0.274 seconds
[2023-06-14T09:21:19.348+0000] {processor.py:153} INFO - Started process (PID=681) to work on /home/airflow/.local/lib/python3.7/site-packages/airflow/example_dags/example_xcomargs.py
[2023-06-14T09:21:19.349+0000] {processor.py:743} INFO - Processing file /home/airflow/.local/lib/python3.7/site-packages/airflow/example_dags/example_xcomargs.py for tasks to queue
[2023-06-14T09:21:19.350+0000] {logging_mixin.py:137} INFO - [2023-06-14T09:21:19.350+0000] {dagbag.py:538} INFO - Filling up the DagBag from /home/airflow/.local/lib/python3.7/site-packages/airflow/example_dags/example_xcomargs.py
[2023-06-14T09:21:19.366+0000] {processor.py:753} INFO - DAG(s) dict_keys(['example_xcom_args_with_operators', 'example_xcom_args']) retrieved from /home/airflow/.local/lib/python3.7/site-packages/airflow/example_dags/example_xcomargs.py
[2023-06-14T09:21:19.388+0000] {logging_mixin.py:137} INFO - [2023-06-14T09:21:19.388+0000] {dag.py:2690} INFO - Sync 2 DAGs
[2023-06-14T09:21:19.404+0000] {logging_mixin.py:137} INFO - [2023-06-14T09:21:19.404+0000] {dag.py:3441} INFO - Setting next_dagrun for example_xcom_args to None, run_after=None
[2023-06-14T09:21:19.407+0000] {logging_mixin.py:137} INFO - [2023-06-14T09:21:19.407+0000] {dag.py:3441} INFO - Setting next_dagrun for example_xcom_args_with_operators to None, run_after=None
[2023-06-14T09:21:19.417+0000] {processor.py:175} INFO - Processing /home/airflow/.local/lib/python3.7/site-packages/airflow/example_dags/example_xcomargs.py took 0.071 seconds
[2023-06-14T09:21:49.783+0000] {processor.py:153} INFO - Started process (PID=757) to work on /home/airflow/.local/lib/python3.7/site-packages/airflow/example_dags/example_xcomargs.py
[2023-06-14T09:21:49.784+0000] {processor.py:743} INFO - Processing file /home/airflow/.local/lib/python3.7/site-packages/airflow/example_dags/example_xcomargs.py for tasks to queue
[2023-06-14T09:21:49.785+0000] {logging_mixin.py:137} INFO - [2023-06-14T09:21:49.785+0000] {dagbag.py:538} INFO - Filling up the DagBag from /home/airflow/.local/lib/python3.7/site-packages/airflow/example_dags/example_xcomargs.py
[2023-06-14T09:21:49.801+0000] {processor.py:753} INFO - DAG(s) dict_keys(['example_xcom_args', 'example_xcom_args_with_operators']) retrieved from /home/airflow/.local/lib/python3.7/site-packages/airflow/example_dags/example_xcomargs.py
[2023-06-14T09:21:49.822+0000] {logging_mixin.py:137} INFO - [2023-06-14T09:21:49.822+0000] {dag.py:2690} INFO - Sync 2 DAGs
[2023-06-14T09:21:49.838+0000] {logging_mixin.py:137} INFO - [2023-06-14T09:21:49.838+0000] {dag.py:3441} INFO - Setting next_dagrun for example_xcom_args to None, run_after=None
[2023-06-14T09:21:49.840+0000] {logging_mixin.py:137} INFO - [2023-06-14T09:21:49.840+0000] {dag.py:3441} INFO - Setting next_dagrun for example_xcom_args_with_operators to None, run_after=None
[2023-06-14T09:21:49.852+0000] {processor.py:175} INFO - Processing /home/airflow/.local/lib/python3.7/site-packages/airflow/example_dags/example_xcomargs.py took 0.071 seconds
[2023-06-14T09:22:20.057+0000] {processor.py:153} INFO - Started process (PID=831) to work on /home/airflow/.local/lib/python3.7/site-packages/airflow/example_dags/example_xcomargs.py
[2023-06-14T09:22:20.059+0000] {processor.py:743} INFO - Processing file /home/airflow/.local/lib/python3.7/site-packages/airflow/example_dags/example_xcomargs.py for tasks to queue
[2023-06-14T09:22:20.060+0000] {logging_mixin.py:137} INFO - [2023-06-14T09:22:20.060+0000] {dagbag.py:538} INFO - Filling up the DagBag from /home/airflow/.local/lib/python3.7/site-packages/airflow/example_dags/example_xcomargs.py
[2023-06-14T09:22:20.078+0000] {processor.py:753} INFO - DAG(s) dict_keys(['example_xcom_args_with_operators', 'example_xcom_args']) retrieved from /home/airflow/.local/lib/python3.7/site-packages/airflow/example_dags/example_xcomargs.py
[2023-06-14T09:22:20.103+0000] {logging_mixin.py:137} INFO - [2023-06-14T09:22:20.103+0000] {dag.py:2690} INFO - Sync 2 DAGs
[2023-06-14T09:22:20.129+0000] {logging_mixin.py:137} INFO - [2023-06-14T09:22:20.129+0000] {dag.py:3441} INFO - Setting next_dagrun for example_xcom_args to None, run_after=None
[2023-06-14T09:22:20.134+0000] {logging_mixin.py:137} INFO - [2023-06-14T09:22:20.134+0000] {dag.py:3441} INFO - Setting next_dagrun for example_xcom_args_with_operators to None, run_after=None
[2023-06-14T09:22:20.146+0000] {processor.py:175} INFO - Processing /home/airflow/.local/lib/python3.7/site-packages/airflow/example_dags/example_xcomargs.py took 0.093 seconds
[2023-06-14T09:22:50.476+0000] {processor.py:153} INFO - Started process (PID=898) to work on /home/airflow/.local/lib/python3.7/site-packages/airflow/example_dags/example_xcomargs.py
[2023-06-14T09:22:50.477+0000] {processor.py:743} INFO - Processing file /home/airflow/.local/lib/python3.7/site-packages/airflow/example_dags/example_xcomargs.py for tasks to queue
[2023-06-14T09:22:50.478+0000] {logging_mixin.py:137} INFO - [2023-06-14T09:22:50.478+0000] {dagbag.py:538} INFO - Filling up the DagBag from /home/airflow/.local/lib/python3.7/site-packages/airflow/example_dags/example_xcomargs.py
[2023-06-14T09:22:50.495+0000] {processor.py:753} INFO - DAG(s) dict_keys(['example_xcom_args', 'example_xcom_args_with_operators']) retrieved from /home/airflow/.local/lib/python3.7/site-packages/airflow/example_dags/example_xcomargs.py
[2023-06-14T09:22:50.516+0000] {logging_mixin.py:137} INFO - [2023-06-14T09:22:50.516+0000] {dag.py:2690} INFO - Sync 2 DAGs
[2023-06-14T09:22:50.531+0000] {logging_mixin.py:137} INFO - [2023-06-14T09:22:50.531+0000] {dag.py:3441} INFO - Setting next_dagrun for example_xcom_args to None, run_after=None
[2023-06-14T09:22:50.534+0000] {logging_mixin.py:137} INFO - [2023-06-14T09:22:50.534+0000] {dag.py:3441} INFO - Setting next_dagrun for example_xcom_args_with_operators to None, run_after=None
[2023-06-14T09:22:50.543+0000] {processor.py:175} INFO - Processing /home/airflow/.local/lib/python3.7/site-packages/airflow/example_dags/example_xcomargs.py took 0.069 seconds
[2023-06-14T09:23:20.742+0000] {processor.py:153} INFO - Started process (PID=973) to work on /home/airflow/.local/lib/python3.7/site-packages/airflow/example_dags/example_xcomargs.py
[2023-06-14T09:23:20.744+0000] {processor.py:743} INFO - Processing file /home/airflow/.local/lib/python3.7/site-packages/airflow/example_dags/example_xcomargs.py for tasks to queue
[2023-06-14T09:23:20.744+0000] {logging_mixin.py:137} INFO - [2023-06-14T09:23:20.744+0000] {dagbag.py:538} INFO - Filling up the DagBag from /home/airflow/.local/lib/python3.7/site-packages/airflow/example_dags/example_xcomargs.py
[2023-06-14T09:23:20.761+0000] {processor.py:753} INFO - DAG(s) dict_keys(['example_xcom_args', 'example_xcom_args_with_operators']) retrieved from /home/airflow/.local/lib/python3.7/site-packages/airflow/example_dags/example_xcomargs.py
[2023-06-14T09:23:20.782+0000] {logging_mixin.py:137} INFO - [2023-06-14T09:23:20.782+0000] {dag.py:2690} INFO - Sync 2 DAGs
[2023-06-14T09:23:20.798+0000] {logging_mixin.py:137} INFO - [2023-06-14T09:23:20.797+0000] {dag.py:3441} INFO - Setting next_dagrun for example_xcom_args to None, run_after=None
[2023-06-14T09:23:20.800+0000] {logging_mixin.py:137} INFO - [2023-06-14T09:23:20.800+0000] {dag.py:3441} INFO - Setting next_dagrun for example_xcom_args_with_operators to None, run_after=None
[2023-06-14T09:23:20.810+0000] {processor.py:175} INFO - Processing /home/airflow/.local/lib/python3.7/site-packages/airflow/example_dags/example_xcomargs.py took 0.069 seconds
[2023-06-14T09:23:51.018+0000] {processor.py:153} INFO - Started process (PID=1046) to work on /home/airflow/.local/lib/python3.7/site-packages/airflow/example_dags/example_xcomargs.py
[2023-06-14T09:23:51.021+0000] {processor.py:743} INFO - Processing file /home/airflow/.local/lib/python3.7/site-packages/airflow/example_dags/example_xcomargs.py for tasks to queue
[2023-06-14T09:23:51.023+0000] {logging_mixin.py:137} INFO - [2023-06-14T09:23:51.023+0000] {dagbag.py:538} INFO - Filling up the DagBag from /home/airflow/.local/lib/python3.7/site-packages/airflow/example_dags/example_xcomargs.py
[2023-06-14T09:23:51.044+0000] {processor.py:753} INFO - DAG(s) dict_keys(['example_xcom_args_with_operators', 'example_xcom_args']) retrieved from /home/airflow/.local/lib/python3.7/site-packages/airflow/example_dags/example_xcomargs.py
[2023-06-14T09:23:51.073+0000] {logging_mixin.py:137} INFO - [2023-06-14T09:23:51.073+0000] {dag.py:2690} INFO - Sync 2 DAGs
[2023-06-14T09:23:51.093+0000] {logging_mixin.py:137} INFO - [2023-06-14T09:23:51.093+0000] {dag.py:3441} INFO - Setting next_dagrun for example_xcom_args to None, run_after=None
[2023-06-14T09:23:51.097+0000] {logging_mixin.py:137} INFO - [2023-06-14T09:23:51.097+0000] {dag.py:3441} INFO - Setting next_dagrun for example_xcom_args_with_operators to None, run_after=None
[2023-06-14T09:23:51.111+0000] {processor.py:175} INFO - Processing /home/airflow/.local/lib/python3.7/site-packages/airflow/example_dags/example_xcomargs.py took 0.096 seconds
[2023-06-14T09:24:21.471+0000] {processor.py:153} INFO - Started process (PID=1113) to work on /home/airflow/.local/lib/python3.7/site-packages/airflow/example_dags/example_xcomargs.py
[2023-06-14T09:24:21.472+0000] {processor.py:743} INFO - Processing file /home/airflow/.local/lib/python3.7/site-packages/airflow/example_dags/example_xcomargs.py for tasks to queue
[2023-06-14T09:24:21.473+0000] {logging_mixin.py:137} INFO - [2023-06-14T09:24:21.473+0000] {dagbag.py:538} INFO - Filling up the DagBag from /home/airflow/.local/lib/python3.7/site-packages/airflow/example_dags/example_xcomargs.py
[2023-06-14T09:24:21.493+0000] {processor.py:753} INFO - DAG(s) dict_keys(['example_xcom_args', 'example_xcom_args_with_operators']) retrieved from /home/airflow/.local/lib/python3.7/site-packages/airflow/example_dags/example_xcomargs.py
[2023-06-14T09:24:21.519+0000] {logging_mixin.py:137} INFO - [2023-06-14T09:24:21.518+0000] {dag.py:2690} INFO - Sync 2 DAGs
[2023-06-14T09:24:21.546+0000] {logging_mixin.py:137} INFO - [2023-06-14T09:24:21.546+0000] {dag.py:3441} INFO - Setting next_dagrun for example_xcom_args to None, run_after=None
[2023-06-14T09:24:21.549+0000] {logging_mixin.py:137} INFO - [2023-06-14T09:24:21.549+0000] {dag.py:3441} INFO - Setting next_dagrun for example_xcom_args_with_operators to None, run_after=None
[2023-06-14T09:24:21.560+0000] {processor.py:175} INFO - Processing /home/airflow/.local/lib/python3.7/site-packages/airflow/example_dags/example_xcomargs.py took 0.092 seconds
[2023-06-14T09:24:52.241+0000] {processor.py:153} INFO - Started process (PID=1189) to work on /home/airflow/.local/lib/python3.7/site-packages/airflow/example_dags/example_xcomargs.py
[2023-06-14T09:24:52.242+0000] {processor.py:743} INFO - Processing file /home/airflow/.local/lib/python3.7/site-packages/airflow/example_dags/example_xcomargs.py for tasks to queue
[2023-06-14T09:24:52.242+0000] {logging_mixin.py:137} INFO - [2023-06-14T09:24:52.242+0000] {dagbag.py:538} INFO - Filling up the DagBag from /home/airflow/.local/lib/python3.7/site-packages/airflow/example_dags/example_xcomargs.py
[2023-06-14T09:24:52.258+0000] {processor.py:753} INFO - DAG(s) dict_keys(['example_xcom_args', 'example_xcom_args_with_operators']) retrieved from /home/airflow/.local/lib/python3.7/site-packages/airflow/example_dags/example_xcomargs.py
[2023-06-14T09:24:52.278+0000] {logging_mixin.py:137} INFO - [2023-06-14T09:24:52.278+0000] {dag.py:2690} INFO - Sync 2 DAGs
[2023-06-14T09:24:52.292+0000] {logging_mixin.py:137} INFO - [2023-06-14T09:24:52.292+0000] {dag.py:3441} INFO - Setting next_dagrun for example_xcom_args to None, run_after=None
[2023-06-14T09:24:52.294+0000] {logging_mixin.py:137} INFO - [2023-06-14T09:24:52.294+0000] {dag.py:3441} INFO - Setting next_dagrun for example_xcom_args_with_operators to None, run_after=None
[2023-06-14T09:24:52.303+0000] {processor.py:175} INFO - Processing /home/airflow/.local/lib/python3.7/site-packages/airflow/example_dags/example_xcomargs.py took 0.065 seconds
[2023-06-14T09:25:22.400+0000] {processor.py:153} INFO - Started process (PID=1263) to work on /home/airflow/.local/lib/python3.7/site-packages/airflow/example_dags/example_xcomargs.py
[2023-06-14T09:25:22.402+0000] {processor.py:743} INFO - Processing file /home/airflow/.local/lib/python3.7/site-packages/airflow/example_dags/example_xcomargs.py for tasks to queue
[2023-06-14T09:25:22.403+0000] {logging_mixin.py:137} INFO - [2023-06-14T09:25:22.402+0000] {dagbag.py:538} INFO - Filling up the DagBag from /home/airflow/.local/lib/python3.7/site-packages/airflow/example_dags/example_xcomargs.py
[2023-06-14T09:25:22.423+0000] {processor.py:753} INFO - DAG(s) dict_keys(['example_xcom_args', 'example_xcom_args_with_operators']) retrieved from /home/airflow/.local/lib/python3.7/site-packages/airflow/example_dags/example_xcomargs.py
[2023-06-14T09:25:22.447+0000] {logging_mixin.py:137} INFO - [2023-06-14T09:25:22.447+0000] {dag.py:2690} INFO - Sync 2 DAGs
[2023-06-14T09:25:22.465+0000] {logging_mixin.py:137} INFO - [2023-06-14T09:25:22.465+0000] {dag.py:3441} INFO - Setting next_dagrun for example_xcom_args to None, run_after=None
[2023-06-14T09:25:22.468+0000] {logging_mixin.py:137} INFO - [2023-06-14T09:25:22.468+0000] {dag.py:3441} INFO - Setting next_dagrun for example_xcom_args_with_operators to None, run_after=None
[2023-06-14T09:25:22.480+0000] {processor.py:175} INFO - Processing /home/airflow/.local/lib/python3.7/site-packages/airflow/example_dags/example_xcomargs.py took 0.084 seconds
[2023-06-14T09:25:52.564+0000] {processor.py:153} INFO - Started process (PID=1328) to work on /home/airflow/.local/lib/python3.7/site-packages/airflow/example_dags/example_xcomargs.py
[2023-06-14T09:25:52.566+0000] {processor.py:743} INFO - Processing file /home/airflow/.local/lib/python3.7/site-packages/airflow/example_dags/example_xcomargs.py for tasks to queue
[2023-06-14T09:25:52.567+0000] {logging_mixin.py:137} INFO - [2023-06-14T09:25:52.567+0000] {dagbag.py:538} INFO - Filling up the DagBag from /home/airflow/.local/lib/python3.7/site-packages/airflow/example_dags/example_xcomargs.py
[2023-06-14T09:25:52.587+0000] {processor.py:753} INFO - DAG(s) dict_keys(['example_xcom_args', 'example_xcom_args_with_operators']) retrieved from /home/airflow/.local/lib/python3.7/site-packages/airflow/example_dags/example_xcomargs.py
[2023-06-14T09:25:52.614+0000] {logging_mixin.py:137} INFO - [2023-06-14T09:25:52.614+0000] {dag.py:2690} INFO - Sync 2 DAGs
[2023-06-14T09:25:52.635+0000] {logging_mixin.py:137} INFO - [2023-06-14T09:25:52.635+0000] {dag.py:3441} INFO - Setting next_dagrun for example_xcom_args to None, run_after=None
[2023-06-14T09:25:52.639+0000] {logging_mixin.py:137} INFO - [2023-06-14T09:25:52.639+0000] {dag.py:3441} INFO - Setting next_dagrun for example_xcom_args_with_operators to None, run_after=None
[2023-06-14T09:25:52.654+0000] {processor.py:175} INFO - Processing /home/airflow/.local/lib/python3.7/site-packages/airflow/example_dags/example_xcomargs.py took 0.093 seconds
[2023-06-14T09:26:22.762+0000] {processor.py:153} INFO - Started process (PID=1404) to work on /home/airflow/.local/lib/python3.7/site-packages/airflow/example_dags/example_xcomargs.py
[2023-06-14T09:26:22.763+0000] {processor.py:743} INFO - Processing file /home/airflow/.local/lib/python3.7/site-packages/airflow/example_dags/example_xcomargs.py for tasks to queue
[2023-06-14T09:26:22.764+0000] {logging_mixin.py:137} INFO - [2023-06-14T09:26:22.764+0000] {dagbag.py:538} INFO - Filling up the DagBag from /home/airflow/.local/lib/python3.7/site-packages/airflow/example_dags/example_xcomargs.py
[2023-06-14T09:26:22.779+0000] {processor.py:753} INFO - DAG(s) dict_keys(['example_xcom_args', 'example_xcom_args_with_operators']) retrieved from /home/airflow/.local/lib/python3.7/site-packages/airflow/example_dags/example_xcomargs.py
[2023-06-14T09:26:22.800+0000] {logging_mixin.py:137} INFO - [2023-06-14T09:26:22.800+0000] {dag.py:2690} INFO - Sync 2 DAGs
[2023-06-14T09:26:22.816+0000] {logging_mixin.py:137} INFO - [2023-06-14T09:26:22.815+0000] {dag.py:3441} INFO - Setting next_dagrun for example_xcom_args to None, run_after=None
[2023-06-14T09:26:22.818+0000] {logging_mixin.py:137} INFO - [2023-06-14T09:26:22.818+0000] {dag.py:3441} INFO - Setting next_dagrun for example_xcom_args_with_operators to None, run_after=None
[2023-06-14T09:26:22.827+0000] {processor.py:175} INFO - Processing /home/airflow/.local/lib/python3.7/site-packages/airflow/example_dags/example_xcomargs.py took 0.068 seconds
