[2023-06-14T09:16:38.926+0000] {processor.py:153} INFO - Started process (PID=34) to work on /home/airflow/.local/lib/python3.7/site-packages/airflow/example_dags/example_task_group_decorator.py
[2023-06-14T09:16:38.928+0000] {processor.py:743} INFO - Processing file /home/airflow/.local/lib/python3.7/site-packages/airflow/example_dags/example_task_group_decorator.py for tasks to queue
[2023-06-14T09:16:38.929+0000] {logging_mixin.py:137} INFO - [2023-06-14T09:16:38.928+0000] {dagbag.py:538} INFO - Filling up the DagBag from /home/airflow/.local/lib/python3.7/site-packages/airflow/example_dags/example_task_group_decorator.py
[2023-06-14T09:16:38.990+0000] {processor.py:753} INFO - DAG(s) dict_keys(['example_task_group_decorator']) retrieved from /home/airflow/.local/lib/python3.7/site-packages/airflow/example_dags/example_task_group_decorator.py
[2023-06-14T09:16:39.053+0000] {logging_mixin.py:137} INFO - [2023-06-14T09:16:39.053+0000] {dag.py:2690} INFO - Sync 1 DAGs
[2023-06-14T09:16:39.086+0000] {logging_mixin.py:137} INFO - [2023-06-14T09:16:39.086+0000] {dag.py:3441} INFO - Setting next_dagrun for example_task_group_decorator to 2023-06-13T09:16:39.086487+00:00, run_after=2023-06-14T09:16:39.086487+00:00
[2023-06-14T09:16:39.103+0000] {processor.py:175} INFO - Processing /home/airflow/.local/lib/python3.7/site-packages/airflow/example_dags/example_task_group_decorator.py took 0.181 seconds
[2023-06-14T09:17:09.748+0000] {processor.py:153} INFO - Started process (PID=109) to work on /home/airflow/.local/lib/python3.7/site-packages/airflow/example_dags/example_task_group_decorator.py
[2023-06-14T09:17:09.750+0000] {processor.py:743} INFO - Processing file /home/airflow/.local/lib/python3.7/site-packages/airflow/example_dags/example_task_group_decorator.py for tasks to queue
[2023-06-14T09:17:09.752+0000] {logging_mixin.py:137} INFO - [2023-06-14T09:17:09.752+0000] {dagbag.py:538} INFO - Filling up the DagBag from /home/airflow/.local/lib/python3.7/site-packages/airflow/example_dags/example_task_group_decorator.py
[2023-06-14T09:17:09.783+0000] {processor.py:753} INFO - DAG(s) dict_keys(['example_task_group_decorator']) retrieved from /home/airflow/.local/lib/python3.7/site-packages/airflow/example_dags/example_task_group_decorator.py
[2023-06-14T09:17:09.804+0000] {logging_mixin.py:137} INFO - [2023-06-14T09:17:09.804+0000] {dag.py:2690} INFO - Sync 1 DAGs
[2023-06-14T09:17:09.820+0000] {logging_mixin.py:137} INFO - [2023-06-14T09:17:09.820+0000] {dag.py:3441} INFO - Setting next_dagrun for example_task_group_decorator to 2023-06-13T09:17:09.820197+00:00, run_after=2023-06-14T09:17:09.820197+00:00
[2023-06-14T09:17:09.837+0000] {processor.py:175} INFO - Processing /home/airflow/.local/lib/python3.7/site-packages/airflow/example_dags/example_task_group_decorator.py took 0.094 seconds
[2023-06-14T09:17:40.849+0000] {processor.py:153} INFO - Started process (PID=177) to work on /home/airflow/.local/lib/python3.7/site-packages/airflow/example_dags/example_task_group_decorator.py
[2023-06-14T09:17:40.851+0000] {processor.py:743} INFO - Processing file /home/airflow/.local/lib/python3.7/site-packages/airflow/example_dags/example_task_group_decorator.py for tasks to queue
[2023-06-14T09:17:40.852+0000] {logging_mixin.py:137} INFO - [2023-06-14T09:17:40.851+0000] {dagbag.py:538} INFO - Filling up the DagBag from /home/airflow/.local/lib/python3.7/site-packages/airflow/example_dags/example_task_group_decorator.py
[2023-06-14T09:17:40.890+0000] {processor.py:753} INFO - DAG(s) dict_keys(['example_task_group_decorator']) retrieved from /home/airflow/.local/lib/python3.7/site-packages/airflow/example_dags/example_task_group_decorator.py
[2023-06-14T09:17:40.928+0000] {logging_mixin.py:137} INFO - [2023-06-14T09:17:40.928+0000] {dag.py:2690} INFO - Sync 1 DAGs
[2023-06-14T09:17:40.956+0000] {logging_mixin.py:137} INFO - [2023-06-14T09:17:40.956+0000] {dag.py:3441} INFO - Setting next_dagrun for example_task_group_decorator to 2023-06-13T09:17:40.955823+00:00, run_after=2023-06-14T09:17:40.955823+00:00
[2023-06-14T09:17:40.969+0000] {processor.py:175} INFO - Processing /home/airflow/.local/lib/python3.7/site-packages/airflow/example_dags/example_task_group_decorator.py took 0.121 seconds
[2023-06-14T09:18:11.833+0000] {processor.py:153} INFO - Started process (PID=253) to work on /home/airflow/.local/lib/python3.7/site-packages/airflow/example_dags/example_task_group_decorator.py
[2023-06-14T09:18:11.835+0000] {processor.py:743} INFO - Processing file /home/airflow/.local/lib/python3.7/site-packages/airflow/example_dags/example_task_group_decorator.py for tasks to queue
[2023-06-14T09:18:11.837+0000] {logging_mixin.py:137} INFO - [2023-06-14T09:18:11.837+0000] {dagbag.py:538} INFO - Filling up the DagBag from /home/airflow/.local/lib/python3.7/site-packages/airflow/example_dags/example_task_group_decorator.py
[2023-06-14T09:18:11.863+0000] {processor.py:753} INFO - DAG(s) dict_keys(['example_task_group_decorator']) retrieved from /home/airflow/.local/lib/python3.7/site-packages/airflow/example_dags/example_task_group_decorator.py
[2023-06-14T09:18:11.884+0000] {logging_mixin.py:137} INFO - [2023-06-14T09:18:11.884+0000] {dag.py:2690} INFO - Sync 1 DAGs
[2023-06-14T09:18:11.898+0000] {logging_mixin.py:137} INFO - [2023-06-14T09:18:11.898+0000] {dag.py:3441} INFO - Setting next_dagrun for example_task_group_decorator to 2023-06-13T09:18:11.898624+00:00, run_after=2023-06-14T09:18:11.898624+00:00
[2023-06-14T09:18:11.910+0000] {processor.py:175} INFO - Processing /home/airflow/.local/lib/python3.7/site-packages/airflow/example_dags/example_task_group_decorator.py took 0.081 seconds
[2023-06-14T09:18:42.003+0000] {processor.py:153} INFO - Started process (PID=329) to work on /home/airflow/.local/lib/python3.7/site-packages/airflow/example_dags/example_task_group_decorator.py
[2023-06-14T09:18:42.004+0000] {processor.py:743} INFO - Processing file /home/airflow/.local/lib/python3.7/site-packages/airflow/example_dags/example_task_group_decorator.py for tasks to queue
[2023-06-14T09:18:42.006+0000] {logging_mixin.py:137} INFO - [2023-06-14T09:18:42.005+0000] {dagbag.py:538} INFO - Filling up the DagBag from /home/airflow/.local/lib/python3.7/site-packages/airflow/example_dags/example_task_group_decorator.py
[2023-06-14T09:18:42.031+0000] {processor.py:753} INFO - DAG(s) dict_keys(['example_task_group_decorator']) retrieved from /home/airflow/.local/lib/python3.7/site-packages/airflow/example_dags/example_task_group_decorator.py
[2023-06-14T09:18:42.052+0000] {logging_mixin.py:137} INFO - [2023-06-14T09:18:42.052+0000] {dag.py:2690} INFO - Sync 1 DAGs
[2023-06-14T09:18:42.067+0000] {logging_mixin.py:137} INFO - [2023-06-14T09:18:42.067+0000] {dag.py:3441} INFO - Setting next_dagrun for example_task_group_decorator to 2023-06-13T09:18:42.067062+00:00, run_after=2023-06-14T09:18:42.067062+00:00
[2023-06-14T09:18:42.077+0000] {processor.py:175} INFO - Processing /home/airflow/.local/lib/python3.7/site-packages/airflow/example_dags/example_task_group_decorator.py took 0.079 seconds
[2023-06-14T09:19:13.066+0000] {processor.py:153} INFO - Started process (PID=405) to work on /home/airflow/.local/lib/python3.7/site-packages/airflow/example_dags/example_task_group_decorator.py
[2023-06-14T09:19:13.067+0000] {processor.py:743} INFO - Processing file /home/airflow/.local/lib/python3.7/site-packages/airflow/example_dags/example_task_group_decorator.py for tasks to queue
[2023-06-14T09:19:13.068+0000] {logging_mixin.py:137} INFO - [2023-06-14T09:19:13.068+0000] {dagbag.py:538} INFO - Filling up the DagBag from /home/airflow/.local/lib/python3.7/site-packages/airflow/example_dags/example_task_group_decorator.py
[2023-06-14T09:19:13.140+0000] {processor.py:753} INFO - DAG(s) dict_keys(['example_task_group_decorator']) retrieved from /home/airflow/.local/lib/python3.7/site-packages/airflow/example_dags/example_task_group_decorator.py
[2023-06-14T09:19:13.193+0000] {logging_mixin.py:137} INFO - [2023-06-14T09:19:13.193+0000] {dag.py:2690} INFO - Sync 1 DAGs
[2023-06-14T09:19:13.264+0000] {logging_mixin.py:137} INFO - [2023-06-14T09:19:13.263+0000] {dag.py:3441} INFO - Setting next_dagrun for example_task_group_decorator to 2023-06-13T09:19:13.259882+00:00, run_after=2023-06-14T09:19:13.259882+00:00
[2023-06-14T09:19:13.305+0000] {processor.py:175} INFO - Processing /home/airflow/.local/lib/python3.7/site-packages/airflow/example_dags/example_task_group_decorator.py took 0.242 seconds
[2023-06-14T09:19:43.796+0000] {processor.py:153} INFO - Started process (PID=470) to work on /home/airflow/.local/lib/python3.7/site-packages/airflow/example_dags/example_task_group_decorator.py
[2023-06-14T09:19:43.798+0000] {processor.py:743} INFO - Processing file /home/airflow/.local/lib/python3.7/site-packages/airflow/example_dags/example_task_group_decorator.py for tasks to queue
[2023-06-14T09:19:43.800+0000] {logging_mixin.py:137} INFO - [2023-06-14T09:19:43.800+0000] {dagbag.py:538} INFO - Filling up the DagBag from /home/airflow/.local/lib/python3.7/site-packages/airflow/example_dags/example_task_group_decorator.py
[2023-06-14T09:19:43.927+0000] {processor.py:753} INFO - DAG(s) dict_keys(['example_task_group_decorator']) retrieved from /home/airflow/.local/lib/python3.7/site-packages/airflow/example_dags/example_task_group_decorator.py
[2023-06-14T09:19:43.955+0000] {logging_mixin.py:137} INFO - [2023-06-14T09:19:43.955+0000] {dag.py:2690} INFO - Sync 1 DAGs
[2023-06-14T09:19:43.973+0000] {logging_mixin.py:137} INFO - [2023-06-14T09:19:43.973+0000] {dag.py:3441} INFO - Setting next_dagrun for example_task_group_decorator to 2023-06-13T09:19:43.973508+00:00, run_after=2023-06-14T09:19:43.973508+00:00
[2023-06-14T09:19:43.988+0000] {processor.py:175} INFO - Processing /home/airflow/.local/lib/python3.7/site-packages/airflow/example_dags/example_task_group_decorator.py took 0.196 seconds
[2023-06-14T09:20:14.088+0000] {processor.py:153} INFO - Started process (PID=543) to work on /home/airflow/.local/lib/python3.7/site-packages/airflow/example_dags/example_task_group_decorator.py
[2023-06-14T09:20:14.092+0000] {processor.py:743} INFO - Processing file /home/airflow/.local/lib/python3.7/site-packages/airflow/example_dags/example_task_group_decorator.py for tasks to queue
[2023-06-14T09:20:14.100+0000] {logging_mixin.py:137} INFO - [2023-06-14T09:20:14.099+0000] {dagbag.py:538} INFO - Filling up the DagBag from /home/airflow/.local/lib/python3.7/site-packages/airflow/example_dags/example_task_group_decorator.py
[2023-06-14T09:20:14.529+0000] {processor.py:753} INFO - DAG(s) dict_keys(['example_task_group_decorator']) retrieved from /home/airflow/.local/lib/python3.7/site-packages/airflow/example_dags/example_task_group_decorator.py
[2023-06-14T09:20:14.776+0000] {logging_mixin.py:137} INFO - [2023-06-14T09:20:14.775+0000] {dag.py:2690} INFO - Sync 1 DAGs
[2023-06-14T09:20:15.146+0000] {logging_mixin.py:137} INFO - [2023-06-14T09:20:15.145+0000] {dag.py:3441} INFO - Setting next_dagrun for example_task_group_decorator to 2023-06-13T09:20:15.123041+00:00, run_after=2023-06-14T09:20:15.123041+00:00
[2023-06-14T09:20:15.416+0000] {processor.py:175} INFO - Processing /home/airflow/.local/lib/python3.7/site-packages/airflow/example_dags/example_task_group_decorator.py took 1.335 seconds
[2023-06-14T09:20:45.903+0000] {processor.py:153} INFO - Started process (PID=598) to work on /home/airflow/.local/lib/python3.7/site-packages/airflow/example_dags/example_task_group_decorator.py
[2023-06-14T09:20:45.938+0000] {processor.py:743} INFO - Processing file /home/airflow/.local/lib/python3.7/site-packages/airflow/example_dags/example_task_group_decorator.py for tasks to queue
[2023-06-14T09:20:45.987+0000] {logging_mixin.py:137} INFO - [2023-06-14T09:20:45.987+0000] {dagbag.py:538} INFO - Filling up the DagBag from /home/airflow/.local/lib/python3.7/site-packages/airflow/example_dags/example_task_group_decorator.py
[2023-06-14T09:20:46.297+0000] {processor.py:753} INFO - DAG(s) dict_keys(['example_task_group_decorator']) retrieved from /home/airflow/.local/lib/python3.7/site-packages/airflow/example_dags/example_task_group_decorator.py
[2023-06-14T09:20:46.496+0000] {logging_mixin.py:137} INFO - [2023-06-14T09:20:46.495+0000] {dag.py:2690} INFO - Sync 1 DAGs
[2023-06-14T09:20:46.682+0000] {logging_mixin.py:137} INFO - [2023-06-14T09:20:46.674+0000] {dag.py:3441} INFO - Setting next_dagrun for example_task_group_decorator to 2023-06-13T09:20:46.673861+00:00, run_after=2023-06-14T09:20:46.673861+00:00
[2023-06-14T09:20:46.816+0000] {processor.py:175} INFO - Processing /home/airflow/.local/lib/python3.7/site-packages/airflow/example_dags/example_task_group_decorator.py took 0.977 seconds
[2023-06-14T09:21:17.939+0000] {processor.py:153} INFO - Started process (PID=674) to work on /home/airflow/.local/lib/python3.7/site-packages/airflow/example_dags/example_task_group_decorator.py
[2023-06-14T09:21:17.940+0000] {processor.py:743} INFO - Processing file /home/airflow/.local/lib/python3.7/site-packages/airflow/example_dags/example_task_group_decorator.py for tasks to queue
[2023-06-14T09:21:17.942+0000] {logging_mixin.py:137} INFO - [2023-06-14T09:21:17.942+0000] {dagbag.py:538} INFO - Filling up the DagBag from /home/airflow/.local/lib/python3.7/site-packages/airflow/example_dags/example_task_group_decorator.py
[2023-06-14T09:21:17.974+0000] {processor.py:753} INFO - DAG(s) dict_keys(['example_task_group_decorator']) retrieved from /home/airflow/.local/lib/python3.7/site-packages/airflow/example_dags/example_task_group_decorator.py
[2023-06-14T09:21:17.998+0000] {logging_mixin.py:137} INFO - [2023-06-14T09:21:17.998+0000] {dag.py:2690} INFO - Sync 1 DAGs
[2023-06-14T09:21:18.015+0000] {logging_mixin.py:137} INFO - [2023-06-14T09:21:18.015+0000] {dag.py:3441} INFO - Setting next_dagrun for example_task_group_decorator to 2023-06-13T09:21:18.014971+00:00, run_after=2023-06-14T09:21:18.014971+00:00
[2023-06-14T09:21:18.027+0000] {processor.py:175} INFO - Processing /home/airflow/.local/lib/python3.7/site-packages/airflow/example_dags/example_task_group_decorator.py took 0.093 seconds
[2023-06-14T09:21:48.392+0000] {processor.py:153} INFO - Started process (PID=750) to work on /home/airflow/.local/lib/python3.7/site-packages/airflow/example_dags/example_task_group_decorator.py
[2023-06-14T09:21:48.394+0000] {processor.py:743} INFO - Processing file /home/airflow/.local/lib/python3.7/site-packages/airflow/example_dags/example_task_group_decorator.py for tasks to queue
[2023-06-14T09:21:48.395+0000] {logging_mixin.py:137} INFO - [2023-06-14T09:21:48.395+0000] {dagbag.py:538} INFO - Filling up the DagBag from /home/airflow/.local/lib/python3.7/site-packages/airflow/example_dags/example_task_group_decorator.py
[2023-06-14T09:21:48.418+0000] {processor.py:753} INFO - DAG(s) dict_keys(['example_task_group_decorator']) retrieved from /home/airflow/.local/lib/python3.7/site-packages/airflow/example_dags/example_task_group_decorator.py
[2023-06-14T09:21:48.439+0000] {logging_mixin.py:137} INFO - [2023-06-14T09:21:48.439+0000] {dag.py:2690} INFO - Sync 1 DAGs
[2023-06-14T09:21:48.454+0000] {logging_mixin.py:137} INFO - [2023-06-14T09:21:48.454+0000] {dag.py:3441} INFO - Setting next_dagrun for example_task_group_decorator to 2023-06-13T09:21:48.454640+00:00, run_after=2023-06-14T09:21:48.454640+00:00
[2023-06-14T09:21:48.467+0000] {processor.py:175} INFO - Processing /home/airflow/.local/lib/python3.7/site-packages/airflow/example_dags/example_task_group_decorator.py took 0.078 seconds
[2023-06-14T09:22:18.495+0000] {processor.py:153} INFO - Started process (PID=814) to work on /home/airflow/.local/lib/python3.7/site-packages/airflow/example_dags/example_task_group_decorator.py
[2023-06-14T09:22:18.496+0000] {processor.py:743} INFO - Processing file /home/airflow/.local/lib/python3.7/site-packages/airflow/example_dags/example_task_group_decorator.py for tasks to queue
[2023-06-14T09:22:18.497+0000] {logging_mixin.py:137} INFO - [2023-06-14T09:22:18.497+0000] {dagbag.py:538} INFO - Filling up the DagBag from /home/airflow/.local/lib/python3.7/site-packages/airflow/example_dags/example_task_group_decorator.py
[2023-06-14T09:22:18.521+0000] {processor.py:753} INFO - DAG(s) dict_keys(['example_task_group_decorator']) retrieved from /home/airflow/.local/lib/python3.7/site-packages/airflow/example_dags/example_task_group_decorator.py
[2023-06-14T09:22:18.560+0000] {logging_mixin.py:137} INFO - [2023-06-14T09:22:18.559+0000] {dag.py:2690} INFO - Sync 1 DAGs
[2023-06-14T09:22:18.583+0000] {logging_mixin.py:137} INFO - [2023-06-14T09:22:18.583+0000] {dag.py:3441} INFO - Setting next_dagrun for example_task_group_decorator to 2023-06-13T09:22:18.583047+00:00, run_after=2023-06-14T09:22:18.583047+00:00
[2023-06-14T09:22:18.596+0000] {processor.py:175} INFO - Processing /home/airflow/.local/lib/python3.7/site-packages/airflow/example_dags/example_task_group_decorator.py took 0.104 seconds
[2023-06-14T09:22:49.071+0000] {processor.py:153} INFO - Started process (PID=891) to work on /home/airflow/.local/lib/python3.7/site-packages/airflow/example_dags/example_task_group_decorator.py
[2023-06-14T09:22:49.073+0000] {processor.py:743} INFO - Processing file /home/airflow/.local/lib/python3.7/site-packages/airflow/example_dags/example_task_group_decorator.py for tasks to queue
[2023-06-14T09:22:49.074+0000] {logging_mixin.py:137} INFO - [2023-06-14T09:22:49.074+0000] {dagbag.py:538} INFO - Filling up the DagBag from /home/airflow/.local/lib/python3.7/site-packages/airflow/example_dags/example_task_group_decorator.py
[2023-06-14T09:22:49.099+0000] {processor.py:753} INFO - DAG(s) dict_keys(['example_task_group_decorator']) retrieved from /home/airflow/.local/lib/python3.7/site-packages/airflow/example_dags/example_task_group_decorator.py
[2023-06-14T09:22:49.122+0000] {logging_mixin.py:137} INFO - [2023-06-14T09:22:49.122+0000] {dag.py:2690} INFO - Sync 1 DAGs
[2023-06-14T09:22:49.137+0000] {logging_mixin.py:137} INFO - [2023-06-14T09:22:49.137+0000] {dag.py:3441} INFO - Setting next_dagrun for example_task_group_decorator to 2023-06-13T09:22:49.137645+00:00, run_after=2023-06-14T09:22:49.137645+00:00
[2023-06-14T09:22:49.149+0000] {processor.py:175} INFO - Processing /home/airflow/.local/lib/python3.7/site-packages/airflow/example_dags/example_task_group_decorator.py took 0.082 seconds
[2023-06-14T09:23:19.337+0000] {processor.py:153} INFO - Started process (PID=966) to work on /home/airflow/.local/lib/python3.7/site-packages/airflow/example_dags/example_task_group_decorator.py
[2023-06-14T09:23:19.340+0000] {processor.py:743} INFO - Processing file /home/airflow/.local/lib/python3.7/site-packages/airflow/example_dags/example_task_group_decorator.py for tasks to queue
[2023-06-14T09:23:19.342+0000] {logging_mixin.py:137} INFO - [2023-06-14T09:23:19.342+0000] {dagbag.py:538} INFO - Filling up the DagBag from /home/airflow/.local/lib/python3.7/site-packages/airflow/example_dags/example_task_group_decorator.py
[2023-06-14T09:23:19.376+0000] {processor.py:753} INFO - DAG(s) dict_keys(['example_task_group_decorator']) retrieved from /home/airflow/.local/lib/python3.7/site-packages/airflow/example_dags/example_task_group_decorator.py
[2023-06-14T09:23:19.401+0000] {logging_mixin.py:137} INFO - [2023-06-14T09:23:19.401+0000] {dag.py:2690} INFO - Sync 1 DAGs
[2023-06-14T09:23:19.420+0000] {logging_mixin.py:137} INFO - [2023-06-14T09:23:19.420+0000] {dag.py:3441} INFO - Setting next_dagrun for example_task_group_decorator to 2023-06-13T09:23:19.420327+00:00, run_after=2023-06-14T09:23:19.420327+00:00
[2023-06-14T09:23:19.432+0000] {processor.py:175} INFO - Processing /home/airflow/.local/lib/python3.7/site-packages/airflow/example_dags/example_task_group_decorator.py took 0.101 seconds
[2023-06-14T09:23:49.610+0000] {processor.py:153} INFO - Started process (PID=1030) to work on /home/airflow/.local/lib/python3.7/site-packages/airflow/example_dags/example_task_group_decorator.py
[2023-06-14T09:23:49.612+0000] {processor.py:743} INFO - Processing file /home/airflow/.local/lib/python3.7/site-packages/airflow/example_dags/example_task_group_decorator.py for tasks to queue
[2023-06-14T09:23:49.613+0000] {logging_mixin.py:137} INFO - [2023-06-14T09:23:49.613+0000] {dagbag.py:538} INFO - Filling up the DagBag from /home/airflow/.local/lib/python3.7/site-packages/airflow/example_dags/example_task_group_decorator.py
[2023-06-14T09:23:49.647+0000] {processor.py:753} INFO - DAG(s) dict_keys(['example_task_group_decorator']) retrieved from /home/airflow/.local/lib/python3.7/site-packages/airflow/example_dags/example_task_group_decorator.py
[2023-06-14T09:23:49.669+0000] {logging_mixin.py:137} INFO - [2023-06-14T09:23:49.669+0000] {dag.py:2690} INFO - Sync 1 DAGs
[2023-06-14T09:23:49.685+0000] {logging_mixin.py:137} INFO - [2023-06-14T09:23:49.685+0000] {dag.py:3441} INFO - Setting next_dagrun for example_task_group_decorator to 2023-06-13T09:23:49.684999+00:00, run_after=2023-06-14T09:23:49.684999+00:00
[2023-06-14T09:23:49.700+0000] {processor.py:175} INFO - Processing /home/airflow/.local/lib/python3.7/site-packages/airflow/example_dags/example_task_group_decorator.py took 0.094 seconds
[2023-06-14T09:24:20.031+0000] {processor.py:153} INFO - Started process (PID=1106) to work on /home/airflow/.local/lib/python3.7/site-packages/airflow/example_dags/example_task_group_decorator.py
[2023-06-14T09:24:20.034+0000] {processor.py:743} INFO - Processing file /home/airflow/.local/lib/python3.7/site-packages/airflow/example_dags/example_task_group_decorator.py for tasks to queue
[2023-06-14T09:24:20.036+0000] {logging_mixin.py:137} INFO - [2023-06-14T09:24:20.035+0000] {dagbag.py:538} INFO - Filling up the DagBag from /home/airflow/.local/lib/python3.7/site-packages/airflow/example_dags/example_task_group_decorator.py
[2023-06-14T09:24:20.060+0000] {processor.py:753} INFO - DAG(s) dict_keys(['example_task_group_decorator']) retrieved from /home/airflow/.local/lib/python3.7/site-packages/airflow/example_dags/example_task_group_decorator.py
[2023-06-14T09:24:20.086+0000] {logging_mixin.py:137} INFO - [2023-06-14T09:24:20.086+0000] {dag.py:2690} INFO - Sync 1 DAGs
[2023-06-14T09:24:20.103+0000] {logging_mixin.py:137} INFO - [2023-06-14T09:24:20.103+0000] {dag.py:3441} INFO - Setting next_dagrun for example_task_group_decorator to 2023-06-13T09:24:20.103187+00:00, run_after=2023-06-14T09:24:20.103187+00:00
[2023-06-14T09:24:20.115+0000] {processor.py:175} INFO - Processing /home/airflow/.local/lib/python3.7/site-packages/airflow/example_dags/example_task_group_decorator.py took 0.088 seconds
[2023-06-14T09:24:50.825+0000] {processor.py:153} INFO - Started process (PID=1182) to work on /home/airflow/.local/lib/python3.7/site-packages/airflow/example_dags/example_task_group_decorator.py
[2023-06-14T09:24:50.827+0000] {processor.py:743} INFO - Processing file /home/airflow/.local/lib/python3.7/site-packages/airflow/example_dags/example_task_group_decorator.py for tasks to queue
[2023-06-14T09:24:50.828+0000] {logging_mixin.py:137} INFO - [2023-06-14T09:24:50.828+0000] {dagbag.py:538} INFO - Filling up the DagBag from /home/airflow/.local/lib/python3.7/site-packages/airflow/example_dags/example_task_group_decorator.py
[2023-06-14T09:24:50.855+0000] {processor.py:753} INFO - DAG(s) dict_keys(['example_task_group_decorator']) retrieved from /home/airflow/.local/lib/python3.7/site-packages/airflow/example_dags/example_task_group_decorator.py
[2023-06-14T09:24:50.880+0000] {logging_mixin.py:137} INFO - [2023-06-14T09:24:50.880+0000] {dag.py:2690} INFO - Sync 1 DAGs
[2023-06-14T09:24:50.900+0000] {logging_mixin.py:137} INFO - [2023-06-14T09:24:50.899+0000] {dag.py:3441} INFO - Setting next_dagrun for example_task_group_decorator to 2023-06-13T09:24:50.899627+00:00, run_after=2023-06-14T09:24:50.899627+00:00
[2023-06-14T09:24:50.917+0000] {processor.py:175} INFO - Processing /home/airflow/.local/lib/python3.7/site-packages/airflow/example_dags/example_task_group_decorator.py took 0.095 seconds
[2023-06-14T09:25:20.985+0000] {processor.py:153} INFO - Started process (PID=1245) to work on /home/airflow/.local/lib/python3.7/site-packages/airflow/example_dags/example_task_group_decorator.py
[2023-06-14T09:25:20.986+0000] {processor.py:743} INFO - Processing file /home/airflow/.local/lib/python3.7/site-packages/airflow/example_dags/example_task_group_decorator.py for tasks to queue
[2023-06-14T09:25:20.988+0000] {logging_mixin.py:137} INFO - [2023-06-14T09:25:20.987+0000] {dagbag.py:538} INFO - Filling up the DagBag from /home/airflow/.local/lib/python3.7/site-packages/airflow/example_dags/example_task_group_decorator.py
[2023-06-14T09:25:21.013+0000] {processor.py:753} INFO - DAG(s) dict_keys(['example_task_group_decorator']) retrieved from /home/airflow/.local/lib/python3.7/site-packages/airflow/example_dags/example_task_group_decorator.py
[2023-06-14T09:25:21.036+0000] {logging_mixin.py:137} INFO - [2023-06-14T09:25:21.036+0000] {dag.py:2690} INFO - Sync 1 DAGs
[2023-06-14T09:25:21.053+0000] {logging_mixin.py:137} INFO - [2023-06-14T09:25:21.053+0000] {dag.py:3441} INFO - Setting next_dagrun for example_task_group_decorator to 2023-06-13T09:25:21.052763+00:00, run_after=2023-06-14T09:25:21.052763+00:00
[2023-06-14T09:25:21.065+0000] {processor.py:175} INFO - Processing /home/airflow/.local/lib/python3.7/site-packages/airflow/example_dags/example_task_group_decorator.py took 0.082 seconds
[2023-06-14T09:25:51.192+0000] {processor.py:153} INFO - Started process (PID=1321) to work on /home/airflow/.local/lib/python3.7/site-packages/airflow/example_dags/example_task_group_decorator.py
[2023-06-14T09:25:51.193+0000] {processor.py:743} INFO - Processing file /home/airflow/.local/lib/python3.7/site-packages/airflow/example_dags/example_task_group_decorator.py for tasks to queue
[2023-06-14T09:25:51.194+0000] {logging_mixin.py:137} INFO - [2023-06-14T09:25:51.194+0000] {dagbag.py:538} INFO - Filling up the DagBag from /home/airflow/.local/lib/python3.7/site-packages/airflow/example_dags/example_task_group_decorator.py
[2023-06-14T09:25:51.215+0000] {processor.py:753} INFO - DAG(s) dict_keys(['example_task_group_decorator']) retrieved from /home/airflow/.local/lib/python3.7/site-packages/airflow/example_dags/example_task_group_decorator.py
[2023-06-14T09:25:51.235+0000] {logging_mixin.py:137} INFO - [2023-06-14T09:25:51.235+0000] {dag.py:2690} INFO - Sync 1 DAGs
[2023-06-14T09:25:51.250+0000] {logging_mixin.py:137} INFO - [2023-06-14T09:25:51.250+0000] {dag.py:3441} INFO - Setting next_dagrun for example_task_group_decorator to 2023-06-13T09:25:51.250661+00:00, run_after=2023-06-14T09:25:51.250661+00:00
[2023-06-14T09:25:51.263+0000] {processor.py:175} INFO - Processing /home/airflow/.local/lib/python3.7/site-packages/airflow/example_dags/example_task_group_decorator.py took 0.074 seconds
[2023-06-14T09:26:21.370+0000] {processor.py:153} INFO - Started process (PID=1397) to work on /home/airflow/.local/lib/python3.7/site-packages/airflow/example_dags/example_task_group_decorator.py
[2023-06-14T09:26:21.372+0000] {processor.py:743} INFO - Processing file /home/airflow/.local/lib/python3.7/site-packages/airflow/example_dags/example_task_group_decorator.py for tasks to queue
[2023-06-14T09:26:21.373+0000] {logging_mixin.py:137} INFO - [2023-06-14T09:26:21.373+0000] {dagbag.py:538} INFO - Filling up the DagBag from /home/airflow/.local/lib/python3.7/site-packages/airflow/example_dags/example_task_group_decorator.py
[2023-06-14T09:26:21.398+0000] {processor.py:753} INFO - DAG(s) dict_keys(['example_task_group_decorator']) retrieved from /home/airflow/.local/lib/python3.7/site-packages/airflow/example_dags/example_task_group_decorator.py
[2023-06-14T09:26:21.419+0000] {logging_mixin.py:137} INFO - [2023-06-14T09:26:21.419+0000] {dag.py:2690} INFO - Sync 1 DAGs
[2023-06-14T09:26:21.435+0000] {logging_mixin.py:137} INFO - [2023-06-14T09:26:21.435+0000] {dag.py:3441} INFO - Setting next_dagrun for example_task_group_decorator to 2023-06-13T09:26:21.435121+00:00, run_after=2023-06-14T09:26:21.435121+00:00
[2023-06-14T09:26:21.447+0000] {processor.py:175} INFO - Processing /home/airflow/.local/lib/python3.7/site-packages/airflow/example_dags/example_task_group_decorator.py took 0.080 seconds
