[2023-06-14T09:16:41.097+0000] {processor.py:153} INFO - Started process (PID=52) to work on /home/airflow/.local/lib/python3.7/site-packages/airflow/example_dags/example_dag_decorator.py
[2023-06-14T09:16:41.102+0000] {processor.py:743} INFO - Processing file /home/airflow/.local/lib/python3.7/site-packages/airflow/example_dags/example_dag_decorator.py for tasks to queue
[2023-06-14T09:16:41.104+0000] {logging_mixin.py:137} INFO - [2023-06-14T09:16:41.103+0000] {dagbag.py:538} INFO - Filling up the DagBag from /home/airflow/.local/lib/python3.7/site-packages/airflow/example_dags/example_dag_decorator.py
[2023-06-14T09:16:41.161+0000] {logging_mixin.py:137} INFO - [2023-06-14T09:16:41.160+0000] {taskmixin.py:205} WARNING - Dependency <Task(_PythonDecoratedOperator): prepare_email>, send_email already registered for DAG: example_dag_decorator
[2023-06-14T09:16:41.162+0000] {logging_mixin.py:137} INFO - [2023-06-14T09:16:41.161+0000] {taskmixin.py:205} WARNING - Dependency <Task(EmailOperator): send_email>, prepare_email already registered for DAG: example_dag_decorator
[2023-06-14T09:16:41.180+0000] {processor.py:753} INFO - DAG(s) dict_keys(['example_dag_decorator']) retrieved from /home/airflow/.local/lib/python3.7/site-packages/airflow/example_dags/example_dag_decorator.py
[2023-06-14T09:16:41.236+0000] {logging_mixin.py:137} INFO - [2023-06-14T09:16:41.236+0000] {dag.py:2690} INFO - Sync 1 DAGs
[2023-06-14T09:16:41.296+0000] {logging_mixin.py:137} INFO - [2023-06-14T09:16:41.296+0000] {dag.py:3441} INFO - Setting next_dagrun for example_dag_decorator to None, run_after=None
[2023-06-14T09:16:41.363+0000] {processor.py:175} INFO - Processing /home/airflow/.local/lib/python3.7/site-packages/airflow/example_dags/example_dag_decorator.py took 0.274 seconds
[2023-06-14T09:17:12.045+0000] {processor.py:153} INFO - Started process (PID=127) to work on /home/airflow/.local/lib/python3.7/site-packages/airflow/example_dags/example_dag_decorator.py
[2023-06-14T09:17:12.049+0000] {processor.py:743} INFO - Processing file /home/airflow/.local/lib/python3.7/site-packages/airflow/example_dags/example_dag_decorator.py for tasks to queue
[2023-06-14T09:17:12.051+0000] {logging_mixin.py:137} INFO - [2023-06-14T09:17:12.050+0000] {dagbag.py:538} INFO - Filling up the DagBag from /home/airflow/.local/lib/python3.7/site-packages/airflow/example_dags/example_dag_decorator.py
[2023-06-14T09:17:12.082+0000] {logging_mixin.py:137} INFO - [2023-06-14T09:17:12.082+0000] {taskmixin.py:205} WARNING - Dependency <Task(_PythonDecoratedOperator): prepare_email>, send_email already registered for DAG: example_dag_decorator
[2023-06-14T09:17:12.083+0000] {logging_mixin.py:137} INFO - [2023-06-14T09:17:12.082+0000] {taskmixin.py:205} WARNING - Dependency <Task(EmailOperator): send_email>, prepare_email already registered for DAG: example_dag_decorator
[2023-06-14T09:17:12.093+0000] {processor.py:753} INFO - DAG(s) dict_keys(['example_dag_decorator']) retrieved from /home/airflow/.local/lib/python3.7/site-packages/airflow/example_dags/example_dag_decorator.py
[2023-06-14T09:17:12.169+0000] {logging_mixin.py:137} INFO - [2023-06-14T09:17:12.169+0000] {dag.py:2690} INFO - Sync 1 DAGs
[2023-06-14T09:17:12.207+0000] {logging_mixin.py:137} INFO - [2023-06-14T09:17:12.207+0000] {dag.py:3441} INFO - Setting next_dagrun for example_dag_decorator to None, run_after=None
[2023-06-14T09:17:12.243+0000] {processor.py:175} INFO - Processing /home/airflow/.local/lib/python3.7/site-packages/airflow/example_dags/example_dag_decorator.py took 0.203 seconds
[2023-06-14T09:17:42.301+0000] {processor.py:153} INFO - Started process (PID=207) to work on /home/airflow/.local/lib/python3.7/site-packages/airflow/example_dags/example_dag_decorator.py
[2023-06-14T09:17:42.302+0000] {processor.py:743} INFO - Processing file /home/airflow/.local/lib/python3.7/site-packages/airflow/example_dags/example_dag_decorator.py for tasks to queue
[2023-06-14T09:17:42.303+0000] {logging_mixin.py:137} INFO - [2023-06-14T09:17:42.303+0000] {dagbag.py:538} INFO - Filling up the DagBag from /home/airflow/.local/lib/python3.7/site-packages/airflow/example_dags/example_dag_decorator.py
[2023-06-14T09:17:42.319+0000] {logging_mixin.py:137} INFO - [2023-06-14T09:17:42.319+0000] {taskmixin.py:205} WARNING - Dependency <Task(_PythonDecoratedOperator): prepare_email>, send_email already registered for DAG: example_dag_decorator
[2023-06-14T09:17:42.320+0000] {logging_mixin.py:137} INFO - [2023-06-14T09:17:42.320+0000] {taskmixin.py:205} WARNING - Dependency <Task(EmailOperator): send_email>, prepare_email already registered for DAG: example_dag_decorator
[2023-06-14T09:17:42.330+0000] {processor.py:753} INFO - DAG(s) dict_keys(['example_dag_decorator']) retrieved from /home/airflow/.local/lib/python3.7/site-packages/airflow/example_dags/example_dag_decorator.py
[2023-06-14T09:17:42.383+0000] {logging_mixin.py:137} INFO - [2023-06-14T09:17:42.383+0000] {dag.py:2690} INFO - Sync 1 DAGs
[2023-06-14T09:17:42.398+0000] {logging_mixin.py:137} INFO - [2023-06-14T09:17:42.398+0000] {dag.py:3441} INFO - Setting next_dagrun for example_dag_decorator to None, run_after=None
[2023-06-14T09:17:42.408+0000] {processor.py:175} INFO - Processing /home/airflow/.local/lib/python3.7/site-packages/airflow/example_dags/example_dag_decorator.py took 0.111 seconds
[2023-06-14T09:18:12.718+0000] {processor.py:153} INFO - Started process (PID=271) to work on /home/airflow/.local/lib/python3.7/site-packages/airflow/example_dags/example_dag_decorator.py
[2023-06-14T09:18:12.719+0000] {processor.py:743} INFO - Processing file /home/airflow/.local/lib/python3.7/site-packages/airflow/example_dags/example_dag_decorator.py for tasks to queue
[2023-06-14T09:18:12.721+0000] {logging_mixin.py:137} INFO - [2023-06-14T09:18:12.721+0000] {dagbag.py:538} INFO - Filling up the DagBag from /home/airflow/.local/lib/python3.7/site-packages/airflow/example_dags/example_dag_decorator.py
[2023-06-14T09:18:12.731+0000] {logging_mixin.py:137} INFO - [2023-06-14T09:18:12.731+0000] {taskmixin.py:205} WARNING - Dependency <Task(_PythonDecoratedOperator): prepare_email>, send_email already registered for DAG: example_dag_decorator
[2023-06-14T09:18:12.732+0000] {logging_mixin.py:137} INFO - [2023-06-14T09:18:12.732+0000] {taskmixin.py:205} WARNING - Dependency <Task(EmailOperator): send_email>, prepare_email already registered for DAG: example_dag_decorator
[2023-06-14T09:18:12.740+0000] {processor.py:753} INFO - DAG(s) dict_keys(['example_dag_decorator']) retrieved from /home/airflow/.local/lib/python3.7/site-packages/airflow/example_dags/example_dag_decorator.py
[2023-06-14T09:18:12.781+0000] {logging_mixin.py:137} INFO - [2023-06-14T09:18:12.781+0000] {dag.py:2690} INFO - Sync 1 DAGs
[2023-06-14T09:18:12.793+0000] {logging_mixin.py:137} INFO - [2023-06-14T09:18:12.793+0000] {dag.py:3441} INFO - Setting next_dagrun for example_dag_decorator to None, run_after=None
[2023-06-14T09:18:12.809+0000] {processor.py:175} INFO - Processing /home/airflow/.local/lib/python3.7/site-packages/airflow/example_dags/example_dag_decorator.py took 0.093 seconds
[2023-06-14T09:18:42.920+0000] {processor.py:153} INFO - Started process (PID=347) to work on /home/airflow/.local/lib/python3.7/site-packages/airflow/example_dags/example_dag_decorator.py
[2023-06-14T09:18:42.922+0000] {processor.py:743} INFO - Processing file /home/airflow/.local/lib/python3.7/site-packages/airflow/example_dags/example_dag_decorator.py for tasks to queue
[2023-06-14T09:18:42.922+0000] {logging_mixin.py:137} INFO - [2023-06-14T09:18:42.922+0000] {dagbag.py:538} INFO - Filling up the DagBag from /home/airflow/.local/lib/python3.7/site-packages/airflow/example_dags/example_dag_decorator.py
[2023-06-14T09:18:42.933+0000] {logging_mixin.py:137} INFO - [2023-06-14T09:18:42.933+0000] {taskmixin.py:205} WARNING - Dependency <Task(_PythonDecoratedOperator): prepare_email>, send_email already registered for DAG: example_dag_decorator
[2023-06-14T09:18:42.934+0000] {logging_mixin.py:137} INFO - [2023-06-14T09:18:42.934+0000] {taskmixin.py:205} WARNING - Dependency <Task(EmailOperator): send_email>, prepare_email already registered for DAG: example_dag_decorator
[2023-06-14T09:18:42.943+0000] {processor.py:753} INFO - DAG(s) dict_keys(['example_dag_decorator']) retrieved from /home/airflow/.local/lib/python3.7/site-packages/airflow/example_dags/example_dag_decorator.py
[2023-06-14T09:18:42.982+0000] {logging_mixin.py:137} INFO - [2023-06-14T09:18:42.982+0000] {dag.py:2690} INFO - Sync 1 DAGs
[2023-06-14T09:18:42.995+0000] {logging_mixin.py:137} INFO - [2023-06-14T09:18:42.995+0000] {dag.py:3441} INFO - Setting next_dagrun for example_dag_decorator to None, run_after=None
[2023-06-14T09:18:43.006+0000] {processor.py:175} INFO - Processing /home/airflow/.local/lib/python3.7/site-packages/airflow/example_dags/example_dag_decorator.py took 0.088 seconds
[2023-06-14T09:19:14.554+0000] {processor.py:153} INFO - Started process (PID=423) to work on /home/airflow/.local/lib/python3.7/site-packages/airflow/example_dags/example_dag_decorator.py
[2023-06-14T09:19:14.555+0000] {processor.py:743} INFO - Processing file /home/airflow/.local/lib/python3.7/site-packages/airflow/example_dags/example_dag_decorator.py for tasks to queue
[2023-06-14T09:19:14.558+0000] {logging_mixin.py:137} INFO - [2023-06-14T09:19:14.558+0000] {dagbag.py:538} INFO - Filling up the DagBag from /home/airflow/.local/lib/python3.7/site-packages/airflow/example_dags/example_dag_decorator.py
[2023-06-14T09:19:14.574+0000] {logging_mixin.py:137} INFO - [2023-06-14T09:19:14.574+0000] {taskmixin.py:205} WARNING - Dependency <Task(_PythonDecoratedOperator): prepare_email>, send_email already registered for DAG: example_dag_decorator
[2023-06-14T09:19:14.575+0000] {logging_mixin.py:137} INFO - [2023-06-14T09:19:14.575+0000] {taskmixin.py:205} WARNING - Dependency <Task(EmailOperator): send_email>, prepare_email already registered for DAG: example_dag_decorator
[2023-06-14T09:19:14.593+0000] {processor.py:753} INFO - DAG(s) dict_keys(['example_dag_decorator']) retrieved from /home/airflow/.local/lib/python3.7/site-packages/airflow/example_dags/example_dag_decorator.py
[2023-06-14T09:19:14.649+0000] {logging_mixin.py:137} INFO - [2023-06-14T09:19:14.649+0000] {dag.py:2690} INFO - Sync 1 DAGs
[2023-06-14T09:19:14.663+0000] {logging_mixin.py:137} INFO - [2023-06-14T09:19:14.663+0000] {dag.py:3441} INFO - Setting next_dagrun for example_dag_decorator to None, run_after=None
[2023-06-14T09:19:14.682+0000] {processor.py:175} INFO - Processing /home/airflow/.local/lib/python3.7/site-packages/airflow/example_dags/example_dag_decorator.py took 0.132 seconds
[2023-06-14T09:19:45.821+0000] {processor.py:153} INFO - Started process (PID=488) to work on /home/airflow/.local/lib/python3.7/site-packages/airflow/example_dags/example_dag_decorator.py
[2023-06-14T09:19:45.824+0000] {processor.py:743} INFO - Processing file /home/airflow/.local/lib/python3.7/site-packages/airflow/example_dags/example_dag_decorator.py for tasks to queue
[2023-06-14T09:19:45.826+0000] {logging_mixin.py:137} INFO - [2023-06-14T09:19:45.825+0000] {dagbag.py:538} INFO - Filling up the DagBag from /home/airflow/.local/lib/python3.7/site-packages/airflow/example_dags/example_dag_decorator.py
[2023-06-14T09:19:45.846+0000] {logging_mixin.py:137} INFO - [2023-06-14T09:19:45.846+0000] {taskmixin.py:205} WARNING - Dependency <Task(_PythonDecoratedOperator): prepare_email>, send_email already registered for DAG: example_dag_decorator
[2023-06-14T09:19:45.847+0000] {logging_mixin.py:137} INFO - [2023-06-14T09:19:45.847+0000] {taskmixin.py:205} WARNING - Dependency <Task(EmailOperator): send_email>, prepare_email already registered for DAG: example_dag_decorator
[2023-06-14T09:19:45.862+0000] {processor.py:753} INFO - DAG(s) dict_keys(['example_dag_decorator']) retrieved from /home/airflow/.local/lib/python3.7/site-packages/airflow/example_dags/example_dag_decorator.py
[2023-06-14T09:19:45.940+0000] {logging_mixin.py:137} INFO - [2023-06-14T09:19:45.940+0000] {dag.py:2690} INFO - Sync 1 DAGs
[2023-06-14T09:19:46.019+0000] {logging_mixin.py:137} INFO - [2023-06-14T09:19:46.019+0000] {dag.py:3441} INFO - Setting next_dagrun for example_dag_decorator to None, run_after=None
[2023-06-14T09:19:46.083+0000] {processor.py:175} INFO - Processing /home/airflow/.local/lib/python3.7/site-packages/airflow/example_dags/example_dag_decorator.py took 0.265 seconds
[2023-06-14T09:20:18.997+0000] {processor.py:153} INFO - Started process (PID=565) to work on /home/airflow/.local/lib/python3.7/site-packages/airflow/example_dags/example_dag_decorator.py
[2023-06-14T09:20:19.007+0000] {processor.py:743} INFO - Processing file /home/airflow/.local/lib/python3.7/site-packages/airflow/example_dags/example_dag_decorator.py for tasks to queue
[2023-06-14T09:20:19.024+0000] {logging_mixin.py:137} INFO - [2023-06-14T09:20:19.024+0000] {dagbag.py:538} INFO - Filling up the DagBag from /home/airflow/.local/lib/python3.7/site-packages/airflow/example_dags/example_dag_decorator.py
[2023-06-14T09:20:19.071+0000] {logging_mixin.py:137} INFO - [2023-06-14T09:20:19.071+0000] {taskmixin.py:205} WARNING - Dependency <Task(_PythonDecoratedOperator): prepare_email>, send_email already registered for DAG: example_dag_decorator
[2023-06-14T09:20:19.076+0000] {logging_mixin.py:137} INFO - [2023-06-14T09:20:19.072+0000] {taskmixin.py:205} WARNING - Dependency <Task(EmailOperator): send_email>, prepare_email already registered for DAG: example_dag_decorator
[2023-06-14T09:20:19.165+0000] {processor.py:753} INFO - DAG(s) dict_keys(['example_dag_decorator']) retrieved from /home/airflow/.local/lib/python3.7/site-packages/airflow/example_dags/example_dag_decorator.py
[2023-06-14T09:20:19.346+0000] {logging_mixin.py:137} INFO - [2023-06-14T09:20:19.346+0000] {dag.py:2690} INFO - Sync 1 DAGs
[2023-06-14T09:20:19.424+0000] {logging_mixin.py:137} INFO - [2023-06-14T09:20:19.420+0000] {dag.py:3441} INFO - Setting next_dagrun for example_dag_decorator to None, run_after=None
[2023-06-14T09:20:19.655+0000] {processor.py:175} INFO - Processing /home/airflow/.local/lib/python3.7/site-packages/airflow/example_dags/example_dag_decorator.py took 0.708 seconds
[2023-06-14T09:20:49.744+0000] {processor.py:153} INFO - Started process (PID=629) to work on /home/airflow/.local/lib/python3.7/site-packages/airflow/example_dags/example_dag_decorator.py
[2023-06-14T09:20:49.746+0000] {processor.py:743} INFO - Processing file /home/airflow/.local/lib/python3.7/site-packages/airflow/example_dags/example_dag_decorator.py for tasks to queue
[2023-06-14T09:20:49.747+0000] {logging_mixin.py:137} INFO - [2023-06-14T09:20:49.747+0000] {dagbag.py:538} INFO - Filling up the DagBag from /home/airflow/.local/lib/python3.7/site-packages/airflow/example_dags/example_dag_decorator.py
[2023-06-14T09:20:49.764+0000] {logging_mixin.py:137} INFO - [2023-06-14T09:20:49.764+0000] {taskmixin.py:205} WARNING - Dependency <Task(_PythonDecoratedOperator): prepare_email>, send_email already registered for DAG: example_dag_decorator
[2023-06-14T09:20:49.765+0000] {logging_mixin.py:137} INFO - [2023-06-14T09:20:49.765+0000] {taskmixin.py:205} WARNING - Dependency <Task(EmailOperator): send_email>, prepare_email already registered for DAG: example_dag_decorator
[2023-06-14T09:20:49.782+0000] {processor.py:753} INFO - DAG(s) dict_keys(['example_dag_decorator']) retrieved from /home/airflow/.local/lib/python3.7/site-packages/airflow/example_dags/example_dag_decorator.py
[2023-06-14T09:20:49.831+0000] {logging_mixin.py:137} INFO - [2023-06-14T09:20:49.831+0000] {dag.py:2690} INFO - Sync 1 DAGs
[2023-06-14T09:20:49.849+0000] {logging_mixin.py:137} INFO - [2023-06-14T09:20:49.849+0000] {dag.py:3441} INFO - Setting next_dagrun for example_dag_decorator to None, run_after=None
[2023-06-14T09:20:49.868+0000] {processor.py:175} INFO - Processing /home/airflow/.local/lib/python3.7/site-packages/airflow/example_dags/example_dag_decorator.py took 0.127 seconds
[2023-06-14T09:21:19.907+0000] {processor.py:153} INFO - Started process (PID=692) to work on /home/airflow/.local/lib/python3.7/site-packages/airflow/example_dags/example_dag_decorator.py
[2023-06-14T09:21:19.908+0000] {processor.py:743} INFO - Processing file /home/airflow/.local/lib/python3.7/site-packages/airflow/example_dags/example_dag_decorator.py for tasks to queue
[2023-06-14T09:21:19.909+0000] {logging_mixin.py:137} INFO - [2023-06-14T09:21:19.909+0000] {dagbag.py:538} INFO - Filling up the DagBag from /home/airflow/.local/lib/python3.7/site-packages/airflow/example_dags/example_dag_decorator.py
[2023-06-14T09:21:19.920+0000] {logging_mixin.py:137} INFO - [2023-06-14T09:21:19.920+0000] {taskmixin.py:205} WARNING - Dependency <Task(_PythonDecoratedOperator): prepare_email>, send_email already registered for DAG: example_dag_decorator
[2023-06-14T09:21:19.921+0000] {logging_mixin.py:137} INFO - [2023-06-14T09:21:19.921+0000] {taskmixin.py:205} WARNING - Dependency <Task(EmailOperator): send_email>, prepare_email already registered for DAG: example_dag_decorator
[2023-06-14T09:21:19.929+0000] {processor.py:753} INFO - DAG(s) dict_keys(['example_dag_decorator']) retrieved from /home/airflow/.local/lib/python3.7/site-packages/airflow/example_dags/example_dag_decorator.py
[2023-06-14T09:21:19.969+0000] {logging_mixin.py:137} INFO - [2023-06-14T09:21:19.969+0000] {dag.py:2690} INFO - Sync 1 DAGs
[2023-06-14T09:21:19.984+0000] {logging_mixin.py:137} INFO - [2023-06-14T09:21:19.984+0000] {dag.py:3441} INFO - Setting next_dagrun for example_dag_decorator to None, run_after=None
[2023-06-14T09:21:19.995+0000] {processor.py:175} INFO - Processing /home/airflow/.local/lib/python3.7/site-packages/airflow/example_dags/example_dag_decorator.py took 0.092 seconds
[2023-06-14T09:21:50.284+0000] {processor.py:153} INFO - Started process (PID=768) to work on /home/airflow/.local/lib/python3.7/site-packages/airflow/example_dags/example_dag_decorator.py
[2023-06-14T09:21:50.285+0000] {processor.py:743} INFO - Processing file /home/airflow/.local/lib/python3.7/site-packages/airflow/example_dags/example_dag_decorator.py for tasks to queue
[2023-06-14T09:21:50.286+0000] {logging_mixin.py:137} INFO - [2023-06-14T09:21:50.286+0000] {dagbag.py:538} INFO - Filling up the DagBag from /home/airflow/.local/lib/python3.7/site-packages/airflow/example_dags/example_dag_decorator.py
[2023-06-14T09:21:50.297+0000] {logging_mixin.py:137} INFO - [2023-06-14T09:21:50.297+0000] {taskmixin.py:205} WARNING - Dependency <Task(_PythonDecoratedOperator): prepare_email>, send_email already registered for DAG: example_dag_decorator
[2023-06-14T09:21:50.298+0000] {logging_mixin.py:137} INFO - [2023-06-14T09:21:50.298+0000] {taskmixin.py:205} WARNING - Dependency <Task(EmailOperator): send_email>, prepare_email already registered for DAG: example_dag_decorator
[2023-06-14T09:21:50.307+0000] {processor.py:753} INFO - DAG(s) dict_keys(['example_dag_decorator']) retrieved from /home/airflow/.local/lib/python3.7/site-packages/airflow/example_dags/example_dag_decorator.py
[2023-06-14T09:21:50.348+0000] {logging_mixin.py:137} INFO - [2023-06-14T09:21:50.348+0000] {dag.py:2690} INFO - Sync 1 DAGs
[2023-06-14T09:21:50.363+0000] {logging_mixin.py:137} INFO - [2023-06-14T09:21:50.363+0000] {dag.py:3441} INFO - Setting next_dagrun for example_dag_decorator to None, run_after=None
[2023-06-14T09:21:50.375+0000] {processor.py:175} INFO - Processing /home/airflow/.local/lib/python3.7/site-packages/airflow/example_dags/example_dag_decorator.py took 0.094 seconds
[2023-06-14T09:22:20.800+0000] {processor.py:153} INFO - Started process (PID=845) to work on /home/airflow/.local/lib/python3.7/site-packages/airflow/example_dags/example_dag_decorator.py
[2023-06-14T09:22:20.801+0000] {processor.py:743} INFO - Processing file /home/airflow/.local/lib/python3.7/site-packages/airflow/example_dags/example_dag_decorator.py for tasks to queue
[2023-06-14T09:22:20.802+0000] {logging_mixin.py:137} INFO - [2023-06-14T09:22:20.802+0000] {dagbag.py:538} INFO - Filling up the DagBag from /home/airflow/.local/lib/python3.7/site-packages/airflow/example_dags/example_dag_decorator.py
[2023-06-14T09:22:20.815+0000] {logging_mixin.py:137} INFO - [2023-06-14T09:22:20.815+0000] {taskmixin.py:205} WARNING - Dependency <Task(_PythonDecoratedOperator): prepare_email>, send_email already registered for DAG: example_dag_decorator
[2023-06-14T09:22:20.816+0000] {logging_mixin.py:137} INFO - [2023-06-14T09:22:20.816+0000] {taskmixin.py:205} WARNING - Dependency <Task(EmailOperator): send_email>, prepare_email already registered for DAG: example_dag_decorator
[2023-06-14T09:22:20.825+0000] {processor.py:753} INFO - DAG(s) dict_keys(['example_dag_decorator']) retrieved from /home/airflow/.local/lib/python3.7/site-packages/airflow/example_dags/example_dag_decorator.py
[2023-06-14T09:22:20.876+0000] {logging_mixin.py:137} INFO - [2023-06-14T09:22:20.876+0000] {dag.py:2690} INFO - Sync 1 DAGs
[2023-06-14T09:22:20.889+0000] {logging_mixin.py:137} INFO - [2023-06-14T09:22:20.889+0000] {dag.py:3441} INFO - Setting next_dagrun for example_dag_decorator to None, run_after=None
[2023-06-14T09:22:20.901+0000] {processor.py:175} INFO - Processing /home/airflow/.local/lib/python3.7/site-packages/airflow/example_dags/example_dag_decorator.py took 0.105 seconds
[2023-06-14T09:22:51.019+0000] {processor.py:153} INFO - Started process (PID=909) to work on /home/airflow/.local/lib/python3.7/site-packages/airflow/example_dags/example_dag_decorator.py
[2023-06-14T09:22:51.021+0000] {processor.py:743} INFO - Processing file /home/airflow/.local/lib/python3.7/site-packages/airflow/example_dags/example_dag_decorator.py for tasks to queue
[2023-06-14T09:22:51.021+0000] {logging_mixin.py:137} INFO - [2023-06-14T09:22:51.021+0000] {dagbag.py:538} INFO - Filling up the DagBag from /home/airflow/.local/lib/python3.7/site-packages/airflow/example_dags/example_dag_decorator.py
[2023-06-14T09:22:51.033+0000] {logging_mixin.py:137} INFO - [2023-06-14T09:22:51.033+0000] {taskmixin.py:205} WARNING - Dependency <Task(_PythonDecoratedOperator): prepare_email>, send_email already registered for DAG: example_dag_decorator
[2023-06-14T09:22:51.034+0000] {logging_mixin.py:137} INFO - [2023-06-14T09:22:51.034+0000] {taskmixin.py:205} WARNING - Dependency <Task(EmailOperator): send_email>, prepare_email already registered for DAG: example_dag_decorator
[2023-06-14T09:22:51.042+0000] {processor.py:753} INFO - DAG(s) dict_keys(['example_dag_decorator']) retrieved from /home/airflow/.local/lib/python3.7/site-packages/airflow/example_dags/example_dag_decorator.py
[2023-06-14T09:22:51.082+0000] {logging_mixin.py:137} INFO - [2023-06-14T09:22:51.082+0000] {dag.py:2690} INFO - Sync 1 DAGs
[2023-06-14T09:22:51.095+0000] {logging_mixin.py:137} INFO - [2023-06-14T09:22:51.095+0000] {dag.py:3441} INFO - Setting next_dagrun for example_dag_decorator to None, run_after=None
[2023-06-14T09:22:51.107+0000] {processor.py:175} INFO - Processing /home/airflow/.local/lib/python3.7/site-packages/airflow/example_dags/example_dag_decorator.py took 0.090 seconds
[2023-06-14T09:23:21.280+0000] {processor.py:153} INFO - Started process (PID=984) to work on /home/airflow/.local/lib/python3.7/site-packages/airflow/example_dags/example_dag_decorator.py
[2023-06-14T09:23:21.282+0000] {processor.py:743} INFO - Processing file /home/airflow/.local/lib/python3.7/site-packages/airflow/example_dags/example_dag_decorator.py for tasks to queue
[2023-06-14T09:23:21.282+0000] {logging_mixin.py:137} INFO - [2023-06-14T09:23:21.282+0000] {dagbag.py:538} INFO - Filling up the DagBag from /home/airflow/.local/lib/python3.7/site-packages/airflow/example_dags/example_dag_decorator.py
[2023-06-14T09:23:21.295+0000] {logging_mixin.py:137} INFO - [2023-06-14T09:23:21.295+0000] {taskmixin.py:205} WARNING - Dependency <Task(_PythonDecoratedOperator): prepare_email>, send_email already registered for DAG: example_dag_decorator
[2023-06-14T09:23:21.296+0000] {logging_mixin.py:137} INFO - [2023-06-14T09:23:21.296+0000] {taskmixin.py:205} WARNING - Dependency <Task(EmailOperator): send_email>, prepare_email already registered for DAG: example_dag_decorator
[2023-06-14T09:23:21.306+0000] {processor.py:753} INFO - DAG(s) dict_keys(['example_dag_decorator']) retrieved from /home/airflow/.local/lib/python3.7/site-packages/airflow/example_dags/example_dag_decorator.py
[2023-06-14T09:23:21.350+0000] {logging_mixin.py:137} INFO - [2023-06-14T09:23:21.350+0000] {dag.py:2690} INFO - Sync 1 DAGs
[2023-06-14T09:23:21.366+0000] {logging_mixin.py:137} INFO - [2023-06-14T09:23:21.366+0000] {dag.py:3441} INFO - Setting next_dagrun for example_dag_decorator to None, run_after=None
[2023-06-14T09:23:21.382+0000] {processor.py:175} INFO - Processing /home/airflow/.local/lib/python3.7/site-packages/airflow/example_dags/example_dag_decorator.py took 0.104 seconds
[2023-06-14T09:23:51.640+0000] {processor.py:153} INFO - Started process (PID=1060) to work on /home/airflow/.local/lib/python3.7/site-packages/airflow/example_dags/example_dag_decorator.py
[2023-06-14T09:23:51.642+0000] {processor.py:743} INFO - Processing file /home/airflow/.local/lib/python3.7/site-packages/airflow/example_dags/example_dag_decorator.py for tasks to queue
[2023-06-14T09:23:51.643+0000] {logging_mixin.py:137} INFO - [2023-06-14T09:23:51.643+0000] {dagbag.py:538} INFO - Filling up the DagBag from /home/airflow/.local/lib/python3.7/site-packages/airflow/example_dags/example_dag_decorator.py
[2023-06-14T09:23:51.656+0000] {logging_mixin.py:137} INFO - [2023-06-14T09:23:51.655+0000] {taskmixin.py:205} WARNING - Dependency <Task(_PythonDecoratedOperator): prepare_email>, send_email already registered for DAG: example_dag_decorator
[2023-06-14T09:23:51.656+0000] {logging_mixin.py:137} INFO - [2023-06-14T09:23:51.656+0000] {taskmixin.py:205} WARNING - Dependency <Task(EmailOperator): send_email>, prepare_email already registered for DAG: example_dag_decorator
[2023-06-14T09:23:51.667+0000] {processor.py:753} INFO - DAG(s) dict_keys(['example_dag_decorator']) retrieved from /home/airflow/.local/lib/python3.7/site-packages/airflow/example_dags/example_dag_decorator.py
[2023-06-14T09:23:51.717+0000] {logging_mixin.py:137} INFO - [2023-06-14T09:23:51.717+0000] {dag.py:2690} INFO - Sync 1 DAGs
[2023-06-14T09:23:51.737+0000] {logging_mixin.py:137} INFO - [2023-06-14T09:23:51.737+0000] {dag.py:3441} INFO - Setting next_dagrun for example_dag_decorator to None, run_after=None
[2023-06-14T09:23:51.750+0000] {processor.py:175} INFO - Processing /home/airflow/.local/lib/python3.7/site-packages/airflow/example_dags/example_dag_decorator.py took 0.113 seconds
[2023-06-14T09:24:22.380+0000] {processor.py:153} INFO - Started process (PID=1124) to work on /home/airflow/.local/lib/python3.7/site-packages/airflow/example_dags/example_dag_decorator.py
[2023-06-14T09:24:22.381+0000] {processor.py:743} INFO - Processing file /home/airflow/.local/lib/python3.7/site-packages/airflow/example_dags/example_dag_decorator.py for tasks to queue
[2023-06-14T09:24:22.382+0000] {logging_mixin.py:137} INFO - [2023-06-14T09:24:22.382+0000] {dagbag.py:538} INFO - Filling up the DagBag from /home/airflow/.local/lib/python3.7/site-packages/airflow/example_dags/example_dag_decorator.py
[2023-06-14T09:24:22.394+0000] {logging_mixin.py:137} INFO - [2023-06-14T09:24:22.394+0000] {taskmixin.py:205} WARNING - Dependency <Task(_PythonDecoratedOperator): prepare_email>, send_email already registered for DAG: example_dag_decorator
[2023-06-14T09:24:22.395+0000] {logging_mixin.py:137} INFO - [2023-06-14T09:24:22.395+0000] {taskmixin.py:205} WARNING - Dependency <Task(EmailOperator): send_email>, prepare_email already registered for DAG: example_dag_decorator
[2023-06-14T09:24:22.406+0000] {processor.py:753} INFO - DAG(s) dict_keys(['example_dag_decorator']) retrieved from /home/airflow/.local/lib/python3.7/site-packages/airflow/example_dags/example_dag_decorator.py
[2023-06-14T09:24:22.472+0000] {logging_mixin.py:137} INFO - [2023-06-14T09:24:22.472+0000] {dag.py:2690} INFO - Sync 1 DAGs
[2023-06-14T09:24:22.501+0000] {logging_mixin.py:137} INFO - [2023-06-14T09:24:22.501+0000] {dag.py:3441} INFO - Setting next_dagrun for example_dag_decorator to None, run_after=None
[2023-06-14T09:24:22.517+0000] {processor.py:175} INFO - Processing /home/airflow/.local/lib/python3.7/site-packages/airflow/example_dags/example_dag_decorator.py took 0.141 seconds
[2023-06-14T09:24:52.744+0000] {processor.py:153} INFO - Started process (PID=1200) to work on /home/airflow/.local/lib/python3.7/site-packages/airflow/example_dags/example_dag_decorator.py
[2023-06-14T09:24:52.746+0000] {processor.py:743} INFO - Processing file /home/airflow/.local/lib/python3.7/site-packages/airflow/example_dags/example_dag_decorator.py for tasks to queue
[2023-06-14T09:24:52.747+0000] {logging_mixin.py:137} INFO - [2023-06-14T09:24:52.747+0000] {dagbag.py:538} INFO - Filling up the DagBag from /home/airflow/.local/lib/python3.7/site-packages/airflow/example_dags/example_dag_decorator.py
[2023-06-14T09:24:52.759+0000] {logging_mixin.py:137} INFO - [2023-06-14T09:24:52.759+0000] {taskmixin.py:205} WARNING - Dependency <Task(_PythonDecoratedOperator): prepare_email>, send_email already registered for DAG: example_dag_decorator
[2023-06-14T09:24:52.759+0000] {logging_mixin.py:137} INFO - [2023-06-14T09:24:52.759+0000] {taskmixin.py:205} WARNING - Dependency <Task(EmailOperator): send_email>, prepare_email already registered for DAG: example_dag_decorator
[2023-06-14T09:24:52.768+0000] {processor.py:753} INFO - DAG(s) dict_keys(['example_dag_decorator']) retrieved from /home/airflow/.local/lib/python3.7/site-packages/airflow/example_dags/example_dag_decorator.py
[2023-06-14T09:24:52.810+0000] {logging_mixin.py:137} INFO - [2023-06-14T09:24:52.810+0000] {dag.py:2690} INFO - Sync 1 DAGs
[2023-06-14T09:24:52.823+0000] {logging_mixin.py:137} INFO - [2023-06-14T09:24:52.823+0000] {dag.py:3441} INFO - Setting next_dagrun for example_dag_decorator to None, run_after=None
[2023-06-14T09:24:52.835+0000] {processor.py:175} INFO - Processing /home/airflow/.local/lib/python3.7/site-packages/airflow/example_dags/example_dag_decorator.py took 0.094 seconds
[2023-06-14T09:25:22.951+0000] {processor.py:153} INFO - Started process (PID=1274) to work on /home/airflow/.local/lib/python3.7/site-packages/airflow/example_dags/example_dag_decorator.py
[2023-06-14T09:25:22.953+0000] {processor.py:743} INFO - Processing file /home/airflow/.local/lib/python3.7/site-packages/airflow/example_dags/example_dag_decorator.py for tasks to queue
[2023-06-14T09:25:22.953+0000] {logging_mixin.py:137} INFO - [2023-06-14T09:25:22.953+0000] {dagbag.py:538} INFO - Filling up the DagBag from /home/airflow/.local/lib/python3.7/site-packages/airflow/example_dags/example_dag_decorator.py
[2023-06-14T09:25:22.965+0000] {logging_mixin.py:137} INFO - [2023-06-14T09:25:22.965+0000] {taskmixin.py:205} WARNING - Dependency <Task(_PythonDecoratedOperator): prepare_email>, send_email already registered for DAG: example_dag_decorator
[2023-06-14T09:25:22.966+0000] {logging_mixin.py:137} INFO - [2023-06-14T09:25:22.965+0000] {taskmixin.py:205} WARNING - Dependency <Task(EmailOperator): send_email>, prepare_email already registered for DAG: example_dag_decorator
[2023-06-14T09:25:22.973+0000] {processor.py:753} INFO - DAG(s) dict_keys(['example_dag_decorator']) retrieved from /home/airflow/.local/lib/python3.7/site-packages/airflow/example_dags/example_dag_decorator.py
[2023-06-14T09:25:23.014+0000] {logging_mixin.py:137} INFO - [2023-06-14T09:25:23.014+0000] {dag.py:2690} INFO - Sync 1 DAGs
[2023-06-14T09:25:23.029+0000] {logging_mixin.py:137} INFO - [2023-06-14T09:25:23.029+0000] {dag.py:3441} INFO - Setting next_dagrun for example_dag_decorator to None, run_after=None
[2023-06-14T09:25:23.041+0000] {processor.py:175} INFO - Processing /home/airflow/.local/lib/python3.7/site-packages/airflow/example_dags/example_dag_decorator.py took 0.093 seconds
[2023-06-14T09:25:53.175+0000] {processor.py:153} INFO - Started process (PID=1339) to work on /home/airflow/.local/lib/python3.7/site-packages/airflow/example_dags/example_dag_decorator.py
[2023-06-14T09:25:53.177+0000] {processor.py:743} INFO - Processing file /home/airflow/.local/lib/python3.7/site-packages/airflow/example_dags/example_dag_decorator.py for tasks to queue
[2023-06-14T09:25:53.178+0000] {logging_mixin.py:137} INFO - [2023-06-14T09:25:53.178+0000] {dagbag.py:538} INFO - Filling up the DagBag from /home/airflow/.local/lib/python3.7/site-packages/airflow/example_dags/example_dag_decorator.py
[2023-06-14T09:25:53.189+0000] {logging_mixin.py:137} INFO - [2023-06-14T09:25:53.189+0000] {taskmixin.py:205} WARNING - Dependency <Task(_PythonDecoratedOperator): prepare_email>, send_email already registered for DAG: example_dag_decorator
[2023-06-14T09:25:53.189+0000] {logging_mixin.py:137} INFO - [2023-06-14T09:25:53.189+0000] {taskmixin.py:205} WARNING - Dependency <Task(EmailOperator): send_email>, prepare_email already registered for DAG: example_dag_decorator
[2023-06-14T09:25:53.198+0000] {processor.py:753} INFO - DAG(s) dict_keys(['example_dag_decorator']) retrieved from /home/airflow/.local/lib/python3.7/site-packages/airflow/example_dags/example_dag_decorator.py
[2023-06-14T09:25:53.241+0000] {logging_mixin.py:137} INFO - [2023-06-14T09:25:53.241+0000] {dag.py:2690} INFO - Sync 1 DAGs
[2023-06-14T09:25:53.255+0000] {logging_mixin.py:137} INFO - [2023-06-14T09:25:53.255+0000] {dag.py:3441} INFO - Setting next_dagrun for example_dag_decorator to None, run_after=None
[2023-06-14T09:25:53.266+0000] {processor.py:175} INFO - Processing /home/airflow/.local/lib/python3.7/site-packages/airflow/example_dags/example_dag_decorator.py took 0.094 seconds
[2023-06-14T09:26:23.365+0000] {processor.py:153} INFO - Started process (PID=1415) to work on /home/airflow/.local/lib/python3.7/site-packages/airflow/example_dags/example_dag_decorator.py
[2023-06-14T09:26:23.366+0000] {processor.py:743} INFO - Processing file /home/airflow/.local/lib/python3.7/site-packages/airflow/example_dags/example_dag_decorator.py for tasks to queue
[2023-06-14T09:26:23.367+0000] {logging_mixin.py:137} INFO - [2023-06-14T09:26:23.367+0000] {dagbag.py:538} INFO - Filling up the DagBag from /home/airflow/.local/lib/python3.7/site-packages/airflow/example_dags/example_dag_decorator.py
[2023-06-14T09:26:23.380+0000] {logging_mixin.py:137} INFO - [2023-06-14T09:26:23.380+0000] {taskmixin.py:205} WARNING - Dependency <Task(_PythonDecoratedOperator): prepare_email>, send_email already registered for DAG: example_dag_decorator
[2023-06-14T09:26:23.381+0000] {logging_mixin.py:137} INFO - [2023-06-14T09:26:23.381+0000] {taskmixin.py:205} WARNING - Dependency <Task(EmailOperator): send_email>, prepare_email already registered for DAG: example_dag_decorator
[2023-06-14T09:26:23.389+0000] {processor.py:753} INFO - DAG(s) dict_keys(['example_dag_decorator']) retrieved from /home/airflow/.local/lib/python3.7/site-packages/airflow/example_dags/example_dag_decorator.py
[2023-06-14T09:26:23.432+0000] {logging_mixin.py:137} INFO - [2023-06-14T09:26:23.432+0000] {dag.py:2690} INFO - Sync 1 DAGs
[2023-06-14T09:26:23.447+0000] {logging_mixin.py:137} INFO - [2023-06-14T09:26:23.447+0000] {dag.py:3441} INFO - Setting next_dagrun for example_dag_decorator to None, run_after=None
[2023-06-14T09:26:23.461+0000] {processor.py:175} INFO - Processing /home/airflow/.local/lib/python3.7/site-packages/airflow/example_dags/example_dag_decorator.py took 0.098 seconds
