[2023-06-14T09:16:40.928+0000] {processor.py:153} INFO - Started process (PID=51) to work on /home/airflow/.local/lib/python3.7/site-packages/airflow/example_dags/example_subdag_operator.py
[2023-06-14T09:16:40.943+0000] {processor.py:743} INFO - Processing file /home/airflow/.local/lib/python3.7/site-packages/airflow/example_dags/example_subdag_operator.py for tasks to queue
[2023-06-14T09:16:40.944+0000] {logging_mixin.py:137} INFO - [2023-06-14T09:16:40.944+0000] {dagbag.py:538} INFO - Filling up the DagBag from /home/airflow/.local/lib/python3.7/site-packages/airflow/example_dags/example_subdag_operator.py
[2023-06-14T09:16:41.016+0000] {processor.py:753} INFO - DAG(s) dict_keys(['example_subdag_operator.section-1', 'example_subdag_operator.section-2', 'example_subdag_operator']) retrieved from /home/airflow/.local/lib/python3.7/site-packages/airflow/example_dags/example_subdag_operator.py
[2023-06-14T09:16:41.040+0000] {logging_mixin.py:137} INFO - [2023-06-14T09:16:41.040+0000] {dag.py:2690} INFO - Sync 3 DAGs
[2023-06-14T09:16:41.092+0000] {logging_mixin.py:137} INFO - [2023-06-14T09:16:41.091+0000] {dag.py:3441} INFO - Setting next_dagrun for example_subdag_operator to 2022-01-01T00:00:00+00:00, run_after=2022-01-01T00:00:00+00:00
[2023-06-14T09:16:41.100+0000] {logging_mixin.py:137} INFO - [2023-06-14T09:16:41.099+0000] {dag.py:3441} INFO - Setting next_dagrun for example_subdag_operator.section-1 to None, run_after=None
[2023-06-14T09:16:41.102+0000] {logging_mixin.py:137} INFO - [2023-06-14T09:16:41.102+0000] {dag.py:3441} INFO - Setting next_dagrun for example_subdag_operator.section-2 to None, run_after=None
[2023-06-14T09:16:41.127+0000] {logging_mixin.py:137} INFO - [2023-06-14T09:16:41.127+0000] {dag.py:2690} INFO - Sync 2 DAGs
[2023-06-14T09:16:41.138+0000] {logging_mixin.py:137} INFO - [2023-06-14T09:16:41.138+0000] {dag.py:3441} INFO - Setting next_dagrun for example_subdag_operator.section-1 to None, run_after=None
[2023-06-14T09:16:41.139+0000] {logging_mixin.py:137} INFO - [2023-06-14T09:16:41.139+0000] {dag.py:3441} INFO - Setting next_dagrun for example_subdag_operator.section-2 to None, run_after=None
[2023-06-14T09:16:41.161+0000] {processor.py:175} INFO - Processing /home/airflow/.local/lib/python3.7/site-packages/airflow/example_dags/example_subdag_operator.py took 0.241 seconds
[2023-06-14T09:17:11.922+0000] {processor.py:153} INFO - Started process (PID=126) to work on /home/airflow/.local/lib/python3.7/site-packages/airflow/example_dags/example_subdag_operator.py
[2023-06-14T09:17:11.925+0000] {processor.py:743} INFO - Processing file /home/airflow/.local/lib/python3.7/site-packages/airflow/example_dags/example_subdag_operator.py for tasks to queue
[2023-06-14T09:17:11.926+0000] {logging_mixin.py:137} INFO - [2023-06-14T09:17:11.926+0000] {dagbag.py:538} INFO - Filling up the DagBag from /home/airflow/.local/lib/python3.7/site-packages/airflow/example_dags/example_subdag_operator.py
[2023-06-14T09:17:11.962+0000] {processor.py:753} INFO - DAG(s) dict_keys(['example_subdag_operator.section-1', 'example_subdag_operator.section-2', 'example_subdag_operator']) retrieved from /home/airflow/.local/lib/python3.7/site-packages/airflow/example_dags/example_subdag_operator.py
[2023-06-14T09:17:11.979+0000] {logging_mixin.py:137} INFO - [2023-06-14T09:17:11.979+0000] {dag.py:2690} INFO - Sync 3 DAGs
[2023-06-14T09:17:12.020+0000] {logging_mixin.py:137} INFO - [2023-06-14T09:17:12.020+0000] {dag.py:3441} INFO - Setting next_dagrun for example_subdag_operator to 2022-01-01T00:00:00+00:00, run_after=2022-01-01T00:00:00+00:00
[2023-06-14T09:17:12.029+0000] {logging_mixin.py:137} INFO - [2023-06-14T09:17:12.029+0000] {dag.py:3441} INFO - Setting next_dagrun for example_subdag_operator.section-1 to None, run_after=None
[2023-06-14T09:17:12.033+0000] {logging_mixin.py:137} INFO - [2023-06-14T09:17:12.033+0000] {dag.py:3441} INFO - Setting next_dagrun for example_subdag_operator.section-2 to None, run_after=None
[2023-06-14T09:17:12.044+0000] {logging_mixin.py:137} INFO - [2023-06-14T09:17:12.044+0000] {dag.py:2690} INFO - Sync 2 DAGs
[2023-06-14T09:17:12.053+0000] {logging_mixin.py:137} INFO - [2023-06-14T09:17:12.053+0000] {dag.py:3441} INFO - Setting next_dagrun for example_subdag_operator.section-1 to None, run_after=None
[2023-06-14T09:17:12.054+0000] {logging_mixin.py:137} INFO - [2023-06-14T09:17:12.054+0000] {dag.py:3441} INFO - Setting next_dagrun for example_subdag_operator.section-2 to None, run_after=None
[2023-06-14T09:17:12.072+0000] {processor.py:175} INFO - Processing /home/airflow/.local/lib/python3.7/site-packages/airflow/example_dags/example_subdag_operator.py took 0.162 seconds
[2023-06-14T09:17:42.184+0000] {processor.py:153} INFO - Started process (PID=206) to work on /home/airflow/.local/lib/python3.7/site-packages/airflow/example_dags/example_subdag_operator.py
[2023-06-14T09:17:42.186+0000] {processor.py:743} INFO - Processing file /home/airflow/.local/lib/python3.7/site-packages/airflow/example_dags/example_subdag_operator.py for tasks to queue
[2023-06-14T09:17:42.187+0000] {logging_mixin.py:137} INFO - [2023-06-14T09:17:42.187+0000] {dagbag.py:538} INFO - Filling up the DagBag from /home/airflow/.local/lib/python3.7/site-packages/airflow/example_dags/example_subdag_operator.py
[2023-06-14T09:17:42.216+0000] {processor.py:753} INFO - DAG(s) dict_keys(['example_subdag_operator.section-1', 'example_subdag_operator.section-2', 'example_subdag_operator']) retrieved from /home/airflow/.local/lib/python3.7/site-packages/airflow/example_dags/example_subdag_operator.py
[2023-06-14T09:17:42.231+0000] {logging_mixin.py:137} INFO - [2023-06-14T09:17:42.231+0000] {dag.py:2690} INFO - Sync 3 DAGs
[2023-06-14T09:17:42.247+0000] {logging_mixin.py:137} INFO - [2023-06-14T09:17:42.247+0000] {dag.py:3441} INFO - Setting next_dagrun for example_subdag_operator to 2022-01-01T00:00:00+00:00, run_after=2022-01-01T00:00:00+00:00
[2023-06-14T09:17:42.250+0000] {logging_mixin.py:137} INFO - [2023-06-14T09:17:42.250+0000] {dag.py:3441} INFO - Setting next_dagrun for example_subdag_operator.section-1 to None, run_after=None
[2023-06-14T09:17:42.252+0000] {logging_mixin.py:137} INFO - [2023-06-14T09:17:42.252+0000] {dag.py:3441} INFO - Setting next_dagrun for example_subdag_operator.section-2 to None, run_after=None
[2023-06-14T09:17:42.257+0000] {logging_mixin.py:137} INFO - [2023-06-14T09:17:42.257+0000] {dag.py:2690} INFO - Sync 2 DAGs
[2023-06-14T09:17:42.262+0000] {logging_mixin.py:137} INFO - [2023-06-14T09:17:42.262+0000] {dag.py:3441} INFO - Setting next_dagrun for example_subdag_operator.section-1 to None, run_after=None
[2023-06-14T09:17:42.263+0000] {logging_mixin.py:137} INFO - [2023-06-14T09:17:42.263+0000] {dag.py:3441} INFO - Setting next_dagrun for example_subdag_operator.section-2 to None, run_after=None
[2023-06-14T09:17:42.275+0000] {processor.py:175} INFO - Processing /home/airflow/.local/lib/python3.7/site-packages/airflow/example_dags/example_subdag_operator.py took 0.093 seconds
[2023-06-14T09:18:12.667+0000] {processor.py:153} INFO - Started process (PID=270) to work on /home/airflow/.local/lib/python3.7/site-packages/airflow/example_dags/example_subdag_operator.py
[2023-06-14T09:18:12.668+0000] {processor.py:743} INFO - Processing file /home/airflow/.local/lib/python3.7/site-packages/airflow/example_dags/example_subdag_operator.py for tasks to queue
[2023-06-14T09:18:12.669+0000] {logging_mixin.py:137} INFO - [2023-06-14T09:18:12.669+0000] {dagbag.py:538} INFO - Filling up the DagBag from /home/airflow/.local/lib/python3.7/site-packages/airflow/example_dags/example_subdag_operator.py
[2023-06-14T09:18:12.692+0000] {processor.py:753} INFO - DAG(s) dict_keys(['example_subdag_operator.section-1', 'example_subdag_operator.section-2', 'example_subdag_operator']) retrieved from /home/airflow/.local/lib/python3.7/site-packages/airflow/example_dags/example_subdag_operator.py
[2023-06-14T09:18:12.703+0000] {logging_mixin.py:137} INFO - [2023-06-14T09:18:12.703+0000] {dag.py:2690} INFO - Sync 3 DAGs
[2023-06-14T09:18:12.718+0000] {logging_mixin.py:137} INFO - [2023-06-14T09:18:12.718+0000] {dag.py:3441} INFO - Setting next_dagrun for example_subdag_operator to 2022-01-01T00:00:00+00:00, run_after=2022-01-01T00:00:00+00:00
[2023-06-14T09:18:12.721+0000] {logging_mixin.py:137} INFO - [2023-06-14T09:18:12.721+0000] {dag.py:3441} INFO - Setting next_dagrun for example_subdag_operator.section-1 to None, run_after=None
[2023-06-14T09:18:12.722+0000] {logging_mixin.py:137} INFO - [2023-06-14T09:18:12.722+0000] {dag.py:3441} INFO - Setting next_dagrun for example_subdag_operator.section-2 to None, run_after=None
[2023-06-14T09:18:12.726+0000] {logging_mixin.py:137} INFO - [2023-06-14T09:18:12.726+0000] {dag.py:2690} INFO - Sync 2 DAGs
[2023-06-14T09:18:12.730+0000] {logging_mixin.py:137} INFO - [2023-06-14T09:18:12.730+0000] {dag.py:3441} INFO - Setting next_dagrun for example_subdag_operator.section-1 to None, run_after=None
[2023-06-14T09:18:12.730+0000] {logging_mixin.py:137} INFO - [2023-06-14T09:18:12.730+0000] {dag.py:3441} INFO - Setting next_dagrun for example_subdag_operator.section-2 to None, run_after=None
[2023-06-14T09:18:12.736+0000] {processor.py:175} INFO - Processing /home/airflow/.local/lib/python3.7/site-packages/airflow/example_dags/example_subdag_operator.py took 0.072 seconds
[2023-06-14T09:18:42.854+0000] {processor.py:153} INFO - Started process (PID=346) to work on /home/airflow/.local/lib/python3.7/site-packages/airflow/example_dags/example_subdag_operator.py
[2023-06-14T09:18:42.855+0000] {processor.py:743} INFO - Processing file /home/airflow/.local/lib/python3.7/site-packages/airflow/example_dags/example_subdag_operator.py for tasks to queue
[2023-06-14T09:18:42.856+0000] {logging_mixin.py:137} INFO - [2023-06-14T09:18:42.856+0000] {dagbag.py:538} INFO - Filling up the DagBag from /home/airflow/.local/lib/python3.7/site-packages/airflow/example_dags/example_subdag_operator.py
[2023-06-14T09:18:42.879+0000] {processor.py:753} INFO - DAG(s) dict_keys(['example_subdag_operator.section-1', 'example_subdag_operator.section-2', 'example_subdag_operator']) retrieved from /home/airflow/.local/lib/python3.7/site-packages/airflow/example_dags/example_subdag_operator.py
[2023-06-14T09:18:42.890+0000] {logging_mixin.py:137} INFO - [2023-06-14T09:18:42.890+0000] {dag.py:2690} INFO - Sync 3 DAGs
[2023-06-14T09:18:42.905+0000] {logging_mixin.py:137} INFO - [2023-06-14T09:18:42.905+0000] {dag.py:3441} INFO - Setting next_dagrun for example_subdag_operator to 2022-01-01T00:00:00+00:00, run_after=2022-01-01T00:00:00+00:00
[2023-06-14T09:18:42.908+0000] {logging_mixin.py:137} INFO - [2023-06-14T09:18:42.908+0000] {dag.py:3441} INFO - Setting next_dagrun for example_subdag_operator.section-1 to None, run_after=None
[2023-06-14T09:18:42.909+0000] {logging_mixin.py:137} INFO - [2023-06-14T09:18:42.909+0000] {dag.py:3441} INFO - Setting next_dagrun for example_subdag_operator.section-2 to None, run_after=None
[2023-06-14T09:18:42.915+0000] {logging_mixin.py:137} INFO - [2023-06-14T09:18:42.915+0000] {dag.py:2690} INFO - Sync 2 DAGs
[2023-06-14T09:18:42.918+0000] {logging_mixin.py:137} INFO - [2023-06-14T09:18:42.918+0000] {dag.py:3441} INFO - Setting next_dagrun for example_subdag_operator.section-1 to None, run_after=None
[2023-06-14T09:18:42.919+0000] {logging_mixin.py:137} INFO - [2023-06-14T09:18:42.919+0000] {dag.py:3441} INFO - Setting next_dagrun for example_subdag_operator.section-2 to None, run_after=None
[2023-06-14T09:18:42.925+0000] {processor.py:175} INFO - Processing /home/airflow/.local/lib/python3.7/site-packages/airflow/example_dags/example_subdag_operator.py took 0.074 seconds
[2023-06-14T09:19:14.520+0000] {processor.py:153} INFO - Started process (PID=422) to work on /home/airflow/.local/lib/python3.7/site-packages/airflow/example_dags/example_subdag_operator.py
[2023-06-14T09:19:14.522+0000] {processor.py:743} INFO - Processing file /home/airflow/.local/lib/python3.7/site-packages/airflow/example_dags/example_subdag_operator.py for tasks to queue
[2023-06-14T09:19:14.523+0000] {logging_mixin.py:137} INFO - [2023-06-14T09:19:14.523+0000] {dagbag.py:538} INFO - Filling up the DagBag from /home/airflow/.local/lib/python3.7/site-packages/airflow/example_dags/example_subdag_operator.py
[2023-06-14T09:19:14.562+0000] {processor.py:753} INFO - DAG(s) dict_keys(['example_subdag_operator.section-1', 'example_subdag_operator.section-2', 'example_subdag_operator']) retrieved from /home/airflow/.local/lib/python3.7/site-packages/airflow/example_dags/example_subdag_operator.py
[2023-06-14T09:19:14.576+0000] {logging_mixin.py:137} INFO - [2023-06-14T09:19:14.576+0000] {dag.py:2690} INFO - Sync 3 DAGs
[2023-06-14T09:19:14.600+0000] {logging_mixin.py:137} INFO - [2023-06-14T09:19:14.599+0000] {dag.py:3441} INFO - Setting next_dagrun for example_subdag_operator to 2022-01-01T00:00:00+00:00, run_after=2022-01-01T00:00:00+00:00
[2023-06-14T09:19:14.602+0000] {logging_mixin.py:137} INFO - [2023-06-14T09:19:14.602+0000] {dag.py:3441} INFO - Setting next_dagrun for example_subdag_operator.section-1 to None, run_after=None
[2023-06-14T09:19:14.603+0000] {logging_mixin.py:137} INFO - [2023-06-14T09:19:14.603+0000] {dag.py:3441} INFO - Setting next_dagrun for example_subdag_operator.section-2 to None, run_after=None
[2023-06-14T09:19:14.610+0000] {logging_mixin.py:137} INFO - [2023-06-14T09:19:14.610+0000] {dag.py:2690} INFO - Sync 2 DAGs
[2023-06-14T09:19:14.615+0000] {logging_mixin.py:137} INFO - [2023-06-14T09:19:14.615+0000] {dag.py:3441} INFO - Setting next_dagrun for example_subdag_operator.section-1 to None, run_after=None
[2023-06-14T09:19:14.615+0000] {logging_mixin.py:137} INFO - [2023-06-14T09:19:14.615+0000] {dag.py:3441} INFO - Setting next_dagrun for example_subdag_operator.section-2 to None, run_after=None
[2023-06-14T09:19:14.622+0000] {processor.py:175} INFO - Processing /home/airflow/.local/lib/python3.7/site-packages/airflow/example_dags/example_subdag_operator.py took 0.105 seconds
[2023-06-14T09:19:45.679+0000] {processor.py:153} INFO - Started process (PID=487) to work on /home/airflow/.local/lib/python3.7/site-packages/airflow/example_dags/example_subdag_operator.py
[2023-06-14T09:19:45.686+0000] {processor.py:743} INFO - Processing file /home/airflow/.local/lib/python3.7/site-packages/airflow/example_dags/example_subdag_operator.py for tasks to queue
[2023-06-14T09:19:45.688+0000] {logging_mixin.py:137} INFO - [2023-06-14T09:19:45.688+0000] {dagbag.py:538} INFO - Filling up the DagBag from /home/airflow/.local/lib/python3.7/site-packages/airflow/example_dags/example_subdag_operator.py
[2023-06-14T09:19:45.753+0000] {processor.py:753} INFO - DAG(s) dict_keys(['example_subdag_operator.section-1', 'example_subdag_operator.section-2', 'example_subdag_operator']) retrieved from /home/airflow/.local/lib/python3.7/site-packages/airflow/example_dags/example_subdag_operator.py
[2023-06-14T09:19:45.768+0000] {logging_mixin.py:137} INFO - [2023-06-14T09:19:45.768+0000] {dag.py:2690} INFO - Sync 3 DAGs
[2023-06-14T09:19:45.800+0000] {logging_mixin.py:137} INFO - [2023-06-14T09:19:45.799+0000] {dag.py:3441} INFO - Setting next_dagrun for example_subdag_operator to 2022-01-01T00:00:00+00:00, run_after=2022-01-01T00:00:00+00:00
[2023-06-14T09:19:45.803+0000] {logging_mixin.py:137} INFO - [2023-06-14T09:19:45.802+0000] {dag.py:3441} INFO - Setting next_dagrun for example_subdag_operator.section-1 to None, run_after=None
[2023-06-14T09:19:45.808+0000] {logging_mixin.py:137} INFO - [2023-06-14T09:19:45.808+0000] {dag.py:3441} INFO - Setting next_dagrun for example_subdag_operator.section-2 to None, run_after=None
[2023-06-14T09:19:45.815+0000] {logging_mixin.py:137} INFO - [2023-06-14T09:19:45.815+0000] {dag.py:2690} INFO - Sync 2 DAGs
[2023-06-14T09:19:45.822+0000] {logging_mixin.py:137} INFO - [2023-06-14T09:19:45.822+0000] {dag.py:3441} INFO - Setting next_dagrun for example_subdag_operator.section-1 to None, run_after=None
[2023-06-14T09:19:45.823+0000] {logging_mixin.py:137} INFO - [2023-06-14T09:19:45.823+0000] {dag.py:3441} INFO - Setting next_dagrun for example_subdag_operator.section-2 to None, run_after=None
[2023-06-14T09:19:45.837+0000] {processor.py:175} INFO - Processing /home/airflow/.local/lib/python3.7/site-packages/airflow/example_dags/example_subdag_operator.py took 0.161 seconds
[2023-06-14T09:20:18.681+0000] {processor.py:153} INFO - Started process (PID=564) to work on /home/airflow/.local/lib/python3.7/site-packages/airflow/example_dags/example_subdag_operator.py
[2023-06-14T09:20:18.683+0000] {processor.py:743} INFO - Processing file /home/airflow/.local/lib/python3.7/site-packages/airflow/example_dags/example_subdag_operator.py for tasks to queue
[2023-06-14T09:20:18.684+0000] {logging_mixin.py:137} INFO - [2023-06-14T09:20:18.684+0000] {dagbag.py:538} INFO - Filling up the DagBag from /home/airflow/.local/lib/python3.7/site-packages/airflow/example_dags/example_subdag_operator.py
[2023-06-14T09:20:18.758+0000] {processor.py:753} INFO - DAG(s) dict_keys(['example_subdag_operator.section-1', 'example_subdag_operator.section-2', 'example_subdag_operator']) retrieved from /home/airflow/.local/lib/python3.7/site-packages/airflow/example_dags/example_subdag_operator.py
[2023-06-14T09:20:18.786+0000] {logging_mixin.py:137} INFO - [2023-06-14T09:20:18.786+0000] {dag.py:2690} INFO - Sync 3 DAGs
[2023-06-14T09:20:18.814+0000] {logging_mixin.py:137} INFO - [2023-06-14T09:20:18.814+0000] {dag.py:3441} INFO - Setting next_dagrun for example_subdag_operator to 2022-01-01T00:00:00+00:00, run_after=2022-01-01T00:00:00+00:00
[2023-06-14T09:20:18.820+0000] {logging_mixin.py:137} INFO - [2023-06-14T09:20:18.820+0000] {dag.py:3441} INFO - Setting next_dagrun for example_subdag_operator.section-1 to None, run_after=None
[2023-06-14T09:20:18.823+0000] {logging_mixin.py:137} INFO - [2023-06-14T09:20:18.823+0000] {dag.py:3441} INFO - Setting next_dagrun for example_subdag_operator.section-2 to None, run_after=None
[2023-06-14T09:20:18.839+0000] {logging_mixin.py:137} INFO - [2023-06-14T09:20:18.838+0000] {dag.py:2690} INFO - Sync 2 DAGs
[2023-06-14T09:20:18.852+0000] {logging_mixin.py:137} INFO - [2023-06-14T09:20:18.852+0000] {dag.py:3441} INFO - Setting next_dagrun for example_subdag_operator.section-1 to None, run_after=None
[2023-06-14T09:20:18.854+0000] {logging_mixin.py:137} INFO - [2023-06-14T09:20:18.854+0000] {dag.py:3441} INFO - Setting next_dagrun for example_subdag_operator.section-2 to None, run_after=None
[2023-06-14T09:20:18.935+0000] {processor.py:175} INFO - Processing /home/airflow/.local/lib/python3.7/site-packages/airflow/example_dags/example_subdag_operator.py took 0.257 seconds
[2023-06-14T09:20:49.600+0000] {processor.py:153} INFO - Started process (PID=627) to work on /home/airflow/.local/lib/python3.7/site-packages/airflow/example_dags/example_subdag_operator.py
[2023-06-14T09:20:49.601+0000] {processor.py:743} INFO - Processing file /home/airflow/.local/lib/python3.7/site-packages/airflow/example_dags/example_subdag_operator.py for tasks to queue
[2023-06-14T09:20:49.603+0000] {logging_mixin.py:137} INFO - [2023-06-14T09:20:49.602+0000] {dagbag.py:538} INFO - Filling up the DagBag from /home/airflow/.local/lib/python3.7/site-packages/airflow/example_dags/example_subdag_operator.py
[2023-06-14T09:20:49.635+0000] {processor.py:753} INFO - DAG(s) dict_keys(['example_subdag_operator.section-1', 'example_subdag_operator.section-2', 'example_subdag_operator']) retrieved from /home/airflow/.local/lib/python3.7/site-packages/airflow/example_dags/example_subdag_operator.py
[2023-06-14T09:20:49.650+0000] {logging_mixin.py:137} INFO - [2023-06-14T09:20:49.650+0000] {dag.py:2690} INFO - Sync 3 DAGs
[2023-06-14T09:20:49.671+0000] {logging_mixin.py:137} INFO - [2023-06-14T09:20:49.671+0000] {dag.py:3441} INFO - Setting next_dagrun for example_subdag_operator to 2022-01-01T00:00:00+00:00, run_after=2022-01-01T00:00:00+00:00
[2023-06-14T09:20:49.681+0000] {logging_mixin.py:137} INFO - [2023-06-14T09:20:49.681+0000] {dag.py:3441} INFO - Setting next_dagrun for example_subdag_operator.section-1 to None, run_after=None
[2023-06-14T09:20:49.682+0000] {logging_mixin.py:137} INFO - [2023-06-14T09:20:49.682+0000] {dag.py:3441} INFO - Setting next_dagrun for example_subdag_operator.section-2 to None, run_after=None
[2023-06-14T09:20:49.689+0000] {logging_mixin.py:137} INFO - [2023-06-14T09:20:49.689+0000] {dag.py:2690} INFO - Sync 2 DAGs
[2023-06-14T09:20:49.694+0000] {logging_mixin.py:137} INFO - [2023-06-14T09:20:49.693+0000] {dag.py:3441} INFO - Setting next_dagrun for example_subdag_operator.section-1 to None, run_after=None
[2023-06-14T09:20:49.694+0000] {logging_mixin.py:137} INFO - [2023-06-14T09:20:49.694+0000] {dag.py:3441} INFO - Setting next_dagrun for example_subdag_operator.section-2 to None, run_after=None
[2023-06-14T09:20:49.702+0000] {processor.py:175} INFO - Processing /home/airflow/.local/lib/python3.7/site-packages/airflow/example_dags/example_subdag_operator.py took 0.105 seconds
[2023-06-14T09:21:19.819+0000] {processor.py:153} INFO - Started process (PID=691) to work on /home/airflow/.local/lib/python3.7/site-packages/airflow/example_dags/example_subdag_operator.py
[2023-06-14T09:21:19.820+0000] {processor.py:743} INFO - Processing file /home/airflow/.local/lib/python3.7/site-packages/airflow/example_dags/example_subdag_operator.py for tasks to queue
[2023-06-14T09:21:19.820+0000] {logging_mixin.py:137} INFO - [2023-06-14T09:21:19.820+0000] {dagbag.py:538} INFO - Filling up the DagBag from /home/airflow/.local/lib/python3.7/site-packages/airflow/example_dags/example_subdag_operator.py
[2023-06-14T09:21:19.842+0000] {processor.py:753} INFO - DAG(s) dict_keys(['example_subdag_operator.section-1', 'example_subdag_operator.section-2', 'example_subdag_operator']) retrieved from /home/airflow/.local/lib/python3.7/site-packages/airflow/example_dags/example_subdag_operator.py
[2023-06-14T09:21:19.854+0000] {logging_mixin.py:137} INFO - [2023-06-14T09:21:19.854+0000] {dag.py:2690} INFO - Sync 3 DAGs
[2023-06-14T09:21:19.868+0000] {logging_mixin.py:137} INFO - [2023-06-14T09:21:19.868+0000] {dag.py:3441} INFO - Setting next_dagrun for example_subdag_operator to 2022-01-01T00:00:00+00:00, run_after=2022-01-01T00:00:00+00:00
[2023-06-14T09:21:19.870+0000] {logging_mixin.py:137} INFO - [2023-06-14T09:21:19.870+0000] {dag.py:3441} INFO - Setting next_dagrun for example_subdag_operator.section-1 to None, run_after=None
[2023-06-14T09:21:19.871+0000] {logging_mixin.py:137} INFO - [2023-06-14T09:21:19.871+0000] {dag.py:3441} INFO - Setting next_dagrun for example_subdag_operator.section-2 to None, run_after=None
[2023-06-14T09:21:19.875+0000] {logging_mixin.py:137} INFO - [2023-06-14T09:21:19.875+0000] {dag.py:2690} INFO - Sync 2 DAGs
[2023-06-14T09:21:19.878+0000] {logging_mixin.py:137} INFO - [2023-06-14T09:21:19.878+0000] {dag.py:3441} INFO - Setting next_dagrun for example_subdag_operator.section-1 to None, run_after=None
[2023-06-14T09:21:19.879+0000] {logging_mixin.py:137} INFO - [2023-06-14T09:21:19.879+0000] {dag.py:3441} INFO - Setting next_dagrun for example_subdag_operator.section-2 to None, run_after=None
[2023-06-14T09:21:19.885+0000] {processor.py:175} INFO - Processing /home/airflow/.local/lib/python3.7/site-packages/airflow/example_dags/example_subdag_operator.py took 0.069 seconds
[2023-06-14T09:21:50.281+0000] {processor.py:153} INFO - Started process (PID=767) to work on /home/airflow/.local/lib/python3.7/site-packages/airflow/example_dags/example_subdag_operator.py
[2023-06-14T09:21:50.282+0000] {processor.py:743} INFO - Processing file /home/airflow/.local/lib/python3.7/site-packages/airflow/example_dags/example_subdag_operator.py for tasks to queue
[2023-06-14T09:21:50.283+0000] {logging_mixin.py:137} INFO - [2023-06-14T09:21:50.283+0000] {dagbag.py:538} INFO - Filling up the DagBag from /home/airflow/.local/lib/python3.7/site-packages/airflow/example_dags/example_subdag_operator.py
[2023-06-14T09:21:50.308+0000] {processor.py:753} INFO - DAG(s) dict_keys(['example_subdag_operator.section-1', 'example_subdag_operator.section-2', 'example_subdag_operator']) retrieved from /home/airflow/.local/lib/python3.7/site-packages/airflow/example_dags/example_subdag_operator.py
[2023-06-14T09:21:50.320+0000] {logging_mixin.py:137} INFO - [2023-06-14T09:21:50.320+0000] {dag.py:2690} INFO - Sync 3 DAGs
[2023-06-14T09:21:50.335+0000] {logging_mixin.py:137} INFO - [2023-06-14T09:21:50.335+0000] {dag.py:3441} INFO - Setting next_dagrun for example_subdag_operator to 2022-01-01T00:00:00+00:00, run_after=2022-01-01T00:00:00+00:00
[2023-06-14T09:21:50.338+0000] {logging_mixin.py:137} INFO - [2023-06-14T09:21:50.338+0000] {dag.py:3441} INFO - Setting next_dagrun for example_subdag_operator.section-1 to None, run_after=None
[2023-06-14T09:21:50.340+0000] {logging_mixin.py:137} INFO - [2023-06-14T09:21:50.340+0000] {dag.py:3441} INFO - Setting next_dagrun for example_subdag_operator.section-2 to None, run_after=None
[2023-06-14T09:21:50.345+0000] {logging_mixin.py:137} INFO - [2023-06-14T09:21:50.344+0000] {dag.py:2690} INFO - Sync 2 DAGs
[2023-06-14T09:21:50.348+0000] {logging_mixin.py:137} INFO - [2023-06-14T09:21:50.348+0000] {dag.py:3441} INFO - Setting next_dagrun for example_subdag_operator.section-1 to None, run_after=None
[2023-06-14T09:21:50.348+0000] {logging_mixin.py:137} INFO - [2023-06-14T09:21:50.348+0000] {dag.py:3441} INFO - Setting next_dagrun for example_subdag_operator.section-2 to None, run_after=None
[2023-06-14T09:21:50.355+0000] {processor.py:175} INFO - Processing /home/airflow/.local/lib/python3.7/site-packages/airflow/example_dags/example_subdag_operator.py took 0.076 seconds
[2023-06-14T09:22:20.743+0000] {processor.py:153} INFO - Started process (PID=844) to work on /home/airflow/.local/lib/python3.7/site-packages/airflow/example_dags/example_subdag_operator.py
[2023-06-14T09:22:20.744+0000] {processor.py:743} INFO - Processing file /home/airflow/.local/lib/python3.7/site-packages/airflow/example_dags/example_subdag_operator.py for tasks to queue
[2023-06-14T09:22:20.745+0000] {logging_mixin.py:137} INFO - [2023-06-14T09:22:20.745+0000] {dagbag.py:538} INFO - Filling up the DagBag from /home/airflow/.local/lib/python3.7/site-packages/airflow/example_dags/example_subdag_operator.py
[2023-06-14T09:22:20.772+0000] {processor.py:753} INFO - DAG(s) dict_keys(['example_subdag_operator.section-1', 'example_subdag_operator.section-2', 'example_subdag_operator']) retrieved from /home/airflow/.local/lib/python3.7/site-packages/airflow/example_dags/example_subdag_operator.py
[2023-06-14T09:22:20.785+0000] {logging_mixin.py:137} INFO - [2023-06-14T09:22:20.785+0000] {dag.py:2690} INFO - Sync 3 DAGs
[2023-06-14T09:22:20.802+0000] {logging_mixin.py:137} INFO - [2023-06-14T09:22:20.802+0000] {dag.py:3441} INFO - Setting next_dagrun for example_subdag_operator to 2022-01-01T00:00:00+00:00, run_after=2022-01-01T00:00:00+00:00
[2023-06-14T09:22:20.806+0000] {logging_mixin.py:137} INFO - [2023-06-14T09:22:20.806+0000] {dag.py:3441} INFO - Setting next_dagrun for example_subdag_operator.section-1 to None, run_after=None
[2023-06-14T09:22:20.807+0000] {logging_mixin.py:137} INFO - [2023-06-14T09:22:20.807+0000] {dag.py:3441} INFO - Setting next_dagrun for example_subdag_operator.section-2 to None, run_after=None
[2023-06-14T09:22:20.812+0000] {logging_mixin.py:137} INFO - [2023-06-14T09:22:20.812+0000] {dag.py:2690} INFO - Sync 2 DAGs
[2023-06-14T09:22:20.817+0000] {logging_mixin.py:137} INFO - [2023-06-14T09:22:20.817+0000] {dag.py:3441} INFO - Setting next_dagrun for example_subdag_operator.section-1 to None, run_after=None
[2023-06-14T09:22:20.817+0000] {logging_mixin.py:137} INFO - [2023-06-14T09:22:20.817+0000] {dag.py:3441} INFO - Setting next_dagrun for example_subdag_operator.section-2 to None, run_after=None
[2023-06-14T09:22:20.825+0000] {processor.py:175} INFO - Processing /home/airflow/.local/lib/python3.7/site-packages/airflow/example_dags/example_subdag_operator.py took 0.085 seconds
[2023-06-14T09:22:50.939+0000] {processor.py:153} INFO - Started process (PID=908) to work on /home/airflow/.local/lib/python3.7/site-packages/airflow/example_dags/example_subdag_operator.py
[2023-06-14T09:22:50.940+0000] {processor.py:743} INFO - Processing file /home/airflow/.local/lib/python3.7/site-packages/airflow/example_dags/example_subdag_operator.py for tasks to queue
[2023-06-14T09:22:50.941+0000] {logging_mixin.py:137} INFO - [2023-06-14T09:22:50.941+0000] {dagbag.py:538} INFO - Filling up the DagBag from /home/airflow/.local/lib/python3.7/site-packages/airflow/example_dags/example_subdag_operator.py
[2023-06-14T09:22:50.967+0000] {processor.py:753} INFO - DAG(s) dict_keys(['example_subdag_operator.section-1', 'example_subdag_operator.section-2', 'example_subdag_operator']) retrieved from /home/airflow/.local/lib/python3.7/site-packages/airflow/example_dags/example_subdag_operator.py
[2023-06-14T09:22:50.979+0000] {logging_mixin.py:137} INFO - [2023-06-14T09:22:50.979+0000] {dag.py:2690} INFO - Sync 3 DAGs
[2023-06-14T09:22:50.996+0000] {logging_mixin.py:137} INFO - [2023-06-14T09:22:50.996+0000] {dag.py:3441} INFO - Setting next_dagrun for example_subdag_operator to 2022-01-01T00:00:00+00:00, run_after=2022-01-01T00:00:00+00:00
[2023-06-14T09:22:50.998+0000] {logging_mixin.py:137} INFO - [2023-06-14T09:22:50.998+0000] {dag.py:3441} INFO - Setting next_dagrun for example_subdag_operator.section-1 to None, run_after=None
[2023-06-14T09:22:50.999+0000] {logging_mixin.py:137} INFO - [2023-06-14T09:22:50.999+0000] {dag.py:3441} INFO - Setting next_dagrun for example_subdag_operator.section-2 to None, run_after=None
[2023-06-14T09:22:51.005+0000] {logging_mixin.py:137} INFO - [2023-06-14T09:22:51.005+0000] {dag.py:2690} INFO - Sync 2 DAGs
[2023-06-14T09:22:51.009+0000] {logging_mixin.py:137} INFO - [2023-06-14T09:22:51.008+0000] {dag.py:3441} INFO - Setting next_dagrun for example_subdag_operator.section-1 to None, run_after=None
[2023-06-14T09:22:51.009+0000] {logging_mixin.py:137} INFO - [2023-06-14T09:22:51.009+0000] {dag.py:3441} INFO - Setting next_dagrun for example_subdag_operator.section-2 to None, run_after=None
[2023-06-14T09:22:51.015+0000] {processor.py:175} INFO - Processing /home/airflow/.local/lib/python3.7/site-packages/airflow/example_dags/example_subdag_operator.py took 0.080 seconds
[2023-06-14T09:23:21.210+0000] {processor.py:153} INFO - Started process (PID=983) to work on /home/airflow/.local/lib/python3.7/site-packages/airflow/example_dags/example_subdag_operator.py
[2023-06-14T09:23:21.212+0000] {processor.py:743} INFO - Processing file /home/airflow/.local/lib/python3.7/site-packages/airflow/example_dags/example_subdag_operator.py for tasks to queue
[2023-06-14T09:23:21.213+0000] {logging_mixin.py:137} INFO - [2023-06-14T09:23:21.212+0000] {dagbag.py:538} INFO - Filling up the DagBag from /home/airflow/.local/lib/python3.7/site-packages/airflow/example_dags/example_subdag_operator.py
[2023-06-14T09:23:21.238+0000] {processor.py:753} INFO - DAG(s) dict_keys(['example_subdag_operator.section-1', 'example_subdag_operator.section-2', 'example_subdag_operator']) retrieved from /home/airflow/.local/lib/python3.7/site-packages/airflow/example_dags/example_subdag_operator.py
[2023-06-14T09:23:21.251+0000] {logging_mixin.py:137} INFO - [2023-06-14T09:23:21.250+0000] {dag.py:2690} INFO - Sync 3 DAGs
[2023-06-14T09:23:21.267+0000] {logging_mixin.py:137} INFO - [2023-06-14T09:23:21.267+0000] {dag.py:3441} INFO - Setting next_dagrun for example_subdag_operator to 2022-01-01T00:00:00+00:00, run_after=2022-01-01T00:00:00+00:00
[2023-06-14T09:23:21.270+0000] {logging_mixin.py:137} INFO - [2023-06-14T09:23:21.270+0000] {dag.py:3441} INFO - Setting next_dagrun for example_subdag_operator.section-1 to None, run_after=None
[2023-06-14T09:23:21.272+0000] {logging_mixin.py:137} INFO - [2023-06-14T09:23:21.272+0000] {dag.py:3441} INFO - Setting next_dagrun for example_subdag_operator.section-2 to None, run_after=None
[2023-06-14T09:23:21.278+0000] {logging_mixin.py:137} INFO - [2023-06-14T09:23:21.278+0000] {dag.py:2690} INFO - Sync 2 DAGs
[2023-06-14T09:23:21.281+0000] {logging_mixin.py:137} INFO - [2023-06-14T09:23:21.281+0000] {dag.py:3441} INFO - Setting next_dagrun for example_subdag_operator.section-1 to None, run_after=None
[2023-06-14T09:23:21.282+0000] {logging_mixin.py:137} INFO - [2023-06-14T09:23:21.282+0000] {dag.py:3441} INFO - Setting next_dagrun for example_subdag_operator.section-2 to None, run_after=None
[2023-06-14T09:23:21.289+0000] {processor.py:175} INFO - Processing /home/airflow/.local/lib/python3.7/site-packages/airflow/example_dags/example_subdag_operator.py took 0.081 seconds
[2023-06-14T09:23:51.627+0000] {processor.py:153} INFO - Started process (PID=1059) to work on /home/airflow/.local/lib/python3.7/site-packages/airflow/example_dags/example_subdag_operator.py
[2023-06-14T09:23:51.629+0000] {processor.py:743} INFO - Processing file /home/airflow/.local/lib/python3.7/site-packages/airflow/example_dags/example_subdag_operator.py for tasks to queue
[2023-06-14T09:23:51.630+0000] {logging_mixin.py:137} INFO - [2023-06-14T09:23:51.630+0000] {dagbag.py:538} INFO - Filling up the DagBag from /home/airflow/.local/lib/python3.7/site-packages/airflow/example_dags/example_subdag_operator.py
[2023-06-14T09:23:51.655+0000] {processor.py:753} INFO - DAG(s) dict_keys(['example_subdag_operator.section-1', 'example_subdag_operator.section-2', 'example_subdag_operator']) retrieved from /home/airflow/.local/lib/python3.7/site-packages/airflow/example_dags/example_subdag_operator.py
[2023-06-14T09:23:51.670+0000] {logging_mixin.py:137} INFO - [2023-06-14T09:23:51.670+0000] {dag.py:2690} INFO - Sync 3 DAGs
[2023-06-14T09:23:51.686+0000] {logging_mixin.py:137} INFO - [2023-06-14T09:23:51.686+0000] {dag.py:3441} INFO - Setting next_dagrun for example_subdag_operator to 2022-01-01T00:00:00+00:00, run_after=2022-01-01T00:00:00+00:00
[2023-06-14T09:23:51.689+0000] {logging_mixin.py:137} INFO - [2023-06-14T09:23:51.689+0000] {dag.py:3441} INFO - Setting next_dagrun for example_subdag_operator.section-1 to None, run_after=None
[2023-06-14T09:23:51.690+0000] {logging_mixin.py:137} INFO - [2023-06-14T09:23:51.690+0000] {dag.py:3441} INFO - Setting next_dagrun for example_subdag_operator.section-2 to None, run_after=None
[2023-06-14T09:23:51.696+0000] {logging_mixin.py:137} INFO - [2023-06-14T09:23:51.695+0000] {dag.py:2690} INFO - Sync 2 DAGs
[2023-06-14T09:23:51.701+0000] {logging_mixin.py:137} INFO - [2023-06-14T09:23:51.701+0000] {dag.py:3441} INFO - Setting next_dagrun for example_subdag_operator.section-1 to None, run_after=None
[2023-06-14T09:23:51.702+0000] {logging_mixin.py:137} INFO - [2023-06-14T09:23:51.702+0000] {dag.py:3441} INFO - Setting next_dagrun for example_subdag_operator.section-2 to None, run_after=None
[2023-06-14T09:23:51.720+0000] {processor.py:175} INFO - Processing /home/airflow/.local/lib/python3.7/site-packages/airflow/example_dags/example_subdag_operator.py took 0.095 seconds
[2023-06-14T09:24:22.249+0000] {processor.py:153} INFO - Started process (PID=1123) to work on /home/airflow/.local/lib/python3.7/site-packages/airflow/example_dags/example_subdag_operator.py
[2023-06-14T09:24:22.250+0000] {processor.py:743} INFO - Processing file /home/airflow/.local/lib/python3.7/site-packages/airflow/example_dags/example_subdag_operator.py for tasks to queue
[2023-06-14T09:24:22.252+0000] {logging_mixin.py:137} INFO - [2023-06-14T09:24:22.251+0000] {dagbag.py:538} INFO - Filling up the DagBag from /home/airflow/.local/lib/python3.7/site-packages/airflow/example_dags/example_subdag_operator.py
[2023-06-14T09:24:22.281+0000] {processor.py:753} INFO - DAG(s) dict_keys(['example_subdag_operator.section-1', 'example_subdag_operator.section-2', 'example_subdag_operator']) retrieved from /home/airflow/.local/lib/python3.7/site-packages/airflow/example_dags/example_subdag_operator.py
[2023-06-14T09:24:22.298+0000] {logging_mixin.py:137} INFO - [2023-06-14T09:24:22.298+0000] {dag.py:2690} INFO - Sync 3 DAGs
[2023-06-14T09:24:22.325+0000] {logging_mixin.py:137} INFO - [2023-06-14T09:24:22.325+0000] {dag.py:3441} INFO - Setting next_dagrun for example_subdag_operator to 2022-01-01T00:00:00+00:00, run_after=2022-01-01T00:00:00+00:00
[2023-06-14T09:24:22.330+0000] {logging_mixin.py:137} INFO - [2023-06-14T09:24:22.329+0000] {dag.py:3441} INFO - Setting next_dagrun for example_subdag_operator.section-1 to None, run_after=None
[2023-06-14T09:24:22.331+0000] {logging_mixin.py:137} INFO - [2023-06-14T09:24:22.331+0000] {dag.py:3441} INFO - Setting next_dagrun for example_subdag_operator.section-2 to None, run_after=None
[2023-06-14T09:24:22.337+0000] {logging_mixin.py:137} INFO - [2023-06-14T09:24:22.336+0000] {dag.py:2690} INFO - Sync 2 DAGs
[2023-06-14T09:24:22.342+0000] {logging_mixin.py:137} INFO - [2023-06-14T09:24:22.342+0000] {dag.py:3441} INFO - Setting next_dagrun for example_subdag_operator.section-1 to None, run_after=None
[2023-06-14T09:24:22.343+0000] {logging_mixin.py:137} INFO - [2023-06-14T09:24:22.343+0000] {dag.py:3441} INFO - Setting next_dagrun for example_subdag_operator.section-2 to None, run_after=None
[2023-06-14T09:24:22.352+0000] {processor.py:175} INFO - Processing /home/airflow/.local/lib/python3.7/site-packages/airflow/example_dags/example_subdag_operator.py took 0.107 seconds
[2023-06-14T09:24:52.695+0000] {processor.py:153} INFO - Started process (PID=1199) to work on /home/airflow/.local/lib/python3.7/site-packages/airflow/example_dags/example_subdag_operator.py
[2023-06-14T09:24:52.696+0000] {processor.py:743} INFO - Processing file /home/airflow/.local/lib/python3.7/site-packages/airflow/example_dags/example_subdag_operator.py for tasks to queue
[2023-06-14T09:24:52.697+0000] {logging_mixin.py:137} INFO - [2023-06-14T09:24:52.697+0000] {dagbag.py:538} INFO - Filling up the DagBag from /home/airflow/.local/lib/python3.7/site-packages/airflow/example_dags/example_subdag_operator.py
[2023-06-14T09:24:52.721+0000] {processor.py:753} INFO - DAG(s) dict_keys(['example_subdag_operator.section-1', 'example_subdag_operator.section-2', 'example_subdag_operator']) retrieved from /home/airflow/.local/lib/python3.7/site-packages/airflow/example_dags/example_subdag_operator.py
[2023-06-14T09:24:52.733+0000] {logging_mixin.py:137} INFO - [2023-06-14T09:24:52.733+0000] {dag.py:2690} INFO - Sync 3 DAGs
[2023-06-14T09:24:52.749+0000] {logging_mixin.py:137} INFO - [2023-06-14T09:24:52.749+0000] {dag.py:3441} INFO - Setting next_dagrun for example_subdag_operator to 2022-01-01T00:00:00+00:00, run_after=2022-01-01T00:00:00+00:00
[2023-06-14T09:24:52.751+0000] {logging_mixin.py:137} INFO - [2023-06-14T09:24:52.751+0000] {dag.py:3441} INFO - Setting next_dagrun for example_subdag_operator.section-1 to None, run_after=None
[2023-06-14T09:24:52.752+0000] {logging_mixin.py:137} INFO - [2023-06-14T09:24:52.752+0000] {dag.py:3441} INFO - Setting next_dagrun for example_subdag_operator.section-2 to None, run_after=None
[2023-06-14T09:24:52.757+0000] {logging_mixin.py:137} INFO - [2023-06-14T09:24:52.757+0000] {dag.py:2690} INFO - Sync 2 DAGs
[2023-06-14T09:24:52.761+0000] {logging_mixin.py:137} INFO - [2023-06-14T09:24:52.761+0000] {dag.py:3441} INFO - Setting next_dagrun for example_subdag_operator.section-1 to None, run_after=None
[2023-06-14T09:24:52.762+0000] {logging_mixin.py:137} INFO - [2023-06-14T09:24:52.762+0000] {dag.py:3441} INFO - Setting next_dagrun for example_subdag_operator.section-2 to None, run_after=None
[2023-06-14T09:24:52.768+0000] {processor.py:175} INFO - Processing /home/airflow/.local/lib/python3.7/site-packages/airflow/example_dags/example_subdag_operator.py took 0.076 seconds
[2023-06-14T09:25:22.865+0000] {processor.py:153} INFO - Started process (PID=1273) to work on /home/airflow/.local/lib/python3.7/site-packages/airflow/example_dags/example_subdag_operator.py
[2023-06-14T09:25:22.866+0000] {processor.py:743} INFO - Processing file /home/airflow/.local/lib/python3.7/site-packages/airflow/example_dags/example_subdag_operator.py for tasks to queue
[2023-06-14T09:25:22.867+0000] {logging_mixin.py:137} INFO - [2023-06-14T09:25:22.866+0000] {dagbag.py:538} INFO - Filling up the DagBag from /home/airflow/.local/lib/python3.7/site-packages/airflow/example_dags/example_subdag_operator.py
[2023-06-14T09:25:22.889+0000] {processor.py:753} INFO - DAG(s) dict_keys(['example_subdag_operator.section-1', 'example_subdag_operator.section-2', 'example_subdag_operator']) retrieved from /home/airflow/.local/lib/python3.7/site-packages/airflow/example_dags/example_subdag_operator.py
[2023-06-14T09:25:22.900+0000] {logging_mixin.py:137} INFO - [2023-06-14T09:25:22.900+0000] {dag.py:2690} INFO - Sync 3 DAGs
[2023-06-14T09:25:22.914+0000] {logging_mixin.py:137} INFO - [2023-06-14T09:25:22.914+0000] {dag.py:3441} INFO - Setting next_dagrun for example_subdag_operator to 2022-01-01T00:00:00+00:00, run_after=2022-01-01T00:00:00+00:00
[2023-06-14T09:25:22.916+0000] {logging_mixin.py:137} INFO - [2023-06-14T09:25:22.916+0000] {dag.py:3441} INFO - Setting next_dagrun for example_subdag_operator.section-1 to None, run_after=None
[2023-06-14T09:25:22.917+0000] {logging_mixin.py:137} INFO - [2023-06-14T09:25:22.917+0000] {dag.py:3441} INFO - Setting next_dagrun for example_subdag_operator.section-2 to None, run_after=None
[2023-06-14T09:25:22.921+0000] {logging_mixin.py:137} INFO - [2023-06-14T09:25:22.921+0000] {dag.py:2690} INFO - Sync 2 DAGs
[2023-06-14T09:25:22.924+0000] {logging_mixin.py:137} INFO - [2023-06-14T09:25:22.924+0000] {dag.py:3441} INFO - Setting next_dagrun for example_subdag_operator.section-1 to None, run_after=None
[2023-06-14T09:25:22.925+0000] {logging_mixin.py:137} INFO - [2023-06-14T09:25:22.925+0000] {dag.py:3441} INFO - Setting next_dagrun for example_subdag_operator.section-2 to None, run_after=None
[2023-06-14T09:25:22.931+0000] {processor.py:175} INFO - Processing /home/airflow/.local/lib/python3.7/site-packages/airflow/example_dags/example_subdag_operator.py took 0.068 seconds
[2023-06-14T09:25:53.162+0000] {processor.py:153} INFO - Started process (PID=1338) to work on /home/airflow/.local/lib/python3.7/site-packages/airflow/example_dags/example_subdag_operator.py
[2023-06-14T09:25:53.163+0000] {processor.py:743} INFO - Processing file /home/airflow/.local/lib/python3.7/site-packages/airflow/example_dags/example_subdag_operator.py for tasks to queue
[2023-06-14T09:25:53.164+0000] {logging_mixin.py:137} INFO - [2023-06-14T09:25:53.164+0000] {dagbag.py:538} INFO - Filling up the DagBag from /home/airflow/.local/lib/python3.7/site-packages/airflow/example_dags/example_subdag_operator.py
[2023-06-14T09:25:53.188+0000] {processor.py:753} INFO - DAG(s) dict_keys(['example_subdag_operator.section-1', 'example_subdag_operator.section-2', 'example_subdag_operator']) retrieved from /home/airflow/.local/lib/python3.7/site-packages/airflow/example_dags/example_subdag_operator.py
[2023-06-14T09:25:53.200+0000] {logging_mixin.py:137} INFO - [2023-06-14T09:25:53.200+0000] {dag.py:2690} INFO - Sync 3 DAGs
[2023-06-14T09:25:53.215+0000] {logging_mixin.py:137} INFO - [2023-06-14T09:25:53.215+0000] {dag.py:3441} INFO - Setting next_dagrun for example_subdag_operator to 2022-01-01T00:00:00+00:00, run_after=2022-01-01T00:00:00+00:00
[2023-06-14T09:25:53.217+0000] {logging_mixin.py:137} INFO - [2023-06-14T09:25:53.217+0000] {dag.py:3441} INFO - Setting next_dagrun for example_subdag_operator.section-1 to None, run_after=None
[2023-06-14T09:25:53.218+0000] {logging_mixin.py:137} INFO - [2023-06-14T09:25:53.218+0000] {dag.py:3441} INFO - Setting next_dagrun for example_subdag_operator.section-2 to None, run_after=None
[2023-06-14T09:25:53.223+0000] {logging_mixin.py:137} INFO - [2023-06-14T09:25:53.223+0000] {dag.py:2690} INFO - Sync 2 DAGs
[2023-06-14T09:25:53.227+0000] {logging_mixin.py:137} INFO - [2023-06-14T09:25:53.227+0000] {dag.py:3441} INFO - Setting next_dagrun for example_subdag_operator.section-1 to None, run_after=None
[2023-06-14T09:25:53.228+0000] {logging_mixin.py:137} INFO - [2023-06-14T09:25:53.228+0000] {dag.py:3441} INFO - Setting next_dagrun for example_subdag_operator.section-2 to None, run_after=None
[2023-06-14T09:25:53.234+0000] {processor.py:175} INFO - Processing /home/airflow/.local/lib/python3.7/site-packages/airflow/example_dags/example_subdag_operator.py took 0.075 seconds
[2023-06-14T09:26:23.271+0000] {processor.py:153} INFO - Started process (PID=1414) to work on /home/airflow/.local/lib/python3.7/site-packages/airflow/example_dags/example_subdag_operator.py
[2023-06-14T09:26:23.272+0000] {processor.py:743} INFO - Processing file /home/airflow/.local/lib/python3.7/site-packages/airflow/example_dags/example_subdag_operator.py for tasks to queue
[2023-06-14T09:26:23.273+0000] {logging_mixin.py:137} INFO - [2023-06-14T09:26:23.273+0000] {dagbag.py:538} INFO - Filling up the DagBag from /home/airflow/.local/lib/python3.7/site-packages/airflow/example_dags/example_subdag_operator.py
[2023-06-14T09:26:23.295+0000] {processor.py:753} INFO - DAG(s) dict_keys(['example_subdag_operator.section-1', 'example_subdag_operator.section-2', 'example_subdag_operator']) retrieved from /home/airflow/.local/lib/python3.7/site-packages/airflow/example_dags/example_subdag_operator.py
[2023-06-14T09:26:23.306+0000] {logging_mixin.py:137} INFO - [2023-06-14T09:26:23.306+0000] {dag.py:2690} INFO - Sync 3 DAGs
[2023-06-14T09:26:23.322+0000] {logging_mixin.py:137} INFO - [2023-06-14T09:26:23.321+0000] {dag.py:3441} INFO - Setting next_dagrun for example_subdag_operator to 2022-01-01T00:00:00+00:00, run_after=2022-01-01T00:00:00+00:00
[2023-06-14T09:26:23.325+0000] {logging_mixin.py:137} INFO - [2023-06-14T09:26:23.325+0000] {dag.py:3441} INFO - Setting next_dagrun for example_subdag_operator.section-1 to None, run_after=None
[2023-06-14T09:26:23.326+0000] {logging_mixin.py:137} INFO - [2023-06-14T09:26:23.326+0000] {dag.py:3441} INFO - Setting next_dagrun for example_subdag_operator.section-2 to None, run_after=None
[2023-06-14T09:26:23.330+0000] {logging_mixin.py:137} INFO - [2023-06-14T09:26:23.330+0000] {dag.py:2690} INFO - Sync 2 DAGs
[2023-06-14T09:26:23.335+0000] {logging_mixin.py:137} INFO - [2023-06-14T09:26:23.334+0000] {dag.py:3441} INFO - Setting next_dagrun for example_subdag_operator.section-1 to None, run_after=None
[2023-06-14T09:26:23.335+0000] {logging_mixin.py:137} INFO - [2023-06-14T09:26:23.335+0000] {dag.py:3441} INFO - Setting next_dagrun for example_subdag_operator.section-2 to None, run_after=None
[2023-06-14T09:26:23.341+0000] {processor.py:175} INFO - Processing /home/airflow/.local/lib/python3.7/site-packages/airflow/example_dags/example_subdag_operator.py took 0.073 seconds
