[2023-06-14T09:16:41.789+0000] {processor.py:153} INFO - Started process (PID=57) to work on /home/airflow/.local/lib/python3.7/site-packages/airflow/example_dags/example_python_operator.py
[2023-06-14T09:16:41.792+0000] {processor.py:743} INFO - Processing file /home/airflow/.local/lib/python3.7/site-packages/airflow/example_dags/example_python_operator.py for tasks to queue
[2023-06-14T09:16:41.794+0000] {logging_mixin.py:137} INFO - [2023-06-14T09:16:41.794+0000] {dagbag.py:538} INFO - Filling up the DagBag from /home/airflow/.local/lib/python3.7/site-packages/airflow/example_dags/example_python_operator.py
[2023-06-14T09:16:41.818+0000] {logging_mixin.py:137} INFO - [2023-06-14T09:16:41.818+0000] {taskmixin.py:205} WARNING - Dependency <Task(_PythonDecoratedOperator): print_the_context>, log_sql_query already registered for DAG: example_python_operator
[2023-06-14T09:16:41.819+0000] {logging_mixin.py:137} INFO - [2023-06-14T09:16:41.818+0000] {taskmixin.py:205} WARNING - Dependency <Task(_PythonDecoratedOperator): log_sql_query>, print_the_context already registered for DAG: example_python_operator
[2023-06-14T09:16:41.819+0000] {logging_mixin.py:137} INFO - [2023-06-14T09:16:41.819+0000] {taskmixin.py:205} WARNING - Dependency <Task(_PythonDecoratedOperator): print_the_context>, log_sql_query already registered for DAG: example_python_operator
[2023-06-14T09:16:41.820+0000] {logging_mixin.py:137} INFO - [2023-06-14T09:16:41.820+0000] {taskmixin.py:205} WARNING - Dependency <Task(_PythonDecoratedOperator): log_sql_query>, print_the_context already registered for DAG: example_python_operator
[2023-06-14T09:16:41.821+0000] {logging_mixin.py:137} INFO - [2023-06-14T09:16:41.821+0000] {taskmixin.py:205} WARNING - Dependency <Task(_PythonDecoratedOperator): print_the_context>, log_sql_query already registered for DAG: example_python_operator
[2023-06-14T09:16:41.821+0000] {logging_mixin.py:137} INFO - [2023-06-14T09:16:41.821+0000] {taskmixin.py:205} WARNING - Dependency <Task(_PythonDecoratedOperator): log_sql_query>, print_the_context already registered for DAG: example_python_operator
[2023-06-14T09:16:41.822+0000] {logging_mixin.py:137} INFO - [2023-06-14T09:16:41.822+0000] {taskmixin.py:205} WARNING - Dependency <Task(_PythonDecoratedOperator): print_the_context>, log_sql_query already registered for DAG: example_python_operator
[2023-06-14T09:16:41.823+0000] {logging_mixin.py:137} INFO - [2023-06-14T09:16:41.823+0000] {taskmixin.py:205} WARNING - Dependency <Task(_PythonDecoratedOperator): log_sql_query>, print_the_context already registered for DAG: example_python_operator
[2023-06-14T09:16:41.839+0000] {processor.py:753} INFO - DAG(s) dict_keys(['example_python_operator']) retrieved from /home/airflow/.local/lib/python3.7/site-packages/airflow/example_dags/example_python_operator.py
[2023-06-14T09:16:41.946+0000] {logging_mixin.py:137} INFO - [2023-06-14T09:16:41.946+0000] {dag.py:2690} INFO - Sync 1 DAGs
[2023-06-14T09:16:42.045+0000] {logging_mixin.py:137} INFO - [2023-06-14T09:16:42.045+0000] {dag.py:3441} INFO - Setting next_dagrun for example_python_operator to None, run_after=None
[2023-06-14T09:16:42.086+0000] {processor.py:175} INFO - Processing /home/airflow/.local/lib/python3.7/site-packages/airflow/example_dags/example_python_operator.py took 0.302 seconds
[2023-06-14T09:17:12.460+0000] {processor.py:153} INFO - Started process (PID=132) to work on /home/airflow/.local/lib/python3.7/site-packages/airflow/example_dags/example_python_operator.py
[2023-06-14T09:17:12.462+0000] {processor.py:743} INFO - Processing file /home/airflow/.local/lib/python3.7/site-packages/airflow/example_dags/example_python_operator.py for tasks to queue
[2023-06-14T09:17:12.463+0000] {logging_mixin.py:137} INFO - [2023-06-14T09:17:12.463+0000] {dagbag.py:538} INFO - Filling up the DagBag from /home/airflow/.local/lib/python3.7/site-packages/airflow/example_dags/example_python_operator.py
[2023-06-14T09:17:12.480+0000] {logging_mixin.py:137} INFO - [2023-06-14T09:17:12.480+0000] {taskmixin.py:205} WARNING - Dependency <Task(_PythonDecoratedOperator): print_the_context>, log_sql_query already registered for DAG: example_python_operator
[2023-06-14T09:17:12.482+0000] {logging_mixin.py:137} INFO - [2023-06-14T09:17:12.482+0000] {taskmixin.py:205} WARNING - Dependency <Task(_PythonDecoratedOperator): log_sql_query>, print_the_context already registered for DAG: example_python_operator
[2023-06-14T09:17:12.482+0000] {logging_mixin.py:137} INFO - [2023-06-14T09:17:12.482+0000] {taskmixin.py:205} WARNING - Dependency <Task(_PythonDecoratedOperator): print_the_context>, log_sql_query already registered for DAG: example_python_operator
[2023-06-14T09:17:12.483+0000] {logging_mixin.py:137} INFO - [2023-06-14T09:17:12.483+0000] {taskmixin.py:205} WARNING - Dependency <Task(_PythonDecoratedOperator): log_sql_query>, print_the_context already registered for DAG: example_python_operator
[2023-06-14T09:17:12.484+0000] {logging_mixin.py:137} INFO - [2023-06-14T09:17:12.484+0000] {taskmixin.py:205} WARNING - Dependency <Task(_PythonDecoratedOperator): print_the_context>, log_sql_query already registered for DAG: example_python_operator
[2023-06-14T09:17:12.484+0000] {logging_mixin.py:137} INFO - [2023-06-14T09:17:12.484+0000] {taskmixin.py:205} WARNING - Dependency <Task(_PythonDecoratedOperator): log_sql_query>, print_the_context already registered for DAG: example_python_operator
[2023-06-14T09:17:12.485+0000] {logging_mixin.py:137} INFO - [2023-06-14T09:17:12.485+0000] {taskmixin.py:205} WARNING - Dependency <Task(_PythonDecoratedOperator): print_the_context>, log_sql_query already registered for DAG: example_python_operator
[2023-06-14T09:17:12.485+0000] {logging_mixin.py:137} INFO - [2023-06-14T09:17:12.485+0000] {taskmixin.py:205} WARNING - Dependency <Task(_PythonDecoratedOperator): log_sql_query>, print_the_context already registered for DAG: example_python_operator
[2023-06-14T09:17:12.491+0000] {processor.py:753} INFO - DAG(s) dict_keys(['example_python_operator']) retrieved from /home/airflow/.local/lib/python3.7/site-packages/airflow/example_dags/example_python_operator.py
[2023-06-14T09:17:12.532+0000] {logging_mixin.py:137} INFO - [2023-06-14T09:17:12.532+0000] {dag.py:2690} INFO - Sync 1 DAGs
[2023-06-14T09:17:12.565+0000] {logging_mixin.py:137} INFO - [2023-06-14T09:17:12.565+0000] {dag.py:3441} INFO - Setting next_dagrun for example_python_operator to None, run_after=None
[2023-06-14T09:17:12.582+0000] {processor.py:175} INFO - Processing /home/airflow/.local/lib/python3.7/site-packages/airflow/example_dags/example_python_operator.py took 0.127 seconds
[2023-06-14T09:17:42.671+0000] {processor.py:153} INFO - Started process (PID=212) to work on /home/airflow/.local/lib/python3.7/site-packages/airflow/example_dags/example_python_operator.py
[2023-06-14T09:17:42.673+0000] {processor.py:743} INFO - Processing file /home/airflow/.local/lib/python3.7/site-packages/airflow/example_dags/example_python_operator.py for tasks to queue
[2023-06-14T09:17:42.674+0000] {logging_mixin.py:137} INFO - [2023-06-14T09:17:42.674+0000] {dagbag.py:538} INFO - Filling up the DagBag from /home/airflow/.local/lib/python3.7/site-packages/airflow/example_dags/example_python_operator.py
[2023-06-14T09:17:42.687+0000] {logging_mixin.py:137} INFO - [2023-06-14T09:17:42.687+0000] {taskmixin.py:205} WARNING - Dependency <Task(_PythonDecoratedOperator): print_the_context>, log_sql_query already registered for DAG: example_python_operator
[2023-06-14T09:17:42.688+0000] {logging_mixin.py:137} INFO - [2023-06-14T09:17:42.687+0000] {taskmixin.py:205} WARNING - Dependency <Task(_PythonDecoratedOperator): log_sql_query>, print_the_context already registered for DAG: example_python_operator
[2023-06-14T09:17:42.688+0000] {logging_mixin.py:137} INFO - [2023-06-14T09:17:42.688+0000] {taskmixin.py:205} WARNING - Dependency <Task(_PythonDecoratedOperator): print_the_context>, log_sql_query already registered for DAG: example_python_operator
[2023-06-14T09:17:42.689+0000] {logging_mixin.py:137} INFO - [2023-06-14T09:17:42.689+0000] {taskmixin.py:205} WARNING - Dependency <Task(_PythonDecoratedOperator): log_sql_query>, print_the_context already registered for DAG: example_python_operator
[2023-06-14T09:17:42.690+0000] {logging_mixin.py:137} INFO - [2023-06-14T09:17:42.690+0000] {taskmixin.py:205} WARNING - Dependency <Task(_PythonDecoratedOperator): print_the_context>, log_sql_query already registered for DAG: example_python_operator
[2023-06-14T09:17:42.691+0000] {logging_mixin.py:137} INFO - [2023-06-14T09:17:42.691+0000] {taskmixin.py:205} WARNING - Dependency <Task(_PythonDecoratedOperator): log_sql_query>, print_the_context already registered for DAG: example_python_operator
[2023-06-14T09:17:42.691+0000] {logging_mixin.py:137} INFO - [2023-06-14T09:17:42.691+0000] {taskmixin.py:205} WARNING - Dependency <Task(_PythonDecoratedOperator): print_the_context>, log_sql_query already registered for DAG: example_python_operator
[2023-06-14T09:17:42.692+0000] {logging_mixin.py:137} INFO - [2023-06-14T09:17:42.692+0000] {taskmixin.py:205} WARNING - Dependency <Task(_PythonDecoratedOperator): log_sql_query>, print_the_context already registered for DAG: example_python_operator
[2023-06-14T09:17:42.697+0000] {processor.py:753} INFO - DAG(s) dict_keys(['example_python_operator']) retrieved from /home/airflow/.local/lib/python3.7/site-packages/airflow/example_dags/example_python_operator.py
[2023-06-14T09:17:42.721+0000] {logging_mixin.py:137} INFO - [2023-06-14T09:17:42.721+0000] {dag.py:2690} INFO - Sync 1 DAGs
[2023-06-14T09:17:42.736+0000] {logging_mixin.py:137} INFO - [2023-06-14T09:17:42.736+0000] {dag.py:3441} INFO - Setting next_dagrun for example_python_operator to None, run_after=None
[2023-06-14T09:17:42.748+0000] {processor.py:175} INFO - Processing /home/airflow/.local/lib/python3.7/site-packages/airflow/example_dags/example_python_operator.py took 0.080 seconds
[2023-06-14T09:18:12.925+0000] {processor.py:153} INFO - Started process (PID=276) to work on /home/airflow/.local/lib/python3.7/site-packages/airflow/example_dags/example_python_operator.py
[2023-06-14T09:18:12.926+0000] {processor.py:743} INFO - Processing file /home/airflow/.local/lib/python3.7/site-packages/airflow/example_dags/example_python_operator.py for tasks to queue
[2023-06-14T09:18:12.927+0000] {logging_mixin.py:137} INFO - [2023-06-14T09:18:12.927+0000] {dagbag.py:538} INFO - Filling up the DagBag from /home/airflow/.local/lib/python3.7/site-packages/airflow/example_dags/example_python_operator.py
[2023-06-14T09:18:12.938+0000] {logging_mixin.py:137} INFO - [2023-06-14T09:18:12.938+0000] {taskmixin.py:205} WARNING - Dependency <Task(_PythonDecoratedOperator): print_the_context>, log_sql_query already registered for DAG: example_python_operator
[2023-06-14T09:18:12.939+0000] {logging_mixin.py:137} INFO - [2023-06-14T09:18:12.939+0000] {taskmixin.py:205} WARNING - Dependency <Task(_PythonDecoratedOperator): log_sql_query>, print_the_context already registered for DAG: example_python_operator
[2023-06-14T09:18:12.940+0000] {logging_mixin.py:137} INFO - [2023-06-14T09:18:12.940+0000] {taskmixin.py:205} WARNING - Dependency <Task(_PythonDecoratedOperator): print_the_context>, log_sql_query already registered for DAG: example_python_operator
[2023-06-14T09:18:12.940+0000] {logging_mixin.py:137} INFO - [2023-06-14T09:18:12.940+0000] {taskmixin.py:205} WARNING - Dependency <Task(_PythonDecoratedOperator): log_sql_query>, print_the_context already registered for DAG: example_python_operator
[2023-06-14T09:18:12.941+0000] {logging_mixin.py:137} INFO - [2023-06-14T09:18:12.941+0000] {taskmixin.py:205} WARNING - Dependency <Task(_PythonDecoratedOperator): print_the_context>, log_sql_query already registered for DAG: example_python_operator
[2023-06-14T09:18:12.941+0000] {logging_mixin.py:137} INFO - [2023-06-14T09:18:12.941+0000] {taskmixin.py:205} WARNING - Dependency <Task(_PythonDecoratedOperator): log_sql_query>, print_the_context already registered for DAG: example_python_operator
[2023-06-14T09:18:12.942+0000] {logging_mixin.py:137} INFO - [2023-06-14T09:18:12.942+0000] {taskmixin.py:205} WARNING - Dependency <Task(_PythonDecoratedOperator): print_the_context>, log_sql_query already registered for DAG: example_python_operator
[2023-06-14T09:18:12.943+0000] {logging_mixin.py:137} INFO - [2023-06-14T09:18:12.943+0000] {taskmixin.py:205} WARNING - Dependency <Task(_PythonDecoratedOperator): log_sql_query>, print_the_context already registered for DAG: example_python_operator
[2023-06-14T09:18:12.947+0000] {processor.py:753} INFO - DAG(s) dict_keys(['example_python_operator']) retrieved from /home/airflow/.local/lib/python3.7/site-packages/airflow/example_dags/example_python_operator.py
[2023-06-14T09:18:12.967+0000] {logging_mixin.py:137} INFO - [2023-06-14T09:18:12.966+0000] {dag.py:2690} INFO - Sync 1 DAGs
[2023-06-14T09:18:12.982+0000] {logging_mixin.py:137} INFO - [2023-06-14T09:18:12.982+0000] {dag.py:3441} INFO - Setting next_dagrun for example_python_operator to None, run_after=None
[2023-06-14T09:18:12.993+0000] {processor.py:175} INFO - Processing /home/airflow/.local/lib/python3.7/site-packages/airflow/example_dags/example_python_operator.py took 0.070 seconds
[2023-06-14T09:18:43.122+0000] {processor.py:153} INFO - Started process (PID=352) to work on /home/airflow/.local/lib/python3.7/site-packages/airflow/example_dags/example_python_operator.py
[2023-06-14T09:18:43.123+0000] {processor.py:743} INFO - Processing file /home/airflow/.local/lib/python3.7/site-packages/airflow/example_dags/example_python_operator.py for tasks to queue
[2023-06-14T09:18:43.124+0000] {logging_mixin.py:137} INFO - [2023-06-14T09:18:43.124+0000] {dagbag.py:538} INFO - Filling up the DagBag from /home/airflow/.local/lib/python3.7/site-packages/airflow/example_dags/example_python_operator.py
[2023-06-14T09:18:43.135+0000] {logging_mixin.py:137} INFO - [2023-06-14T09:18:43.135+0000] {taskmixin.py:205} WARNING - Dependency <Task(_PythonDecoratedOperator): print_the_context>, log_sql_query already registered for DAG: example_python_operator
[2023-06-14T09:18:43.136+0000] {logging_mixin.py:137} INFO - [2023-06-14T09:18:43.136+0000] {taskmixin.py:205} WARNING - Dependency <Task(_PythonDecoratedOperator): log_sql_query>, print_the_context already registered for DAG: example_python_operator
[2023-06-14T09:18:43.137+0000] {logging_mixin.py:137} INFO - [2023-06-14T09:18:43.137+0000] {taskmixin.py:205} WARNING - Dependency <Task(_PythonDecoratedOperator): print_the_context>, log_sql_query already registered for DAG: example_python_operator
[2023-06-14T09:18:43.137+0000] {logging_mixin.py:137} INFO - [2023-06-14T09:18:43.137+0000] {taskmixin.py:205} WARNING - Dependency <Task(_PythonDecoratedOperator): log_sql_query>, print_the_context already registered for DAG: example_python_operator
[2023-06-14T09:18:43.138+0000] {logging_mixin.py:137} INFO - [2023-06-14T09:18:43.138+0000] {taskmixin.py:205} WARNING - Dependency <Task(_PythonDecoratedOperator): print_the_context>, log_sql_query already registered for DAG: example_python_operator
[2023-06-14T09:18:43.138+0000] {logging_mixin.py:137} INFO - [2023-06-14T09:18:43.138+0000] {taskmixin.py:205} WARNING - Dependency <Task(_PythonDecoratedOperator): log_sql_query>, print_the_context already registered for DAG: example_python_operator
[2023-06-14T09:18:43.139+0000] {logging_mixin.py:137} INFO - [2023-06-14T09:18:43.139+0000] {taskmixin.py:205} WARNING - Dependency <Task(_PythonDecoratedOperator): print_the_context>, log_sql_query already registered for DAG: example_python_operator
[2023-06-14T09:18:43.139+0000] {logging_mixin.py:137} INFO - [2023-06-14T09:18:43.139+0000] {taskmixin.py:205} WARNING - Dependency <Task(_PythonDecoratedOperator): log_sql_query>, print_the_context already registered for DAG: example_python_operator
[2023-06-14T09:18:43.144+0000] {processor.py:753} INFO - DAG(s) dict_keys(['example_python_operator']) retrieved from /home/airflow/.local/lib/python3.7/site-packages/airflow/example_dags/example_python_operator.py
[2023-06-14T09:18:43.165+0000] {logging_mixin.py:137} INFO - [2023-06-14T09:18:43.165+0000] {dag.py:2690} INFO - Sync 1 DAGs
[2023-06-14T09:18:43.181+0000] {logging_mixin.py:137} INFO - [2023-06-14T09:18:43.181+0000] {dag.py:3441} INFO - Setting next_dagrun for example_python_operator to None, run_after=None
[2023-06-14T09:18:43.193+0000] {processor.py:175} INFO - Processing /home/airflow/.local/lib/python3.7/site-packages/airflow/example_dags/example_python_operator.py took 0.073 seconds
[2023-06-14T09:19:14.863+0000] {processor.py:153} INFO - Started process (PID=428) to work on /home/airflow/.local/lib/python3.7/site-packages/airflow/example_dags/example_python_operator.py
[2023-06-14T09:19:14.865+0000] {processor.py:743} INFO - Processing file /home/airflow/.local/lib/python3.7/site-packages/airflow/example_dags/example_python_operator.py for tasks to queue
[2023-06-14T09:19:14.865+0000] {logging_mixin.py:137} INFO - [2023-06-14T09:19:14.865+0000] {dagbag.py:538} INFO - Filling up the DagBag from /home/airflow/.local/lib/python3.7/site-packages/airflow/example_dags/example_python_operator.py
[2023-06-14T09:19:14.880+0000] {logging_mixin.py:137} INFO - [2023-06-14T09:19:14.880+0000] {taskmixin.py:205} WARNING - Dependency <Task(_PythonDecoratedOperator): print_the_context>, log_sql_query already registered for DAG: example_python_operator
[2023-06-14T09:19:14.880+0000] {logging_mixin.py:137} INFO - [2023-06-14T09:19:14.880+0000] {taskmixin.py:205} WARNING - Dependency <Task(_PythonDecoratedOperator): log_sql_query>, print_the_context already registered for DAG: example_python_operator
[2023-06-14T09:19:14.881+0000] {logging_mixin.py:137} INFO - [2023-06-14T09:19:14.881+0000] {taskmixin.py:205} WARNING - Dependency <Task(_PythonDecoratedOperator): print_the_context>, log_sql_query already registered for DAG: example_python_operator
[2023-06-14T09:19:14.882+0000] {logging_mixin.py:137} INFO - [2023-06-14T09:19:14.882+0000] {taskmixin.py:205} WARNING - Dependency <Task(_PythonDecoratedOperator): log_sql_query>, print_the_context already registered for DAG: example_python_operator
[2023-06-14T09:19:14.882+0000] {logging_mixin.py:137} INFO - [2023-06-14T09:19:14.882+0000] {taskmixin.py:205} WARNING - Dependency <Task(_PythonDecoratedOperator): print_the_context>, log_sql_query already registered for DAG: example_python_operator
[2023-06-14T09:19:14.883+0000] {logging_mixin.py:137} INFO - [2023-06-14T09:19:14.883+0000] {taskmixin.py:205} WARNING - Dependency <Task(_PythonDecoratedOperator): log_sql_query>, print_the_context already registered for DAG: example_python_operator
[2023-06-14T09:19:14.883+0000] {logging_mixin.py:137} INFO - [2023-06-14T09:19:14.883+0000] {taskmixin.py:205} WARNING - Dependency <Task(_PythonDecoratedOperator): print_the_context>, log_sql_query already registered for DAG: example_python_operator
[2023-06-14T09:19:14.884+0000] {logging_mixin.py:137} INFO - [2023-06-14T09:19:14.884+0000] {taskmixin.py:205} WARNING - Dependency <Task(_PythonDecoratedOperator): log_sql_query>, print_the_context already registered for DAG: example_python_operator
[2023-06-14T09:19:14.888+0000] {processor.py:753} INFO - DAG(s) dict_keys(['example_python_operator']) retrieved from /home/airflow/.local/lib/python3.7/site-packages/airflow/example_dags/example_python_operator.py
[2023-06-14T09:19:14.912+0000] {logging_mixin.py:137} INFO - [2023-06-14T09:19:14.912+0000] {dag.py:2690} INFO - Sync 1 DAGs
[2023-06-14T09:19:14.930+0000] {logging_mixin.py:137} INFO - [2023-06-14T09:19:14.930+0000] {dag.py:3441} INFO - Setting next_dagrun for example_python_operator to None, run_after=None
[2023-06-14T09:19:14.948+0000] {processor.py:175} INFO - Processing /home/airflow/.local/lib/python3.7/site-packages/airflow/example_dags/example_python_operator.py took 0.088 seconds
[2023-06-14T09:19:46.544+0000] {processor.py:153} INFO - Started process (PID=493) to work on /home/airflow/.local/lib/python3.7/site-packages/airflow/example_dags/example_python_operator.py
[2023-06-14T09:19:46.552+0000] {processor.py:743} INFO - Processing file /home/airflow/.local/lib/python3.7/site-packages/airflow/example_dags/example_python_operator.py for tasks to queue
[2023-06-14T09:19:46.553+0000] {logging_mixin.py:137} INFO - [2023-06-14T09:19:46.553+0000] {dagbag.py:538} INFO - Filling up the DagBag from /home/airflow/.local/lib/python3.7/site-packages/airflow/example_dags/example_python_operator.py
[2023-06-14T09:19:46.568+0000] {logging_mixin.py:137} INFO - [2023-06-14T09:19:46.568+0000] {taskmixin.py:205} WARNING - Dependency <Task(_PythonDecoratedOperator): print_the_context>, log_sql_query already registered for DAG: example_python_operator
[2023-06-14T09:19:46.569+0000] {logging_mixin.py:137} INFO - [2023-06-14T09:19:46.569+0000] {taskmixin.py:205} WARNING - Dependency <Task(_PythonDecoratedOperator): log_sql_query>, print_the_context already registered for DAG: example_python_operator
[2023-06-14T09:19:46.570+0000] {logging_mixin.py:137} INFO - [2023-06-14T09:19:46.570+0000] {taskmixin.py:205} WARNING - Dependency <Task(_PythonDecoratedOperator): print_the_context>, log_sql_query already registered for DAG: example_python_operator
[2023-06-14T09:19:46.571+0000] {logging_mixin.py:137} INFO - [2023-06-14T09:19:46.571+0000] {taskmixin.py:205} WARNING - Dependency <Task(_PythonDecoratedOperator): log_sql_query>, print_the_context already registered for DAG: example_python_operator
[2023-06-14T09:19:46.572+0000] {logging_mixin.py:137} INFO - [2023-06-14T09:19:46.572+0000] {taskmixin.py:205} WARNING - Dependency <Task(_PythonDecoratedOperator): print_the_context>, log_sql_query already registered for DAG: example_python_operator
[2023-06-14T09:19:46.573+0000] {logging_mixin.py:137} INFO - [2023-06-14T09:19:46.573+0000] {taskmixin.py:205} WARNING - Dependency <Task(_PythonDecoratedOperator): log_sql_query>, print_the_context already registered for DAG: example_python_operator
[2023-06-14T09:19:46.574+0000] {logging_mixin.py:137} INFO - [2023-06-14T09:19:46.574+0000] {taskmixin.py:205} WARNING - Dependency <Task(_PythonDecoratedOperator): print_the_context>, log_sql_query already registered for DAG: example_python_operator
[2023-06-14T09:19:46.574+0000] {logging_mixin.py:137} INFO - [2023-06-14T09:19:46.574+0000] {taskmixin.py:205} WARNING - Dependency <Task(_PythonDecoratedOperator): log_sql_query>, print_the_context already registered for DAG: example_python_operator
[2023-06-14T09:19:46.579+0000] {processor.py:753} INFO - DAG(s) dict_keys(['example_python_operator']) retrieved from /home/airflow/.local/lib/python3.7/site-packages/airflow/example_dags/example_python_operator.py
[2023-06-14T09:19:46.611+0000] {logging_mixin.py:137} INFO - [2023-06-14T09:19:46.611+0000] {dag.py:2690} INFO - Sync 1 DAGs
[2023-06-14T09:19:46.633+0000] {logging_mixin.py:137} INFO - [2023-06-14T09:19:46.632+0000] {dag.py:3441} INFO - Setting next_dagrun for example_python_operator to None, run_after=None
[2023-06-14T09:19:46.663+0000] {processor.py:175} INFO - Processing /home/airflow/.local/lib/python3.7/site-packages/airflow/example_dags/example_python_operator.py took 0.121 seconds
[2023-06-14T09:20:19.852+0000] {processor.py:153} INFO - Started process (PID=570) to work on /home/airflow/.local/lib/python3.7/site-packages/airflow/example_dags/example_python_operator.py
[2023-06-14T09:20:19.855+0000] {processor.py:743} INFO - Processing file /home/airflow/.local/lib/python3.7/site-packages/airflow/example_dags/example_python_operator.py for tasks to queue
[2023-06-14T09:20:19.857+0000] {logging_mixin.py:137} INFO - [2023-06-14T09:20:19.857+0000] {dagbag.py:538} INFO - Filling up the DagBag from /home/airflow/.local/lib/python3.7/site-packages/airflow/example_dags/example_python_operator.py
[2023-06-14T09:20:19.896+0000] {logging_mixin.py:137} INFO - [2023-06-14T09:20:19.895+0000] {taskmixin.py:205} WARNING - Dependency <Task(_PythonDecoratedOperator): print_the_context>, log_sql_query already registered for DAG: example_python_operator
[2023-06-14T09:20:19.897+0000] {logging_mixin.py:137} INFO - [2023-06-14T09:20:19.897+0000] {taskmixin.py:205} WARNING - Dependency <Task(_PythonDecoratedOperator): log_sql_query>, print_the_context already registered for DAG: example_python_operator
[2023-06-14T09:20:19.899+0000] {logging_mixin.py:137} INFO - [2023-06-14T09:20:19.899+0000] {taskmixin.py:205} WARNING - Dependency <Task(_PythonDecoratedOperator): print_the_context>, log_sql_query already registered for DAG: example_python_operator
[2023-06-14T09:20:19.900+0000] {logging_mixin.py:137} INFO - [2023-06-14T09:20:19.900+0000] {taskmixin.py:205} WARNING - Dependency <Task(_PythonDecoratedOperator): log_sql_query>, print_the_context already registered for DAG: example_python_operator
[2023-06-14T09:20:19.901+0000] {logging_mixin.py:137} INFO - [2023-06-14T09:20:19.901+0000] {taskmixin.py:205} WARNING - Dependency <Task(_PythonDecoratedOperator): print_the_context>, log_sql_query already registered for DAG: example_python_operator
[2023-06-14T09:20:19.902+0000] {logging_mixin.py:137} INFO - [2023-06-14T09:20:19.902+0000] {taskmixin.py:205} WARNING - Dependency <Task(_PythonDecoratedOperator): log_sql_query>, print_the_context already registered for DAG: example_python_operator
[2023-06-14T09:20:19.904+0000] {logging_mixin.py:137} INFO - [2023-06-14T09:20:19.904+0000] {taskmixin.py:205} WARNING - Dependency <Task(_PythonDecoratedOperator): print_the_context>, log_sql_query already registered for DAG: example_python_operator
[2023-06-14T09:20:19.904+0000] {logging_mixin.py:137} INFO - [2023-06-14T09:20:19.904+0000] {taskmixin.py:205} WARNING - Dependency <Task(_PythonDecoratedOperator): log_sql_query>, print_the_context already registered for DAG: example_python_operator
[2023-06-14T09:20:19.919+0000] {processor.py:753} INFO - DAG(s) dict_keys(['example_python_operator']) retrieved from /home/airflow/.local/lib/python3.7/site-packages/airflow/example_dags/example_python_operator.py
[2023-06-14T09:20:19.957+0000] {logging_mixin.py:137} INFO - [2023-06-14T09:20:19.957+0000] {dag.py:2690} INFO - Sync 1 DAGs
[2023-06-14T09:20:20.023+0000] {logging_mixin.py:137} INFO - [2023-06-14T09:20:20.023+0000] {dag.py:3441} INFO - Setting next_dagrun for example_python_operator to None, run_after=None
[2023-06-14T09:20:20.058+0000] {processor.py:175} INFO - Processing /home/airflow/.local/lib/python3.7/site-packages/airflow/example_dags/example_python_operator.py took 0.213 seconds
[2023-06-14T09:20:50.910+0000] {processor.py:153} INFO - Started process (PID=633) to work on /home/airflow/.local/lib/python3.7/site-packages/airflow/example_dags/example_python_operator.py
[2023-06-14T09:20:50.911+0000] {processor.py:743} INFO - Processing file /home/airflow/.local/lib/python3.7/site-packages/airflow/example_dags/example_python_operator.py for tasks to queue
[2023-06-14T09:20:50.912+0000] {logging_mixin.py:137} INFO - [2023-06-14T09:20:50.912+0000] {dagbag.py:538} INFO - Filling up the DagBag from /home/airflow/.local/lib/python3.7/site-packages/airflow/example_dags/example_python_operator.py
[2023-06-14T09:20:50.924+0000] {logging_mixin.py:137} INFO - [2023-06-14T09:20:50.924+0000] {taskmixin.py:205} WARNING - Dependency <Task(_PythonDecoratedOperator): print_the_context>, log_sql_query already registered for DAG: example_python_operator
[2023-06-14T09:20:50.925+0000] {logging_mixin.py:137} INFO - [2023-06-14T09:20:50.925+0000] {taskmixin.py:205} WARNING - Dependency <Task(_PythonDecoratedOperator): log_sql_query>, print_the_context already registered for DAG: example_python_operator
[2023-06-14T09:20:50.926+0000] {logging_mixin.py:137} INFO - [2023-06-14T09:20:50.925+0000] {taskmixin.py:205} WARNING - Dependency <Task(_PythonDecoratedOperator): print_the_context>, log_sql_query already registered for DAG: example_python_operator
[2023-06-14T09:20:50.926+0000] {logging_mixin.py:137} INFO - [2023-06-14T09:20:50.926+0000] {taskmixin.py:205} WARNING - Dependency <Task(_PythonDecoratedOperator): log_sql_query>, print_the_context already registered for DAG: example_python_operator
[2023-06-14T09:20:50.927+0000] {logging_mixin.py:137} INFO - [2023-06-14T09:20:50.927+0000] {taskmixin.py:205} WARNING - Dependency <Task(_PythonDecoratedOperator): print_the_context>, log_sql_query already registered for DAG: example_python_operator
[2023-06-14T09:20:50.927+0000] {logging_mixin.py:137} INFO - [2023-06-14T09:20:50.927+0000] {taskmixin.py:205} WARNING - Dependency <Task(_PythonDecoratedOperator): log_sql_query>, print_the_context already registered for DAG: example_python_operator
[2023-06-14T09:20:50.928+0000] {logging_mixin.py:137} INFO - [2023-06-14T09:20:50.928+0000] {taskmixin.py:205} WARNING - Dependency <Task(_PythonDecoratedOperator): print_the_context>, log_sql_query already registered for DAG: example_python_operator
[2023-06-14T09:20:50.929+0000] {logging_mixin.py:137} INFO - [2023-06-14T09:20:50.929+0000] {taskmixin.py:205} WARNING - Dependency <Task(_PythonDecoratedOperator): log_sql_query>, print_the_context already registered for DAG: example_python_operator
[2023-06-14T09:20:50.933+0000] {processor.py:753} INFO - DAG(s) dict_keys(['example_python_operator']) retrieved from /home/airflow/.local/lib/python3.7/site-packages/airflow/example_dags/example_python_operator.py
[2023-06-14T09:20:50.954+0000] {logging_mixin.py:137} INFO - [2023-06-14T09:20:50.954+0000] {dag.py:2690} INFO - Sync 1 DAGs
[2023-06-14T09:20:50.971+0000] {logging_mixin.py:137} INFO - [2023-06-14T09:20:50.970+0000] {dag.py:3441} INFO - Setting next_dagrun for example_python_operator to None, run_after=None
[2023-06-14T09:20:50.984+0000] {processor.py:175} INFO - Processing /home/airflow/.local/lib/python3.7/site-packages/airflow/example_dags/example_python_operator.py took 0.077 seconds
[2023-06-14T09:21:21.119+0000] {processor.py:153} INFO - Started process (PID=697) to work on /home/airflow/.local/lib/python3.7/site-packages/airflow/example_dags/example_python_operator.py
[2023-06-14T09:21:21.121+0000] {processor.py:743} INFO - Processing file /home/airflow/.local/lib/python3.7/site-packages/airflow/example_dags/example_python_operator.py for tasks to queue
[2023-06-14T09:21:21.122+0000] {logging_mixin.py:137} INFO - [2023-06-14T09:21:21.122+0000] {dagbag.py:538} INFO - Filling up the DagBag from /home/airflow/.local/lib/python3.7/site-packages/airflow/example_dags/example_python_operator.py
[2023-06-14T09:21:21.140+0000] {logging_mixin.py:137} INFO - [2023-06-14T09:21:21.140+0000] {taskmixin.py:205} WARNING - Dependency <Task(_PythonDecoratedOperator): print_the_context>, log_sql_query already registered for DAG: example_python_operator
[2023-06-14T09:21:21.141+0000] {logging_mixin.py:137} INFO - [2023-06-14T09:21:21.141+0000] {taskmixin.py:205} WARNING - Dependency <Task(_PythonDecoratedOperator): log_sql_query>, print_the_context already registered for DAG: example_python_operator
[2023-06-14T09:21:21.142+0000] {logging_mixin.py:137} INFO - [2023-06-14T09:21:21.142+0000] {taskmixin.py:205} WARNING - Dependency <Task(_PythonDecoratedOperator): print_the_context>, log_sql_query already registered for DAG: example_python_operator
[2023-06-14T09:21:21.142+0000] {logging_mixin.py:137} INFO - [2023-06-14T09:21:21.142+0000] {taskmixin.py:205} WARNING - Dependency <Task(_PythonDecoratedOperator): log_sql_query>, print_the_context already registered for DAG: example_python_operator
[2023-06-14T09:21:21.143+0000] {logging_mixin.py:137} INFO - [2023-06-14T09:21:21.143+0000] {taskmixin.py:205} WARNING - Dependency <Task(_PythonDecoratedOperator): print_the_context>, log_sql_query already registered for DAG: example_python_operator
[2023-06-14T09:21:21.144+0000] {logging_mixin.py:137} INFO - [2023-06-14T09:21:21.144+0000] {taskmixin.py:205} WARNING - Dependency <Task(_PythonDecoratedOperator): log_sql_query>, print_the_context already registered for DAG: example_python_operator
[2023-06-14T09:21:21.145+0000] {logging_mixin.py:137} INFO - [2023-06-14T09:21:21.145+0000] {taskmixin.py:205} WARNING - Dependency <Task(_PythonDecoratedOperator): print_the_context>, log_sql_query already registered for DAG: example_python_operator
[2023-06-14T09:21:21.145+0000] {logging_mixin.py:137} INFO - [2023-06-14T09:21:21.145+0000] {taskmixin.py:205} WARNING - Dependency <Task(_PythonDecoratedOperator): log_sql_query>, print_the_context already registered for DAG: example_python_operator
[2023-06-14T09:21:21.151+0000] {processor.py:753} INFO - DAG(s) dict_keys(['example_python_operator']) retrieved from /home/airflow/.local/lib/python3.7/site-packages/airflow/example_dags/example_python_operator.py
[2023-06-14T09:21:21.173+0000] {logging_mixin.py:137} INFO - [2023-06-14T09:21:21.173+0000] {dag.py:2690} INFO - Sync 1 DAGs
[2023-06-14T09:21:21.191+0000] {logging_mixin.py:137} INFO - [2023-06-14T09:21:21.191+0000] {dag.py:3441} INFO - Setting next_dagrun for example_python_operator to None, run_after=None
[2023-06-14T09:21:21.204+0000] {processor.py:175} INFO - Processing /home/airflow/.local/lib/python3.7/site-packages/airflow/example_dags/example_python_operator.py took 0.089 seconds
[2023-06-14T09:21:51.519+0000] {processor.py:153} INFO - Started process (PID=773) to work on /home/airflow/.local/lib/python3.7/site-packages/airflow/example_dags/example_python_operator.py
[2023-06-14T09:21:51.520+0000] {processor.py:743} INFO - Processing file /home/airflow/.local/lib/python3.7/site-packages/airflow/example_dags/example_python_operator.py for tasks to queue
[2023-06-14T09:21:51.522+0000] {logging_mixin.py:137} INFO - [2023-06-14T09:21:51.521+0000] {dagbag.py:538} INFO - Filling up the DagBag from /home/airflow/.local/lib/python3.7/site-packages/airflow/example_dags/example_python_operator.py
[2023-06-14T09:21:51.540+0000] {logging_mixin.py:137} INFO - [2023-06-14T09:21:51.539+0000] {taskmixin.py:205} WARNING - Dependency <Task(_PythonDecoratedOperator): print_the_context>, log_sql_query already registered for DAG: example_python_operator
[2023-06-14T09:21:51.540+0000] {logging_mixin.py:137} INFO - [2023-06-14T09:21:51.540+0000] {taskmixin.py:205} WARNING - Dependency <Task(_PythonDecoratedOperator): log_sql_query>, print_the_context already registered for DAG: example_python_operator
[2023-06-14T09:21:51.541+0000] {logging_mixin.py:137} INFO - [2023-06-14T09:21:51.541+0000] {taskmixin.py:205} WARNING - Dependency <Task(_PythonDecoratedOperator): print_the_context>, log_sql_query already registered for DAG: example_python_operator
[2023-06-14T09:21:51.542+0000] {logging_mixin.py:137} INFO - [2023-06-14T09:21:51.542+0000] {taskmixin.py:205} WARNING - Dependency <Task(_PythonDecoratedOperator): log_sql_query>, print_the_context already registered for DAG: example_python_operator
[2023-06-14T09:21:51.543+0000] {logging_mixin.py:137} INFO - [2023-06-14T09:21:51.543+0000] {taskmixin.py:205} WARNING - Dependency <Task(_PythonDecoratedOperator): print_the_context>, log_sql_query already registered for DAG: example_python_operator
[2023-06-14T09:21:51.544+0000] {logging_mixin.py:137} INFO - [2023-06-14T09:21:51.544+0000] {taskmixin.py:205} WARNING - Dependency <Task(_PythonDecoratedOperator): log_sql_query>, print_the_context already registered for DAG: example_python_operator
[2023-06-14T09:21:51.545+0000] {logging_mixin.py:137} INFO - [2023-06-14T09:21:51.545+0000] {taskmixin.py:205} WARNING - Dependency <Task(_PythonDecoratedOperator): print_the_context>, log_sql_query already registered for DAG: example_python_operator
[2023-06-14T09:21:51.545+0000] {logging_mixin.py:137} INFO - [2023-06-14T09:21:51.545+0000] {taskmixin.py:205} WARNING - Dependency <Task(_PythonDecoratedOperator): log_sql_query>, print_the_context already registered for DAG: example_python_operator
[2023-06-14T09:21:51.551+0000] {processor.py:753} INFO - DAG(s) dict_keys(['example_python_operator']) retrieved from /home/airflow/.local/lib/python3.7/site-packages/airflow/example_dags/example_python_operator.py
[2023-06-14T09:21:51.573+0000] {logging_mixin.py:137} INFO - [2023-06-14T09:21:51.573+0000] {dag.py:2690} INFO - Sync 1 DAGs
[2023-06-14T09:21:51.588+0000] {logging_mixin.py:137} INFO - [2023-06-14T09:21:51.588+0000] {dag.py:3441} INFO - Setting next_dagrun for example_python_operator to None, run_after=None
[2023-06-14T09:21:51.599+0000] {processor.py:175} INFO - Processing /home/airflow/.local/lib/python3.7/site-packages/airflow/example_dags/example_python_operator.py took 0.086 seconds
[2023-06-14T09:22:22.060+0000] {processor.py:153} INFO - Started process (PID=850) to work on /home/airflow/.local/lib/python3.7/site-packages/airflow/example_dags/example_python_operator.py
[2023-06-14T09:22:22.064+0000] {processor.py:743} INFO - Processing file /home/airflow/.local/lib/python3.7/site-packages/airflow/example_dags/example_python_operator.py for tasks to queue
[2023-06-14T09:22:22.065+0000] {logging_mixin.py:137} INFO - [2023-06-14T09:22:22.065+0000] {dagbag.py:538} INFO - Filling up the DagBag from /home/airflow/.local/lib/python3.7/site-packages/airflow/example_dags/example_python_operator.py
[2023-06-14T09:22:22.083+0000] {logging_mixin.py:137} INFO - [2023-06-14T09:22:22.083+0000] {taskmixin.py:205} WARNING - Dependency <Task(_PythonDecoratedOperator): print_the_context>, log_sql_query already registered for DAG: example_python_operator
[2023-06-14T09:22:22.084+0000] {logging_mixin.py:137} INFO - [2023-06-14T09:22:22.084+0000] {taskmixin.py:205} WARNING - Dependency <Task(_PythonDecoratedOperator): log_sql_query>, print_the_context already registered for DAG: example_python_operator
[2023-06-14T09:22:22.085+0000] {logging_mixin.py:137} INFO - [2023-06-14T09:22:22.085+0000] {taskmixin.py:205} WARNING - Dependency <Task(_PythonDecoratedOperator): print_the_context>, log_sql_query already registered for DAG: example_python_operator
[2023-06-14T09:22:22.085+0000] {logging_mixin.py:137} INFO - [2023-06-14T09:22:22.085+0000] {taskmixin.py:205} WARNING - Dependency <Task(_PythonDecoratedOperator): log_sql_query>, print_the_context already registered for DAG: example_python_operator
[2023-06-14T09:22:22.086+0000] {logging_mixin.py:137} INFO - [2023-06-14T09:22:22.086+0000] {taskmixin.py:205} WARNING - Dependency <Task(_PythonDecoratedOperator): print_the_context>, log_sql_query already registered for DAG: example_python_operator
[2023-06-14T09:22:22.087+0000] {logging_mixin.py:137} INFO - [2023-06-14T09:22:22.086+0000] {taskmixin.py:205} WARNING - Dependency <Task(_PythonDecoratedOperator): log_sql_query>, print_the_context already registered for DAG: example_python_operator
[2023-06-14T09:22:22.087+0000] {logging_mixin.py:137} INFO - [2023-06-14T09:22:22.087+0000] {taskmixin.py:205} WARNING - Dependency <Task(_PythonDecoratedOperator): print_the_context>, log_sql_query already registered for DAG: example_python_operator
[2023-06-14T09:22:22.088+0000] {logging_mixin.py:137} INFO - [2023-06-14T09:22:22.088+0000] {taskmixin.py:205} WARNING - Dependency <Task(_PythonDecoratedOperator): log_sql_query>, print_the_context already registered for DAG: example_python_operator
[2023-06-14T09:22:22.093+0000] {processor.py:753} INFO - DAG(s) dict_keys(['example_python_operator']) retrieved from /home/airflow/.local/lib/python3.7/site-packages/airflow/example_dags/example_python_operator.py
[2023-06-14T09:22:22.116+0000] {logging_mixin.py:137} INFO - [2023-06-14T09:22:22.116+0000] {dag.py:2690} INFO - Sync 1 DAGs
[2023-06-14T09:22:22.135+0000] {logging_mixin.py:137} INFO - [2023-06-14T09:22:22.135+0000] {dag.py:3441} INFO - Setting next_dagrun for example_python_operator to None, run_after=None
[2023-06-14T09:22:22.151+0000] {processor.py:175} INFO - Processing /home/airflow/.local/lib/python3.7/site-packages/airflow/example_dags/example_python_operator.py took 0.094 seconds
[2023-06-14T09:22:52.216+0000] {processor.py:153} INFO - Started process (PID=914) to work on /home/airflow/.local/lib/python3.7/site-packages/airflow/example_dags/example_python_operator.py
[2023-06-14T09:22:52.217+0000] {processor.py:743} INFO - Processing file /home/airflow/.local/lib/python3.7/site-packages/airflow/example_dags/example_python_operator.py for tasks to queue
[2023-06-14T09:22:52.218+0000] {logging_mixin.py:137} INFO - [2023-06-14T09:22:52.218+0000] {dagbag.py:538} INFO - Filling up the DagBag from /home/airflow/.local/lib/python3.7/site-packages/airflow/example_dags/example_python_operator.py
[2023-06-14T09:22:52.231+0000] {logging_mixin.py:137} INFO - [2023-06-14T09:22:52.231+0000] {taskmixin.py:205} WARNING - Dependency <Task(_PythonDecoratedOperator): print_the_context>, log_sql_query already registered for DAG: example_python_operator
[2023-06-14T09:22:52.231+0000] {logging_mixin.py:137} INFO - [2023-06-14T09:22:52.231+0000] {taskmixin.py:205} WARNING - Dependency <Task(_PythonDecoratedOperator): log_sql_query>, print_the_context already registered for DAG: example_python_operator
[2023-06-14T09:22:52.233+0000] {logging_mixin.py:137} INFO - [2023-06-14T09:22:52.233+0000] {taskmixin.py:205} WARNING - Dependency <Task(_PythonDecoratedOperator): print_the_context>, log_sql_query already registered for DAG: example_python_operator
[2023-06-14T09:22:52.233+0000] {logging_mixin.py:137} INFO - [2023-06-14T09:22:52.233+0000] {taskmixin.py:205} WARNING - Dependency <Task(_PythonDecoratedOperator): log_sql_query>, print_the_context already registered for DAG: example_python_operator
[2023-06-14T09:22:52.234+0000] {logging_mixin.py:137} INFO - [2023-06-14T09:22:52.234+0000] {taskmixin.py:205} WARNING - Dependency <Task(_PythonDecoratedOperator): print_the_context>, log_sql_query already registered for DAG: example_python_operator
[2023-06-14T09:22:52.235+0000] {logging_mixin.py:137} INFO - [2023-06-14T09:22:52.235+0000] {taskmixin.py:205} WARNING - Dependency <Task(_PythonDecoratedOperator): log_sql_query>, print_the_context already registered for DAG: example_python_operator
[2023-06-14T09:22:52.236+0000] {logging_mixin.py:137} INFO - [2023-06-14T09:22:52.236+0000] {taskmixin.py:205} WARNING - Dependency <Task(_PythonDecoratedOperator): print_the_context>, log_sql_query already registered for DAG: example_python_operator
[2023-06-14T09:22:52.237+0000] {logging_mixin.py:137} INFO - [2023-06-14T09:22:52.237+0000] {taskmixin.py:205} WARNING - Dependency <Task(_PythonDecoratedOperator): log_sql_query>, print_the_context already registered for DAG: example_python_operator
[2023-06-14T09:22:52.242+0000] {processor.py:753} INFO - DAG(s) dict_keys(['example_python_operator']) retrieved from /home/airflow/.local/lib/python3.7/site-packages/airflow/example_dags/example_python_operator.py
[2023-06-14T09:22:52.268+0000] {logging_mixin.py:137} INFO - [2023-06-14T09:22:52.268+0000] {dag.py:2690} INFO - Sync 1 DAGs
[2023-06-14T09:22:52.294+0000] {logging_mixin.py:137} INFO - [2023-06-14T09:22:52.294+0000] {dag.py:3441} INFO - Setting next_dagrun for example_python_operator to None, run_after=None
[2023-06-14T09:22:52.318+0000] {processor.py:175} INFO - Processing /home/airflow/.local/lib/python3.7/site-packages/airflow/example_dags/example_python_operator.py took 0.106 seconds
[2023-06-14T09:23:22.539+0000] {processor.py:153} INFO - Started process (PID=989) to work on /home/airflow/.local/lib/python3.7/site-packages/airflow/example_dags/example_python_operator.py
[2023-06-14T09:23:22.541+0000] {processor.py:743} INFO - Processing file /home/airflow/.local/lib/python3.7/site-packages/airflow/example_dags/example_python_operator.py for tasks to queue
[2023-06-14T09:23:22.542+0000] {logging_mixin.py:137} INFO - [2023-06-14T09:23:22.542+0000] {dagbag.py:538} INFO - Filling up the DagBag from /home/airflow/.local/lib/python3.7/site-packages/airflow/example_dags/example_python_operator.py
[2023-06-14T09:23:22.561+0000] {logging_mixin.py:137} INFO - [2023-06-14T09:23:22.561+0000] {taskmixin.py:205} WARNING - Dependency <Task(_PythonDecoratedOperator): print_the_context>, log_sql_query already registered for DAG: example_python_operator
[2023-06-14T09:23:22.562+0000] {logging_mixin.py:137} INFO - [2023-06-14T09:23:22.562+0000] {taskmixin.py:205} WARNING - Dependency <Task(_PythonDecoratedOperator): log_sql_query>, print_the_context already registered for DAG: example_python_operator
[2023-06-14T09:23:22.563+0000] {logging_mixin.py:137} INFO - [2023-06-14T09:23:22.563+0000] {taskmixin.py:205} WARNING - Dependency <Task(_PythonDecoratedOperator): print_the_context>, log_sql_query already registered for DAG: example_python_operator
[2023-06-14T09:23:22.563+0000] {logging_mixin.py:137} INFO - [2023-06-14T09:23:22.563+0000] {taskmixin.py:205} WARNING - Dependency <Task(_PythonDecoratedOperator): log_sql_query>, print_the_context already registered for DAG: example_python_operator
[2023-06-14T09:23:22.564+0000] {logging_mixin.py:137} INFO - [2023-06-14T09:23:22.564+0000] {taskmixin.py:205} WARNING - Dependency <Task(_PythonDecoratedOperator): print_the_context>, log_sql_query already registered for DAG: example_python_operator
[2023-06-14T09:23:22.565+0000] {logging_mixin.py:137} INFO - [2023-06-14T09:23:22.565+0000] {taskmixin.py:205} WARNING - Dependency <Task(_PythonDecoratedOperator): log_sql_query>, print_the_context already registered for DAG: example_python_operator
[2023-06-14T09:23:22.566+0000] {logging_mixin.py:137} INFO - [2023-06-14T09:23:22.566+0000] {taskmixin.py:205} WARNING - Dependency <Task(_PythonDecoratedOperator): print_the_context>, log_sql_query already registered for DAG: example_python_operator
[2023-06-14T09:23:22.566+0000] {logging_mixin.py:137} INFO - [2023-06-14T09:23:22.566+0000] {taskmixin.py:205} WARNING - Dependency <Task(_PythonDecoratedOperator): log_sql_query>, print_the_context already registered for DAG: example_python_operator
[2023-06-14T09:23:22.572+0000] {processor.py:753} INFO - DAG(s) dict_keys(['example_python_operator']) retrieved from /home/airflow/.local/lib/python3.7/site-packages/airflow/example_dags/example_python_operator.py
[2023-06-14T09:23:22.592+0000] {logging_mixin.py:137} INFO - [2023-06-14T09:23:22.592+0000] {dag.py:2690} INFO - Sync 1 DAGs
[2023-06-14T09:23:22.607+0000] {logging_mixin.py:137} INFO - [2023-06-14T09:23:22.607+0000] {dag.py:3441} INFO - Setting next_dagrun for example_python_operator to None, run_after=None
[2023-06-14T09:23:22.619+0000] {processor.py:175} INFO - Processing /home/airflow/.local/lib/python3.7/site-packages/airflow/example_dags/example_python_operator.py took 0.083 seconds
[2023-06-14T09:23:52.948+0000] {processor.py:153} INFO - Started process (PID=1065) to work on /home/airflow/.local/lib/python3.7/site-packages/airflow/example_dags/example_python_operator.py
[2023-06-14T09:23:52.950+0000] {processor.py:743} INFO - Processing file /home/airflow/.local/lib/python3.7/site-packages/airflow/example_dags/example_python_operator.py for tasks to queue
[2023-06-14T09:23:52.951+0000] {logging_mixin.py:137} INFO - [2023-06-14T09:23:52.951+0000] {dagbag.py:538} INFO - Filling up the DagBag from /home/airflow/.local/lib/python3.7/site-packages/airflow/example_dags/example_python_operator.py
[2023-06-14T09:23:52.970+0000] {logging_mixin.py:137} INFO - [2023-06-14T09:23:52.970+0000] {taskmixin.py:205} WARNING - Dependency <Task(_PythonDecoratedOperator): print_the_context>, log_sql_query already registered for DAG: example_python_operator
[2023-06-14T09:23:52.971+0000] {logging_mixin.py:137} INFO - [2023-06-14T09:23:52.971+0000] {taskmixin.py:205} WARNING - Dependency <Task(_PythonDecoratedOperator): log_sql_query>, print_the_context already registered for DAG: example_python_operator
[2023-06-14T09:23:52.972+0000] {logging_mixin.py:137} INFO - [2023-06-14T09:23:52.972+0000] {taskmixin.py:205} WARNING - Dependency <Task(_PythonDecoratedOperator): print_the_context>, log_sql_query already registered for DAG: example_python_operator
[2023-06-14T09:23:52.972+0000] {logging_mixin.py:137} INFO - [2023-06-14T09:23:52.972+0000] {taskmixin.py:205} WARNING - Dependency <Task(_PythonDecoratedOperator): log_sql_query>, print_the_context already registered for DAG: example_python_operator
[2023-06-14T09:23:52.973+0000] {logging_mixin.py:137} INFO - [2023-06-14T09:23:52.973+0000] {taskmixin.py:205} WARNING - Dependency <Task(_PythonDecoratedOperator): print_the_context>, log_sql_query already registered for DAG: example_python_operator
[2023-06-14T09:23:52.973+0000] {logging_mixin.py:137} INFO - [2023-06-14T09:23:52.973+0000] {taskmixin.py:205} WARNING - Dependency <Task(_PythonDecoratedOperator): log_sql_query>, print_the_context already registered for DAG: example_python_operator
[2023-06-14T09:23:52.974+0000] {logging_mixin.py:137} INFO - [2023-06-14T09:23:52.974+0000] {taskmixin.py:205} WARNING - Dependency <Task(_PythonDecoratedOperator): print_the_context>, log_sql_query already registered for DAG: example_python_operator
[2023-06-14T09:23:52.975+0000] {logging_mixin.py:137} INFO - [2023-06-14T09:23:52.975+0000] {taskmixin.py:205} WARNING - Dependency <Task(_PythonDecoratedOperator): log_sql_query>, print_the_context already registered for DAG: example_python_operator
[2023-06-14T09:23:52.980+0000] {processor.py:753} INFO - DAG(s) dict_keys(['example_python_operator']) retrieved from /home/airflow/.local/lib/python3.7/site-packages/airflow/example_dags/example_python_operator.py
[2023-06-14T09:23:53.002+0000] {logging_mixin.py:137} INFO - [2023-06-14T09:23:53.002+0000] {dag.py:2690} INFO - Sync 1 DAGs
[2023-06-14T09:23:53.018+0000] {logging_mixin.py:137} INFO - [2023-06-14T09:23:53.018+0000] {dag.py:3441} INFO - Setting next_dagrun for example_python_operator to None, run_after=None
[2023-06-14T09:23:53.031+0000] {processor.py:175} INFO - Processing /home/airflow/.local/lib/python3.7/site-packages/airflow/example_dags/example_python_operator.py took 0.090 seconds
[2023-06-14T09:24:23.724+0000] {processor.py:153} INFO - Started process (PID=1129) to work on /home/airflow/.local/lib/python3.7/site-packages/airflow/example_dags/example_python_operator.py
[2023-06-14T09:24:23.725+0000] {processor.py:743} INFO - Processing file /home/airflow/.local/lib/python3.7/site-packages/airflow/example_dags/example_python_operator.py for tasks to queue
[2023-06-14T09:24:23.727+0000] {logging_mixin.py:137} INFO - [2023-06-14T09:24:23.727+0000] {dagbag.py:538} INFO - Filling up the DagBag from /home/airflow/.local/lib/python3.7/site-packages/airflow/example_dags/example_python_operator.py
[2023-06-14T09:24:23.743+0000] {logging_mixin.py:137} INFO - [2023-06-14T09:24:23.743+0000] {taskmixin.py:205} WARNING - Dependency <Task(_PythonDecoratedOperator): print_the_context>, log_sql_query already registered for DAG: example_python_operator
[2023-06-14T09:24:23.744+0000] {logging_mixin.py:137} INFO - [2023-06-14T09:24:23.744+0000] {taskmixin.py:205} WARNING - Dependency <Task(_PythonDecoratedOperator): log_sql_query>, print_the_context already registered for DAG: example_python_operator
[2023-06-14T09:24:23.744+0000] {logging_mixin.py:137} INFO - [2023-06-14T09:24:23.744+0000] {taskmixin.py:205} WARNING - Dependency <Task(_PythonDecoratedOperator): print_the_context>, log_sql_query already registered for DAG: example_python_operator
[2023-06-14T09:24:23.745+0000] {logging_mixin.py:137} INFO - [2023-06-14T09:24:23.745+0000] {taskmixin.py:205} WARNING - Dependency <Task(_PythonDecoratedOperator): log_sql_query>, print_the_context already registered for DAG: example_python_operator
[2023-06-14T09:24:23.746+0000] {logging_mixin.py:137} INFO - [2023-06-14T09:24:23.746+0000] {taskmixin.py:205} WARNING - Dependency <Task(_PythonDecoratedOperator): print_the_context>, log_sql_query already registered for DAG: example_python_operator
[2023-06-14T09:24:23.746+0000] {logging_mixin.py:137} INFO - [2023-06-14T09:24:23.746+0000] {taskmixin.py:205} WARNING - Dependency <Task(_PythonDecoratedOperator): log_sql_query>, print_the_context already registered for DAG: example_python_operator
[2023-06-14T09:24:23.747+0000] {logging_mixin.py:137} INFO - [2023-06-14T09:24:23.747+0000] {taskmixin.py:205} WARNING - Dependency <Task(_PythonDecoratedOperator): print_the_context>, log_sql_query already registered for DAG: example_python_operator
[2023-06-14T09:24:23.748+0000] {logging_mixin.py:137} INFO - [2023-06-14T09:24:23.748+0000] {taskmixin.py:205} WARNING - Dependency <Task(_PythonDecoratedOperator): log_sql_query>, print_the_context already registered for DAG: example_python_operator
[2023-06-14T09:24:23.753+0000] {processor.py:753} INFO - DAG(s) dict_keys(['example_python_operator']) retrieved from /home/airflow/.local/lib/python3.7/site-packages/airflow/example_dags/example_python_operator.py
[2023-06-14T09:24:23.774+0000] {logging_mixin.py:137} INFO - [2023-06-14T09:24:23.774+0000] {dag.py:2690} INFO - Sync 1 DAGs
[2023-06-14T09:24:23.789+0000] {logging_mixin.py:137} INFO - [2023-06-14T09:24:23.789+0000] {dag.py:3441} INFO - Setting next_dagrun for example_python_operator to None, run_after=None
[2023-06-14T09:24:23.801+0000] {processor.py:175} INFO - Processing /home/airflow/.local/lib/python3.7/site-packages/airflow/example_dags/example_python_operator.py took 0.081 seconds
[2023-06-14T09:24:53.981+0000] {processor.py:153} INFO - Started process (PID=1205) to work on /home/airflow/.local/lib/python3.7/site-packages/airflow/example_dags/example_python_operator.py
[2023-06-14T09:24:53.983+0000] {processor.py:743} INFO - Processing file /home/airflow/.local/lib/python3.7/site-packages/airflow/example_dags/example_python_operator.py for tasks to queue
[2023-06-14T09:24:53.984+0000] {logging_mixin.py:137} INFO - [2023-06-14T09:24:53.984+0000] {dagbag.py:538} INFO - Filling up the DagBag from /home/airflow/.local/lib/python3.7/site-packages/airflow/example_dags/example_python_operator.py
[2023-06-14T09:24:54.002+0000] {logging_mixin.py:137} INFO - [2023-06-14T09:24:54.002+0000] {taskmixin.py:205} WARNING - Dependency <Task(_PythonDecoratedOperator): print_the_context>, log_sql_query already registered for DAG: example_python_operator
[2023-06-14T09:24:54.003+0000] {logging_mixin.py:137} INFO - [2023-06-14T09:24:54.003+0000] {taskmixin.py:205} WARNING - Dependency <Task(_PythonDecoratedOperator): log_sql_query>, print_the_context already registered for DAG: example_python_operator
[2023-06-14T09:24:54.004+0000] {logging_mixin.py:137} INFO - [2023-06-14T09:24:54.004+0000] {taskmixin.py:205} WARNING - Dependency <Task(_PythonDecoratedOperator): print_the_context>, log_sql_query already registered for DAG: example_python_operator
[2023-06-14T09:24:54.005+0000] {logging_mixin.py:137} INFO - [2023-06-14T09:24:54.004+0000] {taskmixin.py:205} WARNING - Dependency <Task(_PythonDecoratedOperator): log_sql_query>, print_the_context already registered for DAG: example_python_operator
[2023-06-14T09:24:54.006+0000] {logging_mixin.py:137} INFO - [2023-06-14T09:24:54.005+0000] {taskmixin.py:205} WARNING - Dependency <Task(_PythonDecoratedOperator): print_the_context>, log_sql_query already registered for DAG: example_python_operator
[2023-06-14T09:24:54.006+0000] {logging_mixin.py:137} INFO - [2023-06-14T09:24:54.006+0000] {taskmixin.py:205} WARNING - Dependency <Task(_PythonDecoratedOperator): log_sql_query>, print_the_context already registered for DAG: example_python_operator
[2023-06-14T09:24:54.007+0000] {logging_mixin.py:137} INFO - [2023-06-14T09:24:54.007+0000] {taskmixin.py:205} WARNING - Dependency <Task(_PythonDecoratedOperator): print_the_context>, log_sql_query already registered for DAG: example_python_operator
[2023-06-14T09:24:54.007+0000] {logging_mixin.py:137} INFO - [2023-06-14T09:24:54.007+0000] {taskmixin.py:205} WARNING - Dependency <Task(_PythonDecoratedOperator): log_sql_query>, print_the_context already registered for DAG: example_python_operator
[2023-06-14T09:24:54.013+0000] {processor.py:753} INFO - DAG(s) dict_keys(['example_python_operator']) retrieved from /home/airflow/.local/lib/python3.7/site-packages/airflow/example_dags/example_python_operator.py
[2023-06-14T09:24:54.035+0000] {logging_mixin.py:137} INFO - [2023-06-14T09:24:54.035+0000] {dag.py:2690} INFO - Sync 1 DAGs
[2023-06-14T09:24:54.049+0000] {logging_mixin.py:137} INFO - [2023-06-14T09:24:54.049+0000] {dag.py:3441} INFO - Setting next_dagrun for example_python_operator to None, run_after=None
[2023-06-14T09:24:54.062+0000] {processor.py:175} INFO - Processing /home/airflow/.local/lib/python3.7/site-packages/airflow/example_dags/example_python_operator.py took 0.085 seconds
[2023-06-14T09:25:24.155+0000] {processor.py:153} INFO - Started process (PID=1279) to work on /home/airflow/.local/lib/python3.7/site-packages/airflow/example_dags/example_python_operator.py
[2023-06-14T09:25:24.157+0000] {processor.py:743} INFO - Processing file /home/airflow/.local/lib/python3.7/site-packages/airflow/example_dags/example_python_operator.py for tasks to queue
[2023-06-14T09:25:24.158+0000] {logging_mixin.py:137} INFO - [2023-06-14T09:25:24.158+0000] {dagbag.py:538} INFO - Filling up the DagBag from /home/airflow/.local/lib/python3.7/site-packages/airflow/example_dags/example_python_operator.py
[2023-06-14T09:25:24.175+0000] {logging_mixin.py:137} INFO - [2023-06-14T09:25:24.174+0000] {taskmixin.py:205} WARNING - Dependency <Task(_PythonDecoratedOperator): print_the_context>, log_sql_query already registered for DAG: example_python_operator
[2023-06-14T09:25:24.176+0000] {logging_mixin.py:137} INFO - [2023-06-14T09:25:24.176+0000] {taskmixin.py:205} WARNING - Dependency <Task(_PythonDecoratedOperator): log_sql_query>, print_the_context already registered for DAG: example_python_operator
[2023-06-14T09:25:24.177+0000] {logging_mixin.py:137} INFO - [2023-06-14T09:25:24.176+0000] {taskmixin.py:205} WARNING - Dependency <Task(_PythonDecoratedOperator): print_the_context>, log_sql_query already registered for DAG: example_python_operator
[2023-06-14T09:25:24.177+0000] {logging_mixin.py:137} INFO - [2023-06-14T09:25:24.177+0000] {taskmixin.py:205} WARNING - Dependency <Task(_PythonDecoratedOperator): log_sql_query>, print_the_context already registered for DAG: example_python_operator
[2023-06-14T09:25:24.178+0000] {logging_mixin.py:137} INFO - [2023-06-14T09:25:24.178+0000] {taskmixin.py:205} WARNING - Dependency <Task(_PythonDecoratedOperator): print_the_context>, log_sql_query already registered for DAG: example_python_operator
[2023-06-14T09:25:24.178+0000] {logging_mixin.py:137} INFO - [2023-06-14T09:25:24.178+0000] {taskmixin.py:205} WARNING - Dependency <Task(_PythonDecoratedOperator): log_sql_query>, print_the_context already registered for DAG: example_python_operator
[2023-06-14T09:25:24.179+0000] {logging_mixin.py:137} INFO - [2023-06-14T09:25:24.179+0000] {taskmixin.py:205} WARNING - Dependency <Task(_PythonDecoratedOperator): print_the_context>, log_sql_query already registered for DAG: example_python_operator
[2023-06-14T09:25:24.180+0000] {logging_mixin.py:137} INFO - [2023-06-14T09:25:24.179+0000] {taskmixin.py:205} WARNING - Dependency <Task(_PythonDecoratedOperator): log_sql_query>, print_the_context already registered for DAG: example_python_operator
[2023-06-14T09:25:24.185+0000] {processor.py:753} INFO - DAG(s) dict_keys(['example_python_operator']) retrieved from /home/airflow/.local/lib/python3.7/site-packages/airflow/example_dags/example_python_operator.py
[2023-06-14T09:25:24.208+0000] {logging_mixin.py:137} INFO - [2023-06-14T09:25:24.208+0000] {dag.py:2690} INFO - Sync 1 DAGs
[2023-06-14T09:25:24.224+0000] {logging_mixin.py:137} INFO - [2023-06-14T09:25:24.224+0000] {dag.py:3441} INFO - Setting next_dagrun for example_python_operator to None, run_after=None
[2023-06-14T09:25:24.236+0000] {processor.py:175} INFO - Processing /home/airflow/.local/lib/python3.7/site-packages/airflow/example_dags/example_python_operator.py took 0.084 seconds
[2023-06-14T09:25:54.392+0000] {processor.py:153} INFO - Started process (PID=1344) to work on /home/airflow/.local/lib/python3.7/site-packages/airflow/example_dags/example_python_operator.py
[2023-06-14T09:25:54.393+0000] {processor.py:743} INFO - Processing file /home/airflow/.local/lib/python3.7/site-packages/airflow/example_dags/example_python_operator.py for tasks to queue
[2023-06-14T09:25:54.394+0000] {logging_mixin.py:137} INFO - [2023-06-14T09:25:54.394+0000] {dagbag.py:538} INFO - Filling up the DagBag from /home/airflow/.local/lib/python3.7/site-packages/airflow/example_dags/example_python_operator.py
[2023-06-14T09:25:54.409+0000] {logging_mixin.py:137} INFO - [2023-06-14T09:25:54.409+0000] {taskmixin.py:205} WARNING - Dependency <Task(_PythonDecoratedOperator): print_the_context>, log_sql_query already registered for DAG: example_python_operator
[2023-06-14T09:25:54.410+0000] {logging_mixin.py:137} INFO - [2023-06-14T09:25:54.410+0000] {taskmixin.py:205} WARNING - Dependency <Task(_PythonDecoratedOperator): log_sql_query>, print_the_context already registered for DAG: example_python_operator
[2023-06-14T09:25:54.410+0000] {logging_mixin.py:137} INFO - [2023-06-14T09:25:54.410+0000] {taskmixin.py:205} WARNING - Dependency <Task(_PythonDecoratedOperator): print_the_context>, log_sql_query already registered for DAG: example_python_operator
[2023-06-14T09:25:54.411+0000] {logging_mixin.py:137} INFO - [2023-06-14T09:25:54.411+0000] {taskmixin.py:205} WARNING - Dependency <Task(_PythonDecoratedOperator): log_sql_query>, print_the_context already registered for DAG: example_python_operator
[2023-06-14T09:25:54.412+0000] {logging_mixin.py:137} INFO - [2023-06-14T09:25:54.412+0000] {taskmixin.py:205} WARNING - Dependency <Task(_PythonDecoratedOperator): print_the_context>, log_sql_query already registered for DAG: example_python_operator
[2023-06-14T09:25:54.412+0000] {logging_mixin.py:137} INFO - [2023-06-14T09:25:54.412+0000] {taskmixin.py:205} WARNING - Dependency <Task(_PythonDecoratedOperator): log_sql_query>, print_the_context already registered for DAG: example_python_operator
[2023-06-14T09:25:54.413+0000] {logging_mixin.py:137} INFO - [2023-06-14T09:25:54.413+0000] {taskmixin.py:205} WARNING - Dependency <Task(_PythonDecoratedOperator): print_the_context>, log_sql_query already registered for DAG: example_python_operator
[2023-06-14T09:25:54.414+0000] {logging_mixin.py:137} INFO - [2023-06-14T09:25:54.414+0000] {taskmixin.py:205} WARNING - Dependency <Task(_PythonDecoratedOperator): log_sql_query>, print_the_context already registered for DAG: example_python_operator
[2023-06-14T09:25:54.419+0000] {processor.py:753} INFO - DAG(s) dict_keys(['example_python_operator']) retrieved from /home/airflow/.local/lib/python3.7/site-packages/airflow/example_dags/example_python_operator.py
[2023-06-14T09:25:54.440+0000] {logging_mixin.py:137} INFO - [2023-06-14T09:25:54.439+0000] {dag.py:2690} INFO - Sync 1 DAGs
[2023-06-14T09:25:54.455+0000] {logging_mixin.py:137} INFO - [2023-06-14T09:25:54.455+0000] {dag.py:3441} INFO - Setting next_dagrun for example_python_operator to None, run_after=None
[2023-06-14T09:25:54.468+0000] {processor.py:175} INFO - Processing /home/airflow/.local/lib/python3.7/site-packages/airflow/example_dags/example_python_operator.py took 0.079 seconds
[2023-06-14T09:26:24.567+0000] {processor.py:153} INFO - Started process (PID=1420) to work on /home/airflow/.local/lib/python3.7/site-packages/airflow/example_dags/example_python_operator.py
[2023-06-14T09:26:24.568+0000] {processor.py:743} INFO - Processing file /home/airflow/.local/lib/python3.7/site-packages/airflow/example_dags/example_python_operator.py for tasks to queue
[2023-06-14T09:26:24.569+0000] {logging_mixin.py:137} INFO - [2023-06-14T09:26:24.569+0000] {dagbag.py:538} INFO - Filling up the DagBag from /home/airflow/.local/lib/python3.7/site-packages/airflow/example_dags/example_python_operator.py
[2023-06-14T09:26:24.580+0000] {logging_mixin.py:137} INFO - [2023-06-14T09:26:24.580+0000] {taskmixin.py:205} WARNING - Dependency <Task(_PythonDecoratedOperator): print_the_context>, log_sql_query already registered for DAG: example_python_operator
[2023-06-14T09:26:24.581+0000] {logging_mixin.py:137} INFO - [2023-06-14T09:26:24.581+0000] {taskmixin.py:205} WARNING - Dependency <Task(_PythonDecoratedOperator): log_sql_query>, print_the_context already registered for DAG: example_python_operator
[2023-06-14T09:26:24.582+0000] {logging_mixin.py:137} INFO - [2023-06-14T09:26:24.582+0000] {taskmixin.py:205} WARNING - Dependency <Task(_PythonDecoratedOperator): print_the_context>, log_sql_query already registered for DAG: example_python_operator
[2023-06-14T09:26:24.582+0000] {logging_mixin.py:137} INFO - [2023-06-14T09:26:24.582+0000] {taskmixin.py:205} WARNING - Dependency <Task(_PythonDecoratedOperator): log_sql_query>, print_the_context already registered for DAG: example_python_operator
[2023-06-14T09:26:24.583+0000] {logging_mixin.py:137} INFO - [2023-06-14T09:26:24.583+0000] {taskmixin.py:205} WARNING - Dependency <Task(_PythonDecoratedOperator): print_the_context>, log_sql_query already registered for DAG: example_python_operator
[2023-06-14T09:26:24.583+0000] {logging_mixin.py:137} INFO - [2023-06-14T09:26:24.583+0000] {taskmixin.py:205} WARNING - Dependency <Task(_PythonDecoratedOperator): log_sql_query>, print_the_context already registered for DAG: example_python_operator
[2023-06-14T09:26:24.584+0000] {logging_mixin.py:137} INFO - [2023-06-14T09:26:24.584+0000] {taskmixin.py:205} WARNING - Dependency <Task(_PythonDecoratedOperator): print_the_context>, log_sql_query already registered for DAG: example_python_operator
[2023-06-14T09:26:24.585+0000] {logging_mixin.py:137} INFO - [2023-06-14T09:26:24.585+0000] {taskmixin.py:205} WARNING - Dependency <Task(_PythonDecoratedOperator): log_sql_query>, print_the_context already registered for DAG: example_python_operator
[2023-06-14T09:26:24.589+0000] {processor.py:753} INFO - DAG(s) dict_keys(['example_python_operator']) retrieved from /home/airflow/.local/lib/python3.7/site-packages/airflow/example_dags/example_python_operator.py
[2023-06-14T09:26:24.610+0000] {logging_mixin.py:137} INFO - [2023-06-14T09:26:24.609+0000] {dag.py:2690} INFO - Sync 1 DAGs
[2023-06-14T09:26:24.625+0000] {logging_mixin.py:137} INFO - [2023-06-14T09:26:24.625+0000] {dag.py:3441} INFO - Setting next_dagrun for example_python_operator to None, run_after=None
[2023-06-14T09:26:24.636+0000] {processor.py:175} INFO - Processing /home/airflow/.local/lib/python3.7/site-packages/airflow/example_dags/example_python_operator.py took 0.072 seconds
