[2023-06-14T09:16:42.819+0000] {processor.py:153} INFO - Started process (PID=73) to work on /home/airflow/.local/lib/python3.7/site-packages/airflow/example_dags/example_xcom.py
[2023-06-14T09:16:42.820+0000] {processor.py:743} INFO - Processing file /home/airflow/.local/lib/python3.7/site-packages/airflow/example_dags/example_xcom.py for tasks to queue
[2023-06-14T09:16:42.822+0000] {logging_mixin.py:137} INFO - [2023-06-14T09:16:42.822+0000] {dagbag.py:538} INFO - Filling up the DagBag from /home/airflow/.local/lib/python3.7/site-packages/airflow/example_dags/example_xcom.py
[2023-06-14T09:16:42.871+0000] {processor.py:753} INFO - DAG(s) dict_keys(['example_xcom']) retrieved from /home/airflow/.local/lib/python3.7/site-packages/airflow/example_dags/example_xcom.py
[2023-06-14T09:16:42.916+0000] {logging_mixin.py:137} INFO - [2023-06-14T09:16:42.916+0000] {dag.py:2690} INFO - Sync 1 DAGs
[2023-06-14T09:16:42.964+0000] {logging_mixin.py:137} INFO - [2023-06-14T09:16:42.964+0000] {dag.py:3441} INFO - Setting next_dagrun for example_xcom to 2021-01-01T00:00:00+00:00, run_after=2021-01-01T00:00:00+00:00
[2023-06-14T09:16:42.994+0000] {processor.py:175} INFO - Processing /home/airflow/.local/lib/python3.7/site-packages/airflow/example_dags/example_xcom.py took 0.179 seconds
[2023-06-14T09:17:13.355+0000] {processor.py:153} INFO - Started process (PID=142) to work on /home/airflow/.local/lib/python3.7/site-packages/airflow/example_dags/example_xcom.py
[2023-06-14T09:17:13.357+0000] {processor.py:743} INFO - Processing file /home/airflow/.local/lib/python3.7/site-packages/airflow/example_dags/example_xcom.py for tasks to queue
[2023-06-14T09:17:13.358+0000] {logging_mixin.py:137} INFO - [2023-06-14T09:17:13.358+0000] {dagbag.py:538} INFO - Filling up the DagBag from /home/airflow/.local/lib/python3.7/site-packages/airflow/example_dags/example_xcom.py
[2023-06-14T09:17:13.375+0000] {processor.py:753} INFO - DAG(s) dict_keys(['example_xcom']) retrieved from /home/airflow/.local/lib/python3.7/site-packages/airflow/example_dags/example_xcom.py
[2023-06-14T09:17:13.404+0000] {logging_mixin.py:137} INFO - [2023-06-14T09:17:13.404+0000] {dag.py:2690} INFO - Sync 1 DAGs
[2023-06-14T09:17:13.419+0000] {logging_mixin.py:137} INFO - [2023-06-14T09:17:13.419+0000] {dag.py:3441} INFO - Setting next_dagrun for example_xcom to 2021-01-01T00:00:00+00:00, run_after=2021-01-01T00:00:00+00:00
[2023-06-14T09:17:13.431+0000] {processor.py:175} INFO - Processing /home/airflow/.local/lib/python3.7/site-packages/airflow/example_dags/example_xcom.py took 0.080 seconds
[2023-06-14T09:17:44.305+0000] {processor.py:153} INFO - Started process (PID=223) to work on /home/airflow/.local/lib/python3.7/site-packages/airflow/example_dags/example_xcom.py
[2023-06-14T09:17:44.306+0000] {processor.py:743} INFO - Processing file /home/airflow/.local/lib/python3.7/site-packages/airflow/example_dags/example_xcom.py for tasks to queue
[2023-06-14T09:17:44.307+0000] {logging_mixin.py:137} INFO - [2023-06-14T09:17:44.307+0000] {dagbag.py:538} INFO - Filling up the DagBag from /home/airflow/.local/lib/python3.7/site-packages/airflow/example_dags/example_xcom.py
[2023-06-14T09:17:44.323+0000] {processor.py:753} INFO - DAG(s) dict_keys(['example_xcom']) retrieved from /home/airflow/.local/lib/python3.7/site-packages/airflow/example_dags/example_xcom.py
[2023-06-14T09:17:44.385+0000] {logging_mixin.py:137} INFO - [2023-06-14T09:17:44.383+0000] {dag.py:2690} INFO - Sync 1 DAGs
[2023-06-14T09:17:44.416+0000] {logging_mixin.py:137} INFO - [2023-06-14T09:17:44.416+0000] {dag.py:3441} INFO - Setting next_dagrun for example_xcom to 2021-01-01T00:00:00+00:00, run_after=2021-01-01T00:00:00+00:00
[2023-06-14T09:17:44.434+0000] {processor.py:175} INFO - Processing /home/airflow/.local/lib/python3.7/site-packages/airflow/example_dags/example_xcom.py took 0.132 seconds
[2023-06-14T09:18:14.548+0000] {processor.py:153} INFO - Started process (PID=287) to work on /home/airflow/.local/lib/python3.7/site-packages/airflow/example_dags/example_xcom.py
[2023-06-14T09:18:14.549+0000] {processor.py:743} INFO - Processing file /home/airflow/.local/lib/python3.7/site-packages/airflow/example_dags/example_xcom.py for tasks to queue
[2023-06-14T09:18:14.550+0000] {logging_mixin.py:137} INFO - [2023-06-14T09:18:14.550+0000] {dagbag.py:538} INFO - Filling up the DagBag from /home/airflow/.local/lib/python3.7/site-packages/airflow/example_dags/example_xcom.py
[2023-06-14T09:18:14.565+0000] {processor.py:753} INFO - DAG(s) dict_keys(['example_xcom']) retrieved from /home/airflow/.local/lib/python3.7/site-packages/airflow/example_dags/example_xcom.py
[2023-06-14T09:18:14.584+0000] {logging_mixin.py:137} INFO - [2023-06-14T09:18:14.584+0000] {dag.py:2690} INFO - Sync 1 DAGs
[2023-06-14T09:18:14.599+0000] {logging_mixin.py:137} INFO - [2023-06-14T09:18:14.599+0000] {dag.py:3441} INFO - Setting next_dagrun for example_xcom to 2021-01-01T00:00:00+00:00, run_after=2021-01-01T00:00:00+00:00
[2023-06-14T09:18:14.610+0000] {processor.py:175} INFO - Processing /home/airflow/.local/lib/python3.7/site-packages/airflow/example_dags/example_xcom.py took 0.065 seconds
[2023-06-14T09:18:44.708+0000] {processor.py:153} INFO - Started process (PID=363) to work on /home/airflow/.local/lib/python3.7/site-packages/airflow/example_dags/example_xcom.py
[2023-06-14T09:18:44.709+0000] {processor.py:743} INFO - Processing file /home/airflow/.local/lib/python3.7/site-packages/airflow/example_dags/example_xcom.py for tasks to queue
[2023-06-14T09:18:44.710+0000] {logging_mixin.py:137} INFO - [2023-06-14T09:18:44.710+0000] {dagbag.py:538} INFO - Filling up the DagBag from /home/airflow/.local/lib/python3.7/site-packages/airflow/example_dags/example_xcom.py
[2023-06-14T09:18:44.725+0000] {processor.py:753} INFO - DAG(s) dict_keys(['example_xcom']) retrieved from /home/airflow/.local/lib/python3.7/site-packages/airflow/example_dags/example_xcom.py
[2023-06-14T09:18:44.745+0000] {logging_mixin.py:137} INFO - [2023-06-14T09:18:44.745+0000] {dag.py:2690} INFO - Sync 1 DAGs
[2023-06-14T09:18:44.760+0000] {logging_mixin.py:137} INFO - [2023-06-14T09:18:44.760+0000] {dag.py:3441} INFO - Setting next_dagrun for example_xcom to 2021-01-01T00:00:00+00:00, run_after=2021-01-01T00:00:00+00:00
[2023-06-14T09:18:44.770+0000] {processor.py:175} INFO - Processing /home/airflow/.local/lib/python3.7/site-packages/airflow/example_dags/example_xcom.py took 0.065 seconds
[2023-06-14T09:19:15.407+0000] {processor.py:153} INFO - Started process (PID=439) to work on /home/airflow/.local/lib/python3.7/site-packages/airflow/example_dags/example_xcom.py
[2023-06-14T09:19:15.408+0000] {processor.py:743} INFO - Processing file /home/airflow/.local/lib/python3.7/site-packages/airflow/example_dags/example_xcom.py for tasks to queue
[2023-06-14T09:19:15.409+0000] {logging_mixin.py:137} INFO - [2023-06-14T09:19:15.409+0000] {dagbag.py:538} INFO - Filling up the DagBag from /home/airflow/.local/lib/python3.7/site-packages/airflow/example_dags/example_xcom.py
[2023-06-14T09:19:15.428+0000] {processor.py:753} INFO - DAG(s) dict_keys(['example_xcom']) retrieved from /home/airflow/.local/lib/python3.7/site-packages/airflow/example_dags/example_xcom.py
[2023-06-14T09:19:15.457+0000] {logging_mixin.py:137} INFO - [2023-06-14T09:19:15.457+0000] {dag.py:2690} INFO - Sync 1 DAGs
[2023-06-14T09:19:15.482+0000] {logging_mixin.py:137} INFO - [2023-06-14T09:19:15.482+0000] {dag.py:3441} INFO - Setting next_dagrun for example_xcom to 2021-01-01T00:00:00+00:00, run_after=2021-01-01T00:00:00+00:00
[2023-06-14T09:19:15.497+0000] {processor.py:175} INFO - Processing /home/airflow/.local/lib/python3.7/site-packages/airflow/example_dags/example_xcom.py took 0.093 seconds
[2023-06-14T09:19:48.411+0000] {processor.py:153} INFO - Started process (PID=513) to work on /home/airflow/.local/lib/python3.7/site-packages/airflow/example_dags/example_xcom.py
[2023-06-14T09:19:48.414+0000] {processor.py:743} INFO - Processing file /home/airflow/.local/lib/python3.7/site-packages/airflow/example_dags/example_xcom.py for tasks to queue
[2023-06-14T09:19:48.415+0000] {logging_mixin.py:137} INFO - [2023-06-14T09:19:48.415+0000] {dagbag.py:538} INFO - Filling up the DagBag from /home/airflow/.local/lib/python3.7/site-packages/airflow/example_dags/example_xcom.py
[2023-06-14T09:19:48.433+0000] {processor.py:753} INFO - DAG(s) dict_keys(['example_xcom']) retrieved from /home/airflow/.local/lib/python3.7/site-packages/airflow/example_dags/example_xcom.py
[2023-06-14T09:19:48.462+0000] {logging_mixin.py:137} INFO - [2023-06-14T09:19:48.462+0000] {dag.py:2690} INFO - Sync 1 DAGs
[2023-06-14T09:19:48.481+0000] {logging_mixin.py:137} INFO - [2023-06-14T09:19:48.481+0000] {dag.py:3441} INFO - Setting next_dagrun for example_xcom to 2021-01-01T00:00:00+00:00, run_after=2021-01-01T00:00:00+00:00
[2023-06-14T09:19:48.495+0000] {processor.py:175} INFO - Processing /home/airflow/.local/lib/python3.7/site-packages/airflow/example_dags/example_xcom.py took 0.090 seconds
[2023-06-14T09:20:21.684+0000] {processor.py:153} INFO - Started process (PID=581) to work on /home/airflow/.local/lib/python3.7/site-packages/airflow/example_dags/example_xcom.py
[2023-06-14T09:20:21.687+0000] {processor.py:743} INFO - Processing file /home/airflow/.local/lib/python3.7/site-packages/airflow/example_dags/example_xcom.py for tasks to queue
[2023-06-14T09:20:21.688+0000] {logging_mixin.py:137} INFO - [2023-06-14T09:20:21.688+0000] {dagbag.py:538} INFO - Filling up the DagBag from /home/airflow/.local/lib/python3.7/site-packages/airflow/example_dags/example_xcom.py
[2023-06-14T09:20:21.723+0000] {processor.py:753} INFO - DAG(s) dict_keys(['example_xcom']) retrieved from /home/airflow/.local/lib/python3.7/site-packages/airflow/example_dags/example_xcom.py
[2023-06-14T09:20:21.781+0000] {logging_mixin.py:137} INFO - [2023-06-14T09:20:21.780+0000] {dag.py:2690} INFO - Sync 1 DAGs
[2023-06-14T09:20:21.822+0000] {logging_mixin.py:137} INFO - [2023-06-14T09:20:21.822+0000] {dag.py:3441} INFO - Setting next_dagrun for example_xcom to 2021-01-01T00:00:00+00:00, run_after=2021-01-01T00:00:00+00:00
[2023-06-14T09:20:21.854+0000] {processor.py:175} INFO - Processing /home/airflow/.local/lib/python3.7/site-packages/airflow/example_dags/example_xcom.py took 0.173 seconds
[2023-06-14T09:20:52.462+0000] {processor.py:153} INFO - Started process (PID=644) to work on /home/airflow/.local/lib/python3.7/site-packages/airflow/example_dags/example_xcom.py
[2023-06-14T09:20:52.463+0000] {processor.py:743} INFO - Processing file /home/airflow/.local/lib/python3.7/site-packages/airflow/example_dags/example_xcom.py for tasks to queue
[2023-06-14T09:20:52.464+0000] {logging_mixin.py:137} INFO - [2023-06-14T09:20:52.464+0000] {dagbag.py:538} INFO - Filling up the DagBag from /home/airflow/.local/lib/python3.7/site-packages/airflow/example_dags/example_xcom.py
[2023-06-14T09:20:52.481+0000] {processor.py:753} INFO - DAG(s) dict_keys(['example_xcom']) retrieved from /home/airflow/.local/lib/python3.7/site-packages/airflow/example_dags/example_xcom.py
[2023-06-14T09:20:52.507+0000] {logging_mixin.py:137} INFO - [2023-06-14T09:20:52.507+0000] {dag.py:2690} INFO - Sync 1 DAGs
[2023-06-14T09:20:52.525+0000] {logging_mixin.py:137} INFO - [2023-06-14T09:20:52.524+0000] {dag.py:3441} INFO - Setting next_dagrun for example_xcom to 2021-01-01T00:00:00+00:00, run_after=2021-01-01T00:00:00+00:00
[2023-06-14T09:20:52.536+0000] {processor.py:175} INFO - Processing /home/airflow/.local/lib/python3.7/site-packages/airflow/example_dags/example_xcom.py took 0.078 seconds
[2023-06-14T09:21:22.817+0000] {processor.py:153} INFO - Started process (PID=708) to work on /home/airflow/.local/lib/python3.7/site-packages/airflow/example_dags/example_xcom.py
[2023-06-14T09:21:22.826+0000] {processor.py:743} INFO - Processing file /home/airflow/.local/lib/python3.7/site-packages/airflow/example_dags/example_xcom.py for tasks to queue
[2023-06-14T09:21:22.832+0000] {logging_mixin.py:137} INFO - [2023-06-14T09:21:22.832+0000] {dagbag.py:538} INFO - Filling up the DagBag from /home/airflow/.local/lib/python3.7/site-packages/airflow/example_dags/example_xcom.py
[2023-06-14T09:21:22.871+0000] {processor.py:753} INFO - DAG(s) dict_keys(['example_xcom']) retrieved from /home/airflow/.local/lib/python3.7/site-packages/airflow/example_dags/example_xcom.py
[2023-06-14T09:21:22.920+0000] {logging_mixin.py:137} INFO - [2023-06-14T09:21:22.915+0000] {dag.py:2690} INFO - Sync 1 DAGs
[2023-06-14T09:21:22.952+0000] {logging_mixin.py:137} INFO - [2023-06-14T09:21:22.952+0000] {dag.py:3441} INFO - Setting next_dagrun for example_xcom to 2021-01-01T00:00:00+00:00, run_after=2021-01-01T00:00:00+00:00
[2023-06-14T09:21:22.967+0000] {processor.py:175} INFO - Processing /home/airflow/.local/lib/python3.7/site-packages/airflow/example_dags/example_xcom.py took 0.155 seconds
[2023-06-14T09:21:53.094+0000] {processor.py:153} INFO - Started process (PID=784) to work on /home/airflow/.local/lib/python3.7/site-packages/airflow/example_dags/example_xcom.py
[2023-06-14T09:21:53.095+0000] {processor.py:743} INFO - Processing file /home/airflow/.local/lib/python3.7/site-packages/airflow/example_dags/example_xcom.py for tasks to queue
[2023-06-14T09:21:53.096+0000] {logging_mixin.py:137} INFO - [2023-06-14T09:21:53.096+0000] {dagbag.py:538} INFO - Filling up the DagBag from /home/airflow/.local/lib/python3.7/site-packages/airflow/example_dags/example_xcom.py
[2023-06-14T09:21:53.114+0000] {processor.py:753} INFO - DAG(s) dict_keys(['example_xcom']) retrieved from /home/airflow/.local/lib/python3.7/site-packages/airflow/example_dags/example_xcom.py
[2023-06-14T09:21:53.138+0000] {logging_mixin.py:137} INFO - [2023-06-14T09:21:53.138+0000] {dag.py:2690} INFO - Sync 1 DAGs
[2023-06-14T09:21:53.156+0000] {logging_mixin.py:137} INFO - [2023-06-14T09:21:53.156+0000] {dag.py:3441} INFO - Setting next_dagrun for example_xcom to 2021-01-01T00:00:00+00:00, run_after=2021-01-01T00:00:00+00:00
[2023-06-14T09:21:53.170+0000] {processor.py:175} INFO - Processing /home/airflow/.local/lib/python3.7/site-packages/airflow/example_dags/example_xcom.py took 0.079 seconds
[2023-06-14T09:22:23.655+0000] {processor.py:153} INFO - Started process (PID=861) to work on /home/airflow/.local/lib/python3.7/site-packages/airflow/example_dags/example_xcom.py
[2023-06-14T09:22:23.656+0000] {processor.py:743} INFO - Processing file /home/airflow/.local/lib/python3.7/site-packages/airflow/example_dags/example_xcom.py for tasks to queue
[2023-06-14T09:22:23.656+0000] {logging_mixin.py:137} INFO - [2023-06-14T09:22:23.656+0000] {dagbag.py:538} INFO - Filling up the DagBag from /home/airflow/.local/lib/python3.7/site-packages/airflow/example_dags/example_xcom.py
[2023-06-14T09:22:23.672+0000] {processor.py:753} INFO - DAG(s) dict_keys(['example_xcom']) retrieved from /home/airflow/.local/lib/python3.7/site-packages/airflow/example_dags/example_xcom.py
[2023-06-14T09:22:23.692+0000] {logging_mixin.py:137} INFO - [2023-06-14T09:22:23.692+0000] {dag.py:2690} INFO - Sync 1 DAGs
[2023-06-14T09:22:23.710+0000] {logging_mixin.py:137} INFO - [2023-06-14T09:22:23.710+0000] {dag.py:3441} INFO - Setting next_dagrun for example_xcom to 2021-01-01T00:00:00+00:00, run_after=2021-01-01T00:00:00+00:00
[2023-06-14T09:22:23.723+0000] {processor.py:175} INFO - Processing /home/airflow/.local/lib/python3.7/site-packages/airflow/example_dags/example_xcom.py took 0.071 seconds
[2023-06-14T09:22:53.886+0000] {processor.py:153} INFO - Started process (PID=925) to work on /home/airflow/.local/lib/python3.7/site-packages/airflow/example_dags/example_xcom.py
[2023-06-14T09:22:53.887+0000] {processor.py:743} INFO - Processing file /home/airflow/.local/lib/python3.7/site-packages/airflow/example_dags/example_xcom.py for tasks to queue
[2023-06-14T09:22:53.889+0000] {logging_mixin.py:137} INFO - [2023-06-14T09:22:53.888+0000] {dagbag.py:538} INFO - Filling up the DagBag from /home/airflow/.local/lib/python3.7/site-packages/airflow/example_dags/example_xcom.py
[2023-06-14T09:22:53.905+0000] {processor.py:753} INFO - DAG(s) dict_keys(['example_xcom']) retrieved from /home/airflow/.local/lib/python3.7/site-packages/airflow/example_dags/example_xcom.py
[2023-06-14T09:22:53.927+0000] {logging_mixin.py:137} INFO - [2023-06-14T09:22:53.927+0000] {dag.py:2690} INFO - Sync 1 DAGs
[2023-06-14T09:22:53.947+0000] {logging_mixin.py:137} INFO - [2023-06-14T09:22:53.947+0000] {dag.py:3441} INFO - Setting next_dagrun for example_xcom to 2021-01-01T00:00:00+00:00, run_after=2021-01-01T00:00:00+00:00
[2023-06-14T09:22:53.963+0000] {processor.py:175} INFO - Processing /home/airflow/.local/lib/python3.7/site-packages/airflow/example_dags/example_xcom.py took 0.080 seconds
[2023-06-14T09:23:24.112+0000] {processor.py:153} INFO - Started process (PID=1000) to work on /home/airflow/.local/lib/python3.7/site-packages/airflow/example_dags/example_xcom.py
[2023-06-14T09:23:24.113+0000] {processor.py:743} INFO - Processing file /home/airflow/.local/lib/python3.7/site-packages/airflow/example_dags/example_xcom.py for tasks to queue
[2023-06-14T09:23:24.114+0000] {logging_mixin.py:137} INFO - [2023-06-14T09:23:24.114+0000] {dagbag.py:538} INFO - Filling up the DagBag from /home/airflow/.local/lib/python3.7/site-packages/airflow/example_dags/example_xcom.py
[2023-06-14T09:23:24.131+0000] {processor.py:753} INFO - DAG(s) dict_keys(['example_xcom']) retrieved from /home/airflow/.local/lib/python3.7/site-packages/airflow/example_dags/example_xcom.py
[2023-06-14T09:23:24.152+0000] {logging_mixin.py:137} INFO - [2023-06-14T09:23:24.152+0000] {dag.py:2690} INFO - Sync 1 DAGs
[2023-06-14T09:23:24.167+0000] {logging_mixin.py:137} INFO - [2023-06-14T09:23:24.166+0000] {dag.py:3441} INFO - Setting next_dagrun for example_xcom to 2021-01-01T00:00:00+00:00, run_after=2021-01-01T00:00:00+00:00
[2023-06-14T09:23:24.178+0000] {processor.py:175} INFO - Processing /home/airflow/.local/lib/python3.7/site-packages/airflow/example_dags/example_xcom.py took 0.069 seconds
[2023-06-14T09:23:54.552+0000] {processor.py:153} INFO - Started process (PID=1076) to work on /home/airflow/.local/lib/python3.7/site-packages/airflow/example_dags/example_xcom.py
[2023-06-14T09:23:54.553+0000] {processor.py:743} INFO - Processing file /home/airflow/.local/lib/python3.7/site-packages/airflow/example_dags/example_xcom.py for tasks to queue
[2023-06-14T09:23:54.553+0000] {logging_mixin.py:137} INFO - [2023-06-14T09:23:54.553+0000] {dagbag.py:538} INFO - Filling up the DagBag from /home/airflow/.local/lib/python3.7/site-packages/airflow/example_dags/example_xcom.py
[2023-06-14T09:23:54.569+0000] {processor.py:753} INFO - DAG(s) dict_keys(['example_xcom']) retrieved from /home/airflow/.local/lib/python3.7/site-packages/airflow/example_dags/example_xcom.py
[2023-06-14T09:23:54.589+0000] {logging_mixin.py:137} INFO - [2023-06-14T09:23:54.589+0000] {dag.py:2690} INFO - Sync 1 DAGs
[2023-06-14T09:23:54.605+0000] {logging_mixin.py:137} INFO - [2023-06-14T09:23:54.605+0000] {dag.py:3441} INFO - Setting next_dagrun for example_xcom to 2021-01-01T00:00:00+00:00, run_after=2021-01-01T00:00:00+00:00
[2023-06-14T09:23:54.617+0000] {processor.py:175} INFO - Processing /home/airflow/.local/lib/python3.7/site-packages/airflow/example_dags/example_xcom.py took 0.068 seconds
[2023-06-14T09:24:25.331+0000] {processor.py:153} INFO - Started process (PID=1152) to work on /home/airflow/.local/lib/python3.7/site-packages/airflow/example_dags/example_xcom.py
[2023-06-14T09:24:25.335+0000] {processor.py:743} INFO - Processing file /home/airflow/.local/lib/python3.7/site-packages/airflow/example_dags/example_xcom.py for tasks to queue
[2023-06-14T09:24:25.337+0000] {logging_mixin.py:137} INFO - [2023-06-14T09:24:25.337+0000] {dagbag.py:538} INFO - Filling up the DagBag from /home/airflow/.local/lib/python3.7/site-packages/airflow/example_dags/example_xcom.py
[2023-06-14T09:24:25.367+0000] {processor.py:753} INFO - DAG(s) dict_keys(['example_xcom']) retrieved from /home/airflow/.local/lib/python3.7/site-packages/airflow/example_dags/example_xcom.py
[2023-06-14T09:24:25.409+0000] {logging_mixin.py:137} INFO - [2023-06-14T09:24:25.408+0000] {dag.py:2690} INFO - Sync 1 DAGs
[2023-06-14T09:24:25.433+0000] {logging_mixin.py:137} INFO - [2023-06-14T09:24:25.432+0000] {dag.py:3441} INFO - Setting next_dagrun for example_xcom to 2021-01-01T00:00:00+00:00, run_after=2021-01-01T00:00:00+00:00
[2023-06-14T09:24:25.462+0000] {processor.py:175} INFO - Processing /home/airflow/.local/lib/python3.7/site-packages/airflow/example_dags/example_xcom.py took 0.138 seconds
[2023-06-14T09:24:55.571+0000] {processor.py:153} INFO - Started process (PID=1216) to work on /home/airflow/.local/lib/python3.7/site-packages/airflow/example_dags/example_xcom.py
[2023-06-14T09:24:55.572+0000] {processor.py:743} INFO - Processing file /home/airflow/.local/lib/python3.7/site-packages/airflow/example_dags/example_xcom.py for tasks to queue
[2023-06-14T09:24:55.573+0000] {logging_mixin.py:137} INFO - [2023-06-14T09:24:55.573+0000] {dagbag.py:538} INFO - Filling up the DagBag from /home/airflow/.local/lib/python3.7/site-packages/airflow/example_dags/example_xcom.py
[2023-06-14T09:24:55.592+0000] {processor.py:753} INFO - DAG(s) dict_keys(['example_xcom']) retrieved from /home/airflow/.local/lib/python3.7/site-packages/airflow/example_dags/example_xcom.py
[2023-06-14T09:24:55.612+0000] {logging_mixin.py:137} INFO - [2023-06-14T09:24:55.612+0000] {dag.py:2690} INFO - Sync 1 DAGs
[2023-06-14T09:24:55.629+0000] {logging_mixin.py:137} INFO - [2023-06-14T09:24:55.629+0000] {dag.py:3441} INFO - Setting next_dagrun for example_xcom to 2021-01-01T00:00:00+00:00, run_after=2021-01-01T00:00:00+00:00
[2023-06-14T09:24:55.642+0000] {processor.py:175} INFO - Processing /home/airflow/.local/lib/python3.7/site-packages/airflow/example_dags/example_xcom.py took 0.074 seconds
[2023-06-14T09:25:25.712+0000] {processor.py:153} INFO - Started process (PID=1290) to work on /home/airflow/.local/lib/python3.7/site-packages/airflow/example_dags/example_xcom.py
[2023-06-14T09:25:25.714+0000] {processor.py:743} INFO - Processing file /home/airflow/.local/lib/python3.7/site-packages/airflow/example_dags/example_xcom.py for tasks to queue
[2023-06-14T09:25:25.715+0000] {logging_mixin.py:137} INFO - [2023-06-14T09:25:25.715+0000] {dagbag.py:538} INFO - Filling up the DagBag from /home/airflow/.local/lib/python3.7/site-packages/airflow/example_dags/example_xcom.py
[2023-06-14T09:25:25.729+0000] {processor.py:753} INFO - DAG(s) dict_keys(['example_xcom']) retrieved from /home/airflow/.local/lib/python3.7/site-packages/airflow/example_dags/example_xcom.py
[2023-06-14T09:25:25.749+0000] {logging_mixin.py:137} INFO - [2023-06-14T09:25:25.749+0000] {dag.py:2690} INFO - Sync 1 DAGs
[2023-06-14T09:25:25.763+0000] {logging_mixin.py:137} INFO - [2023-06-14T09:25:25.763+0000] {dag.py:3441} INFO - Setting next_dagrun for example_xcom to 2021-01-01T00:00:00+00:00, run_after=2021-01-01T00:00:00+00:00
[2023-06-14T09:25:25.773+0000] {processor.py:175} INFO - Processing /home/airflow/.local/lib/python3.7/site-packages/airflow/example_dags/example_xcom.py took 0.064 seconds
[2023-06-14T09:25:55.991+0000] {processor.py:153} INFO - Started process (PID=1367) to work on /home/airflow/.local/lib/python3.7/site-packages/airflow/example_dags/example_xcom.py
[2023-06-14T09:25:55.992+0000] {processor.py:743} INFO - Processing file /home/airflow/.local/lib/python3.7/site-packages/airflow/example_dags/example_xcom.py for tasks to queue
[2023-06-14T09:25:55.993+0000] {logging_mixin.py:137} INFO - [2023-06-14T09:25:55.993+0000] {dagbag.py:538} INFO - Filling up the DagBag from /home/airflow/.local/lib/python3.7/site-packages/airflow/example_dags/example_xcom.py
[2023-06-14T09:25:56.011+0000] {processor.py:753} INFO - DAG(s) dict_keys(['example_xcom']) retrieved from /home/airflow/.local/lib/python3.7/site-packages/airflow/example_dags/example_xcom.py
[2023-06-14T09:25:56.035+0000] {logging_mixin.py:137} INFO - [2023-06-14T09:25:56.035+0000] {dag.py:2690} INFO - Sync 1 DAGs
[2023-06-14T09:25:56.054+0000] {logging_mixin.py:137} INFO - [2023-06-14T09:25:56.054+0000] {dag.py:3441} INFO - Setting next_dagrun for example_xcom to 2021-01-01T00:00:00+00:00, run_after=2021-01-01T00:00:00+00:00
[2023-06-14T09:25:56.066+0000] {processor.py:175} INFO - Processing /home/airflow/.local/lib/python3.7/site-packages/airflow/example_dags/example_xcom.py took 0.079 seconds
[2023-06-14T09:26:26.152+0000] {processor.py:153} INFO - Started process (PID=1431) to work on /home/airflow/.local/lib/python3.7/site-packages/airflow/example_dags/example_xcom.py
[2023-06-14T09:26:26.154+0000] {processor.py:743} INFO - Processing file /home/airflow/.local/lib/python3.7/site-packages/airflow/example_dags/example_xcom.py for tasks to queue
[2023-06-14T09:26:26.155+0000] {logging_mixin.py:137} INFO - [2023-06-14T09:26:26.155+0000] {dagbag.py:538} INFO - Filling up the DagBag from /home/airflow/.local/lib/python3.7/site-packages/airflow/example_dags/example_xcom.py
[2023-06-14T09:26:26.178+0000] {processor.py:753} INFO - DAG(s) dict_keys(['example_xcom']) retrieved from /home/airflow/.local/lib/python3.7/site-packages/airflow/example_dags/example_xcom.py
[2023-06-14T09:26:26.202+0000] {logging_mixin.py:137} INFO - [2023-06-14T09:26:26.202+0000] {dag.py:2690} INFO - Sync 1 DAGs
[2023-06-14T09:26:26.218+0000] {logging_mixin.py:137} INFO - [2023-06-14T09:26:26.218+0000] {dag.py:3441} INFO - Setting next_dagrun for example_xcom to 2021-01-01T00:00:00+00:00, run_after=2021-01-01T00:00:00+00:00
[2023-06-14T09:26:26.235+0000] {processor.py:175} INFO - Processing /home/airflow/.local/lib/python3.7/site-packages/airflow/example_dags/example_xcom.py took 0.088 seconds
