[2023-06-14T09:16:42.337+0000] {processor.py:153} INFO - Started process (PID=62) to work on /home/airflow/.local/lib/python3.7/site-packages/airflow/example_dags/example_nested_branch_dag.py
[2023-06-14T09:16:42.339+0000] {processor.py:743} INFO - Processing file /home/airflow/.local/lib/python3.7/site-packages/airflow/example_dags/example_nested_branch_dag.py for tasks to queue
[2023-06-14T09:16:42.346+0000] {logging_mixin.py:137} INFO - [2023-06-14T09:16:42.345+0000] {dagbag.py:538} INFO - Filling up the DagBag from /home/airflow/.local/lib/python3.7/site-packages/airflow/example_dags/example_nested_branch_dag.py
[2023-06-14T09:16:42.376+0000] {processor.py:753} INFO - DAG(s) dict_keys(['example_nested_branch_dag']) retrieved from /home/airflow/.local/lib/python3.7/site-packages/airflow/example_dags/example_nested_branch_dag.py
[2023-06-14T09:16:42.403+0000] {logging_mixin.py:137} INFO - [2023-06-14T09:16:42.403+0000] {dag.py:2690} INFO - Sync 1 DAGs
[2023-06-14T09:16:42.421+0000] {logging_mixin.py:137} INFO - [2023-06-14T09:16:42.421+0000] {dag.py:3441} INFO - Setting next_dagrun for example_nested_branch_dag to 2023-06-13T00:00:00+00:00, run_after=2023-06-14T00:00:00+00:00
[2023-06-14T09:16:42.436+0000] {processor.py:175} INFO - Processing /home/airflow/.local/lib/python3.7/site-packages/airflow/example_dags/example_nested_branch_dag.py took 0.102 seconds
[2023-06-14T09:17:12.826+0000] {processor.py:153} INFO - Started process (PID=137) to work on /home/airflow/.local/lib/python3.7/site-packages/airflow/example_dags/example_nested_branch_dag.py
[2023-06-14T09:17:12.829+0000] {processor.py:743} INFO - Processing file /home/airflow/.local/lib/python3.7/site-packages/airflow/example_dags/example_nested_branch_dag.py for tasks to queue
[2023-06-14T09:17:12.832+0000] {logging_mixin.py:137} INFO - [2023-06-14T09:17:12.831+0000] {dagbag.py:538} INFO - Filling up the DagBag from /home/airflow/.local/lib/python3.7/site-packages/airflow/example_dags/example_nested_branch_dag.py
[2023-06-14T09:17:12.871+0000] {processor.py:753} INFO - DAG(s) dict_keys(['example_nested_branch_dag']) retrieved from /home/airflow/.local/lib/python3.7/site-packages/airflow/example_dags/example_nested_branch_dag.py
[2023-06-14T09:17:12.908+0000] {logging_mixin.py:137} INFO - [2023-06-14T09:17:12.908+0000] {dag.py:2690} INFO - Sync 1 DAGs
[2023-06-14T09:17:12.929+0000] {logging_mixin.py:137} INFO - [2023-06-14T09:17:12.929+0000] {dag.py:3441} INFO - Setting next_dagrun for example_nested_branch_dag to 2023-06-13T00:00:00+00:00, run_after=2023-06-14T00:00:00+00:00
[2023-06-14T09:17:12.944+0000] {processor.py:175} INFO - Processing /home/airflow/.local/lib/python3.7/site-packages/airflow/example_dags/example_nested_branch_dag.py took 0.125 seconds
[2023-06-14T09:17:43.015+0000] {processor.py:153} INFO - Started process (PID=217) to work on /home/airflow/.local/lib/python3.7/site-packages/airflow/example_dags/example_nested_branch_dag.py
[2023-06-14T09:17:43.016+0000] {processor.py:743} INFO - Processing file /home/airflow/.local/lib/python3.7/site-packages/airflow/example_dags/example_nested_branch_dag.py for tasks to queue
[2023-06-14T09:17:43.016+0000] {logging_mixin.py:137} INFO - [2023-06-14T09:17:43.016+0000] {dagbag.py:538} INFO - Filling up the DagBag from /home/airflow/.local/lib/python3.7/site-packages/airflow/example_dags/example_nested_branch_dag.py
[2023-06-14T09:17:43.030+0000] {processor.py:753} INFO - DAG(s) dict_keys(['example_nested_branch_dag']) retrieved from /home/airflow/.local/lib/python3.7/site-packages/airflow/example_dags/example_nested_branch_dag.py
[2023-06-14T09:17:43.048+0000] {logging_mixin.py:137} INFO - [2023-06-14T09:17:43.048+0000] {dag.py:2690} INFO - Sync 1 DAGs
[2023-06-14T09:17:43.062+0000] {logging_mixin.py:137} INFO - [2023-06-14T09:17:43.062+0000] {dag.py:3441} INFO - Setting next_dagrun for example_nested_branch_dag to 2023-06-13T00:00:00+00:00, run_after=2023-06-14T00:00:00+00:00
[2023-06-14T09:17:43.071+0000] {processor.py:175} INFO - Processing /home/airflow/.local/lib/python3.7/site-packages/airflow/example_dags/example_nested_branch_dag.py took 0.060 seconds
[2023-06-14T09:18:13.144+0000] {processor.py:153} INFO - Started process (PID=281) to work on /home/airflow/.local/lib/python3.7/site-packages/airflow/example_dags/example_nested_branch_dag.py
[2023-06-14T09:18:13.145+0000] {processor.py:743} INFO - Processing file /home/airflow/.local/lib/python3.7/site-packages/airflow/example_dags/example_nested_branch_dag.py for tasks to queue
[2023-06-14T09:18:13.146+0000] {logging_mixin.py:137} INFO - [2023-06-14T09:18:13.146+0000] {dagbag.py:538} INFO - Filling up the DagBag from /home/airflow/.local/lib/python3.7/site-packages/airflow/example_dags/example_nested_branch_dag.py
[2023-06-14T09:18:13.163+0000] {processor.py:753} INFO - DAG(s) dict_keys(['example_nested_branch_dag']) retrieved from /home/airflow/.local/lib/python3.7/site-packages/airflow/example_dags/example_nested_branch_dag.py
[2023-06-14T09:18:13.183+0000] {logging_mixin.py:137} INFO - [2023-06-14T09:18:13.183+0000] {dag.py:2690} INFO - Sync 1 DAGs
[2023-06-14T09:18:13.199+0000] {logging_mixin.py:137} INFO - [2023-06-14T09:18:13.199+0000] {dag.py:3441} INFO - Setting next_dagrun for example_nested_branch_dag to 2023-06-13T00:00:00+00:00, run_after=2023-06-14T00:00:00+00:00
[2023-06-14T09:18:13.211+0000] {processor.py:175} INFO - Processing /home/airflow/.local/lib/python3.7/site-packages/airflow/example_dags/example_nested_branch_dag.py took 0.070 seconds
[2023-06-14T09:18:43.361+0000] {processor.py:153} INFO - Started process (PID=357) to work on /home/airflow/.local/lib/python3.7/site-packages/airflow/example_dags/example_nested_branch_dag.py
[2023-06-14T09:18:43.362+0000] {processor.py:743} INFO - Processing file /home/airflow/.local/lib/python3.7/site-packages/airflow/example_dags/example_nested_branch_dag.py for tasks to queue
[2023-06-14T09:18:43.363+0000] {logging_mixin.py:137} INFO - [2023-06-14T09:18:43.363+0000] {dagbag.py:538} INFO - Filling up the DagBag from /home/airflow/.local/lib/python3.7/site-packages/airflow/example_dags/example_nested_branch_dag.py
[2023-06-14T09:18:43.380+0000] {processor.py:753} INFO - DAG(s) dict_keys(['example_nested_branch_dag']) retrieved from /home/airflow/.local/lib/python3.7/site-packages/airflow/example_dags/example_nested_branch_dag.py
[2023-06-14T09:18:43.404+0000] {logging_mixin.py:137} INFO - [2023-06-14T09:18:43.404+0000] {dag.py:2690} INFO - Sync 1 DAGs
[2023-06-14T09:18:43.426+0000] {logging_mixin.py:137} INFO - [2023-06-14T09:18:43.426+0000] {dag.py:3441} INFO - Setting next_dagrun for example_nested_branch_dag to 2023-06-13T00:00:00+00:00, run_after=2023-06-14T00:00:00+00:00
[2023-06-14T09:18:43.439+0000] {processor.py:175} INFO - Processing /home/airflow/.local/lib/python3.7/site-packages/airflow/example_dags/example_nested_branch_dag.py took 0.081 seconds
[2023-06-14T09:19:15.103+0000] {processor.py:153} INFO - Started process (PID=433) to work on /home/airflow/.local/lib/python3.7/site-packages/airflow/example_dags/example_nested_branch_dag.py
[2023-06-14T09:19:15.105+0000] {processor.py:743} INFO - Processing file /home/airflow/.local/lib/python3.7/site-packages/airflow/example_dags/example_nested_branch_dag.py for tasks to queue
[2023-06-14T09:19:15.105+0000] {logging_mixin.py:137} INFO - [2023-06-14T09:19:15.105+0000] {dagbag.py:538} INFO - Filling up the DagBag from /home/airflow/.local/lib/python3.7/site-packages/airflow/example_dags/example_nested_branch_dag.py
[2023-06-14T09:19:15.123+0000] {processor.py:753} INFO - DAG(s) dict_keys(['example_nested_branch_dag']) retrieved from /home/airflow/.local/lib/python3.7/site-packages/airflow/example_dags/example_nested_branch_dag.py
[2023-06-14T09:19:15.146+0000] {logging_mixin.py:137} INFO - [2023-06-14T09:19:15.146+0000] {dag.py:2690} INFO - Sync 1 DAGs
[2023-06-14T09:19:15.164+0000] {logging_mixin.py:137} INFO - [2023-06-14T09:19:15.164+0000] {dag.py:3441} INFO - Setting next_dagrun for example_nested_branch_dag to 2023-06-13T00:00:00+00:00, run_after=2023-06-14T00:00:00+00:00
[2023-06-14T09:19:15.177+0000] {processor.py:175} INFO - Processing /home/airflow/.local/lib/python3.7/site-packages/airflow/example_dags/example_nested_branch_dag.py took 0.077 seconds
[2023-06-14T09:19:47.228+0000] {processor.py:153} INFO - Started process (PID=505) to work on /home/airflow/.local/lib/python3.7/site-packages/airflow/example_dags/example_nested_branch_dag.py
[2023-06-14T09:19:47.231+0000] {processor.py:743} INFO - Processing file /home/airflow/.local/lib/python3.7/site-packages/airflow/example_dags/example_nested_branch_dag.py for tasks to queue
[2023-06-14T09:19:47.232+0000] {logging_mixin.py:137} INFO - [2023-06-14T09:19:47.232+0000] {dagbag.py:538} INFO - Filling up the DagBag from /home/airflow/.local/lib/python3.7/site-packages/airflow/example_dags/example_nested_branch_dag.py
[2023-06-14T09:19:47.279+0000] {processor.py:753} INFO - DAG(s) dict_keys(['example_nested_branch_dag']) retrieved from /home/airflow/.local/lib/python3.7/site-packages/airflow/example_dags/example_nested_branch_dag.py
[2023-06-14T09:19:47.344+0000] {logging_mixin.py:137} INFO - [2023-06-14T09:19:47.343+0000] {dag.py:2690} INFO - Sync 1 DAGs
[2023-06-14T09:19:47.400+0000] {logging_mixin.py:137} INFO - [2023-06-14T09:19:47.400+0000] {dag.py:3441} INFO - Setting next_dagrun for example_nested_branch_dag to 2023-06-13T00:00:00+00:00, run_after=2023-06-14T00:00:00+00:00
[2023-06-14T09:19:47.447+0000] {processor.py:175} INFO - Processing /home/airflow/.local/lib/python3.7/site-packages/airflow/example_dags/example_nested_branch_dag.py took 0.221 seconds
[2023-06-14T09:20:20.762+0000] {processor.py:153} INFO - Started process (PID=575) to work on /home/airflow/.local/lib/python3.7/site-packages/airflow/example_dags/example_nested_branch_dag.py
[2023-06-14T09:20:20.764+0000] {processor.py:743} INFO - Processing file /home/airflow/.local/lib/python3.7/site-packages/airflow/example_dags/example_nested_branch_dag.py for tasks to queue
[2023-06-14T09:20:20.765+0000] {logging_mixin.py:137} INFO - [2023-06-14T09:20:20.765+0000] {dagbag.py:538} INFO - Filling up the DagBag from /home/airflow/.local/lib/python3.7/site-packages/airflow/example_dags/example_nested_branch_dag.py
[2023-06-14T09:20:20.788+0000] {processor.py:753} INFO - DAG(s) dict_keys(['example_nested_branch_dag']) retrieved from /home/airflow/.local/lib/python3.7/site-packages/airflow/example_dags/example_nested_branch_dag.py
[2023-06-14T09:20:20.825+0000] {logging_mixin.py:137} INFO - [2023-06-14T09:20:20.825+0000] {dag.py:2690} INFO - Sync 1 DAGs
[2023-06-14T09:20:20.923+0000] {logging_mixin.py:137} INFO - [2023-06-14T09:20:20.923+0000] {dag.py:3441} INFO - Setting next_dagrun for example_nested_branch_dag to 2023-06-13T00:00:00+00:00, run_after=2023-06-14T00:00:00+00:00
[2023-06-14T09:20:20.982+0000] {processor.py:175} INFO - Processing /home/airflow/.local/lib/python3.7/site-packages/airflow/example_dags/example_nested_branch_dag.py took 0.226 seconds
[2023-06-14T09:20:51.180+0000] {processor.py:153} INFO - Started process (PID=638) to work on /home/airflow/.local/lib/python3.7/site-packages/airflow/example_dags/example_nested_branch_dag.py
[2023-06-14T09:20:51.181+0000] {processor.py:743} INFO - Processing file /home/airflow/.local/lib/python3.7/site-packages/airflow/example_dags/example_nested_branch_dag.py for tasks to queue
[2023-06-14T09:20:51.182+0000] {logging_mixin.py:137} INFO - [2023-06-14T09:20:51.182+0000] {dagbag.py:538} INFO - Filling up the DagBag from /home/airflow/.local/lib/python3.7/site-packages/airflow/example_dags/example_nested_branch_dag.py
[2023-06-14T09:20:51.200+0000] {processor.py:753} INFO - DAG(s) dict_keys(['example_nested_branch_dag']) retrieved from /home/airflow/.local/lib/python3.7/site-packages/airflow/example_dags/example_nested_branch_dag.py
[2023-06-14T09:20:51.220+0000] {logging_mixin.py:137} INFO - [2023-06-14T09:20:51.220+0000] {dag.py:2690} INFO - Sync 1 DAGs
[2023-06-14T09:20:51.235+0000] {logging_mixin.py:137} INFO - [2023-06-14T09:20:51.235+0000] {dag.py:3441} INFO - Setting next_dagrun for example_nested_branch_dag to 2023-06-13T00:00:00+00:00, run_after=2023-06-14T00:00:00+00:00
[2023-06-14T09:20:51.246+0000] {processor.py:175} INFO - Processing /home/airflow/.local/lib/python3.7/site-packages/airflow/example_dags/example_nested_branch_dag.py took 0.068 seconds
[2023-06-14T09:21:21.392+0000] {processor.py:153} INFO - Started process (PID=702) to work on /home/airflow/.local/lib/python3.7/site-packages/airflow/example_dags/example_nested_branch_dag.py
[2023-06-14T09:21:21.393+0000] {processor.py:743} INFO - Processing file /home/airflow/.local/lib/python3.7/site-packages/airflow/example_dags/example_nested_branch_dag.py for tasks to queue
[2023-06-14T09:21:21.394+0000] {logging_mixin.py:137} INFO - [2023-06-14T09:21:21.393+0000] {dagbag.py:538} INFO - Filling up the DagBag from /home/airflow/.local/lib/python3.7/site-packages/airflow/example_dags/example_nested_branch_dag.py
[2023-06-14T09:21:21.410+0000] {processor.py:753} INFO - DAG(s) dict_keys(['example_nested_branch_dag']) retrieved from /home/airflow/.local/lib/python3.7/site-packages/airflow/example_dags/example_nested_branch_dag.py
[2023-06-14T09:21:21.430+0000] {logging_mixin.py:137} INFO - [2023-06-14T09:21:21.430+0000] {dag.py:2690} INFO - Sync 1 DAGs
[2023-06-14T09:21:21.446+0000] {logging_mixin.py:137} INFO - [2023-06-14T09:21:21.446+0000] {dag.py:3441} INFO - Setting next_dagrun for example_nested_branch_dag to 2023-06-13T00:00:00+00:00, run_after=2023-06-14T00:00:00+00:00
[2023-06-14T09:21:21.457+0000] {processor.py:175} INFO - Processing /home/airflow/.local/lib/python3.7/site-packages/airflow/example_dags/example_nested_branch_dag.py took 0.068 seconds
[2023-06-14T09:21:51.774+0000] {processor.py:153} INFO - Started process (PID=778) to work on /home/airflow/.local/lib/python3.7/site-packages/airflow/example_dags/example_nested_branch_dag.py
[2023-06-14T09:21:51.775+0000] {processor.py:743} INFO - Processing file /home/airflow/.local/lib/python3.7/site-packages/airflow/example_dags/example_nested_branch_dag.py for tasks to queue
[2023-06-14T09:21:51.776+0000] {logging_mixin.py:137} INFO - [2023-06-14T09:21:51.776+0000] {dagbag.py:538} INFO - Filling up the DagBag from /home/airflow/.local/lib/python3.7/site-packages/airflow/example_dags/example_nested_branch_dag.py
[2023-06-14T09:21:51.793+0000] {processor.py:753} INFO - DAG(s) dict_keys(['example_nested_branch_dag']) retrieved from /home/airflow/.local/lib/python3.7/site-packages/airflow/example_dags/example_nested_branch_dag.py
[2023-06-14T09:21:51.813+0000] {logging_mixin.py:137} INFO - [2023-06-14T09:21:51.813+0000] {dag.py:2690} INFO - Sync 1 DAGs
[2023-06-14T09:21:51.828+0000] {logging_mixin.py:137} INFO - [2023-06-14T09:21:51.828+0000] {dag.py:3441} INFO - Setting next_dagrun for example_nested_branch_dag to 2023-06-13T00:00:00+00:00, run_after=2023-06-14T00:00:00+00:00
[2023-06-14T09:21:51.839+0000] {processor.py:175} INFO - Processing /home/airflow/.local/lib/python3.7/site-packages/airflow/example_dags/example_nested_branch_dag.py took 0.068 seconds
[2023-06-14T09:22:22.332+0000] {processor.py:153} INFO - Started process (PID=855) to work on /home/airflow/.local/lib/python3.7/site-packages/airflow/example_dags/example_nested_branch_dag.py
[2023-06-14T09:22:22.333+0000] {processor.py:743} INFO - Processing file /home/airflow/.local/lib/python3.7/site-packages/airflow/example_dags/example_nested_branch_dag.py for tasks to queue
[2023-06-14T09:22:22.334+0000] {logging_mixin.py:137} INFO - [2023-06-14T09:22:22.334+0000] {dagbag.py:538} INFO - Filling up the DagBag from /home/airflow/.local/lib/python3.7/site-packages/airflow/example_dags/example_nested_branch_dag.py
[2023-06-14T09:22:22.351+0000] {processor.py:753} INFO - DAG(s) dict_keys(['example_nested_branch_dag']) retrieved from /home/airflow/.local/lib/python3.7/site-packages/airflow/example_dags/example_nested_branch_dag.py
[2023-06-14T09:22:22.371+0000] {logging_mixin.py:137} INFO - [2023-06-14T09:22:22.371+0000] {dag.py:2690} INFO - Sync 1 DAGs
[2023-06-14T09:22:22.387+0000] {logging_mixin.py:137} INFO - [2023-06-14T09:22:22.387+0000] {dag.py:3441} INFO - Setting next_dagrun for example_nested_branch_dag to 2023-06-13T00:00:00+00:00, run_after=2023-06-14T00:00:00+00:00
[2023-06-14T09:22:22.398+0000] {processor.py:175} INFO - Processing /home/airflow/.local/lib/python3.7/site-packages/airflow/example_dags/example_nested_branch_dag.py took 0.069 seconds
[2023-06-14T09:22:52.569+0000] {processor.py:153} INFO - Started process (PID=919) to work on /home/airflow/.local/lib/python3.7/site-packages/airflow/example_dags/example_nested_branch_dag.py
[2023-06-14T09:22:52.571+0000] {processor.py:743} INFO - Processing file /home/airflow/.local/lib/python3.7/site-packages/airflow/example_dags/example_nested_branch_dag.py for tasks to queue
[2023-06-14T09:22:52.573+0000] {logging_mixin.py:137} INFO - [2023-06-14T09:22:52.573+0000] {dagbag.py:538} INFO - Filling up the DagBag from /home/airflow/.local/lib/python3.7/site-packages/airflow/example_dags/example_nested_branch_dag.py
[2023-06-14T09:22:52.593+0000] {processor.py:753} INFO - DAG(s) dict_keys(['example_nested_branch_dag']) retrieved from /home/airflow/.local/lib/python3.7/site-packages/airflow/example_dags/example_nested_branch_dag.py
[2023-06-14T09:22:52.622+0000] {logging_mixin.py:137} INFO - [2023-06-14T09:22:52.622+0000] {dag.py:2690} INFO - Sync 1 DAGs
[2023-06-14T09:22:52.638+0000] {logging_mixin.py:137} INFO - [2023-06-14T09:22:52.638+0000] {dag.py:3441} INFO - Setting next_dagrun for example_nested_branch_dag to 2023-06-13T00:00:00+00:00, run_after=2023-06-14T00:00:00+00:00
[2023-06-14T09:22:52.650+0000] {processor.py:175} INFO - Processing /home/airflow/.local/lib/python3.7/site-packages/airflow/example_dags/example_nested_branch_dag.py took 0.084 seconds
[2023-06-14T09:23:22.794+0000] {processor.py:153} INFO - Started process (PID=994) to work on /home/airflow/.local/lib/python3.7/site-packages/airflow/example_dags/example_nested_branch_dag.py
[2023-06-14T09:23:22.796+0000] {processor.py:743} INFO - Processing file /home/airflow/.local/lib/python3.7/site-packages/airflow/example_dags/example_nested_branch_dag.py for tasks to queue
[2023-06-14T09:23:22.796+0000] {logging_mixin.py:137} INFO - [2023-06-14T09:23:22.796+0000] {dagbag.py:538} INFO - Filling up the DagBag from /home/airflow/.local/lib/python3.7/site-packages/airflow/example_dags/example_nested_branch_dag.py
[2023-06-14T09:23:22.813+0000] {processor.py:753} INFO - DAG(s) dict_keys(['example_nested_branch_dag']) retrieved from /home/airflow/.local/lib/python3.7/site-packages/airflow/example_dags/example_nested_branch_dag.py
[2023-06-14T09:23:22.833+0000] {logging_mixin.py:137} INFO - [2023-06-14T09:23:22.833+0000] {dag.py:2690} INFO - Sync 1 DAGs
[2023-06-14T09:23:22.849+0000] {logging_mixin.py:137} INFO - [2023-06-14T09:23:22.849+0000] {dag.py:3441} INFO - Setting next_dagrun for example_nested_branch_dag to 2023-06-13T00:00:00+00:00, run_after=2023-06-14T00:00:00+00:00
[2023-06-14T09:23:22.860+0000] {processor.py:175} INFO - Processing /home/airflow/.local/lib/python3.7/site-packages/airflow/example_dags/example_nested_branch_dag.py took 0.068 seconds
[2023-06-14T09:23:53.251+0000] {processor.py:153} INFO - Started process (PID=1070) to work on /home/airflow/.local/lib/python3.7/site-packages/airflow/example_dags/example_nested_branch_dag.py
[2023-06-14T09:23:53.253+0000] {processor.py:743} INFO - Processing file /home/airflow/.local/lib/python3.7/site-packages/airflow/example_dags/example_nested_branch_dag.py for tasks to queue
[2023-06-14T09:23:53.254+0000] {logging_mixin.py:137} INFO - [2023-06-14T09:23:53.254+0000] {dagbag.py:538} INFO - Filling up the DagBag from /home/airflow/.local/lib/python3.7/site-packages/airflow/example_dags/example_nested_branch_dag.py
[2023-06-14T09:23:53.276+0000] {processor.py:753} INFO - DAG(s) dict_keys(['example_nested_branch_dag']) retrieved from /home/airflow/.local/lib/python3.7/site-packages/airflow/example_dags/example_nested_branch_dag.py
[2023-06-14T09:23:53.301+0000] {logging_mixin.py:137} INFO - [2023-06-14T09:23:53.301+0000] {dag.py:2690} INFO - Sync 1 DAGs
[2023-06-14T09:23:53.318+0000] {logging_mixin.py:137} INFO - [2023-06-14T09:23:53.318+0000] {dag.py:3441} INFO - Setting next_dagrun for example_nested_branch_dag to 2023-06-13T00:00:00+00:00, run_after=2023-06-14T00:00:00+00:00
[2023-06-14T09:23:53.331+0000] {processor.py:175} INFO - Processing /home/airflow/.local/lib/python3.7/site-packages/airflow/example_dags/example_nested_branch_dag.py took 0.083 seconds
[2023-06-14T09:24:23.978+0000] {processor.py:153} INFO - Started process (PID=1134) to work on /home/airflow/.local/lib/python3.7/site-packages/airflow/example_dags/example_nested_branch_dag.py
[2023-06-14T09:24:23.980+0000] {processor.py:743} INFO - Processing file /home/airflow/.local/lib/python3.7/site-packages/airflow/example_dags/example_nested_branch_dag.py for tasks to queue
[2023-06-14T09:24:23.981+0000] {logging_mixin.py:137} INFO - [2023-06-14T09:24:23.981+0000] {dagbag.py:538} INFO - Filling up the DagBag from /home/airflow/.local/lib/python3.7/site-packages/airflow/example_dags/example_nested_branch_dag.py
[2023-06-14T09:24:24.000+0000] {processor.py:753} INFO - DAG(s) dict_keys(['example_nested_branch_dag']) retrieved from /home/airflow/.local/lib/python3.7/site-packages/airflow/example_dags/example_nested_branch_dag.py
[2023-06-14T09:24:24.020+0000] {logging_mixin.py:137} INFO - [2023-06-14T09:24:24.020+0000] {dag.py:2690} INFO - Sync 1 DAGs
[2023-06-14T09:24:24.041+0000] {logging_mixin.py:137} INFO - [2023-06-14T09:24:24.040+0000] {dag.py:3441} INFO - Setting next_dagrun for example_nested_branch_dag to 2023-06-13T00:00:00+00:00, run_after=2023-06-14T00:00:00+00:00
[2023-06-14T09:24:24.053+0000] {processor.py:175} INFO - Processing /home/airflow/.local/lib/python3.7/site-packages/airflow/example_dags/example_nested_branch_dag.py took 0.077 seconds
[2023-06-14T09:24:54.243+0000] {processor.py:153} INFO - Started process (PID=1210) to work on /home/airflow/.local/lib/python3.7/site-packages/airflow/example_dags/example_nested_branch_dag.py
[2023-06-14T09:24:54.244+0000] {processor.py:743} INFO - Processing file /home/airflow/.local/lib/python3.7/site-packages/airflow/example_dags/example_nested_branch_dag.py for tasks to queue
[2023-06-14T09:24:54.245+0000] {logging_mixin.py:137} INFO - [2023-06-14T09:24:54.245+0000] {dagbag.py:538} INFO - Filling up the DagBag from /home/airflow/.local/lib/python3.7/site-packages/airflow/example_dags/example_nested_branch_dag.py
[2023-06-14T09:24:54.262+0000] {processor.py:753} INFO - DAG(s) dict_keys(['example_nested_branch_dag']) retrieved from /home/airflow/.local/lib/python3.7/site-packages/airflow/example_dags/example_nested_branch_dag.py
[2023-06-14T09:24:54.283+0000] {logging_mixin.py:137} INFO - [2023-06-14T09:24:54.283+0000] {dag.py:2690} INFO - Sync 1 DAGs
[2023-06-14T09:24:54.299+0000] {logging_mixin.py:137} INFO - [2023-06-14T09:24:54.299+0000] {dag.py:3441} INFO - Setting next_dagrun for example_nested_branch_dag to 2023-06-13T00:00:00+00:00, run_after=2023-06-14T00:00:00+00:00
[2023-06-14T09:24:54.311+0000] {processor.py:175} INFO - Processing /home/airflow/.local/lib/python3.7/site-packages/airflow/example_dags/example_nested_branch_dag.py took 0.070 seconds
[2023-06-14T09:25:24.410+0000] {processor.py:153} INFO - Started process (PID=1284) to work on /home/airflow/.local/lib/python3.7/site-packages/airflow/example_dags/example_nested_branch_dag.py
[2023-06-14T09:25:24.411+0000] {processor.py:743} INFO - Processing file /home/airflow/.local/lib/python3.7/site-packages/airflow/example_dags/example_nested_branch_dag.py for tasks to queue
[2023-06-14T09:25:24.412+0000] {logging_mixin.py:137} INFO - [2023-06-14T09:25:24.412+0000] {dagbag.py:538} INFO - Filling up the DagBag from /home/airflow/.local/lib/python3.7/site-packages/airflow/example_dags/example_nested_branch_dag.py
[2023-06-14T09:25:24.429+0000] {processor.py:753} INFO - DAG(s) dict_keys(['example_nested_branch_dag']) retrieved from /home/airflow/.local/lib/python3.7/site-packages/airflow/example_dags/example_nested_branch_dag.py
[2023-06-14T09:25:24.449+0000] {logging_mixin.py:137} INFO - [2023-06-14T09:25:24.449+0000] {dag.py:2690} INFO - Sync 1 DAGs
[2023-06-14T09:25:24.465+0000] {logging_mixin.py:137} INFO - [2023-06-14T09:25:24.465+0000] {dag.py:3441} INFO - Setting next_dagrun for example_nested_branch_dag to 2023-06-13T00:00:00+00:00, run_after=2023-06-14T00:00:00+00:00
[2023-06-14T09:25:24.476+0000] {processor.py:175} INFO - Processing /home/airflow/.local/lib/python3.7/site-packages/airflow/example_dags/example_nested_branch_dag.py took 0.068 seconds
[2023-06-14T09:25:54.642+0000] {processor.py:153} INFO - Started process (PID=1349) to work on /home/airflow/.local/lib/python3.7/site-packages/airflow/example_dags/example_nested_branch_dag.py
[2023-06-14T09:25:54.643+0000] {processor.py:743} INFO - Processing file /home/airflow/.local/lib/python3.7/site-packages/airflow/example_dags/example_nested_branch_dag.py for tasks to queue
[2023-06-14T09:25:54.643+0000] {logging_mixin.py:137} INFO - [2023-06-14T09:25:54.643+0000] {dagbag.py:538} INFO - Filling up the DagBag from /home/airflow/.local/lib/python3.7/site-packages/airflow/example_dags/example_nested_branch_dag.py
[2023-06-14T09:25:54.660+0000] {processor.py:753} INFO - DAG(s) dict_keys(['example_nested_branch_dag']) retrieved from /home/airflow/.local/lib/python3.7/site-packages/airflow/example_dags/example_nested_branch_dag.py
[2023-06-14T09:25:54.681+0000] {logging_mixin.py:137} INFO - [2023-06-14T09:25:54.681+0000] {dag.py:2690} INFO - Sync 1 DAGs
[2023-06-14T09:25:54.697+0000] {logging_mixin.py:137} INFO - [2023-06-14T09:25:54.697+0000] {dag.py:3441} INFO - Setting next_dagrun for example_nested_branch_dag to 2023-06-13T00:00:00+00:00, run_after=2023-06-14T00:00:00+00:00
[2023-06-14T09:25:54.709+0000] {processor.py:175} INFO - Processing /home/airflow/.local/lib/python3.7/site-packages/airflow/example_dags/example_nested_branch_dag.py took 0.070 seconds
[2023-06-14T09:26:24.813+0000] {processor.py:153} INFO - Started process (PID=1425) to work on /home/airflow/.local/lib/python3.7/site-packages/airflow/example_dags/example_nested_branch_dag.py
[2023-06-14T09:26:24.814+0000] {processor.py:743} INFO - Processing file /home/airflow/.local/lib/python3.7/site-packages/airflow/example_dags/example_nested_branch_dag.py for tasks to queue
[2023-06-14T09:26:24.815+0000] {logging_mixin.py:137} INFO - [2023-06-14T09:26:24.815+0000] {dagbag.py:538} INFO - Filling up the DagBag from /home/airflow/.local/lib/python3.7/site-packages/airflow/example_dags/example_nested_branch_dag.py
[2023-06-14T09:26:24.832+0000] {processor.py:753} INFO - DAG(s) dict_keys(['example_nested_branch_dag']) retrieved from /home/airflow/.local/lib/python3.7/site-packages/airflow/example_dags/example_nested_branch_dag.py
[2023-06-14T09:26:24.851+0000] {logging_mixin.py:137} INFO - [2023-06-14T09:26:24.851+0000] {dag.py:2690} INFO - Sync 1 DAGs
[2023-06-14T09:26:24.867+0000] {logging_mixin.py:137} INFO - [2023-06-14T09:26:24.867+0000] {dag.py:3441} INFO - Setting next_dagrun for example_nested_branch_dag to 2023-06-13T00:00:00+00:00, run_after=2023-06-14T00:00:00+00:00
[2023-06-14T09:26:24.878+0000] {processor.py:175} INFO - Processing /home/airflow/.local/lib/python3.7/site-packages/airflow/example_dags/example_nested_branch_dag.py took 0.068 seconds
