[2023-06-14T09:16:39.512+0000] {processor.py:153} INFO - Started process (PID=39) to work on /home/airflow/.local/lib/python3.7/site-packages/airflow/example_dags/example_short_circuit_operator.py
[2023-06-14T09:16:39.516+0000] {processor.py:743} INFO - Processing file /home/airflow/.local/lib/python3.7/site-packages/airflow/example_dags/example_short_circuit_operator.py for tasks to queue
[2023-06-14T09:16:39.519+0000] {logging_mixin.py:137} INFO - [2023-06-14T09:16:39.518+0000] {dagbag.py:538} INFO - Filling up the DagBag from /home/airflow/.local/lib/python3.7/site-packages/airflow/example_dags/example_short_circuit_operator.py
[2023-06-14T09:16:39.594+0000] {processor.py:753} INFO - DAG(s) dict_keys(['example_short_circuit_operator']) retrieved from /home/airflow/.local/lib/python3.7/site-packages/airflow/example_dags/example_short_circuit_operator.py
[2023-06-14T09:16:39.628+0000] {logging_mixin.py:137} INFO - [2023-06-14T09:16:39.628+0000] {dag.py:2690} INFO - Sync 1 DAGs
[2023-06-14T09:16:39.651+0000] {logging_mixin.py:137} INFO - [2023-06-14T09:16:39.650+0000] {dag.py:3441} INFO - Setting next_dagrun for example_short_circuit_operator to 2023-06-13T09:16:39.650761+00:00, run_after=2023-06-14T09:16:39.650761+00:00
[2023-06-14T09:16:39.669+0000] {processor.py:175} INFO - Processing /home/airflow/.local/lib/python3.7/site-packages/airflow/example_dags/example_short_circuit_operator.py took 0.172 seconds
[2023-06-14T09:17:10.046+0000] {processor.py:153} INFO - Started process (PID=114) to work on /home/airflow/.local/lib/python3.7/site-packages/airflow/example_dags/example_short_circuit_operator.py
[2023-06-14T09:17:10.048+0000] {processor.py:743} INFO - Processing file /home/airflow/.local/lib/python3.7/site-packages/airflow/example_dags/example_short_circuit_operator.py for tasks to queue
[2023-06-14T09:17:10.049+0000] {logging_mixin.py:137} INFO - [2023-06-14T09:17:10.049+0000] {dagbag.py:538} INFO - Filling up the DagBag from /home/airflow/.local/lib/python3.7/site-packages/airflow/example_dags/example_short_circuit_operator.py
[2023-06-14T09:17:10.064+0000] {processor.py:753} INFO - DAG(s) dict_keys(['example_short_circuit_operator']) retrieved from /home/airflow/.local/lib/python3.7/site-packages/airflow/example_dags/example_short_circuit_operator.py
[2023-06-14T09:17:10.091+0000] {logging_mixin.py:137} INFO - [2023-06-14T09:17:10.091+0000] {dag.py:2690} INFO - Sync 1 DAGs
[2023-06-14T09:17:10.113+0000] {logging_mixin.py:137} INFO - [2023-06-14T09:17:10.113+0000] {dag.py:3441} INFO - Setting next_dagrun for example_short_circuit_operator to 2023-06-13T09:17:10.113145+00:00, run_after=2023-06-14T09:17:10.113145+00:00
[2023-06-14T09:17:10.125+0000] {processor.py:175} INFO - Processing /home/airflow/.local/lib/python3.7/site-packages/airflow/example_dags/example_short_circuit_operator.py took 0.081 seconds
[2023-06-14T09:17:41.313+0000] {processor.py:153} INFO - Started process (PID=189) to work on /home/airflow/.local/lib/python3.7/site-packages/airflow/example_dags/example_short_circuit_operator.py
[2023-06-14T09:17:41.321+0000] {processor.py:743} INFO - Processing file /home/airflow/.local/lib/python3.7/site-packages/airflow/example_dags/example_short_circuit_operator.py for tasks to queue
[2023-06-14T09:17:41.322+0000] {logging_mixin.py:137} INFO - [2023-06-14T09:17:41.322+0000] {dagbag.py:538} INFO - Filling up the DagBag from /home/airflow/.local/lib/python3.7/site-packages/airflow/example_dags/example_short_circuit_operator.py
[2023-06-14T09:17:41.393+0000] {processor.py:753} INFO - DAG(s) dict_keys(['example_short_circuit_operator']) retrieved from /home/airflow/.local/lib/python3.7/site-packages/airflow/example_dags/example_short_circuit_operator.py
[2023-06-14T09:17:41.462+0000] {logging_mixin.py:137} INFO - [2023-06-14T09:17:41.461+0000] {dag.py:2690} INFO - Sync 1 DAGs
[2023-06-14T09:17:41.522+0000] {logging_mixin.py:137} INFO - [2023-06-14T09:17:41.522+0000] {dag.py:3441} INFO - Setting next_dagrun for example_short_circuit_operator to 2023-06-13T09:17:41.521919+00:00, run_after=2023-06-14T09:17:41.521919+00:00
[2023-06-14T09:17:41.564+0000] {processor.py:175} INFO - Processing /home/airflow/.local/lib/python3.7/site-packages/airflow/example_dags/example_short_circuit_operator.py took 0.254 seconds
[2023-06-14T09:18:12.089+0000] {processor.py:153} INFO - Started process (PID=258) to work on /home/airflow/.local/lib/python3.7/site-packages/airflow/example_dags/example_short_circuit_operator.py
[2023-06-14T09:18:12.090+0000] {processor.py:743} INFO - Processing file /home/airflow/.local/lib/python3.7/site-packages/airflow/example_dags/example_short_circuit_operator.py for tasks to queue
[2023-06-14T09:18:12.090+0000] {logging_mixin.py:137} INFO - [2023-06-14T09:18:12.090+0000] {dagbag.py:538} INFO - Filling up the DagBag from /home/airflow/.local/lib/python3.7/site-packages/airflow/example_dags/example_short_circuit_operator.py
[2023-06-14T09:18:12.101+0000] {processor.py:753} INFO - DAG(s) dict_keys(['example_short_circuit_operator']) retrieved from /home/airflow/.local/lib/python3.7/site-packages/airflow/example_dags/example_short_circuit_operator.py
[2023-06-14T09:18:12.119+0000] {logging_mixin.py:137} INFO - [2023-06-14T09:18:12.119+0000] {dag.py:2690} INFO - Sync 1 DAGs
[2023-06-14T09:18:12.133+0000] {logging_mixin.py:137} INFO - [2023-06-14T09:18:12.133+0000] {dag.py:3441} INFO - Setting next_dagrun for example_short_circuit_operator to 2023-06-13T09:18:12.133087+00:00, run_after=2023-06-14T09:18:12.133087+00:00
[2023-06-14T09:18:12.144+0000] {processor.py:175} INFO - Processing /home/airflow/.local/lib/python3.7/site-packages/airflow/example_dags/example_short_circuit_operator.py took 0.058 seconds
[2023-06-14T09:18:42.265+0000] {processor.py:153} INFO - Started process (PID=334) to work on /home/airflow/.local/lib/python3.7/site-packages/airflow/example_dags/example_short_circuit_operator.py
[2023-06-14T09:18:42.266+0000] {processor.py:743} INFO - Processing file /home/airflow/.local/lib/python3.7/site-packages/airflow/example_dags/example_short_circuit_operator.py for tasks to queue
[2023-06-14T09:18:42.267+0000] {logging_mixin.py:137} INFO - [2023-06-14T09:18:42.267+0000] {dagbag.py:538} INFO - Filling up the DagBag from /home/airflow/.local/lib/python3.7/site-packages/airflow/example_dags/example_short_circuit_operator.py
[2023-06-14T09:18:42.278+0000] {processor.py:753} INFO - DAG(s) dict_keys(['example_short_circuit_operator']) retrieved from /home/airflow/.local/lib/python3.7/site-packages/airflow/example_dags/example_short_circuit_operator.py
[2023-06-14T09:18:42.297+0000] {logging_mixin.py:137} INFO - [2023-06-14T09:18:42.296+0000] {dag.py:2690} INFO - Sync 1 DAGs
[2023-06-14T09:18:42.311+0000] {logging_mixin.py:137} INFO - [2023-06-14T09:18:42.310+0000] {dag.py:3441} INFO - Setting next_dagrun for example_short_circuit_operator to 2023-06-13T09:18:42.310816+00:00, run_after=2023-06-14T09:18:42.310816+00:00
[2023-06-14T09:18:42.321+0000] {processor.py:175} INFO - Processing /home/airflow/.local/lib/python3.7/site-packages/airflow/example_dags/example_short_circuit_operator.py took 0.059 seconds
[2023-06-14T09:19:13.725+0000] {processor.py:153} INFO - Started process (PID=410) to work on /home/airflow/.local/lib/python3.7/site-packages/airflow/example_dags/example_short_circuit_operator.py
[2023-06-14T09:19:13.727+0000] {processor.py:743} INFO - Processing file /home/airflow/.local/lib/python3.7/site-packages/airflow/example_dags/example_short_circuit_operator.py for tasks to queue
[2023-06-14T09:19:13.727+0000] {logging_mixin.py:137} INFO - [2023-06-14T09:19:13.727+0000] {dagbag.py:538} INFO - Filling up the DagBag from /home/airflow/.local/lib/python3.7/site-packages/airflow/example_dags/example_short_circuit_operator.py
[2023-06-14T09:19:13.740+0000] {processor.py:753} INFO - DAG(s) dict_keys(['example_short_circuit_operator']) retrieved from /home/airflow/.local/lib/python3.7/site-packages/airflow/example_dags/example_short_circuit_operator.py
[2023-06-14T09:19:13.760+0000] {logging_mixin.py:137} INFO - [2023-06-14T09:19:13.760+0000] {dag.py:2690} INFO - Sync 1 DAGs
[2023-06-14T09:19:13.778+0000] {logging_mixin.py:137} INFO - [2023-06-14T09:19:13.778+0000] {dag.py:3441} INFO - Setting next_dagrun for example_short_circuit_operator to 2023-06-13T09:19:13.777894+00:00, run_after=2023-06-14T09:19:13.777894+00:00
[2023-06-14T09:19:13.791+0000] {processor.py:175} INFO - Processing /home/airflow/.local/lib/python3.7/site-packages/airflow/example_dags/example_short_circuit_operator.py took 0.068 seconds
[2023-06-14T09:19:44.556+0000] {processor.py:153} INFO - Started process (PID=475) to work on /home/airflow/.local/lib/python3.7/site-packages/airflow/example_dags/example_short_circuit_operator.py
[2023-06-14T09:19:44.558+0000] {processor.py:743} INFO - Processing file /home/airflow/.local/lib/python3.7/site-packages/airflow/example_dags/example_short_circuit_operator.py for tasks to queue
[2023-06-14T09:19:44.558+0000] {logging_mixin.py:137} INFO - [2023-06-14T09:19:44.558+0000] {dagbag.py:538} INFO - Filling up the DagBag from /home/airflow/.local/lib/python3.7/site-packages/airflow/example_dags/example_short_circuit_operator.py
[2023-06-14T09:19:44.581+0000] {processor.py:753} INFO - DAG(s) dict_keys(['example_short_circuit_operator']) retrieved from /home/airflow/.local/lib/python3.7/site-packages/airflow/example_dags/example_short_circuit_operator.py
[2023-06-14T09:19:44.639+0000] {logging_mixin.py:137} INFO - [2023-06-14T09:19:44.639+0000] {dag.py:2690} INFO - Sync 1 DAGs
[2023-06-14T09:19:44.702+0000] {logging_mixin.py:137} INFO - [2023-06-14T09:19:44.701+0000] {dag.py:3441} INFO - Setting next_dagrun for example_short_circuit_operator to 2023-06-13T09:19:44.701140+00:00, run_after=2023-06-14T09:19:44.701140+00:00
[2023-06-14T09:19:44.769+0000] {processor.py:175} INFO - Processing /home/airflow/.local/lib/python3.7/site-packages/airflow/example_dags/example_short_circuit_operator.py took 0.217 seconds
[2023-06-14T09:20:16.251+0000] {processor.py:153} INFO - Started process (PID=552) to work on /home/airflow/.local/lib/python3.7/site-packages/airflow/example_dags/example_short_circuit_operator.py
[2023-06-14T09:20:16.252+0000] {processor.py:743} INFO - Processing file /home/airflow/.local/lib/python3.7/site-packages/airflow/example_dags/example_short_circuit_operator.py for tasks to queue
[2023-06-14T09:20:16.253+0000] {logging_mixin.py:137} INFO - [2023-06-14T09:20:16.253+0000] {dagbag.py:538} INFO - Filling up the DagBag from /home/airflow/.local/lib/python3.7/site-packages/airflow/example_dags/example_short_circuit_operator.py
[2023-06-14T09:20:16.304+0000] {processor.py:753} INFO - DAG(s) dict_keys(['example_short_circuit_operator']) retrieved from /home/airflow/.local/lib/python3.7/site-packages/airflow/example_dags/example_short_circuit_operator.py
[2023-06-14T09:20:16.355+0000] {logging_mixin.py:137} INFO - [2023-06-14T09:20:16.354+0000] {dag.py:2690} INFO - Sync 1 DAGs
[2023-06-14T09:20:16.515+0000] {logging_mixin.py:137} INFO - [2023-06-14T09:20:16.515+0000] {dag.py:3441} INFO - Setting next_dagrun for example_short_circuit_operator to 2023-06-13T09:20:16.515376+00:00, run_after=2023-06-14T09:20:16.515376+00:00
[2023-06-14T09:20:16.596+0000] {processor.py:175} INFO - Processing /home/airflow/.local/lib/python3.7/site-packages/airflow/example_dags/example_short_circuit_operator.py took 0.348 seconds
[2023-06-14T09:20:47.860+0000] {processor.py:153} INFO - Started process (PID=612) to work on /home/airflow/.local/lib/python3.7/site-packages/airflow/example_dags/example_short_circuit_operator.py
[2023-06-14T09:20:47.889+0000] {processor.py:743} INFO - Processing file /home/airflow/.local/lib/python3.7/site-packages/airflow/example_dags/example_short_circuit_operator.py for tasks to queue
[2023-06-14T09:20:47.909+0000] {logging_mixin.py:137} INFO - [2023-06-14T09:20:47.909+0000] {dagbag.py:538} INFO - Filling up the DagBag from /home/airflow/.local/lib/python3.7/site-packages/airflow/example_dags/example_short_circuit_operator.py
[2023-06-14T09:20:47.995+0000] {processor.py:753} INFO - DAG(s) dict_keys(['example_short_circuit_operator']) retrieved from /home/airflow/.local/lib/python3.7/site-packages/airflow/example_dags/example_short_circuit_operator.py
[2023-06-14T09:20:48.184+0000] {logging_mixin.py:137} INFO - [2023-06-14T09:20:48.184+0000] {dag.py:2690} INFO - Sync 1 DAGs
[2023-06-14T09:20:48.253+0000] {logging_mixin.py:137} INFO - [2023-06-14T09:20:48.253+0000] {dag.py:3441} INFO - Setting next_dagrun for example_short_circuit_operator to 2023-06-13T09:20:48.249867+00:00, run_after=2023-06-14T09:20:48.249867+00:00
[2023-06-14T09:20:48.284+0000] {processor.py:175} INFO - Processing /home/airflow/.local/lib/python3.7/site-packages/airflow/example_dags/example_short_circuit_operator.py took 0.433 seconds
[2023-06-14T09:21:19.252+0000] {processor.py:153} INFO - Started process (PID=679) to work on /home/airflow/.local/lib/python3.7/site-packages/airflow/example_dags/example_short_circuit_operator.py
[2023-06-14T09:21:19.254+0000] {processor.py:743} INFO - Processing file /home/airflow/.local/lib/python3.7/site-packages/airflow/example_dags/example_short_circuit_operator.py for tasks to queue
[2023-06-14T09:21:19.255+0000] {logging_mixin.py:137} INFO - [2023-06-14T09:21:19.255+0000] {dagbag.py:538} INFO - Filling up the DagBag from /home/airflow/.local/lib/python3.7/site-packages/airflow/example_dags/example_short_circuit_operator.py
[2023-06-14T09:21:19.273+0000] {processor.py:753} INFO - DAG(s) dict_keys(['example_short_circuit_operator']) retrieved from /home/airflow/.local/lib/python3.7/site-packages/airflow/example_dags/example_short_circuit_operator.py
[2023-06-14T09:21:19.297+0000] {logging_mixin.py:137} INFO - [2023-06-14T09:21:19.297+0000] {dag.py:2690} INFO - Sync 1 DAGs
[2023-06-14T09:21:19.315+0000] {logging_mixin.py:137} INFO - [2023-06-14T09:21:19.315+0000] {dag.py:3441} INFO - Setting next_dagrun for example_short_circuit_operator to 2023-06-13T09:21:19.314793+00:00, run_after=2023-06-14T09:21:19.314793+00:00
[2023-06-14T09:21:19.327+0000] {processor.py:175} INFO - Processing /home/airflow/.local/lib/python3.7/site-packages/airflow/example_dags/example_short_circuit_operator.py took 0.080 seconds
[2023-06-14T09:21:49.689+0000] {processor.py:153} INFO - Started process (PID=755) to work on /home/airflow/.local/lib/python3.7/site-packages/airflow/example_dags/example_short_circuit_operator.py
[2023-06-14T09:21:49.691+0000] {processor.py:743} INFO - Processing file /home/airflow/.local/lib/python3.7/site-packages/airflow/example_dags/example_short_circuit_operator.py for tasks to queue
[2023-06-14T09:21:49.692+0000] {logging_mixin.py:137} INFO - [2023-06-14T09:21:49.692+0000] {dagbag.py:538} INFO - Filling up the DagBag from /home/airflow/.local/lib/python3.7/site-packages/airflow/example_dags/example_short_circuit_operator.py
[2023-06-14T09:21:49.711+0000] {processor.py:753} INFO - DAG(s) dict_keys(['example_short_circuit_operator']) retrieved from /home/airflow/.local/lib/python3.7/site-packages/airflow/example_dags/example_short_circuit_operator.py
[2023-06-14T09:21:49.734+0000] {logging_mixin.py:137} INFO - [2023-06-14T09:21:49.734+0000] {dag.py:2690} INFO - Sync 1 DAGs
[2023-06-14T09:21:49.749+0000] {logging_mixin.py:137} INFO - [2023-06-14T09:21:49.749+0000] {dag.py:3441} INFO - Setting next_dagrun for example_short_circuit_operator to 2023-06-13T09:21:49.749305+00:00, run_after=2023-06-14T09:21:49.749305+00:00
[2023-06-14T09:21:49.761+0000] {processor.py:175} INFO - Processing /home/airflow/.local/lib/python3.7/site-packages/airflow/example_dags/example_short_circuit_operator.py took 0.077 seconds
[2023-06-14T09:22:19.933+0000] {processor.py:153} INFO - Started process (PID=829) to work on /home/airflow/.local/lib/python3.7/site-packages/airflow/example_dags/example_short_circuit_operator.py
[2023-06-14T09:22:19.936+0000] {processor.py:743} INFO - Processing file /home/airflow/.local/lib/python3.7/site-packages/airflow/example_dags/example_short_circuit_operator.py for tasks to queue
[2023-06-14T09:22:19.939+0000] {logging_mixin.py:137} INFO - [2023-06-14T09:22:19.939+0000] {dagbag.py:538} INFO - Filling up the DagBag from /home/airflow/.local/lib/python3.7/site-packages/airflow/example_dags/example_short_circuit_operator.py
[2023-06-14T09:22:19.952+0000] {processor.py:753} INFO - DAG(s) dict_keys(['example_short_circuit_operator']) retrieved from /home/airflow/.local/lib/python3.7/site-packages/airflow/example_dags/example_short_circuit_operator.py
[2023-06-14T09:22:19.984+0000] {logging_mixin.py:137} INFO - [2023-06-14T09:22:19.984+0000] {dag.py:2690} INFO - Sync 1 DAGs
[2023-06-14T09:22:20.003+0000] {logging_mixin.py:137} INFO - [2023-06-14T09:22:20.003+0000] {dag.py:3441} INFO - Setting next_dagrun for example_short_circuit_operator to 2023-06-13T09:22:20.003196+00:00, run_after=2023-06-14T09:22:20.003196+00:00
[2023-06-14T09:22:20.020+0000] {processor.py:175} INFO - Processing /home/airflow/.local/lib/python3.7/site-packages/airflow/example_dags/example_short_circuit_operator.py took 0.090 seconds
[2023-06-14T09:22:50.376+0000] {processor.py:153} INFO - Started process (PID=896) to work on /home/airflow/.local/lib/python3.7/site-packages/airflow/example_dags/example_short_circuit_operator.py
[2023-06-14T09:22:50.379+0000] {processor.py:743} INFO - Processing file /home/airflow/.local/lib/python3.7/site-packages/airflow/example_dags/example_short_circuit_operator.py for tasks to queue
[2023-06-14T09:22:50.381+0000] {logging_mixin.py:137} INFO - [2023-06-14T09:22:50.381+0000] {dagbag.py:538} INFO - Filling up the DagBag from /home/airflow/.local/lib/python3.7/site-packages/airflow/example_dags/example_short_circuit_operator.py
[2023-06-14T09:22:50.403+0000] {processor.py:753} INFO - DAG(s) dict_keys(['example_short_circuit_operator']) retrieved from /home/airflow/.local/lib/python3.7/site-packages/airflow/example_dags/example_short_circuit_operator.py
[2023-06-14T09:22:50.428+0000] {logging_mixin.py:137} INFO - [2023-06-14T09:22:50.428+0000] {dag.py:2690} INFO - Sync 1 DAGs
[2023-06-14T09:22:50.443+0000] {logging_mixin.py:137} INFO - [2023-06-14T09:22:50.443+0000] {dag.py:3441} INFO - Setting next_dagrun for example_short_circuit_operator to 2023-06-13T09:22:50.443523+00:00, run_after=2023-06-14T09:22:50.443523+00:00
[2023-06-14T09:22:50.454+0000] {processor.py:175} INFO - Processing /home/airflow/.local/lib/python3.7/site-packages/airflow/example_dags/example_short_circuit_operator.py took 0.085 seconds
[2023-06-14T09:23:20.650+0000] {processor.py:153} INFO - Started process (PID=971) to work on /home/airflow/.local/lib/python3.7/site-packages/airflow/example_dags/example_short_circuit_operator.py
[2023-06-14T09:23:20.653+0000] {processor.py:743} INFO - Processing file /home/airflow/.local/lib/python3.7/site-packages/airflow/example_dags/example_short_circuit_operator.py for tasks to queue
[2023-06-14T09:23:20.654+0000] {logging_mixin.py:137} INFO - [2023-06-14T09:23:20.654+0000] {dagbag.py:538} INFO - Filling up the DagBag from /home/airflow/.local/lib/python3.7/site-packages/airflow/example_dags/example_short_circuit_operator.py
[2023-06-14T09:23:20.671+0000] {processor.py:753} INFO - DAG(s) dict_keys(['example_short_circuit_operator']) retrieved from /home/airflow/.local/lib/python3.7/site-packages/airflow/example_dags/example_short_circuit_operator.py
[2023-06-14T09:23:20.694+0000] {logging_mixin.py:137} INFO - [2023-06-14T09:23:20.693+0000] {dag.py:2690} INFO - Sync 1 DAGs
[2023-06-14T09:23:20.709+0000] {logging_mixin.py:137} INFO - [2023-06-14T09:23:20.709+0000] {dag.py:3441} INFO - Setting next_dagrun for example_short_circuit_operator to 2023-06-13T09:23:20.709295+00:00, run_after=2023-06-14T09:23:20.709295+00:00
[2023-06-14T09:23:20.721+0000] {processor.py:175} INFO - Processing /home/airflow/.local/lib/python3.7/site-packages/airflow/example_dags/example_short_circuit_operator.py took 0.076 seconds
[2023-06-14T09:23:50.914+0000] {processor.py:153} INFO - Started process (PID=1044) to work on /home/airflow/.local/lib/python3.7/site-packages/airflow/example_dags/example_short_circuit_operator.py
[2023-06-14T09:23:50.916+0000] {processor.py:743} INFO - Processing file /home/airflow/.local/lib/python3.7/site-packages/airflow/example_dags/example_short_circuit_operator.py for tasks to queue
[2023-06-14T09:23:50.917+0000] {logging_mixin.py:137} INFO - [2023-06-14T09:23:50.917+0000] {dagbag.py:538} INFO - Filling up the DagBag from /home/airflow/.local/lib/python3.7/site-packages/airflow/example_dags/example_short_circuit_operator.py
[2023-06-14T09:23:50.930+0000] {processor.py:753} INFO - DAG(s) dict_keys(['example_short_circuit_operator']) retrieved from /home/airflow/.local/lib/python3.7/site-packages/airflow/example_dags/example_short_circuit_operator.py
[2023-06-14T09:23:50.950+0000] {logging_mixin.py:137} INFO - [2023-06-14T09:23:50.950+0000] {dag.py:2690} INFO - Sync 1 DAGs
[2023-06-14T09:23:50.967+0000] {logging_mixin.py:137} INFO - [2023-06-14T09:23:50.966+0000] {dag.py:3441} INFO - Setting next_dagrun for example_short_circuit_operator to 2023-06-13T09:23:50.966751+00:00, run_after=2023-06-14T09:23:50.966751+00:00
[2023-06-14T09:23:50.982+0000] {processor.py:175} INFO - Processing /home/airflow/.local/lib/python3.7/site-packages/airflow/example_dags/example_short_circuit_operator.py took 0.071 seconds
[2023-06-14T09:24:21.361+0000] {processor.py:153} INFO - Started process (PID=1111) to work on /home/airflow/.local/lib/python3.7/site-packages/airflow/example_dags/example_short_circuit_operator.py
[2023-06-14T09:24:21.364+0000] {processor.py:743} INFO - Processing file /home/airflow/.local/lib/python3.7/site-packages/airflow/example_dags/example_short_circuit_operator.py for tasks to queue
[2023-06-14T09:24:21.368+0000] {logging_mixin.py:137} INFO - [2023-06-14T09:24:21.368+0000] {dagbag.py:538} INFO - Filling up the DagBag from /home/airflow/.local/lib/python3.7/site-packages/airflow/example_dags/example_short_circuit_operator.py
[2023-06-14T09:24:21.392+0000] {processor.py:753} INFO - DAG(s) dict_keys(['example_short_circuit_operator']) retrieved from /home/airflow/.local/lib/python3.7/site-packages/airflow/example_dags/example_short_circuit_operator.py
[2023-06-14T09:24:21.417+0000] {logging_mixin.py:137} INFO - [2023-06-14T09:24:21.417+0000] {dag.py:2690} INFO - Sync 1 DAGs
[2023-06-14T09:24:21.434+0000] {logging_mixin.py:137} INFO - [2023-06-14T09:24:21.434+0000] {dag.py:3441} INFO - Setting next_dagrun for example_short_circuit_operator to 2023-06-13T09:24:21.433818+00:00, run_after=2023-06-14T09:24:21.433818+00:00
[2023-06-14T09:24:21.445+0000] {processor.py:175} INFO - Processing /home/airflow/.local/lib/python3.7/site-packages/airflow/example_dags/example_short_circuit_operator.py took 0.090 seconds
[2023-06-14T09:24:52.150+0000] {processor.py:153} INFO - Started process (PID=1187) to work on /home/airflow/.local/lib/python3.7/site-packages/airflow/example_dags/example_short_circuit_operator.py
[2023-06-14T09:24:52.152+0000] {processor.py:743} INFO - Processing file /home/airflow/.local/lib/python3.7/site-packages/airflow/example_dags/example_short_circuit_operator.py for tasks to queue
[2023-06-14T09:24:52.153+0000] {logging_mixin.py:137} INFO - [2023-06-14T09:24:52.153+0000] {dagbag.py:538} INFO - Filling up the DagBag from /home/airflow/.local/lib/python3.7/site-packages/airflow/example_dags/example_short_circuit_operator.py
[2023-06-14T09:24:52.170+0000] {processor.py:753} INFO - DAG(s) dict_keys(['example_short_circuit_operator']) retrieved from /home/airflow/.local/lib/python3.7/site-packages/airflow/example_dags/example_short_circuit_operator.py
[2023-06-14T09:24:52.192+0000] {logging_mixin.py:137} INFO - [2023-06-14T09:24:52.192+0000] {dag.py:2690} INFO - Sync 1 DAGs
[2023-06-14T09:24:52.208+0000] {logging_mixin.py:137} INFO - [2023-06-14T09:24:52.207+0000] {dag.py:3441} INFO - Setting next_dagrun for example_short_circuit_operator to 2023-06-13T09:24:52.207780+00:00, run_after=2023-06-14T09:24:52.207780+00:00
[2023-06-14T09:24:52.219+0000] {processor.py:175} INFO - Processing /home/airflow/.local/lib/python3.7/site-packages/airflow/example_dags/example_short_circuit_operator.py took 0.074 seconds
[2023-06-14T09:25:22.298+0000] {processor.py:153} INFO - Started process (PID=1261) to work on /home/airflow/.local/lib/python3.7/site-packages/airflow/example_dags/example_short_circuit_operator.py
[2023-06-14T09:25:22.300+0000] {processor.py:743} INFO - Processing file /home/airflow/.local/lib/python3.7/site-packages/airflow/example_dags/example_short_circuit_operator.py for tasks to queue
[2023-06-14T09:25:22.302+0000] {logging_mixin.py:137} INFO - [2023-06-14T09:25:22.301+0000] {dagbag.py:538} INFO - Filling up the DagBag from /home/airflow/.local/lib/python3.7/site-packages/airflow/example_dags/example_short_circuit_operator.py
[2023-06-14T09:25:22.318+0000] {processor.py:753} INFO - DAG(s) dict_keys(['example_short_circuit_operator']) retrieved from /home/airflow/.local/lib/python3.7/site-packages/airflow/example_dags/example_short_circuit_operator.py
[2023-06-14T09:25:22.341+0000] {logging_mixin.py:137} INFO - [2023-06-14T09:25:22.341+0000] {dag.py:2690} INFO - Sync 1 DAGs
[2023-06-14T09:25:22.359+0000] {logging_mixin.py:137} INFO - [2023-06-14T09:25:22.359+0000] {dag.py:3441} INFO - Setting next_dagrun for example_short_circuit_operator to 2023-06-13T09:25:22.359104+00:00, run_after=2023-06-14T09:25:22.359104+00:00
[2023-06-14T09:25:22.375+0000] {processor.py:175} INFO - Processing /home/airflow/.local/lib/python3.7/site-packages/airflow/example_dags/example_short_circuit_operator.py took 0.080 seconds
[2023-06-14T09:25:52.460+0000] {processor.py:153} INFO - Started process (PID=1326) to work on /home/airflow/.local/lib/python3.7/site-packages/airflow/example_dags/example_short_circuit_operator.py
[2023-06-14T09:25:52.462+0000] {processor.py:743} INFO - Processing file /home/airflow/.local/lib/python3.7/site-packages/airflow/example_dags/example_short_circuit_operator.py for tasks to queue
[2023-06-14T09:25:52.463+0000] {logging_mixin.py:137} INFO - [2023-06-14T09:25:52.463+0000] {dagbag.py:538} INFO - Filling up the DagBag from /home/airflow/.local/lib/python3.7/site-packages/airflow/example_dags/example_short_circuit_operator.py
[2023-06-14T09:25:52.475+0000] {processor.py:753} INFO - DAG(s) dict_keys(['example_short_circuit_operator']) retrieved from /home/airflow/.local/lib/python3.7/site-packages/airflow/example_dags/example_short_circuit_operator.py
[2023-06-14T09:25:52.498+0000] {logging_mixin.py:137} INFO - [2023-06-14T09:25:52.497+0000] {dag.py:2690} INFO - Sync 1 DAGs
[2023-06-14T09:25:52.514+0000] {logging_mixin.py:137} INFO - [2023-06-14T09:25:52.514+0000] {dag.py:3441} INFO - Setting next_dagrun for example_short_circuit_operator to 2023-06-13T09:25:52.514388+00:00, run_after=2023-06-14T09:25:52.514388+00:00
[2023-06-14T09:25:52.533+0000] {processor.py:175} INFO - Processing /home/airflow/.local/lib/python3.7/site-packages/airflow/example_dags/example_short_circuit_operator.py took 0.076 seconds
[2023-06-14T09:26:22.665+0000] {processor.py:153} INFO - Started process (PID=1402) to work on /home/airflow/.local/lib/python3.7/site-packages/airflow/example_dags/example_short_circuit_operator.py
[2023-06-14T09:26:22.667+0000] {processor.py:743} INFO - Processing file /home/airflow/.local/lib/python3.7/site-packages/airflow/example_dags/example_short_circuit_operator.py for tasks to queue
[2023-06-14T09:26:22.669+0000] {logging_mixin.py:137} INFO - [2023-06-14T09:26:22.669+0000] {dagbag.py:538} INFO - Filling up the DagBag from /home/airflow/.local/lib/python3.7/site-packages/airflow/example_dags/example_short_circuit_operator.py
[2023-06-14T09:26:22.688+0000] {processor.py:753} INFO - DAG(s) dict_keys(['example_short_circuit_operator']) retrieved from /home/airflow/.local/lib/python3.7/site-packages/airflow/example_dags/example_short_circuit_operator.py
[2023-06-14T09:26:22.712+0000] {logging_mixin.py:137} INFO - [2023-06-14T09:26:22.712+0000] {dag.py:2690} INFO - Sync 1 DAGs
[2023-06-14T09:26:22.728+0000] {logging_mixin.py:137} INFO - [2023-06-14T09:26:22.728+0000] {dag.py:3441} INFO - Setting next_dagrun for example_short_circuit_operator to 2023-06-13T09:26:22.728329+00:00, run_after=2023-06-14T09:26:22.728329+00:00
[2023-06-14T09:26:22.740+0000] {processor.py:175} INFO - Processing /home/airflow/.local/lib/python3.7/site-packages/airflow/example_dags/example_short_circuit_operator.py took 0.080 seconds
