[2023-06-14T09:16:42.606+0000] {processor.py:153} INFO - Started process (PID=66) to work on /home/airflow/.local/lib/python3.7/site-packages/airflow/example_dags/example_branch_operator.py
[2023-06-14T09:16:42.609+0000] {processor.py:743} INFO - Processing file /home/airflow/.local/lib/python3.7/site-packages/airflow/example_dags/example_branch_operator.py for tasks to queue
[2023-06-14T09:16:42.610+0000] {logging_mixin.py:137} INFO - [2023-06-14T09:16:42.609+0000] {dagbag.py:538} INFO - Filling up the DagBag from /home/airflow/.local/lib/python3.7/site-packages/airflow/example_dags/example_branch_operator.py
[2023-06-14T09:16:42.626+0000] {processor.py:753} INFO - DAG(s) dict_keys(['example_branch_operator']) retrieved from /home/airflow/.local/lib/python3.7/site-packages/airflow/example_dags/example_branch_operator.py
[2023-06-14T09:16:42.650+0000] {logging_mixin.py:137} INFO - [2023-06-14T09:16:42.650+0000] {dag.py:2690} INFO - Sync 1 DAGs
[2023-06-14T09:16:42.668+0000] {logging_mixin.py:137} INFO - [2023-06-14T09:16:42.668+0000] {dag.py:3441} INFO - Setting next_dagrun for example_branch_operator to 2023-06-13T00:00:00+00:00, run_after=2023-06-14T00:00:00+00:00
[2023-06-14T09:16:42.713+0000] {processor.py:175} INFO - Processing /home/airflow/.local/lib/python3.7/site-packages/airflow/example_dags/example_branch_operator.py took 0.109 seconds
[2023-06-14T09:17:13.169+0000] {processor.py:153} INFO - Started process (PID=141) to work on /home/airflow/.local/lib/python3.7/site-packages/airflow/example_dags/example_branch_operator.py
[2023-06-14T09:17:13.180+0000] {processor.py:743} INFO - Processing file /home/airflow/.local/lib/python3.7/site-packages/airflow/example_dags/example_branch_operator.py for tasks to queue
[2023-06-14T09:17:13.191+0000] {logging_mixin.py:137} INFO - [2023-06-14T09:17:13.190+0000] {dagbag.py:538} INFO - Filling up the DagBag from /home/airflow/.local/lib/python3.7/site-packages/airflow/example_dags/example_branch_operator.py
[2023-06-14T09:17:13.232+0000] {processor.py:753} INFO - DAG(s) dict_keys(['example_branch_operator']) retrieved from /home/airflow/.local/lib/python3.7/site-packages/airflow/example_dags/example_branch_operator.py
[2023-06-14T09:17:13.334+0000] {logging_mixin.py:137} INFO - [2023-06-14T09:17:13.334+0000] {dag.py:2690} INFO - Sync 1 DAGs
[2023-06-14T09:17:13.359+0000] {logging_mixin.py:137} INFO - [2023-06-14T09:17:13.359+0000] {dag.py:3441} INFO - Setting next_dagrun for example_branch_operator to 2023-06-13T00:00:00+00:00, run_after=2023-06-14T00:00:00+00:00
[2023-06-14T09:17:13.370+0000] {processor.py:175} INFO - Processing /home/airflow/.local/lib/python3.7/site-packages/airflow/example_dags/example_branch_operator.py took 0.211 seconds
[2023-06-14T09:17:44.209+0000] {processor.py:153} INFO - Started process (PID=221) to work on /home/airflow/.local/lib/python3.7/site-packages/airflow/example_dags/example_branch_operator.py
[2023-06-14T09:17:44.212+0000] {processor.py:743} INFO - Processing file /home/airflow/.local/lib/python3.7/site-packages/airflow/example_dags/example_branch_operator.py for tasks to queue
[2023-06-14T09:17:44.213+0000] {logging_mixin.py:137} INFO - [2023-06-14T09:17:44.213+0000] {dagbag.py:538} INFO - Filling up the DagBag from /home/airflow/.local/lib/python3.7/site-packages/airflow/example_dags/example_branch_operator.py
[2023-06-14T09:17:44.230+0000] {processor.py:753} INFO - DAG(s) dict_keys(['example_branch_operator']) retrieved from /home/airflow/.local/lib/python3.7/site-packages/airflow/example_dags/example_branch_operator.py
[2023-06-14T09:17:44.254+0000] {logging_mixin.py:137} INFO - [2023-06-14T09:17:44.254+0000] {dag.py:2690} INFO - Sync 1 DAGs
[2023-06-14T09:17:44.269+0000] {logging_mixin.py:137} INFO - [2023-06-14T09:17:44.269+0000] {dag.py:3441} INFO - Setting next_dagrun for example_branch_operator to 2023-06-13T00:00:00+00:00, run_after=2023-06-14T00:00:00+00:00
[2023-06-14T09:17:44.279+0000] {processor.py:175} INFO - Processing /home/airflow/.local/lib/python3.7/site-packages/airflow/example_dags/example_branch_operator.py took 0.075 seconds
[2023-06-14T09:18:14.354+0000] {processor.py:153} INFO - Started process (PID=285) to work on /home/airflow/.local/lib/python3.7/site-packages/airflow/example_dags/example_branch_operator.py
[2023-06-14T09:18:14.356+0000] {processor.py:743} INFO - Processing file /home/airflow/.local/lib/python3.7/site-packages/airflow/example_dags/example_branch_operator.py for tasks to queue
[2023-06-14T09:18:14.356+0000] {logging_mixin.py:137} INFO - [2023-06-14T09:18:14.356+0000] {dagbag.py:538} INFO - Filling up the DagBag from /home/airflow/.local/lib/python3.7/site-packages/airflow/example_dags/example_branch_operator.py
[2023-06-14T09:18:14.368+0000] {processor.py:753} INFO - DAG(s) dict_keys(['example_branch_operator']) retrieved from /home/airflow/.local/lib/python3.7/site-packages/airflow/example_dags/example_branch_operator.py
[2023-06-14T09:18:14.390+0000] {logging_mixin.py:137} INFO - [2023-06-14T09:18:14.390+0000] {dag.py:2690} INFO - Sync 1 DAGs
[2023-06-14T09:18:14.412+0000] {logging_mixin.py:137} INFO - [2023-06-14T09:18:14.412+0000] {dag.py:3441} INFO - Setting next_dagrun for example_branch_operator to 2023-06-13T00:00:00+00:00, run_after=2023-06-14T00:00:00+00:00
[2023-06-14T09:18:14.437+0000] {processor.py:175} INFO - Processing /home/airflow/.local/lib/python3.7/site-packages/airflow/example_dags/example_branch_operator.py took 0.086 seconds
[2023-06-14T09:18:44.541+0000] {processor.py:153} INFO - Started process (PID=361) to work on /home/airflow/.local/lib/python3.7/site-packages/airflow/example_dags/example_branch_operator.py
[2023-06-14T09:18:44.543+0000] {processor.py:743} INFO - Processing file /home/airflow/.local/lib/python3.7/site-packages/airflow/example_dags/example_branch_operator.py for tasks to queue
[2023-06-14T09:18:44.545+0000] {logging_mixin.py:137} INFO - [2023-06-14T09:18:44.544+0000] {dagbag.py:538} INFO - Filling up the DagBag from /home/airflow/.local/lib/python3.7/site-packages/airflow/example_dags/example_branch_operator.py
[2023-06-14T09:18:44.563+0000] {processor.py:753} INFO - DAG(s) dict_keys(['example_branch_operator']) retrieved from /home/airflow/.local/lib/python3.7/site-packages/airflow/example_dags/example_branch_operator.py
[2023-06-14T09:18:44.587+0000] {logging_mixin.py:137} INFO - [2023-06-14T09:18:44.587+0000] {dag.py:2690} INFO - Sync 1 DAGs
[2023-06-14T09:18:44.602+0000] {logging_mixin.py:137} INFO - [2023-06-14T09:18:44.602+0000] {dag.py:3441} INFO - Setting next_dagrun for example_branch_operator to 2023-06-13T00:00:00+00:00, run_after=2023-06-14T00:00:00+00:00
[2023-06-14T09:18:44.612+0000] {processor.py:175} INFO - Processing /home/airflow/.local/lib/python3.7/site-packages/airflow/example_dags/example_branch_operator.py took 0.077 seconds
[2023-06-14T09:19:15.308+0000] {processor.py:153} INFO - Started process (PID=437) to work on /home/airflow/.local/lib/python3.7/site-packages/airflow/example_dags/example_branch_operator.py
[2023-06-14T09:19:15.310+0000] {processor.py:743} INFO - Processing file /home/airflow/.local/lib/python3.7/site-packages/airflow/example_dags/example_branch_operator.py for tasks to queue
[2023-06-14T09:19:15.311+0000] {logging_mixin.py:137} INFO - [2023-06-14T09:19:15.311+0000] {dagbag.py:538} INFO - Filling up the DagBag from /home/airflow/.local/lib/python3.7/site-packages/airflow/example_dags/example_branch_operator.py
[2023-06-14T09:19:15.323+0000] {processor.py:753} INFO - DAG(s) dict_keys(['example_branch_operator']) retrieved from /home/airflow/.local/lib/python3.7/site-packages/airflow/example_dags/example_branch_operator.py
[2023-06-14T09:19:15.346+0000] {logging_mixin.py:137} INFO - [2023-06-14T09:19:15.345+0000] {dag.py:2690} INFO - Sync 1 DAGs
[2023-06-14T09:19:15.364+0000] {logging_mixin.py:137} INFO - [2023-06-14T09:19:15.363+0000] {dag.py:3441} INFO - Setting next_dagrun for example_branch_operator to 2023-06-13T00:00:00+00:00, run_after=2023-06-14T00:00:00+00:00
[2023-06-14T09:19:15.376+0000] {processor.py:175} INFO - Processing /home/airflow/.local/lib/python3.7/site-packages/airflow/example_dags/example_branch_operator.py took 0.070 seconds
[2023-06-14T09:19:47.873+0000] {processor.py:153} INFO - Started process (PID=511) to work on /home/airflow/.local/lib/python3.7/site-packages/airflow/example_dags/example_branch_operator.py
[2023-06-14T09:19:47.876+0000] {processor.py:743} INFO - Processing file /home/airflow/.local/lib/python3.7/site-packages/airflow/example_dags/example_branch_operator.py for tasks to queue
[2023-06-14T09:19:47.877+0000] {logging_mixin.py:137} INFO - [2023-06-14T09:19:47.877+0000] {dagbag.py:538} INFO - Filling up the DagBag from /home/airflow/.local/lib/python3.7/site-packages/airflow/example_dags/example_branch_operator.py
[2023-06-14T09:19:47.952+0000] {processor.py:753} INFO - DAG(s) dict_keys(['example_branch_operator']) retrieved from /home/airflow/.local/lib/python3.7/site-packages/airflow/example_dags/example_branch_operator.py
[2023-06-14T09:19:48.096+0000] {logging_mixin.py:137} INFO - [2023-06-14T09:19:48.096+0000] {dag.py:2690} INFO - Sync 1 DAGs
[2023-06-14T09:19:48.186+0000] {logging_mixin.py:137} INFO - [2023-06-14T09:19:48.186+0000] {dag.py:3441} INFO - Setting next_dagrun for example_branch_operator to 2023-06-13T00:00:00+00:00, run_after=2023-06-14T00:00:00+00:00
[2023-06-14T09:19:48.281+0000] {processor.py:175} INFO - Processing /home/airflow/.local/lib/python3.7/site-packages/airflow/example_dags/example_branch_operator.py took 0.420 seconds
[2023-06-14T09:20:21.407+0000] {processor.py:153} INFO - Started process (PID=579) to work on /home/airflow/.local/lib/python3.7/site-packages/airflow/example_dags/example_branch_operator.py
[2023-06-14T09:20:21.408+0000] {processor.py:743} INFO - Processing file /home/airflow/.local/lib/python3.7/site-packages/airflow/example_dags/example_branch_operator.py for tasks to queue
[2023-06-14T09:20:21.410+0000] {logging_mixin.py:137} INFO - [2023-06-14T09:20:21.409+0000] {dagbag.py:538} INFO - Filling up the DagBag from /home/airflow/.local/lib/python3.7/site-packages/airflow/example_dags/example_branch_operator.py
[2023-06-14T09:20:21.434+0000] {processor.py:753} INFO - DAG(s) dict_keys(['example_branch_operator']) retrieved from /home/airflow/.local/lib/python3.7/site-packages/airflow/example_dags/example_branch_operator.py
[2023-06-14T09:20:21.522+0000] {logging_mixin.py:137} INFO - [2023-06-14T09:20:21.522+0000] {dag.py:2690} INFO - Sync 1 DAGs
[2023-06-14T09:20:21.558+0000] {logging_mixin.py:137} INFO - [2023-06-14T09:20:21.558+0000] {dag.py:3441} INFO - Setting next_dagrun for example_branch_operator to 2023-06-13T00:00:00+00:00, run_after=2023-06-14T00:00:00+00:00
[2023-06-14T09:20:21.603+0000] {processor.py:175} INFO - Processing /home/airflow/.local/lib/python3.7/site-packages/airflow/example_dags/example_branch_operator.py took 0.200 seconds
[2023-06-14T09:20:52.368+0000] {processor.py:153} INFO - Started process (PID=642) to work on /home/airflow/.local/lib/python3.7/site-packages/airflow/example_dags/example_branch_operator.py
[2023-06-14T09:20:52.369+0000] {processor.py:743} INFO - Processing file /home/airflow/.local/lib/python3.7/site-packages/airflow/example_dags/example_branch_operator.py for tasks to queue
[2023-06-14T09:20:52.371+0000] {logging_mixin.py:137} INFO - [2023-06-14T09:20:52.371+0000] {dagbag.py:538} INFO - Filling up the DagBag from /home/airflow/.local/lib/python3.7/site-packages/airflow/example_dags/example_branch_operator.py
[2023-06-14T09:20:52.384+0000] {processor.py:753} INFO - DAG(s) dict_keys(['example_branch_operator']) retrieved from /home/airflow/.local/lib/python3.7/site-packages/airflow/example_dags/example_branch_operator.py
[2023-06-14T09:20:52.405+0000] {logging_mixin.py:137} INFO - [2023-06-14T09:20:52.405+0000] {dag.py:2690} INFO - Sync 1 DAGs
[2023-06-14T09:20:52.423+0000] {logging_mixin.py:137} INFO - [2023-06-14T09:20:52.423+0000] {dag.py:3441} INFO - Setting next_dagrun for example_branch_operator to 2023-06-13T00:00:00+00:00, run_after=2023-06-14T00:00:00+00:00
[2023-06-14T09:20:52.435+0000] {processor.py:175} INFO - Processing /home/airflow/.local/lib/python3.7/site-packages/airflow/example_dags/example_branch_operator.py took 0.069 seconds
[2023-06-14T09:21:22.675+0000] {processor.py:153} INFO - Started process (PID=706) to work on /home/airflow/.local/lib/python3.7/site-packages/airflow/example_dags/example_branch_operator.py
[2023-06-14T09:21:22.677+0000] {processor.py:743} INFO - Processing file /home/airflow/.local/lib/python3.7/site-packages/airflow/example_dags/example_branch_operator.py for tasks to queue
[2023-06-14T09:21:22.678+0000] {logging_mixin.py:137} INFO - [2023-06-14T09:21:22.678+0000] {dagbag.py:538} INFO - Filling up the DagBag from /home/airflow/.local/lib/python3.7/site-packages/airflow/example_dags/example_branch_operator.py
[2023-06-14T09:21:22.695+0000] {processor.py:753} INFO - DAG(s) dict_keys(['example_branch_operator']) retrieved from /home/airflow/.local/lib/python3.7/site-packages/airflow/example_dags/example_branch_operator.py
[2023-06-14T09:21:22.731+0000] {logging_mixin.py:137} INFO - [2023-06-14T09:21:22.731+0000] {dag.py:2690} INFO - Sync 1 DAGs
[2023-06-14T09:21:22.749+0000] {logging_mixin.py:137} INFO - [2023-06-14T09:21:22.749+0000] {dag.py:3441} INFO - Setting next_dagrun for example_branch_operator to 2023-06-13T00:00:00+00:00, run_after=2023-06-14T00:00:00+00:00
[2023-06-14T09:21:22.773+0000] {processor.py:175} INFO - Processing /home/airflow/.local/lib/python3.7/site-packages/airflow/example_dags/example_branch_operator.py took 0.102 seconds
[2023-06-14T09:21:53.001+0000] {processor.py:153} INFO - Started process (PID=782) to work on /home/airflow/.local/lib/python3.7/site-packages/airflow/example_dags/example_branch_operator.py
[2023-06-14T09:21:53.002+0000] {processor.py:743} INFO - Processing file /home/airflow/.local/lib/python3.7/site-packages/airflow/example_dags/example_branch_operator.py for tasks to queue
[2023-06-14T09:21:53.003+0000] {logging_mixin.py:137} INFO - [2023-06-14T09:21:53.003+0000] {dagbag.py:538} INFO - Filling up the DagBag from /home/airflow/.local/lib/python3.7/site-packages/airflow/example_dags/example_branch_operator.py
[2023-06-14T09:21:53.016+0000] {processor.py:753} INFO - DAG(s) dict_keys(['example_branch_operator']) retrieved from /home/airflow/.local/lib/python3.7/site-packages/airflow/example_dags/example_branch_operator.py
[2023-06-14T09:21:53.036+0000] {logging_mixin.py:137} INFO - [2023-06-14T09:21:53.036+0000] {dag.py:2690} INFO - Sync 1 DAGs
[2023-06-14T09:21:53.053+0000] {logging_mixin.py:137} INFO - [2023-06-14T09:21:53.053+0000] {dag.py:3441} INFO - Setting next_dagrun for example_branch_operator to 2023-06-13T00:00:00+00:00, run_after=2023-06-14T00:00:00+00:00
[2023-06-14T09:21:53.065+0000] {processor.py:175} INFO - Processing /home/airflow/.local/lib/python3.7/site-packages/airflow/example_dags/example_branch_operator.py took 0.066 seconds
[2023-06-14T09:22:23.571+0000] {processor.py:153} INFO - Started process (PID=859) to work on /home/airflow/.local/lib/python3.7/site-packages/airflow/example_dags/example_branch_operator.py
[2023-06-14T09:22:23.572+0000] {processor.py:743} INFO - Processing file /home/airflow/.local/lib/python3.7/site-packages/airflow/example_dags/example_branch_operator.py for tasks to queue
[2023-06-14T09:22:23.573+0000] {logging_mixin.py:137} INFO - [2023-06-14T09:22:23.573+0000] {dagbag.py:538} INFO - Filling up the DagBag from /home/airflow/.local/lib/python3.7/site-packages/airflow/example_dags/example_branch_operator.py
[2023-06-14T09:22:23.584+0000] {processor.py:753} INFO - DAG(s) dict_keys(['example_branch_operator']) retrieved from /home/airflow/.local/lib/python3.7/site-packages/airflow/example_dags/example_branch_operator.py
[2023-06-14T09:22:23.604+0000] {logging_mixin.py:137} INFO - [2023-06-14T09:22:23.604+0000] {dag.py:2690} INFO - Sync 1 DAGs
[2023-06-14T09:22:23.619+0000] {logging_mixin.py:137} INFO - [2023-06-14T09:22:23.619+0000] {dag.py:3441} INFO - Setting next_dagrun for example_branch_operator to 2023-06-13T00:00:00+00:00, run_after=2023-06-14T00:00:00+00:00
[2023-06-14T09:22:23.630+0000] {processor.py:175} INFO - Processing /home/airflow/.local/lib/python3.7/site-packages/airflow/example_dags/example_branch_operator.py took 0.061 seconds
[2023-06-14T09:22:53.772+0000] {processor.py:153} INFO - Started process (PID=923) to work on /home/airflow/.local/lib/python3.7/site-packages/airflow/example_dags/example_branch_operator.py
[2023-06-14T09:22:53.773+0000] {processor.py:743} INFO - Processing file /home/airflow/.local/lib/python3.7/site-packages/airflow/example_dags/example_branch_operator.py for tasks to queue
[2023-06-14T09:22:53.774+0000] {logging_mixin.py:137} INFO - [2023-06-14T09:22:53.774+0000] {dagbag.py:538} INFO - Filling up the DagBag from /home/airflow/.local/lib/python3.7/site-packages/airflow/example_dags/example_branch_operator.py
[2023-06-14T09:22:53.786+0000] {processor.py:753} INFO - DAG(s) dict_keys(['example_branch_operator']) retrieved from /home/airflow/.local/lib/python3.7/site-packages/airflow/example_dags/example_branch_operator.py
[2023-06-14T09:22:53.812+0000] {logging_mixin.py:137} INFO - [2023-06-14T09:22:53.812+0000] {dag.py:2690} INFO - Sync 1 DAGs
[2023-06-14T09:22:53.830+0000] {logging_mixin.py:137} INFO - [2023-06-14T09:22:53.830+0000] {dag.py:3441} INFO - Setting next_dagrun for example_branch_operator to 2023-06-13T00:00:00+00:00, run_after=2023-06-14T00:00:00+00:00
[2023-06-14T09:22:53.843+0000] {processor.py:175} INFO - Processing /home/airflow/.local/lib/python3.7/site-packages/airflow/example_dags/example_branch_operator.py took 0.074 seconds
[2023-06-14T09:23:24.028+0000] {processor.py:153} INFO - Started process (PID=998) to work on /home/airflow/.local/lib/python3.7/site-packages/airflow/example_dags/example_branch_operator.py
[2023-06-14T09:23:24.029+0000] {processor.py:743} INFO - Processing file /home/airflow/.local/lib/python3.7/site-packages/airflow/example_dags/example_branch_operator.py for tasks to queue
[2023-06-14T09:23:24.030+0000] {logging_mixin.py:137} INFO - [2023-06-14T09:23:24.030+0000] {dagbag.py:538} INFO - Filling up the DagBag from /home/airflow/.local/lib/python3.7/site-packages/airflow/example_dags/example_branch_operator.py
[2023-06-14T09:23:24.041+0000] {processor.py:753} INFO - DAG(s) dict_keys(['example_branch_operator']) retrieved from /home/airflow/.local/lib/python3.7/site-packages/airflow/example_dags/example_branch_operator.py
[2023-06-14T09:23:24.060+0000] {logging_mixin.py:137} INFO - [2023-06-14T09:23:24.060+0000] {dag.py:2690} INFO - Sync 1 DAGs
[2023-06-14T09:23:24.076+0000] {logging_mixin.py:137} INFO - [2023-06-14T09:23:24.075+0000] {dag.py:3441} INFO - Setting next_dagrun for example_branch_operator to 2023-06-13T00:00:00+00:00, run_after=2023-06-14T00:00:00+00:00
[2023-06-14T09:23:24.086+0000] {processor.py:175} INFO - Processing /home/airflow/.local/lib/python3.7/site-packages/airflow/example_dags/example_branch_operator.py took 0.061 seconds
[2023-06-14T09:23:54.469+0000] {processor.py:153} INFO - Started process (PID=1074) to work on /home/airflow/.local/lib/python3.7/site-packages/airflow/example_dags/example_branch_operator.py
[2023-06-14T09:23:54.470+0000] {processor.py:743} INFO - Processing file /home/airflow/.local/lib/python3.7/site-packages/airflow/example_dags/example_branch_operator.py for tasks to queue
[2023-06-14T09:23:54.471+0000] {logging_mixin.py:137} INFO - [2023-06-14T09:23:54.470+0000] {dagbag.py:538} INFO - Filling up the DagBag from /home/airflow/.local/lib/python3.7/site-packages/airflow/example_dags/example_branch_operator.py
[2023-06-14T09:23:54.482+0000] {processor.py:753} INFO - DAG(s) dict_keys(['example_branch_operator']) retrieved from /home/airflow/.local/lib/python3.7/site-packages/airflow/example_dags/example_branch_operator.py
[2023-06-14T09:23:54.502+0000] {logging_mixin.py:137} INFO - [2023-06-14T09:23:54.502+0000] {dag.py:2690} INFO - Sync 1 DAGs
[2023-06-14T09:23:54.517+0000] {logging_mixin.py:137} INFO - [2023-06-14T09:23:54.516+0000] {dag.py:3441} INFO - Setting next_dagrun for example_branch_operator to 2023-06-13T00:00:00+00:00, run_after=2023-06-14T00:00:00+00:00
[2023-06-14T09:23:54.526+0000] {processor.py:175} INFO - Processing /home/airflow/.local/lib/python3.7/site-packages/airflow/example_dags/example_branch_operator.py took 0.060 seconds
[2023-06-14T09:24:25.186+0000] {processor.py:153} INFO - Started process (PID=1147) to work on /home/airflow/.local/lib/python3.7/site-packages/airflow/example_dags/example_branch_operator.py
[2023-06-14T09:24:25.188+0000] {processor.py:743} INFO - Processing file /home/airflow/.local/lib/python3.7/site-packages/airflow/example_dags/example_branch_operator.py for tasks to queue
[2023-06-14T09:24:25.189+0000] {logging_mixin.py:137} INFO - [2023-06-14T09:24:25.189+0000] {dagbag.py:538} INFO - Filling up the DagBag from /home/airflow/.local/lib/python3.7/site-packages/airflow/example_dags/example_branch_operator.py
[2023-06-14T09:24:25.204+0000] {processor.py:753} INFO - DAG(s) dict_keys(['example_branch_operator']) retrieved from /home/airflow/.local/lib/python3.7/site-packages/airflow/example_dags/example_branch_operator.py
[2023-06-14T09:24:25.234+0000] {logging_mixin.py:137} INFO - [2023-06-14T09:24:25.233+0000] {dag.py:2690} INFO - Sync 1 DAGs
[2023-06-14T09:24:25.255+0000] {logging_mixin.py:137} INFO - [2023-06-14T09:24:25.255+0000] {dag.py:3441} INFO - Setting next_dagrun for example_branch_operator to 2023-06-13T00:00:00+00:00, run_after=2023-06-14T00:00:00+00:00
[2023-06-14T09:24:25.273+0000] {processor.py:175} INFO - Processing /home/airflow/.local/lib/python3.7/site-packages/airflow/example_dags/example_branch_operator.py took 0.089 seconds
[2023-06-14T09:24:55.469+0000] {processor.py:153} INFO - Started process (PID=1214) to work on /home/airflow/.local/lib/python3.7/site-packages/airflow/example_dags/example_branch_operator.py
[2023-06-14T09:24:55.471+0000] {processor.py:743} INFO - Processing file /home/airflow/.local/lib/python3.7/site-packages/airflow/example_dags/example_branch_operator.py for tasks to queue
[2023-06-14T09:24:55.472+0000] {logging_mixin.py:137} INFO - [2023-06-14T09:24:55.471+0000] {dagbag.py:538} INFO - Filling up the DagBag from /home/airflow/.local/lib/python3.7/site-packages/airflow/example_dags/example_branch_operator.py
[2023-06-14T09:24:55.485+0000] {processor.py:753} INFO - DAG(s) dict_keys(['example_branch_operator']) retrieved from /home/airflow/.local/lib/python3.7/site-packages/airflow/example_dags/example_branch_operator.py
[2023-06-14T09:24:55.507+0000] {logging_mixin.py:137} INFO - [2023-06-14T09:24:55.507+0000] {dag.py:2690} INFO - Sync 1 DAGs
[2023-06-14T09:24:55.526+0000] {logging_mixin.py:137} INFO - [2023-06-14T09:24:55.526+0000] {dag.py:3441} INFO - Setting next_dagrun for example_branch_operator to 2023-06-13T00:00:00+00:00, run_after=2023-06-14T00:00:00+00:00
[2023-06-14T09:24:55.540+0000] {processor.py:175} INFO - Processing /home/airflow/.local/lib/python3.7/site-packages/airflow/example_dags/example_branch_operator.py took 0.073 seconds
[2023-06-14T09:25:25.628+0000] {processor.py:153} INFO - Started process (PID=1288) to work on /home/airflow/.local/lib/python3.7/site-packages/airflow/example_dags/example_branch_operator.py
[2023-06-14T09:25:25.629+0000] {processor.py:743} INFO - Processing file /home/airflow/.local/lib/python3.7/site-packages/airflow/example_dags/example_branch_operator.py for tasks to queue
[2023-06-14T09:25:25.630+0000] {logging_mixin.py:137} INFO - [2023-06-14T09:25:25.630+0000] {dagbag.py:538} INFO - Filling up the DagBag from /home/airflow/.local/lib/python3.7/site-packages/airflow/example_dags/example_branch_operator.py
[2023-06-14T09:25:25.643+0000] {processor.py:753} INFO - DAG(s) dict_keys(['example_branch_operator']) retrieved from /home/airflow/.local/lib/python3.7/site-packages/airflow/example_dags/example_branch_operator.py
[2023-06-14T09:25:25.663+0000] {logging_mixin.py:137} INFO - [2023-06-14T09:25:25.663+0000] {dag.py:2690} INFO - Sync 1 DAGs
[2023-06-14T09:25:25.678+0000] {logging_mixin.py:137} INFO - [2023-06-14T09:25:25.678+0000] {dag.py:3441} INFO - Setting next_dagrun for example_branch_operator to 2023-06-13T00:00:00+00:00, run_after=2023-06-14T00:00:00+00:00
[2023-06-14T09:25:25.690+0000] {processor.py:175} INFO - Processing /home/airflow/.local/lib/python3.7/site-packages/airflow/example_dags/example_branch_operator.py took 0.065 seconds
[2023-06-14T09:25:55.872+0000] {processor.py:153} INFO - Started process (PID=1365) to work on /home/airflow/.local/lib/python3.7/site-packages/airflow/example_dags/example_branch_operator.py
[2023-06-14T09:25:55.873+0000] {processor.py:743} INFO - Processing file /home/airflow/.local/lib/python3.7/site-packages/airflow/example_dags/example_branch_operator.py for tasks to queue
[2023-06-14T09:25:55.874+0000] {logging_mixin.py:137} INFO - [2023-06-14T09:25:55.874+0000] {dagbag.py:538} INFO - Filling up the DagBag from /home/airflow/.local/lib/python3.7/site-packages/airflow/example_dags/example_branch_operator.py
[2023-06-14T09:25:55.888+0000] {processor.py:753} INFO - DAG(s) dict_keys(['example_branch_operator']) retrieved from /home/airflow/.local/lib/python3.7/site-packages/airflow/example_dags/example_branch_operator.py
[2023-06-14T09:25:55.913+0000] {logging_mixin.py:137} INFO - [2023-06-14T09:25:55.913+0000] {dag.py:2690} INFO - Sync 1 DAGs
[2023-06-14T09:25:55.939+0000] {logging_mixin.py:137} INFO - [2023-06-14T09:25:55.939+0000] {dag.py:3441} INFO - Setting next_dagrun for example_branch_operator to 2023-06-13T00:00:00+00:00, run_after=2023-06-14T00:00:00+00:00
[2023-06-14T09:25:55.966+0000] {processor.py:175} INFO - Processing /home/airflow/.local/lib/python3.7/site-packages/airflow/example_dags/example_branch_operator.py took 0.097 seconds
[2023-06-14T09:26:26.018+0000] {processor.py:153} INFO - Started process (PID=1429) to work on /home/airflow/.local/lib/python3.7/site-packages/airflow/example_dags/example_branch_operator.py
[2023-06-14T09:26:26.020+0000] {processor.py:743} INFO - Processing file /home/airflow/.local/lib/python3.7/site-packages/airflow/example_dags/example_branch_operator.py for tasks to queue
[2023-06-14T09:26:26.021+0000] {logging_mixin.py:137} INFO - [2023-06-14T09:26:26.021+0000] {dagbag.py:538} INFO - Filling up the DagBag from /home/airflow/.local/lib/python3.7/site-packages/airflow/example_dags/example_branch_operator.py
[2023-06-14T09:26:26.045+0000] {processor.py:753} INFO - DAG(s) dict_keys(['example_branch_operator']) retrieved from /home/airflow/.local/lib/python3.7/site-packages/airflow/example_dags/example_branch_operator.py
[2023-06-14T09:26:26.085+0000] {logging_mixin.py:137} INFO - [2023-06-14T09:26:26.085+0000] {dag.py:2690} INFO - Sync 1 DAGs
[2023-06-14T09:26:26.112+0000] {logging_mixin.py:137} INFO - [2023-06-14T09:26:26.112+0000] {dag.py:3441} INFO - Setting next_dagrun for example_branch_operator to 2023-06-13T00:00:00+00:00, run_after=2023-06-14T00:00:00+00:00
[2023-06-14T09:26:26.123+0000] {processor.py:175} INFO - Processing /home/airflow/.local/lib/python3.7/site-packages/airflow/example_dags/example_branch_operator.py took 0.108 seconds
