[2023-06-14T09:16:42.127+0000] {processor.py:153} INFO - Started process (PID=59) to work on /home/airflow/.local/lib/python3.7/site-packages/airflow/example_dags/example_trigger_target_dag.py
[2023-06-14T09:16:42.128+0000] {processor.py:743} INFO - Processing file /home/airflow/.local/lib/python3.7/site-packages/airflow/example_dags/example_trigger_target_dag.py for tasks to queue
[2023-06-14T09:16:42.132+0000] {logging_mixin.py:137} INFO - [2023-06-14T09:16:42.131+0000] {dagbag.py:538} INFO - Filling up the DagBag from /home/airflow/.local/lib/python3.7/site-packages/airflow/example_dags/example_trigger_target_dag.py
[2023-06-14T09:16:42.170+0000] {processor.py:753} INFO - DAG(s) dict_keys(['example_trigger_target_dag']) retrieved from /home/airflow/.local/lib/python3.7/site-packages/airflow/example_dags/example_trigger_target_dag.py
[2023-06-14T09:16:42.204+0000] {logging_mixin.py:137} INFO - [2023-06-14T09:16:42.203+0000] {dag.py:2690} INFO - Sync 1 DAGs
[2023-06-14T09:16:42.241+0000] {logging_mixin.py:137} INFO - [2023-06-14T09:16:42.241+0000] {dag.py:3441} INFO - Setting next_dagrun for example_trigger_target_dag to None, run_after=None
[2023-06-14T09:16:42.268+0000] {processor.py:175} INFO - Processing /home/airflow/.local/lib/python3.7/site-packages/airflow/example_dags/example_trigger_target_dag.py took 0.150 seconds
[2023-06-14T09:17:12.618+0000] {processor.py:153} INFO - Started process (PID=134) to work on /home/airflow/.local/lib/python3.7/site-packages/airflow/example_dags/example_trigger_target_dag.py
[2023-06-14T09:17:12.621+0000] {processor.py:743} INFO - Processing file /home/airflow/.local/lib/python3.7/site-packages/airflow/example_dags/example_trigger_target_dag.py for tasks to queue
[2023-06-14T09:17:12.622+0000] {logging_mixin.py:137} INFO - [2023-06-14T09:17:12.622+0000] {dagbag.py:538} INFO - Filling up the DagBag from /home/airflow/.local/lib/python3.7/site-packages/airflow/example_dags/example_trigger_target_dag.py
[2023-06-14T09:17:12.641+0000] {processor.py:753} INFO - DAG(s) dict_keys(['example_trigger_target_dag']) retrieved from /home/airflow/.local/lib/python3.7/site-packages/airflow/example_dags/example_trigger_target_dag.py
[2023-06-14T09:17:12.679+0000] {logging_mixin.py:137} INFO - [2023-06-14T09:17:12.679+0000] {dag.py:2690} INFO - Sync 1 DAGs
[2023-06-14T09:17:12.710+0000] {logging_mixin.py:137} INFO - [2023-06-14T09:17:12.709+0000] {dag.py:3441} INFO - Setting next_dagrun for example_trigger_target_dag to None, run_after=None
[2023-06-14T09:17:12.730+0000] {processor.py:175} INFO - Processing /home/airflow/.local/lib/python3.7/site-packages/airflow/example_dags/example_trigger_target_dag.py took 0.117 seconds
[2023-06-14T09:17:42.780+0000] {processor.py:153} INFO - Started process (PID=214) to work on /home/airflow/.local/lib/python3.7/site-packages/airflow/example_dags/example_trigger_target_dag.py
[2023-06-14T09:17:42.781+0000] {processor.py:743} INFO - Processing file /home/airflow/.local/lib/python3.7/site-packages/airflow/example_dags/example_trigger_target_dag.py for tasks to queue
[2023-06-14T09:17:42.782+0000] {logging_mixin.py:137} INFO - [2023-06-14T09:17:42.782+0000] {dagbag.py:538} INFO - Filling up the DagBag from /home/airflow/.local/lib/python3.7/site-packages/airflow/example_dags/example_trigger_target_dag.py
[2023-06-14T09:17:42.797+0000] {processor.py:753} INFO - DAG(s) dict_keys(['example_trigger_target_dag']) retrieved from /home/airflow/.local/lib/python3.7/site-packages/airflow/example_dags/example_trigger_target_dag.py
[2023-06-14T09:17:42.819+0000] {logging_mixin.py:137} INFO - [2023-06-14T09:17:42.819+0000] {dag.py:2690} INFO - Sync 1 DAGs
[2023-06-14T09:17:42.833+0000] {logging_mixin.py:137} INFO - [2023-06-14T09:17:42.833+0000] {dag.py:3441} INFO - Setting next_dagrun for example_trigger_target_dag to None, run_after=None
[2023-06-14T09:17:42.843+0000] {processor.py:175} INFO - Processing /home/airflow/.local/lib/python3.7/site-packages/airflow/example_dags/example_trigger_target_dag.py took 0.066 seconds
[2023-06-14T09:18:13.014+0000] {processor.py:153} INFO - Started process (PID=278) to work on /home/airflow/.local/lib/python3.7/site-packages/airflow/example_dags/example_trigger_target_dag.py
[2023-06-14T09:18:13.016+0000] {processor.py:743} INFO - Processing file /home/airflow/.local/lib/python3.7/site-packages/airflow/example_dags/example_trigger_target_dag.py for tasks to queue
[2023-06-14T09:18:13.017+0000] {logging_mixin.py:137} INFO - [2023-06-14T09:18:13.017+0000] {dagbag.py:538} INFO - Filling up the DagBag from /home/airflow/.local/lib/python3.7/site-packages/airflow/example_dags/example_trigger_target_dag.py
[2023-06-14T09:18:13.030+0000] {processor.py:753} INFO - DAG(s) dict_keys(['example_trigger_target_dag']) retrieved from /home/airflow/.local/lib/python3.7/site-packages/airflow/example_dags/example_trigger_target_dag.py
[2023-06-14T09:18:13.049+0000] {logging_mixin.py:137} INFO - [2023-06-14T09:18:13.049+0000] {dag.py:2690} INFO - Sync 1 DAGs
[2023-06-14T09:18:13.065+0000] {logging_mixin.py:137} INFO - [2023-06-14T09:18:13.065+0000] {dag.py:3441} INFO - Setting next_dagrun for example_trigger_target_dag to None, run_after=None
[2023-06-14T09:18:13.076+0000] {processor.py:175} INFO - Processing /home/airflow/.local/lib/python3.7/site-packages/airflow/example_dags/example_trigger_target_dag.py took 0.064 seconds
[2023-06-14T09:18:43.218+0000] {processor.py:153} INFO - Started process (PID=354) to work on /home/airflow/.local/lib/python3.7/site-packages/airflow/example_dags/example_trigger_target_dag.py
[2023-06-14T09:18:43.219+0000] {processor.py:743} INFO - Processing file /home/airflow/.local/lib/python3.7/site-packages/airflow/example_dags/example_trigger_target_dag.py for tasks to queue
[2023-06-14T09:18:43.220+0000] {logging_mixin.py:137} INFO - [2023-06-14T09:18:43.220+0000] {dagbag.py:538} INFO - Filling up the DagBag from /home/airflow/.local/lib/python3.7/site-packages/airflow/example_dags/example_trigger_target_dag.py
[2023-06-14T09:18:43.234+0000] {processor.py:753} INFO - DAG(s) dict_keys(['example_trigger_target_dag']) retrieved from /home/airflow/.local/lib/python3.7/site-packages/airflow/example_dags/example_trigger_target_dag.py
[2023-06-14T09:18:43.253+0000] {logging_mixin.py:137} INFO - [2023-06-14T09:18:43.253+0000] {dag.py:2690} INFO - Sync 1 DAGs
[2023-06-14T09:18:43.270+0000] {logging_mixin.py:137} INFO - [2023-06-14T09:18:43.270+0000] {dag.py:3441} INFO - Setting next_dagrun for example_trigger_target_dag to None, run_after=None
[2023-06-14T09:18:43.281+0000] {processor.py:175} INFO - Processing /home/airflow/.local/lib/python3.7/site-packages/airflow/example_dags/example_trigger_target_dag.py took 0.066 seconds
[2023-06-14T09:19:14.977+0000] {processor.py:153} INFO - Started process (PID=430) to work on /home/airflow/.local/lib/python3.7/site-packages/airflow/example_dags/example_trigger_target_dag.py
[2023-06-14T09:19:14.978+0000] {processor.py:743} INFO - Processing file /home/airflow/.local/lib/python3.7/site-packages/airflow/example_dags/example_trigger_target_dag.py for tasks to queue
[2023-06-14T09:19:14.979+0000] {logging_mixin.py:137} INFO - [2023-06-14T09:19:14.979+0000] {dagbag.py:538} INFO - Filling up the DagBag from /home/airflow/.local/lib/python3.7/site-packages/airflow/example_dags/example_trigger_target_dag.py
[2023-06-14T09:19:14.994+0000] {processor.py:753} INFO - DAG(s) dict_keys(['example_trigger_target_dag']) retrieved from /home/airflow/.local/lib/python3.7/site-packages/airflow/example_dags/example_trigger_target_dag.py
[2023-06-14T09:19:15.016+0000] {logging_mixin.py:137} INFO - [2023-06-14T09:19:15.016+0000] {dag.py:2690} INFO - Sync 1 DAGs
[2023-06-14T09:19:15.035+0000] {logging_mixin.py:137} INFO - [2023-06-14T09:19:15.034+0000] {dag.py:3441} INFO - Setting next_dagrun for example_trigger_target_dag to None, run_after=None
[2023-06-14T09:19:15.047+0000] {processor.py:175} INFO - Processing /home/airflow/.local/lib/python3.7/site-packages/airflow/example_dags/example_trigger_target_dag.py took 0.073 seconds
[2023-06-14T09:19:46.697+0000] {processor.py:153} INFO - Started process (PID=495) to work on /home/airflow/.local/lib/python3.7/site-packages/airflow/example_dags/example_trigger_target_dag.py
[2023-06-14T09:19:46.699+0000] {processor.py:743} INFO - Processing file /home/airflow/.local/lib/python3.7/site-packages/airflow/example_dags/example_trigger_target_dag.py for tasks to queue
[2023-06-14T09:19:46.701+0000] {logging_mixin.py:137} INFO - [2023-06-14T09:19:46.701+0000] {dagbag.py:538} INFO - Filling up the DagBag from /home/airflow/.local/lib/python3.7/site-packages/airflow/example_dags/example_trigger_target_dag.py
[2023-06-14T09:19:46.733+0000] {processor.py:753} INFO - DAG(s) dict_keys(['example_trigger_target_dag']) retrieved from /home/airflow/.local/lib/python3.7/site-packages/airflow/example_dags/example_trigger_target_dag.py
[2023-06-14T09:19:46.784+0000] {logging_mixin.py:137} INFO - [2023-06-14T09:19:46.784+0000] {dag.py:2690} INFO - Sync 1 DAGs
[2023-06-14T09:19:46.833+0000] {logging_mixin.py:137} INFO - [2023-06-14T09:19:46.833+0000] {dag.py:3441} INFO - Setting next_dagrun for example_trigger_target_dag to None, run_after=None
[2023-06-14T09:19:46.872+0000] {processor.py:175} INFO - Processing /home/airflow/.local/lib/python3.7/site-packages/airflow/example_dags/example_trigger_target_dag.py took 0.178 seconds
[2023-06-14T09:20:20.432+0000] {processor.py:153} INFO - Started process (PID=572) to work on /home/airflow/.local/lib/python3.7/site-packages/airflow/example_dags/example_trigger_target_dag.py
[2023-06-14T09:20:20.434+0000] {processor.py:743} INFO - Processing file /home/airflow/.local/lib/python3.7/site-packages/airflow/example_dags/example_trigger_target_dag.py for tasks to queue
[2023-06-14T09:20:20.436+0000] {logging_mixin.py:137} INFO - [2023-06-14T09:20:20.436+0000] {dagbag.py:538} INFO - Filling up the DagBag from /home/airflow/.local/lib/python3.7/site-packages/airflow/example_dags/example_trigger_target_dag.py
[2023-06-14T09:20:20.555+0000] {processor.py:753} INFO - DAG(s) dict_keys(['example_trigger_target_dag']) retrieved from /home/airflow/.local/lib/python3.7/site-packages/airflow/example_dags/example_trigger_target_dag.py
[2023-06-14T09:20:20.648+0000] {logging_mixin.py:137} INFO - [2023-06-14T09:20:20.648+0000] {dag.py:2690} INFO - Sync 1 DAGs
[2023-06-14T09:20:20.688+0000] {logging_mixin.py:137} INFO - [2023-06-14T09:20:20.688+0000] {dag.py:3441} INFO - Setting next_dagrun for example_trigger_target_dag to None, run_after=None
[2023-06-14T09:20:20.719+0000] {processor.py:175} INFO - Processing /home/airflow/.local/lib/python3.7/site-packages/airflow/example_dags/example_trigger_target_dag.py took 0.307 seconds
[2023-06-14T09:20:51.012+0000] {processor.py:153} INFO - Started process (PID=635) to work on /home/airflow/.local/lib/python3.7/site-packages/airflow/example_dags/example_trigger_target_dag.py
[2023-06-14T09:20:51.013+0000] {processor.py:743} INFO - Processing file /home/airflow/.local/lib/python3.7/site-packages/airflow/example_dags/example_trigger_target_dag.py for tasks to queue
[2023-06-14T09:20:51.014+0000] {logging_mixin.py:137} INFO - [2023-06-14T09:20:51.014+0000] {dagbag.py:538} INFO - Filling up the DagBag from /home/airflow/.local/lib/python3.7/site-packages/airflow/example_dags/example_trigger_target_dag.py
[2023-06-14T09:20:51.029+0000] {processor.py:753} INFO - DAG(s) dict_keys(['example_trigger_target_dag']) retrieved from /home/airflow/.local/lib/python3.7/site-packages/airflow/example_dags/example_trigger_target_dag.py
[2023-06-14T09:20:51.051+0000] {logging_mixin.py:137} INFO - [2023-06-14T09:20:51.051+0000] {dag.py:2690} INFO - Sync 1 DAGs
[2023-06-14T09:20:51.067+0000] {logging_mixin.py:137} INFO - [2023-06-14T09:20:51.067+0000] {dag.py:3441} INFO - Setting next_dagrun for example_trigger_target_dag to None, run_after=None
[2023-06-14T09:20:51.082+0000] {processor.py:175} INFO - Processing /home/airflow/.local/lib/python3.7/site-packages/airflow/example_dags/example_trigger_target_dag.py took 0.074 seconds
[2023-06-14T09:21:21.229+0000] {processor.py:153} INFO - Started process (PID=699) to work on /home/airflow/.local/lib/python3.7/site-packages/airflow/example_dags/example_trigger_target_dag.py
[2023-06-14T09:21:21.231+0000] {processor.py:743} INFO - Processing file /home/airflow/.local/lib/python3.7/site-packages/airflow/example_dags/example_trigger_target_dag.py for tasks to queue
[2023-06-14T09:21:21.233+0000] {logging_mixin.py:137} INFO - [2023-06-14T09:21:21.233+0000] {dagbag.py:538} INFO - Filling up the DagBag from /home/airflow/.local/lib/python3.7/site-packages/airflow/example_dags/example_trigger_target_dag.py
[2023-06-14T09:21:21.248+0000] {processor.py:753} INFO - DAG(s) dict_keys(['example_trigger_target_dag']) retrieved from /home/airflow/.local/lib/python3.7/site-packages/airflow/example_dags/example_trigger_target_dag.py
[2023-06-14T09:21:21.270+0000] {logging_mixin.py:137} INFO - [2023-06-14T09:21:21.270+0000] {dag.py:2690} INFO - Sync 1 DAGs
[2023-06-14T09:21:21.285+0000] {logging_mixin.py:137} INFO - [2023-06-14T09:21:21.285+0000] {dag.py:3441} INFO - Setting next_dagrun for example_trigger_target_dag to None, run_after=None
[2023-06-14T09:21:21.297+0000] {processor.py:175} INFO - Processing /home/airflow/.local/lib/python3.7/site-packages/airflow/example_dags/example_trigger_target_dag.py took 0.071 seconds
[2023-06-14T09:21:51.624+0000] {processor.py:153} INFO - Started process (PID=775) to work on /home/airflow/.local/lib/python3.7/site-packages/airflow/example_dags/example_trigger_target_dag.py
[2023-06-14T09:21:51.626+0000] {processor.py:743} INFO - Processing file /home/airflow/.local/lib/python3.7/site-packages/airflow/example_dags/example_trigger_target_dag.py for tasks to queue
[2023-06-14T09:21:51.626+0000] {logging_mixin.py:137} INFO - [2023-06-14T09:21:51.626+0000] {dagbag.py:538} INFO - Filling up the DagBag from /home/airflow/.local/lib/python3.7/site-packages/airflow/example_dags/example_trigger_target_dag.py
[2023-06-14T09:21:51.640+0000] {processor.py:753} INFO - DAG(s) dict_keys(['example_trigger_target_dag']) retrieved from /home/airflow/.local/lib/python3.7/site-packages/airflow/example_dags/example_trigger_target_dag.py
[2023-06-14T09:21:51.661+0000] {logging_mixin.py:137} INFO - [2023-06-14T09:21:51.661+0000] {dag.py:2690} INFO - Sync 1 DAGs
[2023-06-14T09:21:51.676+0000] {logging_mixin.py:137} INFO - [2023-06-14T09:21:51.676+0000] {dag.py:3441} INFO - Setting next_dagrun for example_trigger_target_dag to None, run_after=None
[2023-06-14T09:21:51.688+0000] {processor.py:175} INFO - Processing /home/airflow/.local/lib/python3.7/site-packages/airflow/example_dags/example_trigger_target_dag.py took 0.066 seconds
[2023-06-14T09:22:22.178+0000] {processor.py:153} INFO - Started process (PID=852) to work on /home/airflow/.local/lib/python3.7/site-packages/airflow/example_dags/example_trigger_target_dag.py
[2023-06-14T09:22:22.180+0000] {processor.py:743} INFO - Processing file /home/airflow/.local/lib/python3.7/site-packages/airflow/example_dags/example_trigger_target_dag.py for tasks to queue
[2023-06-14T09:22:22.181+0000] {logging_mixin.py:137} INFO - [2023-06-14T09:22:22.180+0000] {dagbag.py:538} INFO - Filling up the DagBag from /home/airflow/.local/lib/python3.7/site-packages/airflow/example_dags/example_trigger_target_dag.py
[2023-06-14T09:22:22.195+0000] {processor.py:753} INFO - DAG(s) dict_keys(['example_trigger_target_dag']) retrieved from /home/airflow/.local/lib/python3.7/site-packages/airflow/example_dags/example_trigger_target_dag.py
[2023-06-14T09:22:22.218+0000] {logging_mixin.py:137} INFO - [2023-06-14T09:22:22.218+0000] {dag.py:2690} INFO - Sync 1 DAGs
[2023-06-14T09:22:22.236+0000] {logging_mixin.py:137} INFO - [2023-06-14T09:22:22.236+0000] {dag.py:3441} INFO - Setting next_dagrun for example_trigger_target_dag to None, run_after=None
[2023-06-14T09:22:22.247+0000] {processor.py:175} INFO - Processing /home/airflow/.local/lib/python3.7/site-packages/airflow/example_dags/example_trigger_target_dag.py took 0.071 seconds
[2023-06-14T09:22:52.351+0000] {processor.py:153} INFO - Started process (PID=916) to work on /home/airflow/.local/lib/python3.7/site-packages/airflow/example_dags/example_trigger_target_dag.py
[2023-06-14T09:22:52.352+0000] {processor.py:743} INFO - Processing file /home/airflow/.local/lib/python3.7/site-packages/airflow/example_dags/example_trigger_target_dag.py for tasks to queue
[2023-06-14T09:22:52.353+0000] {logging_mixin.py:137} INFO - [2023-06-14T09:22:52.353+0000] {dagbag.py:538} INFO - Filling up the DagBag from /home/airflow/.local/lib/python3.7/site-packages/airflow/example_dags/example_trigger_target_dag.py
[2023-06-14T09:22:52.370+0000] {processor.py:753} INFO - DAG(s) dict_keys(['example_trigger_target_dag']) retrieved from /home/airflow/.local/lib/python3.7/site-packages/airflow/example_dags/example_trigger_target_dag.py
[2023-06-14T09:22:52.401+0000] {logging_mixin.py:137} INFO - [2023-06-14T09:22:52.401+0000] {dag.py:2690} INFO - Sync 1 DAGs
[2023-06-14T09:22:52.421+0000] {logging_mixin.py:137} INFO - [2023-06-14T09:22:52.421+0000] {dag.py:3441} INFO - Setting next_dagrun for example_trigger_target_dag to None, run_after=None
[2023-06-14T09:22:52.438+0000] {processor.py:175} INFO - Processing /home/airflow/.local/lib/python3.7/site-packages/airflow/example_dags/example_trigger_target_dag.py took 0.091 seconds
[2023-06-14T09:23:22.644+0000] {processor.py:153} INFO - Started process (PID=991) to work on /home/airflow/.local/lib/python3.7/site-packages/airflow/example_dags/example_trigger_target_dag.py
[2023-06-14T09:23:22.645+0000] {processor.py:743} INFO - Processing file /home/airflow/.local/lib/python3.7/site-packages/airflow/example_dags/example_trigger_target_dag.py for tasks to queue
[2023-06-14T09:23:22.646+0000] {logging_mixin.py:137} INFO - [2023-06-14T09:23:22.646+0000] {dagbag.py:538} INFO - Filling up the DagBag from /home/airflow/.local/lib/python3.7/site-packages/airflow/example_dags/example_trigger_target_dag.py
[2023-06-14T09:23:22.661+0000] {processor.py:753} INFO - DAG(s) dict_keys(['example_trigger_target_dag']) retrieved from /home/airflow/.local/lib/python3.7/site-packages/airflow/example_dags/example_trigger_target_dag.py
[2023-06-14T09:23:22.682+0000] {logging_mixin.py:137} INFO - [2023-06-14T09:23:22.682+0000] {dag.py:2690} INFO - Sync 1 DAGs
[2023-06-14T09:23:22.697+0000] {logging_mixin.py:137} INFO - [2023-06-14T09:23:22.697+0000] {dag.py:3441} INFO - Setting next_dagrun for example_trigger_target_dag to None, run_after=None
[2023-06-14T09:23:22.711+0000] {processor.py:175} INFO - Processing /home/airflow/.local/lib/python3.7/site-packages/airflow/example_dags/example_trigger_target_dag.py took 0.069 seconds
[2023-06-14T09:23:53.057+0000] {processor.py:153} INFO - Started process (PID=1067) to work on /home/airflow/.local/lib/python3.7/site-packages/airflow/example_dags/example_trigger_target_dag.py
[2023-06-14T09:23:53.058+0000] {processor.py:743} INFO - Processing file /home/airflow/.local/lib/python3.7/site-packages/airflow/example_dags/example_trigger_target_dag.py for tasks to queue
[2023-06-14T09:23:53.059+0000] {logging_mixin.py:137} INFO - [2023-06-14T09:23:53.059+0000] {dagbag.py:538} INFO - Filling up the DagBag from /home/airflow/.local/lib/python3.7/site-packages/airflow/example_dags/example_trigger_target_dag.py
[2023-06-14T09:23:53.074+0000] {processor.py:753} INFO - DAG(s) dict_keys(['example_trigger_target_dag']) retrieved from /home/airflow/.local/lib/python3.7/site-packages/airflow/example_dags/example_trigger_target_dag.py
[2023-06-14T09:23:53.096+0000] {logging_mixin.py:137} INFO - [2023-06-14T09:23:53.095+0000] {dag.py:2690} INFO - Sync 1 DAGs
[2023-06-14T09:23:53.113+0000] {logging_mixin.py:137} INFO - [2023-06-14T09:23:53.113+0000] {dag.py:3441} INFO - Setting next_dagrun for example_trigger_target_dag to None, run_after=None
[2023-06-14T09:23:53.131+0000] {processor.py:175} INFO - Processing /home/airflow/.local/lib/python3.7/site-packages/airflow/example_dags/example_trigger_target_dag.py took 0.077 seconds
[2023-06-14T09:24:23.826+0000] {processor.py:153} INFO - Started process (PID=1131) to work on /home/airflow/.local/lib/python3.7/site-packages/airflow/example_dags/example_trigger_target_dag.py
[2023-06-14T09:24:23.827+0000] {processor.py:743} INFO - Processing file /home/airflow/.local/lib/python3.7/site-packages/airflow/example_dags/example_trigger_target_dag.py for tasks to queue
[2023-06-14T09:24:23.828+0000] {logging_mixin.py:137} INFO - [2023-06-14T09:24:23.828+0000] {dagbag.py:538} INFO - Filling up the DagBag from /home/airflow/.local/lib/python3.7/site-packages/airflow/example_dags/example_trigger_target_dag.py
[2023-06-14T09:24:23.843+0000] {processor.py:753} INFO - DAG(s) dict_keys(['example_trigger_target_dag']) retrieved from /home/airflow/.local/lib/python3.7/site-packages/airflow/example_dags/example_trigger_target_dag.py
[2023-06-14T09:24:23.863+0000] {logging_mixin.py:137} INFO - [2023-06-14T09:24:23.863+0000] {dag.py:2690} INFO - Sync 1 DAGs
[2023-06-14T09:24:23.878+0000] {logging_mixin.py:137} INFO - [2023-06-14T09:24:23.878+0000] {dag.py:3441} INFO - Setting next_dagrun for example_trigger_target_dag to None, run_after=None
[2023-06-14T09:24:23.890+0000] {processor.py:175} INFO - Processing /home/airflow/.local/lib/python3.7/site-packages/airflow/example_dags/example_trigger_target_dag.py took 0.067 seconds
[2023-06-14T09:24:54.086+0000] {processor.py:153} INFO - Started process (PID=1207) to work on /home/airflow/.local/lib/python3.7/site-packages/airflow/example_dags/example_trigger_target_dag.py
[2023-06-14T09:24:54.087+0000] {processor.py:743} INFO - Processing file /home/airflow/.local/lib/python3.7/site-packages/airflow/example_dags/example_trigger_target_dag.py for tasks to queue
[2023-06-14T09:24:54.088+0000] {logging_mixin.py:137} INFO - [2023-06-14T09:24:54.088+0000] {dagbag.py:538} INFO - Filling up the DagBag from /home/airflow/.local/lib/python3.7/site-packages/airflow/example_dags/example_trigger_target_dag.py
[2023-06-14T09:24:54.103+0000] {processor.py:753} INFO - DAG(s) dict_keys(['example_trigger_target_dag']) retrieved from /home/airflow/.local/lib/python3.7/site-packages/airflow/example_dags/example_trigger_target_dag.py
[2023-06-14T09:24:54.125+0000] {logging_mixin.py:137} INFO - [2023-06-14T09:24:54.125+0000] {dag.py:2690} INFO - Sync 1 DAGs
[2023-06-14T09:24:54.140+0000] {logging_mixin.py:137} INFO - [2023-06-14T09:24:54.140+0000] {dag.py:3441} INFO - Setting next_dagrun for example_trigger_target_dag to None, run_after=None
[2023-06-14T09:24:54.152+0000] {processor.py:175} INFO - Processing /home/airflow/.local/lib/python3.7/site-packages/airflow/example_dags/example_trigger_target_dag.py took 0.069 seconds
[2023-06-14T09:25:24.262+0000] {processor.py:153} INFO - Started process (PID=1281) to work on /home/airflow/.local/lib/python3.7/site-packages/airflow/example_dags/example_trigger_target_dag.py
[2023-06-14T09:25:24.263+0000] {processor.py:743} INFO - Processing file /home/airflow/.local/lib/python3.7/site-packages/airflow/example_dags/example_trigger_target_dag.py for tasks to queue
[2023-06-14T09:25:24.263+0000] {logging_mixin.py:137} INFO - [2023-06-14T09:25:24.263+0000] {dagbag.py:538} INFO - Filling up the DagBag from /home/airflow/.local/lib/python3.7/site-packages/airflow/example_dags/example_trigger_target_dag.py
[2023-06-14T09:25:24.278+0000] {processor.py:753} INFO - DAG(s) dict_keys(['example_trigger_target_dag']) retrieved from /home/airflow/.local/lib/python3.7/site-packages/airflow/example_dags/example_trigger_target_dag.py
[2023-06-14T09:25:24.298+0000] {logging_mixin.py:137} INFO - [2023-06-14T09:25:24.298+0000] {dag.py:2690} INFO - Sync 1 DAGs
[2023-06-14T09:25:24.313+0000] {logging_mixin.py:137} INFO - [2023-06-14T09:25:24.313+0000] {dag.py:3441} INFO - Setting next_dagrun for example_trigger_target_dag to None, run_after=None
[2023-06-14T09:25:24.325+0000] {processor.py:175} INFO - Processing /home/airflow/.local/lib/python3.7/site-packages/airflow/example_dags/example_trigger_target_dag.py took 0.066 seconds
[2023-06-14T09:25:54.492+0000] {processor.py:153} INFO - Started process (PID=1346) to work on /home/airflow/.local/lib/python3.7/site-packages/airflow/example_dags/example_trigger_target_dag.py
[2023-06-14T09:25:54.494+0000] {processor.py:743} INFO - Processing file /home/airflow/.local/lib/python3.7/site-packages/airflow/example_dags/example_trigger_target_dag.py for tasks to queue
[2023-06-14T09:25:54.495+0000] {logging_mixin.py:137} INFO - [2023-06-14T09:25:54.495+0000] {dagbag.py:538} INFO - Filling up the DagBag from /home/airflow/.local/lib/python3.7/site-packages/airflow/example_dags/example_trigger_target_dag.py
[2023-06-14T09:25:54.509+0000] {processor.py:753} INFO - DAG(s) dict_keys(['example_trigger_target_dag']) retrieved from /home/airflow/.local/lib/python3.7/site-packages/airflow/example_dags/example_trigger_target_dag.py
[2023-06-14T09:25:54.529+0000] {logging_mixin.py:137} INFO - [2023-06-14T09:25:54.529+0000] {dag.py:2690} INFO - Sync 1 DAGs
[2023-06-14T09:25:54.546+0000] {logging_mixin.py:137} INFO - [2023-06-14T09:25:54.545+0000] {dag.py:3441} INFO - Setting next_dagrun for example_trigger_target_dag to None, run_after=None
[2023-06-14T09:25:54.557+0000] {processor.py:175} INFO - Processing /home/airflow/.local/lib/python3.7/site-packages/airflow/example_dags/example_trigger_target_dag.py took 0.067 seconds
[2023-06-14T09:26:24.661+0000] {processor.py:153} INFO - Started process (PID=1422) to work on /home/airflow/.local/lib/python3.7/site-packages/airflow/example_dags/example_trigger_target_dag.py
[2023-06-14T09:26:24.662+0000] {processor.py:743} INFO - Processing file /home/airflow/.local/lib/python3.7/site-packages/airflow/example_dags/example_trigger_target_dag.py for tasks to queue
[2023-06-14T09:26:24.663+0000] {logging_mixin.py:137} INFO - [2023-06-14T09:26:24.663+0000] {dagbag.py:538} INFO - Filling up the DagBag from /home/airflow/.local/lib/python3.7/site-packages/airflow/example_dags/example_trigger_target_dag.py
[2023-06-14T09:26:24.678+0000] {processor.py:753} INFO - DAG(s) dict_keys(['example_trigger_target_dag']) retrieved from /home/airflow/.local/lib/python3.7/site-packages/airflow/example_dags/example_trigger_target_dag.py
[2023-06-14T09:26:24.698+0000] {logging_mixin.py:137} INFO - [2023-06-14T09:26:24.698+0000] {dag.py:2690} INFO - Sync 1 DAGs
[2023-06-14T09:26:24.714+0000] {logging_mixin.py:137} INFO - [2023-06-14T09:26:24.714+0000] {dag.py:3441} INFO - Setting next_dagrun for example_trigger_target_dag to None, run_after=None
[2023-06-14T09:26:24.726+0000] {processor.py:175} INFO - Processing /home/airflow/.local/lib/python3.7/site-packages/airflow/example_dags/example_trigger_target_dag.py took 0.068 seconds
