[2023-06-14T09:16:42.765+0000] {processor.py:153} INFO - Started process (PID=67) to work on /home/airflow/.local/lib/python3.7/site-packages/airflow/example_dags/example_branch_day_of_week_operator.py
[2023-06-14T09:16:42.771+0000] {processor.py:743} INFO - Processing file /home/airflow/.local/lib/python3.7/site-packages/airflow/example_dags/example_branch_day_of_week_operator.py for tasks to queue
[2023-06-14T09:16:42.772+0000] {logging_mixin.py:137} INFO - [2023-06-14T09:16:42.772+0000] {dagbag.py:538} INFO - Filling up the DagBag from /home/airflow/.local/lib/python3.7/site-packages/airflow/example_dags/example_branch_day_of_week_operator.py
[2023-06-14T09:16:42.817+0000] {processor.py:753} INFO - DAG(s) dict_keys(['example_weekday_branch_operator']) retrieved from /home/airflow/.local/lib/python3.7/site-packages/airflow/example_dags/example_branch_day_of_week_operator.py
[2023-06-14T09:16:42.933+0000] {logging_mixin.py:137} INFO - [2023-06-14T09:16:42.933+0000] {dag.py:2690} INFO - Sync 1 DAGs
[2023-06-14T09:16:43.048+0000] {logging_mixin.py:137} INFO - [2023-06-14T09:16:43.048+0000] {dag.py:3441} INFO - Setting next_dagrun for example_weekday_branch_operator to 2023-06-13T00:00:00+00:00, run_after=2023-06-14T00:00:00+00:00
[2023-06-14T09:16:43.100+0000] {processor.py:175} INFO - Processing /home/airflow/.local/lib/python3.7/site-packages/airflow/example_dags/example_branch_day_of_week_operator.py took 0.340 seconds
[2023-06-14T09:17:13.398+0000] {processor.py:153} INFO - Started process (PID=143) to work on /home/airflow/.local/lib/python3.7/site-packages/airflow/example_dags/example_branch_day_of_week_operator.py
[2023-06-14T09:17:13.400+0000] {processor.py:743} INFO - Processing file /home/airflow/.local/lib/python3.7/site-packages/airflow/example_dags/example_branch_day_of_week_operator.py for tasks to queue
[2023-06-14T09:17:13.401+0000] {logging_mixin.py:137} INFO - [2023-06-14T09:17:13.401+0000] {dagbag.py:538} INFO - Filling up the DagBag from /home/airflow/.local/lib/python3.7/site-packages/airflow/example_dags/example_branch_day_of_week_operator.py
[2023-06-14T09:17:13.413+0000] {processor.py:753} INFO - DAG(s) dict_keys(['example_weekday_branch_operator']) retrieved from /home/airflow/.local/lib/python3.7/site-packages/airflow/example_dags/example_branch_day_of_week_operator.py
[2023-06-14T09:17:13.437+0000] {logging_mixin.py:137} INFO - [2023-06-14T09:17:13.437+0000] {dag.py:2690} INFO - Sync 1 DAGs
[2023-06-14T09:17:13.456+0000] {logging_mixin.py:137} INFO - [2023-06-14T09:17:13.456+0000] {dag.py:3441} INFO - Setting next_dagrun for example_weekday_branch_operator to 2023-06-13T00:00:00+00:00, run_after=2023-06-14T00:00:00+00:00
[2023-06-14T09:17:13.467+0000] {processor.py:175} INFO - Processing /home/airflow/.local/lib/python3.7/site-packages/airflow/example_dags/example_branch_day_of_week_operator.py took 0.073 seconds
[2023-06-14T09:17:44.301+0000] {processor.py:153} INFO - Started process (PID=222) to work on /home/airflow/.local/lib/python3.7/site-packages/airflow/example_dags/example_branch_day_of_week_operator.py
[2023-06-14T09:17:44.302+0000] {processor.py:743} INFO - Processing file /home/airflow/.local/lib/python3.7/site-packages/airflow/example_dags/example_branch_day_of_week_operator.py for tasks to queue
[2023-06-14T09:17:44.303+0000] {logging_mixin.py:137} INFO - [2023-06-14T09:17:44.303+0000] {dagbag.py:538} INFO - Filling up the DagBag from /home/airflow/.local/lib/python3.7/site-packages/airflow/example_dags/example_branch_day_of_week_operator.py
[2023-06-14T09:17:44.314+0000] {processor.py:753} INFO - DAG(s) dict_keys(['example_weekday_branch_operator']) retrieved from /home/airflow/.local/lib/python3.7/site-packages/airflow/example_dags/example_branch_day_of_week_operator.py
[2023-06-14T09:17:44.334+0000] {logging_mixin.py:137} INFO - [2023-06-14T09:17:44.334+0000] {dag.py:2690} INFO - Sync 1 DAGs
[2023-06-14T09:17:44.407+0000] {logging_mixin.py:137} INFO - [2023-06-14T09:17:44.407+0000] {dag.py:3441} INFO - Setting next_dagrun for example_weekday_branch_operator to 2023-06-13T00:00:00+00:00, run_after=2023-06-14T00:00:00+00:00
[2023-06-14T09:17:44.421+0000] {processor.py:175} INFO - Processing /home/airflow/.local/lib/python3.7/site-packages/airflow/example_dags/example_branch_day_of_week_operator.py took 0.123 seconds
[2023-06-14T09:18:14.457+0000] {processor.py:153} INFO - Started process (PID=286) to work on /home/airflow/.local/lib/python3.7/site-packages/airflow/example_dags/example_branch_day_of_week_operator.py
[2023-06-14T09:18:14.458+0000] {processor.py:743} INFO - Processing file /home/airflow/.local/lib/python3.7/site-packages/airflow/example_dags/example_branch_day_of_week_operator.py for tasks to queue
[2023-06-14T09:18:14.459+0000] {logging_mixin.py:137} INFO - [2023-06-14T09:18:14.459+0000] {dagbag.py:538} INFO - Filling up the DagBag from /home/airflow/.local/lib/python3.7/site-packages/airflow/example_dags/example_branch_day_of_week_operator.py
[2023-06-14T09:18:14.479+0000] {processor.py:753} INFO - DAG(s) dict_keys(['example_weekday_branch_operator']) retrieved from /home/airflow/.local/lib/python3.7/site-packages/airflow/example_dags/example_branch_day_of_week_operator.py
[2023-06-14T09:18:14.500+0000] {logging_mixin.py:137} INFO - [2023-06-14T09:18:14.500+0000] {dag.py:2690} INFO - Sync 1 DAGs
[2023-06-14T09:18:14.515+0000] {logging_mixin.py:137} INFO - [2023-06-14T09:18:14.515+0000] {dag.py:3441} INFO - Setting next_dagrun for example_weekday_branch_operator to 2023-06-13T00:00:00+00:00, run_after=2023-06-14T00:00:00+00:00
[2023-06-14T09:18:14.526+0000] {processor.py:175} INFO - Processing /home/airflow/.local/lib/python3.7/site-packages/airflow/example_dags/example_branch_day_of_week_operator.py took 0.072 seconds
[2023-06-14T09:18:44.633+0000] {processor.py:153} INFO - Started process (PID=362) to work on /home/airflow/.local/lib/python3.7/site-packages/airflow/example_dags/example_branch_day_of_week_operator.py
[2023-06-14T09:18:44.634+0000] {processor.py:743} INFO - Processing file /home/airflow/.local/lib/python3.7/site-packages/airflow/example_dags/example_branch_day_of_week_operator.py for tasks to queue
[2023-06-14T09:18:44.634+0000] {logging_mixin.py:137} INFO - [2023-06-14T09:18:44.634+0000] {dagbag.py:538} INFO - Filling up the DagBag from /home/airflow/.local/lib/python3.7/site-packages/airflow/example_dags/example_branch_day_of_week_operator.py
[2023-06-14T09:18:44.644+0000] {processor.py:753} INFO - DAG(s) dict_keys(['example_weekday_branch_operator']) retrieved from /home/airflow/.local/lib/python3.7/site-packages/airflow/example_dags/example_branch_day_of_week_operator.py
[2023-06-14T09:18:44.663+0000] {logging_mixin.py:137} INFO - [2023-06-14T09:18:44.663+0000] {dag.py:2690} INFO - Sync 1 DAGs
[2023-06-14T09:18:44.677+0000] {logging_mixin.py:137} INFO - [2023-06-14T09:18:44.677+0000] {dag.py:3441} INFO - Setting next_dagrun for example_weekday_branch_operator to 2023-06-13T00:00:00+00:00, run_after=2023-06-14T00:00:00+00:00
[2023-06-14T09:18:44.687+0000] {processor.py:175} INFO - Processing /home/airflow/.local/lib/python3.7/site-packages/airflow/example_dags/example_branch_day_of_week_operator.py took 0.057 seconds
[2023-06-14T09:19:15.390+0000] {processor.py:153} INFO - Started process (PID=438) to work on /home/airflow/.local/lib/python3.7/site-packages/airflow/example_dags/example_branch_day_of_week_operator.py
[2023-06-14T09:19:15.391+0000] {processor.py:743} INFO - Processing file /home/airflow/.local/lib/python3.7/site-packages/airflow/example_dags/example_branch_day_of_week_operator.py for tasks to queue
[2023-06-14T09:19:15.392+0000] {logging_mixin.py:137} INFO - [2023-06-14T09:19:15.392+0000] {dagbag.py:538} INFO - Filling up the DagBag from /home/airflow/.local/lib/python3.7/site-packages/airflow/example_dags/example_branch_day_of_week_operator.py
[2023-06-14T09:19:15.407+0000] {processor.py:753} INFO - DAG(s) dict_keys(['example_weekday_branch_operator']) retrieved from /home/airflow/.local/lib/python3.7/site-packages/airflow/example_dags/example_branch_day_of_week_operator.py
[2023-06-14T09:19:15.427+0000] {logging_mixin.py:137} INFO - [2023-06-14T09:19:15.427+0000] {dag.py:2690} INFO - Sync 1 DAGs
[2023-06-14T09:19:15.447+0000] {logging_mixin.py:137} INFO - [2023-06-14T09:19:15.447+0000] {dag.py:3441} INFO - Setting next_dagrun for example_weekday_branch_operator to 2023-06-13T00:00:00+00:00, run_after=2023-06-14T00:00:00+00:00
[2023-06-14T09:19:15.460+0000] {processor.py:175} INFO - Processing /home/airflow/.local/lib/python3.7/site-packages/airflow/example_dags/example_branch_day_of_week_operator.py took 0.074 seconds
[2023-06-14T09:19:48.001+0000] {processor.py:153} INFO - Started process (PID=512) to work on /home/airflow/.local/lib/python3.7/site-packages/airflow/example_dags/example_branch_day_of_week_operator.py
[2023-06-14T09:19:48.002+0000] {processor.py:743} INFO - Processing file /home/airflow/.local/lib/python3.7/site-packages/airflow/example_dags/example_branch_day_of_week_operator.py for tasks to queue
[2023-06-14T09:19:48.004+0000] {logging_mixin.py:137} INFO - [2023-06-14T09:19:48.004+0000] {dagbag.py:538} INFO - Filling up the DagBag from /home/airflow/.local/lib/python3.7/site-packages/airflow/example_dags/example_branch_day_of_week_operator.py
[2023-06-14T09:19:48.078+0000] {processor.py:753} INFO - DAG(s) dict_keys(['example_weekday_branch_operator']) retrieved from /home/airflow/.local/lib/python3.7/site-packages/airflow/example_dags/example_branch_day_of_week_operator.py
[2023-06-14T09:19:48.173+0000] {logging_mixin.py:137} INFO - [2023-06-14T09:19:48.173+0000] {dag.py:2690} INFO - Sync 1 DAGs
[2023-06-14T09:19:48.293+0000] {logging_mixin.py:137} INFO - [2023-06-14T09:19:48.293+0000] {dag.py:3441} INFO - Setting next_dagrun for example_weekday_branch_operator to 2023-06-13T00:00:00+00:00, run_after=2023-06-14T00:00:00+00:00
[2023-06-14T09:19:48.369+0000] {processor.py:175} INFO - Processing /home/airflow/.local/lib/python3.7/site-packages/airflow/example_dags/example_branch_day_of_week_operator.py took 0.379 seconds
[2023-06-14T09:20:21.526+0000] {processor.py:153} INFO - Started process (PID=580) to work on /home/airflow/.local/lib/python3.7/site-packages/airflow/example_dags/example_branch_day_of_week_operator.py
[2023-06-14T09:20:21.528+0000] {processor.py:743} INFO - Processing file /home/airflow/.local/lib/python3.7/site-packages/airflow/example_dags/example_branch_day_of_week_operator.py for tasks to queue
[2023-06-14T09:20:21.529+0000] {logging_mixin.py:137} INFO - [2023-06-14T09:20:21.529+0000] {dagbag.py:538} INFO - Filling up the DagBag from /home/airflow/.local/lib/python3.7/site-packages/airflow/example_dags/example_branch_day_of_week_operator.py
[2023-06-14T09:20:21.575+0000] {processor.py:753} INFO - DAG(s) dict_keys(['example_weekday_branch_operator']) retrieved from /home/airflow/.local/lib/python3.7/site-packages/airflow/example_dags/example_branch_day_of_week_operator.py
[2023-06-14T09:20:21.604+0000] {logging_mixin.py:137} INFO - [2023-06-14T09:20:21.604+0000] {dag.py:2690} INFO - Sync 1 DAGs
[2023-06-14T09:20:21.639+0000] {logging_mixin.py:137} INFO - [2023-06-14T09:20:21.639+0000] {dag.py:3441} INFO - Setting next_dagrun for example_weekday_branch_operator to 2023-06-13T00:00:00+00:00, run_after=2023-06-14T00:00:00+00:00
[2023-06-14T09:20:21.666+0000] {processor.py:175} INFO - Processing /home/airflow/.local/lib/python3.7/site-packages/airflow/example_dags/example_branch_day_of_week_operator.py took 0.146 seconds
[2023-06-14T09:20:52.374+0000] {processor.py:153} INFO - Started process (PID=643) to work on /home/airflow/.local/lib/python3.7/site-packages/airflow/example_dags/example_branch_day_of_week_operator.py
[2023-06-14T09:20:52.375+0000] {processor.py:743} INFO - Processing file /home/airflow/.local/lib/python3.7/site-packages/airflow/example_dags/example_branch_day_of_week_operator.py for tasks to queue
[2023-06-14T09:20:52.376+0000] {logging_mixin.py:137} INFO - [2023-06-14T09:20:52.376+0000] {dagbag.py:538} INFO - Filling up the DagBag from /home/airflow/.local/lib/python3.7/site-packages/airflow/example_dags/example_branch_day_of_week_operator.py
[2023-06-14T09:20:52.388+0000] {processor.py:753} INFO - DAG(s) dict_keys(['example_weekday_branch_operator']) retrieved from /home/airflow/.local/lib/python3.7/site-packages/airflow/example_dags/example_branch_day_of_week_operator.py
[2023-06-14T09:20:52.409+0000] {logging_mixin.py:137} INFO - [2023-06-14T09:20:52.409+0000] {dag.py:2690} INFO - Sync 1 DAGs
[2023-06-14T09:20:52.426+0000] {logging_mixin.py:137} INFO - [2023-06-14T09:20:52.426+0000] {dag.py:3441} INFO - Setting next_dagrun for example_weekday_branch_operator to 2023-06-13T00:00:00+00:00, run_after=2023-06-14T00:00:00+00:00
[2023-06-14T09:20:52.440+0000] {processor.py:175} INFO - Processing /home/airflow/.local/lib/python3.7/site-packages/airflow/example_dags/example_branch_day_of_week_operator.py took 0.068 seconds
[2023-06-14T09:21:22.718+0000] {processor.py:153} INFO - Started process (PID=707) to work on /home/airflow/.local/lib/python3.7/site-packages/airflow/example_dags/example_branch_day_of_week_operator.py
[2023-06-14T09:21:22.730+0000] {processor.py:743} INFO - Processing file /home/airflow/.local/lib/python3.7/site-packages/airflow/example_dags/example_branch_day_of_week_operator.py for tasks to queue
[2023-06-14T09:21:22.732+0000] {logging_mixin.py:137} INFO - [2023-06-14T09:21:22.731+0000] {dagbag.py:538} INFO - Filling up the DagBag from /home/airflow/.local/lib/python3.7/site-packages/airflow/example_dags/example_branch_day_of_week_operator.py
[2023-06-14T09:21:22.758+0000] {processor.py:753} INFO - DAG(s) dict_keys(['example_weekday_branch_operator']) retrieved from /home/airflow/.local/lib/python3.7/site-packages/airflow/example_dags/example_branch_day_of_week_operator.py
[2023-06-14T09:21:22.832+0000] {logging_mixin.py:137} INFO - [2023-06-14T09:21:22.832+0000] {dag.py:2690} INFO - Sync 1 DAGs
[2023-06-14T09:21:22.869+0000] {logging_mixin.py:137} INFO - [2023-06-14T09:21:22.869+0000] {dag.py:3441} INFO - Setting next_dagrun for example_weekday_branch_operator to 2023-06-13T00:00:00+00:00, run_after=2023-06-14T00:00:00+00:00
[2023-06-14T09:21:22.884+0000] {processor.py:175} INFO - Processing /home/airflow/.local/lib/python3.7/site-packages/airflow/example_dags/example_branch_day_of_week_operator.py took 0.168 seconds
[2023-06-14T09:21:53.090+0000] {processor.py:153} INFO - Started process (PID=783) to work on /home/airflow/.local/lib/python3.7/site-packages/airflow/example_dags/example_branch_day_of_week_operator.py
[2023-06-14T09:21:53.091+0000] {processor.py:743} INFO - Processing file /home/airflow/.local/lib/python3.7/site-packages/airflow/example_dags/example_branch_day_of_week_operator.py for tasks to queue
[2023-06-14T09:21:53.092+0000] {logging_mixin.py:137} INFO - [2023-06-14T09:21:53.092+0000] {dagbag.py:538} INFO - Filling up the DagBag from /home/airflow/.local/lib/python3.7/site-packages/airflow/example_dags/example_branch_day_of_week_operator.py
[2023-06-14T09:21:53.104+0000] {processor.py:753} INFO - DAG(s) dict_keys(['example_weekday_branch_operator']) retrieved from /home/airflow/.local/lib/python3.7/site-packages/airflow/example_dags/example_branch_day_of_week_operator.py
[2023-06-14T09:21:53.129+0000] {logging_mixin.py:137} INFO - [2023-06-14T09:21:53.129+0000] {dag.py:2690} INFO - Sync 1 DAGs
[2023-06-14T09:21:53.147+0000] {logging_mixin.py:137} INFO - [2023-06-14T09:21:53.147+0000] {dag.py:3441} INFO - Setting next_dagrun for example_weekday_branch_operator to 2023-06-13T00:00:00+00:00, run_after=2023-06-14T00:00:00+00:00
[2023-06-14T09:21:53.162+0000] {processor.py:175} INFO - Processing /home/airflow/.local/lib/python3.7/site-packages/airflow/example_dags/example_branch_day_of_week_operator.py took 0.076 seconds
[2023-06-14T09:22:23.651+0000] {processor.py:153} INFO - Started process (PID=860) to work on /home/airflow/.local/lib/python3.7/site-packages/airflow/example_dags/example_branch_day_of_week_operator.py
[2023-06-14T09:22:23.653+0000] {processor.py:743} INFO - Processing file /home/airflow/.local/lib/python3.7/site-packages/airflow/example_dags/example_branch_day_of_week_operator.py for tasks to queue
[2023-06-14T09:22:23.653+0000] {logging_mixin.py:137} INFO - [2023-06-14T09:22:23.653+0000] {dagbag.py:538} INFO - Filling up the DagBag from /home/airflow/.local/lib/python3.7/site-packages/airflow/example_dags/example_branch_day_of_week_operator.py
[2023-06-14T09:22:23.665+0000] {processor.py:753} INFO - DAG(s) dict_keys(['example_weekday_branch_operator']) retrieved from /home/airflow/.local/lib/python3.7/site-packages/airflow/example_dags/example_branch_day_of_week_operator.py
[2023-06-14T09:22:23.686+0000] {logging_mixin.py:137} INFO - [2023-06-14T09:22:23.686+0000] {dag.py:2690} INFO - Sync 1 DAGs
[2023-06-14T09:22:23.702+0000] {logging_mixin.py:137} INFO - [2023-06-14T09:22:23.702+0000] {dag.py:3441} INFO - Setting next_dagrun for example_weekday_branch_operator to 2023-06-13T00:00:00+00:00, run_after=2023-06-14T00:00:00+00:00
[2023-06-14T09:22:23.716+0000] {processor.py:175} INFO - Processing /home/airflow/.local/lib/python3.7/site-packages/airflow/example_dags/example_branch_day_of_week_operator.py took 0.068 seconds
[2023-06-14T09:22:53.879+0000] {processor.py:153} INFO - Started process (PID=924) to work on /home/airflow/.local/lib/python3.7/site-packages/airflow/example_dags/example_branch_day_of_week_operator.py
[2023-06-14T09:22:53.880+0000] {processor.py:743} INFO - Processing file /home/airflow/.local/lib/python3.7/site-packages/airflow/example_dags/example_branch_day_of_week_operator.py for tasks to queue
[2023-06-14T09:22:53.882+0000] {logging_mixin.py:137} INFO - [2023-06-14T09:22:53.882+0000] {dagbag.py:538} INFO - Filling up the DagBag from /home/airflow/.local/lib/python3.7/site-packages/airflow/example_dags/example_branch_day_of_week_operator.py
[2023-06-14T09:22:53.898+0000] {processor.py:753} INFO - DAG(s) dict_keys(['example_weekday_branch_operator']) retrieved from /home/airflow/.local/lib/python3.7/site-packages/airflow/example_dags/example_branch_day_of_week_operator.py
[2023-06-14T09:22:53.920+0000] {logging_mixin.py:137} INFO - [2023-06-14T09:22:53.920+0000] {dag.py:2690} INFO - Sync 1 DAGs
[2023-06-14T09:22:53.938+0000] {logging_mixin.py:137} INFO - [2023-06-14T09:22:53.938+0000] {dag.py:3441} INFO - Setting next_dagrun for example_weekday_branch_operator to 2023-06-13T00:00:00+00:00, run_after=2023-06-14T00:00:00+00:00
[2023-06-14T09:22:53.953+0000] {processor.py:175} INFO - Processing /home/airflow/.local/lib/python3.7/site-packages/airflow/example_dags/example_branch_day_of_week_operator.py took 0.077 seconds
[2023-06-14T09:23:24.108+0000] {processor.py:153} INFO - Started process (PID=999) to work on /home/airflow/.local/lib/python3.7/site-packages/airflow/example_dags/example_branch_day_of_week_operator.py
[2023-06-14T09:23:24.110+0000] {processor.py:743} INFO - Processing file /home/airflow/.local/lib/python3.7/site-packages/airflow/example_dags/example_branch_day_of_week_operator.py for tasks to queue
[2023-06-14T09:23:24.110+0000] {logging_mixin.py:137} INFO - [2023-06-14T09:23:24.110+0000] {dagbag.py:538} INFO - Filling up the DagBag from /home/airflow/.local/lib/python3.7/site-packages/airflow/example_dags/example_branch_day_of_week_operator.py
[2023-06-14T09:23:24.123+0000] {processor.py:753} INFO - DAG(s) dict_keys(['example_weekday_branch_operator']) retrieved from /home/airflow/.local/lib/python3.7/site-packages/airflow/example_dags/example_branch_day_of_week_operator.py
[2023-06-14T09:23:24.145+0000] {logging_mixin.py:137} INFO - [2023-06-14T09:23:24.145+0000] {dag.py:2690} INFO - Sync 1 DAGs
[2023-06-14T09:23:24.162+0000] {logging_mixin.py:137} INFO - [2023-06-14T09:23:24.162+0000] {dag.py:3441} INFO - Setting next_dagrun for example_weekday_branch_operator to 2023-06-13T00:00:00+00:00, run_after=2023-06-14T00:00:00+00:00
[2023-06-14T09:23:24.174+0000] {processor.py:175} INFO - Processing /home/airflow/.local/lib/python3.7/site-packages/airflow/example_dags/example_branch_day_of_week_operator.py took 0.069 seconds
[2023-06-14T09:23:54.548+0000] {processor.py:153} INFO - Started process (PID=1075) to work on /home/airflow/.local/lib/python3.7/site-packages/airflow/example_dags/example_branch_day_of_week_operator.py
[2023-06-14T09:23:54.549+0000] {processor.py:743} INFO - Processing file /home/airflow/.local/lib/python3.7/site-packages/airflow/example_dags/example_branch_day_of_week_operator.py for tasks to queue
[2023-06-14T09:23:54.550+0000] {logging_mixin.py:137} INFO - [2023-06-14T09:23:54.550+0000] {dagbag.py:538} INFO - Filling up the DagBag from /home/airflow/.local/lib/python3.7/site-packages/airflow/example_dags/example_branch_day_of_week_operator.py
[2023-06-14T09:23:54.561+0000] {processor.py:753} INFO - DAG(s) dict_keys(['example_weekday_branch_operator']) retrieved from /home/airflow/.local/lib/python3.7/site-packages/airflow/example_dags/example_branch_day_of_week_operator.py
[2023-06-14T09:23:54.582+0000] {logging_mixin.py:137} INFO - [2023-06-14T09:23:54.582+0000] {dag.py:2690} INFO - Sync 1 DAGs
[2023-06-14T09:23:54.598+0000] {logging_mixin.py:137} INFO - [2023-06-14T09:23:54.598+0000] {dag.py:3441} INFO - Setting next_dagrun for example_weekday_branch_operator to 2023-06-13T00:00:00+00:00, run_after=2023-06-14T00:00:00+00:00
[2023-06-14T09:23:54.611+0000] {processor.py:175} INFO - Processing /home/airflow/.local/lib/python3.7/site-packages/airflow/example_dags/example_branch_day_of_week_operator.py took 0.066 seconds
[2023-06-14T09:24:25.197+0000] {processor.py:153} INFO - Started process (PID=1148) to work on /home/airflow/.local/lib/python3.7/site-packages/airflow/example_dags/example_branch_day_of_week_operator.py
[2023-06-14T09:24:25.199+0000] {processor.py:743} INFO - Processing file /home/airflow/.local/lib/python3.7/site-packages/airflow/example_dags/example_branch_day_of_week_operator.py for tasks to queue
[2023-06-14T09:24:25.202+0000] {logging_mixin.py:137} INFO - [2023-06-14T09:24:25.202+0000] {dagbag.py:538} INFO - Filling up the DagBag from /home/airflow/.local/lib/python3.7/site-packages/airflow/example_dags/example_branch_day_of_week_operator.py
[2023-06-14T09:24:25.216+0000] {processor.py:753} INFO - DAG(s) dict_keys(['example_weekday_branch_operator']) retrieved from /home/airflow/.local/lib/python3.7/site-packages/airflow/example_dags/example_branch_day_of_week_operator.py
[2023-06-14T09:24:25.239+0000] {logging_mixin.py:137} INFO - [2023-06-14T09:24:25.239+0000] {dag.py:2690} INFO - Sync 1 DAGs
[2023-06-14T09:24:25.263+0000] {logging_mixin.py:137} INFO - [2023-06-14T09:24:25.263+0000] {dag.py:3441} INFO - Setting next_dagrun for example_weekday_branch_operator to 2023-06-13T00:00:00+00:00, run_after=2023-06-14T00:00:00+00:00
[2023-06-14T09:24:25.297+0000] {processor.py:175} INFO - Processing /home/airflow/.local/lib/python3.7/site-packages/airflow/example_dags/example_branch_day_of_week_operator.py took 0.103 seconds
[2023-06-14T09:24:55.483+0000] {processor.py:153} INFO - Started process (PID=1215) to work on /home/airflow/.local/lib/python3.7/site-packages/airflow/example_dags/example_branch_day_of_week_operator.py
[2023-06-14T09:24:55.484+0000] {processor.py:743} INFO - Processing file /home/airflow/.local/lib/python3.7/site-packages/airflow/example_dags/example_branch_day_of_week_operator.py for tasks to queue
[2023-06-14T09:24:55.485+0000] {logging_mixin.py:137} INFO - [2023-06-14T09:24:55.485+0000] {dagbag.py:538} INFO - Filling up the DagBag from /home/airflow/.local/lib/python3.7/site-packages/airflow/example_dags/example_branch_day_of_week_operator.py
[2023-06-14T09:24:55.497+0000] {processor.py:753} INFO - DAG(s) dict_keys(['example_weekday_branch_operator']) retrieved from /home/airflow/.local/lib/python3.7/site-packages/airflow/example_dags/example_branch_day_of_week_operator.py
[2023-06-14T09:24:55.523+0000] {logging_mixin.py:137} INFO - [2023-06-14T09:24:55.523+0000] {dag.py:2690} INFO - Sync 1 DAGs
[2023-06-14T09:24:55.542+0000] {logging_mixin.py:137} INFO - [2023-06-14T09:24:55.542+0000] {dag.py:3441} INFO - Setting next_dagrun for example_weekday_branch_operator to 2023-06-13T00:00:00+00:00, run_after=2023-06-14T00:00:00+00:00
[2023-06-14T09:24:55.556+0000] {processor.py:175} INFO - Processing /home/airflow/.local/lib/python3.7/site-packages/airflow/example_dags/example_branch_day_of_week_operator.py took 0.077 seconds
[2023-06-14T09:25:25.631+0000] {processor.py:153} INFO - Started process (PID=1289) to work on /home/airflow/.local/lib/python3.7/site-packages/airflow/example_dags/example_branch_day_of_week_operator.py
[2023-06-14T09:25:25.632+0000] {processor.py:743} INFO - Processing file /home/airflow/.local/lib/python3.7/site-packages/airflow/example_dags/example_branch_day_of_week_operator.py for tasks to queue
[2023-06-14T09:25:25.633+0000] {logging_mixin.py:137} INFO - [2023-06-14T09:25:25.633+0000] {dagbag.py:538} INFO - Filling up the DagBag from /home/airflow/.local/lib/python3.7/site-packages/airflow/example_dags/example_branch_day_of_week_operator.py
[2023-06-14T09:25:25.643+0000] {processor.py:753} INFO - DAG(s) dict_keys(['example_weekday_branch_operator']) retrieved from /home/airflow/.local/lib/python3.7/site-packages/airflow/example_dags/example_branch_day_of_week_operator.py
[2023-06-14T09:25:25.663+0000] {logging_mixin.py:137} INFO - [2023-06-14T09:25:25.663+0000] {dag.py:2690} INFO - Sync 1 DAGs
[2023-06-14T09:25:25.678+0000] {logging_mixin.py:137} INFO - [2023-06-14T09:25:25.678+0000] {dag.py:3441} INFO - Setting next_dagrun for example_weekday_branch_operator to 2023-06-13T00:00:00+00:00, run_after=2023-06-14T00:00:00+00:00
[2023-06-14T09:25:25.690+0000] {processor.py:175} INFO - Processing /home/airflow/.local/lib/python3.7/site-packages/airflow/example_dags/example_branch_day_of_week_operator.py took 0.061 seconds
[2023-06-14T09:25:55.876+0000] {processor.py:153} INFO - Started process (PID=1366) to work on /home/airflow/.local/lib/python3.7/site-packages/airflow/example_dags/example_branch_day_of_week_operator.py
[2023-06-14T09:25:55.878+0000] {processor.py:743} INFO - Processing file /home/airflow/.local/lib/python3.7/site-packages/airflow/example_dags/example_branch_day_of_week_operator.py for tasks to queue
[2023-06-14T09:25:55.879+0000] {logging_mixin.py:137} INFO - [2023-06-14T09:25:55.879+0000] {dagbag.py:538} INFO - Filling up the DagBag from /home/airflow/.local/lib/python3.7/site-packages/airflow/example_dags/example_branch_day_of_week_operator.py
[2023-06-14T09:25:55.890+0000] {processor.py:753} INFO - DAG(s) dict_keys(['example_weekday_branch_operator']) retrieved from /home/airflow/.local/lib/python3.7/site-packages/airflow/example_dags/example_branch_day_of_week_operator.py
[2023-06-14T09:25:55.915+0000] {logging_mixin.py:137} INFO - [2023-06-14T09:25:55.915+0000] {dag.py:2690} INFO - Sync 1 DAGs
[2023-06-14T09:25:55.939+0000] {logging_mixin.py:137} INFO - [2023-06-14T09:25:55.939+0000] {dag.py:3441} INFO - Setting next_dagrun for example_weekday_branch_operator to 2023-06-13T00:00:00+00:00, run_after=2023-06-14T00:00:00+00:00
[2023-06-14T09:25:55.959+0000] {processor.py:175} INFO - Processing /home/airflow/.local/lib/python3.7/site-packages/airflow/example_dags/example_branch_day_of_week_operator.py took 0.086 seconds
[2023-06-14T09:26:26.040+0000] {processor.py:153} INFO - Started process (PID=1430) to work on /home/airflow/.local/lib/python3.7/site-packages/airflow/example_dags/example_branch_day_of_week_operator.py
[2023-06-14T09:26:26.046+0000] {processor.py:743} INFO - Processing file /home/airflow/.local/lib/python3.7/site-packages/airflow/example_dags/example_branch_day_of_week_operator.py for tasks to queue
[2023-06-14T09:26:26.047+0000] {logging_mixin.py:137} INFO - [2023-06-14T09:26:26.047+0000] {dagbag.py:538} INFO - Filling up the DagBag from /home/airflow/.local/lib/python3.7/site-packages/airflow/example_dags/example_branch_day_of_week_operator.py
[2023-06-14T09:26:26.074+0000] {processor.py:753} INFO - DAG(s) dict_keys(['example_weekday_branch_operator']) retrieved from /home/airflow/.local/lib/python3.7/site-packages/airflow/example_dags/example_branch_day_of_week_operator.py
[2023-06-14T09:26:26.103+0000] {logging_mixin.py:137} INFO - [2023-06-14T09:26:26.103+0000] {dag.py:2690} INFO - Sync 1 DAGs
[2023-06-14T09:26:26.132+0000] {logging_mixin.py:137} INFO - [2023-06-14T09:26:26.131+0000] {dag.py:3441} INFO - Setting next_dagrun for example_weekday_branch_operator to 2023-06-13T00:00:00+00:00, run_after=2023-06-14T00:00:00+00:00
[2023-06-14T09:26:26.175+0000] {processor.py:175} INFO - Processing /home/airflow/.local/lib/python3.7/site-packages/airflow/example_dags/example_branch_day_of_week_operator.py took 0.138 seconds
