[2023-06-14T09:16:39.575+0000] {processor.py:153} INFO - Started process (PID=40) to work on /home/airflow/.local/lib/python3.7/site-packages/airflow/example_dags/example_sla_dag.py
[2023-06-14T09:16:39.577+0000] {processor.py:743} INFO - Processing file /home/airflow/.local/lib/python3.7/site-packages/airflow/example_dags/example_sla_dag.py for tasks to queue
[2023-06-14T09:16:39.578+0000] {logging_mixin.py:137} INFO - [2023-06-14T09:16:39.578+0000] {dagbag.py:538} INFO - Filling up the DagBag from /home/airflow/.local/lib/python3.7/site-packages/airflow/example_dags/example_sla_dag.py
[2023-06-14T09:16:39.602+0000] {processor.py:753} INFO - DAG(s) dict_keys(['example_sla_dag']) retrieved from /home/airflow/.local/lib/python3.7/site-packages/airflow/example_dags/example_sla_dag.py
[2023-06-14T09:16:39.637+0000] {logging_mixin.py:137} INFO - [2023-06-14T09:16:39.636+0000] {dag.py:2690} INFO - Sync 1 DAGs
[2023-06-14T09:16:39.676+0000] {logging_mixin.py:137} INFO - [2023-06-14T09:16:39.670+0000] {dag.py:3441} INFO - Setting next_dagrun for example_sla_dag to 2023-06-14T09:14:00+00:00, run_after=2023-06-14T09:16:00+00:00
[2023-06-14T09:16:39.739+0000] {processor.py:175} INFO - Processing /home/airflow/.local/lib/python3.7/site-packages/airflow/example_dags/example_sla_dag.py took 0.167 seconds
[2023-06-14T09:17:10.147+0000] {processor.py:153} INFO - Started process (PID=115) to work on /home/airflow/.local/lib/python3.7/site-packages/airflow/example_dags/example_sla_dag.py
[2023-06-14T09:17:10.148+0000] {processor.py:743} INFO - Processing file /home/airflow/.local/lib/python3.7/site-packages/airflow/example_dags/example_sla_dag.py for tasks to queue
[2023-06-14T09:17:10.149+0000] {logging_mixin.py:137} INFO - [2023-06-14T09:17:10.149+0000] {dagbag.py:538} INFO - Filling up the DagBag from /home/airflow/.local/lib/python3.7/site-packages/airflow/example_dags/example_sla_dag.py
[2023-06-14T09:17:10.164+0000] {processor.py:753} INFO - DAG(s) dict_keys(['example_sla_dag']) retrieved from /home/airflow/.local/lib/python3.7/site-packages/airflow/example_dags/example_sla_dag.py
[2023-06-14T09:17:10.183+0000] {logging_mixin.py:137} INFO - [2023-06-14T09:17:10.183+0000] {dag.py:2690} INFO - Sync 1 DAGs
[2023-06-14T09:17:10.202+0000] {logging_mixin.py:137} INFO - [2023-06-14T09:17:10.202+0000] {dag.py:3441} INFO - Setting next_dagrun for example_sla_dag to 2023-06-14T09:14:00+00:00, run_after=2023-06-14T09:16:00+00:00
[2023-06-14T09:17:10.215+0000] {processor.py:175} INFO - Processing /home/airflow/.local/lib/python3.7/site-packages/airflow/example_dags/example_sla_dag.py took 0.071 seconds
[2023-06-14T09:17:41.392+0000] {processor.py:153} INFO - Started process (PID=190) to work on /home/airflow/.local/lib/python3.7/site-packages/airflow/example_dags/example_sla_dag.py
[2023-06-14T09:17:41.394+0000] {processor.py:743} INFO - Processing file /home/airflow/.local/lib/python3.7/site-packages/airflow/example_dags/example_sla_dag.py for tasks to queue
[2023-06-14T09:17:41.396+0000] {logging_mixin.py:137} INFO - [2023-06-14T09:17:41.395+0000] {dagbag.py:538} INFO - Filling up the DagBag from /home/airflow/.local/lib/python3.7/site-packages/airflow/example_dags/example_sla_dag.py
[2023-06-14T09:17:41.470+0000] {processor.py:753} INFO - DAG(s) dict_keys(['example_sla_dag']) retrieved from /home/airflow/.local/lib/python3.7/site-packages/airflow/example_dags/example_sla_dag.py
[2023-06-14T09:17:41.528+0000] {logging_mixin.py:137} INFO - [2023-06-14T09:17:41.527+0000] {dag.py:2690} INFO - Sync 1 DAGs
[2023-06-14T09:17:41.570+0000] {logging_mixin.py:137} INFO - [2023-06-14T09:17:41.570+0000] {dag.py:3441} INFO - Setting next_dagrun for example_sla_dag to 2023-06-14T09:14:00+00:00, run_after=2023-06-14T09:16:00+00:00
[2023-06-14T09:17:41.598+0000] {processor.py:175} INFO - Processing /home/airflow/.local/lib/python3.7/site-packages/airflow/example_dags/example_sla_dag.py took 0.211 seconds
[2023-06-14T09:18:12.166+0000] {processor.py:153} INFO - Started process (PID=259) to work on /home/airflow/.local/lib/python3.7/site-packages/airflow/example_dags/example_sla_dag.py
[2023-06-14T09:18:12.167+0000] {processor.py:743} INFO - Processing file /home/airflow/.local/lib/python3.7/site-packages/airflow/example_dags/example_sla_dag.py for tasks to queue
[2023-06-14T09:18:12.168+0000] {logging_mixin.py:137} INFO - [2023-06-14T09:18:12.168+0000] {dagbag.py:538} INFO - Filling up the DagBag from /home/airflow/.local/lib/python3.7/site-packages/airflow/example_dags/example_sla_dag.py
[2023-06-14T09:18:12.181+0000] {processor.py:753} INFO - DAG(s) dict_keys(['example_sla_dag']) retrieved from /home/airflow/.local/lib/python3.7/site-packages/airflow/example_dags/example_sla_dag.py
[2023-06-14T09:18:12.199+0000] {logging_mixin.py:137} INFO - [2023-06-14T09:18:12.199+0000] {dag.py:2690} INFO - Sync 1 DAGs
[2023-06-14T09:18:12.213+0000] {logging_mixin.py:137} INFO - [2023-06-14T09:18:12.213+0000] {dag.py:3441} INFO - Setting next_dagrun for example_sla_dag to 2023-06-14T09:16:00+00:00, run_after=2023-06-14T09:18:00+00:00
[2023-06-14T09:18:12.223+0000] {processor.py:175} INFO - Processing /home/airflow/.local/lib/python3.7/site-packages/airflow/example_dags/example_sla_dag.py took 0.060 seconds
[2023-06-14T09:18:42.343+0000] {processor.py:153} INFO - Started process (PID=335) to work on /home/airflow/.local/lib/python3.7/site-packages/airflow/example_dags/example_sla_dag.py
[2023-06-14T09:18:42.344+0000] {processor.py:743} INFO - Processing file /home/airflow/.local/lib/python3.7/site-packages/airflow/example_dags/example_sla_dag.py for tasks to queue
[2023-06-14T09:18:42.345+0000] {logging_mixin.py:137} INFO - [2023-06-14T09:18:42.345+0000] {dagbag.py:538} INFO - Filling up the DagBag from /home/airflow/.local/lib/python3.7/site-packages/airflow/example_dags/example_sla_dag.py
[2023-06-14T09:18:42.360+0000] {processor.py:753} INFO - DAG(s) dict_keys(['example_sla_dag']) retrieved from /home/airflow/.local/lib/python3.7/site-packages/airflow/example_dags/example_sla_dag.py
[2023-06-14T09:18:42.379+0000] {logging_mixin.py:137} INFO - [2023-06-14T09:18:42.379+0000] {dag.py:2690} INFO - Sync 1 DAGs
[2023-06-14T09:18:42.395+0000] {logging_mixin.py:137} INFO - [2023-06-14T09:18:42.395+0000] {dag.py:3441} INFO - Setting next_dagrun for example_sla_dag to 2023-06-14T09:16:00+00:00, run_after=2023-06-14T09:18:00+00:00
[2023-06-14T09:18:42.406+0000] {processor.py:175} INFO - Processing /home/airflow/.local/lib/python3.7/site-packages/airflow/example_dags/example_sla_dag.py took 0.065 seconds
[2023-06-14T09:19:13.727+0000] {processor.py:153} INFO - Started process (PID=411) to work on /home/airflow/.local/lib/python3.7/site-packages/airflow/example_dags/example_sla_dag.py
[2023-06-14T09:19:13.728+0000] {processor.py:743} INFO - Processing file /home/airflow/.local/lib/python3.7/site-packages/airflow/example_dags/example_sla_dag.py for tasks to queue
[2023-06-14T09:19:13.729+0000] {logging_mixin.py:137} INFO - [2023-06-14T09:19:13.729+0000] {dagbag.py:538} INFO - Filling up the DagBag from /home/airflow/.local/lib/python3.7/site-packages/airflow/example_dags/example_sla_dag.py
[2023-06-14T09:19:13.746+0000] {processor.py:753} INFO - DAG(s) dict_keys(['example_sla_dag']) retrieved from /home/airflow/.local/lib/python3.7/site-packages/airflow/example_dags/example_sla_dag.py
[2023-06-14T09:19:13.766+0000] {logging_mixin.py:137} INFO - [2023-06-14T09:19:13.766+0000] {dag.py:2690} INFO - Sync 1 DAGs
[2023-06-14T09:19:13.784+0000] {logging_mixin.py:137} INFO - [2023-06-14T09:19:13.784+0000] {dag.py:3441} INFO - Setting next_dagrun for example_sla_dag to 2023-06-14T09:16:00+00:00, run_after=2023-06-14T09:18:00+00:00
[2023-06-14T09:19:13.795+0000] {processor.py:175} INFO - Processing /home/airflow/.local/lib/python3.7/site-packages/airflow/example_dags/example_sla_dag.py took 0.071 seconds
[2023-06-14T09:19:44.560+0000] {processor.py:153} INFO - Started process (PID=476) to work on /home/airflow/.local/lib/python3.7/site-packages/airflow/example_dags/example_sla_dag.py
[2023-06-14T09:19:44.561+0000] {processor.py:743} INFO - Processing file /home/airflow/.local/lib/python3.7/site-packages/airflow/example_dags/example_sla_dag.py for tasks to queue
[2023-06-14T09:19:44.562+0000] {logging_mixin.py:137} INFO - [2023-06-14T09:19:44.562+0000] {dagbag.py:538} INFO - Filling up the DagBag from /home/airflow/.local/lib/python3.7/site-packages/airflow/example_dags/example_sla_dag.py
[2023-06-14T09:19:44.602+0000] {processor.py:753} INFO - DAG(s) dict_keys(['example_sla_dag']) retrieved from /home/airflow/.local/lib/python3.7/site-packages/airflow/example_dags/example_sla_dag.py
[2023-06-14T09:19:44.667+0000] {logging_mixin.py:137} INFO - [2023-06-14T09:19:44.667+0000] {dag.py:2690} INFO - Sync 1 DAGs
[2023-06-14T09:19:44.722+0000] {logging_mixin.py:137} INFO - [2023-06-14T09:19:44.722+0000] {dag.py:3441} INFO - Setting next_dagrun for example_sla_dag to 2023-06-14T09:16:00+00:00, run_after=2023-06-14T09:18:00+00:00
[2023-06-14T09:19:44.781+0000] {processor.py:175} INFO - Processing /home/airflow/.local/lib/python3.7/site-packages/airflow/example_dags/example_sla_dag.py took 0.224 seconds
[2023-06-14T09:20:16.531+0000] {processor.py:153} INFO - Started process (PID=553) to work on /home/airflow/.local/lib/python3.7/site-packages/airflow/example_dags/example_sla_dag.py
[2023-06-14T09:20:16.537+0000] {processor.py:743} INFO - Processing file /home/airflow/.local/lib/python3.7/site-packages/airflow/example_dags/example_sla_dag.py for tasks to queue
[2023-06-14T09:20:16.540+0000] {logging_mixin.py:137} INFO - [2023-06-14T09:20:16.539+0000] {dagbag.py:538} INFO - Filling up the DagBag from /home/airflow/.local/lib/python3.7/site-packages/airflow/example_dags/example_sla_dag.py
[2023-06-14T09:20:16.592+0000] {processor.py:753} INFO - DAG(s) dict_keys(['example_sla_dag']) retrieved from /home/airflow/.local/lib/python3.7/site-packages/airflow/example_dags/example_sla_dag.py
[2023-06-14T09:20:16.669+0000] {logging_mixin.py:137} INFO - [2023-06-14T09:20:16.668+0000] {dag.py:2690} INFO - Sync 1 DAGs
[2023-06-14T09:20:16.731+0000] {logging_mixin.py:137} INFO - [2023-06-14T09:20:16.731+0000] {dag.py:3441} INFO - Setting next_dagrun for example_sla_dag to 2023-06-14T09:18:00+00:00, run_after=2023-06-14T09:20:00+00:00
[2023-06-14T09:20:16.946+0000] {processor.py:175} INFO - Processing /home/airflow/.local/lib/python3.7/site-packages/airflow/example_dags/example_sla_dag.py took 0.419 seconds
[2023-06-14T09:20:48.059+0000] {processor.py:153} INFO - Started process (PID=613) to work on /home/airflow/.local/lib/python3.7/site-packages/airflow/example_dags/example_sla_dag.py
[2023-06-14T09:20:48.078+0000] {processor.py:743} INFO - Processing file /home/airflow/.local/lib/python3.7/site-packages/airflow/example_dags/example_sla_dag.py for tasks to queue
[2023-06-14T09:20:48.080+0000] {logging_mixin.py:137} INFO - [2023-06-14T09:20:48.079+0000] {dagbag.py:538} INFO - Filling up the DagBag from /home/airflow/.local/lib/python3.7/site-packages/airflow/example_dags/example_sla_dag.py
[2023-06-14T09:20:48.227+0000] {processor.py:753} INFO - DAG(s) dict_keys(['example_sla_dag']) retrieved from /home/airflow/.local/lib/python3.7/site-packages/airflow/example_dags/example_sla_dag.py
[2023-06-14T09:20:48.297+0000] {logging_mixin.py:137} INFO - [2023-06-14T09:20:48.297+0000] {dag.py:2690} INFO - Sync 1 DAGs
[2023-06-14T09:20:48.369+0000] {logging_mixin.py:137} INFO - [2023-06-14T09:20:48.368+0000] {dag.py:3441} INFO - Setting next_dagrun for example_sla_dag to 2023-06-14T09:18:00+00:00, run_after=2023-06-14T09:20:00+00:00
[2023-06-14T09:20:48.417+0000] {processor.py:175} INFO - Processing /home/airflow/.local/lib/python3.7/site-packages/airflow/example_dags/example_sla_dag.py took 0.386 seconds
[2023-06-14T09:21:19.257+0000] {processor.py:153} INFO - Started process (PID=680) to work on /home/airflow/.local/lib/python3.7/site-packages/airflow/example_dags/example_sla_dag.py
[2023-06-14T09:21:19.258+0000] {processor.py:743} INFO - Processing file /home/airflow/.local/lib/python3.7/site-packages/airflow/example_dags/example_sla_dag.py for tasks to queue
[2023-06-14T09:21:19.260+0000] {logging_mixin.py:137} INFO - [2023-06-14T09:21:19.259+0000] {dagbag.py:538} INFO - Filling up the DagBag from /home/airflow/.local/lib/python3.7/site-packages/airflow/example_dags/example_sla_dag.py
[2023-06-14T09:21:19.281+0000] {processor.py:753} INFO - DAG(s) dict_keys(['example_sla_dag']) retrieved from /home/airflow/.local/lib/python3.7/site-packages/airflow/example_dags/example_sla_dag.py
[2023-06-14T09:21:19.305+0000] {logging_mixin.py:137} INFO - [2023-06-14T09:21:19.305+0000] {dag.py:2690} INFO - Sync 1 DAGs
[2023-06-14T09:21:19.322+0000] {logging_mixin.py:137} INFO - [2023-06-14T09:21:19.322+0000] {dag.py:3441} INFO - Setting next_dagrun for example_sla_dag to 2023-06-14T09:18:00+00:00, run_after=2023-06-14T09:20:00+00:00
[2023-06-14T09:21:19.333+0000] {processor.py:175} INFO - Processing /home/airflow/.local/lib/python3.7/site-packages/airflow/example_dags/example_sla_dag.py took 0.081 seconds
[2023-06-14T09:21:49.695+0000] {processor.py:153} INFO - Started process (PID=756) to work on /home/airflow/.local/lib/python3.7/site-packages/airflow/example_dags/example_sla_dag.py
[2023-06-14T09:21:49.697+0000] {processor.py:743} INFO - Processing file /home/airflow/.local/lib/python3.7/site-packages/airflow/example_dags/example_sla_dag.py for tasks to queue
[2023-06-14T09:21:49.698+0000] {logging_mixin.py:137} INFO - [2023-06-14T09:21:49.698+0000] {dagbag.py:538} INFO - Filling up the DagBag from /home/airflow/.local/lib/python3.7/site-packages/airflow/example_dags/example_sla_dag.py
[2023-06-14T09:21:49.720+0000] {processor.py:753} INFO - DAG(s) dict_keys(['example_sla_dag']) retrieved from /home/airflow/.local/lib/python3.7/site-packages/airflow/example_dags/example_sla_dag.py
[2023-06-14T09:21:49.741+0000] {logging_mixin.py:137} INFO - [2023-06-14T09:21:49.740+0000] {dag.py:2690} INFO - Sync 1 DAGs
[2023-06-14T09:21:49.757+0000] {logging_mixin.py:137} INFO - [2023-06-14T09:21:49.757+0000] {dag.py:3441} INFO - Setting next_dagrun for example_sla_dag to 2023-06-14T09:18:00+00:00, run_after=2023-06-14T09:20:00+00:00
[2023-06-14T09:21:49.768+0000] {processor.py:175} INFO - Processing /home/airflow/.local/lib/python3.7/site-packages/airflow/example_dags/example_sla_dag.py took 0.078 seconds
[2023-06-14T09:22:19.937+0000] {processor.py:153} INFO - Started process (PID=830) to work on /home/airflow/.local/lib/python3.7/site-packages/airflow/example_dags/example_sla_dag.py
[2023-06-14T09:22:19.938+0000] {processor.py:743} INFO - Processing file /home/airflow/.local/lib/python3.7/site-packages/airflow/example_dags/example_sla_dag.py for tasks to queue
[2023-06-14T09:22:19.939+0000] {logging_mixin.py:137} INFO - [2023-06-14T09:22:19.938+0000] {dagbag.py:538} INFO - Filling up the DagBag from /home/airflow/.local/lib/python3.7/site-packages/airflow/example_dags/example_sla_dag.py
[2023-06-14T09:22:19.955+0000] {processor.py:753} INFO - DAG(s) dict_keys(['example_sla_dag']) retrieved from /home/airflow/.local/lib/python3.7/site-packages/airflow/example_dags/example_sla_dag.py
[2023-06-14T09:22:19.980+0000] {logging_mixin.py:137} INFO - [2023-06-14T09:22:19.979+0000] {dag.py:2690} INFO - Sync 1 DAGs
[2023-06-14T09:22:19.999+0000] {logging_mixin.py:137} INFO - [2023-06-14T09:22:19.998+0000] {dag.py:3441} INFO - Setting next_dagrun for example_sla_dag to 2023-06-14T09:20:00+00:00, run_after=2023-06-14T09:22:00+00:00
[2023-06-14T09:22:20.012+0000] {processor.py:175} INFO - Processing /home/airflow/.local/lib/python3.7/site-packages/airflow/example_dags/example_sla_dag.py took 0.078 seconds
[2023-06-14T09:22:50.386+0000] {processor.py:153} INFO - Started process (PID=897) to work on /home/airflow/.local/lib/python3.7/site-packages/airflow/example_dags/example_sla_dag.py
[2023-06-14T09:22:50.388+0000] {processor.py:743} INFO - Processing file /home/airflow/.local/lib/python3.7/site-packages/airflow/example_dags/example_sla_dag.py for tasks to queue
[2023-06-14T09:22:50.389+0000] {logging_mixin.py:137} INFO - [2023-06-14T09:22:50.389+0000] {dagbag.py:538} INFO - Filling up the DagBag from /home/airflow/.local/lib/python3.7/site-packages/airflow/example_dags/example_sla_dag.py
[2023-06-14T09:22:50.413+0000] {processor.py:753} INFO - DAG(s) dict_keys(['example_sla_dag']) retrieved from /home/airflow/.local/lib/python3.7/site-packages/airflow/example_dags/example_sla_dag.py
[2023-06-14T09:22:50.433+0000] {logging_mixin.py:137} INFO - [2023-06-14T09:22:50.433+0000] {dag.py:2690} INFO - Sync 1 DAGs
[2023-06-14T09:22:50.450+0000] {logging_mixin.py:137} INFO - [2023-06-14T09:22:50.450+0000] {dag.py:3441} INFO - Setting next_dagrun for example_sla_dag to 2023-06-14T09:20:00+00:00, run_after=2023-06-14T09:22:00+00:00
[2023-06-14T09:22:50.461+0000] {processor.py:175} INFO - Processing /home/airflow/.local/lib/python3.7/site-packages/airflow/example_dags/example_sla_dag.py took 0.080 seconds
[2023-06-14T09:23:20.657+0000] {processor.py:153} INFO - Started process (PID=972) to work on /home/airflow/.local/lib/python3.7/site-packages/airflow/example_dags/example_sla_dag.py
[2023-06-14T09:23:20.658+0000] {processor.py:743} INFO - Processing file /home/airflow/.local/lib/python3.7/site-packages/airflow/example_dags/example_sla_dag.py for tasks to queue
[2023-06-14T09:23:20.659+0000] {logging_mixin.py:137} INFO - [2023-06-14T09:23:20.659+0000] {dagbag.py:538} INFO - Filling up the DagBag from /home/airflow/.local/lib/python3.7/site-packages/airflow/example_dags/example_sla_dag.py
[2023-06-14T09:23:20.679+0000] {processor.py:753} INFO - DAG(s) dict_keys(['example_sla_dag']) retrieved from /home/airflow/.local/lib/python3.7/site-packages/airflow/example_dags/example_sla_dag.py
[2023-06-14T09:23:20.700+0000] {logging_mixin.py:137} INFO - [2023-06-14T09:23:20.700+0000] {dag.py:2690} INFO - Sync 1 DAGs
[2023-06-14T09:23:20.717+0000] {logging_mixin.py:137} INFO - [2023-06-14T09:23:20.717+0000] {dag.py:3441} INFO - Setting next_dagrun for example_sla_dag to 2023-06-14T09:20:00+00:00, run_after=2023-06-14T09:22:00+00:00
[2023-06-14T09:23:20.728+0000] {processor.py:175} INFO - Processing /home/airflow/.local/lib/python3.7/site-packages/airflow/example_dags/example_sla_dag.py took 0.077 seconds
[2023-06-14T09:23:50.919+0000] {processor.py:153} INFO - Started process (PID=1045) to work on /home/airflow/.local/lib/python3.7/site-packages/airflow/example_dags/example_sla_dag.py
[2023-06-14T09:23:50.921+0000] {processor.py:743} INFO - Processing file /home/airflow/.local/lib/python3.7/site-packages/airflow/example_dags/example_sla_dag.py for tasks to queue
[2023-06-14T09:23:50.922+0000] {logging_mixin.py:137} INFO - [2023-06-14T09:23:50.921+0000] {dagbag.py:538} INFO - Filling up the DagBag from /home/airflow/.local/lib/python3.7/site-packages/airflow/example_dags/example_sla_dag.py
[2023-06-14T09:23:50.939+0000] {processor.py:753} INFO - DAG(s) dict_keys(['example_sla_dag']) retrieved from /home/airflow/.local/lib/python3.7/site-packages/airflow/example_dags/example_sla_dag.py
[2023-06-14T09:23:50.959+0000] {logging_mixin.py:137} INFO - [2023-06-14T09:23:50.959+0000] {dag.py:2690} INFO - Sync 1 DAGs
[2023-06-14T09:23:50.978+0000] {logging_mixin.py:137} INFO - [2023-06-14T09:23:50.978+0000] {dag.py:3441} INFO - Setting next_dagrun for example_sla_dag to 2023-06-14T09:20:00+00:00, run_after=2023-06-14T09:22:00+00:00
[2023-06-14T09:23:50.994+0000] {processor.py:175} INFO - Processing /home/airflow/.local/lib/python3.7/site-packages/airflow/example_dags/example_sla_dag.py took 0.078 seconds
[2023-06-14T09:24:21.370+0000] {processor.py:153} INFO - Started process (PID=1112) to work on /home/airflow/.local/lib/python3.7/site-packages/airflow/example_dags/example_sla_dag.py
[2023-06-14T09:24:21.372+0000] {processor.py:743} INFO - Processing file /home/airflow/.local/lib/python3.7/site-packages/airflow/example_dags/example_sla_dag.py for tasks to queue
[2023-06-14T09:24:21.374+0000] {logging_mixin.py:137} INFO - [2023-06-14T09:24:21.373+0000] {dagbag.py:538} INFO - Filling up the DagBag from /home/airflow/.local/lib/python3.7/site-packages/airflow/example_dags/example_sla_dag.py
[2023-06-14T09:24:21.400+0000] {processor.py:753} INFO - DAG(s) dict_keys(['example_sla_dag']) retrieved from /home/airflow/.local/lib/python3.7/site-packages/airflow/example_dags/example_sla_dag.py
[2023-06-14T09:24:21.423+0000] {logging_mixin.py:137} INFO - [2023-06-14T09:24:21.422+0000] {dag.py:2690} INFO - Sync 1 DAGs
[2023-06-14T09:24:21.440+0000] {logging_mixin.py:137} INFO - [2023-06-14T09:24:21.440+0000] {dag.py:3441} INFO - Setting next_dagrun for example_sla_dag to 2023-06-14T09:22:00+00:00, run_after=2023-06-14T09:24:00+00:00
[2023-06-14T09:24:21.452+0000] {processor.py:175} INFO - Processing /home/airflow/.local/lib/python3.7/site-packages/airflow/example_dags/example_sla_dag.py took 0.087 seconds
[2023-06-14T09:24:52.152+0000] {processor.py:153} INFO - Started process (PID=1188) to work on /home/airflow/.local/lib/python3.7/site-packages/airflow/example_dags/example_sla_dag.py
[2023-06-14T09:24:52.154+0000] {processor.py:743} INFO - Processing file /home/airflow/.local/lib/python3.7/site-packages/airflow/example_dags/example_sla_dag.py for tasks to queue
[2023-06-14T09:24:52.155+0000] {logging_mixin.py:137} INFO - [2023-06-14T09:24:52.155+0000] {dagbag.py:538} INFO - Filling up the DagBag from /home/airflow/.local/lib/python3.7/site-packages/airflow/example_dags/example_sla_dag.py
[2023-06-14T09:24:52.175+0000] {processor.py:753} INFO - DAG(s) dict_keys(['example_sla_dag']) retrieved from /home/airflow/.local/lib/python3.7/site-packages/airflow/example_dags/example_sla_dag.py
[2023-06-14T09:24:52.195+0000] {logging_mixin.py:137} INFO - [2023-06-14T09:24:52.195+0000] {dag.py:2690} INFO - Sync 1 DAGs
[2023-06-14T09:24:52.211+0000] {logging_mixin.py:137} INFO - [2023-06-14T09:24:52.211+0000] {dag.py:3441} INFO - Setting next_dagrun for example_sla_dag to 2023-06-14T09:22:00+00:00, run_after=2023-06-14T09:24:00+00:00
[2023-06-14T09:24:52.221+0000] {processor.py:175} INFO - Processing /home/airflow/.local/lib/python3.7/site-packages/airflow/example_dags/example_sla_dag.py took 0.073 seconds
[2023-06-14T09:25:22.305+0000] {processor.py:153} INFO - Started process (PID=1262) to work on /home/airflow/.local/lib/python3.7/site-packages/airflow/example_dags/example_sla_dag.py
[2023-06-14T09:25:22.307+0000] {processor.py:743} INFO - Processing file /home/airflow/.local/lib/python3.7/site-packages/airflow/example_dags/example_sla_dag.py for tasks to queue
[2023-06-14T09:25:22.308+0000] {logging_mixin.py:137} INFO - [2023-06-14T09:25:22.308+0000] {dagbag.py:538} INFO - Filling up the DagBag from /home/airflow/.local/lib/python3.7/site-packages/airflow/example_dags/example_sla_dag.py
[2023-06-14T09:25:22.327+0000] {processor.py:753} INFO - DAG(s) dict_keys(['example_sla_dag']) retrieved from /home/airflow/.local/lib/python3.7/site-packages/airflow/example_dags/example_sla_dag.py
[2023-06-14T09:25:22.349+0000] {logging_mixin.py:137} INFO - [2023-06-14T09:25:22.349+0000] {dag.py:2690} INFO - Sync 1 DAGs
[2023-06-14T09:25:22.369+0000] {logging_mixin.py:137} INFO - [2023-06-14T09:25:22.369+0000] {dag.py:3441} INFO - Setting next_dagrun for example_sla_dag to 2023-06-14T09:22:00+00:00, run_after=2023-06-14T09:24:00+00:00
[2023-06-14T09:25:22.385+0000] {processor.py:175} INFO - Processing /home/airflow/.local/lib/python3.7/site-packages/airflow/example_dags/example_sla_dag.py took 0.085 seconds
[2023-06-14T09:25:52.464+0000] {processor.py:153} INFO - Started process (PID=1327) to work on /home/airflow/.local/lib/python3.7/site-packages/airflow/example_dags/example_sla_dag.py
[2023-06-14T09:25:52.465+0000] {processor.py:743} INFO - Processing file /home/airflow/.local/lib/python3.7/site-packages/airflow/example_dags/example_sla_dag.py for tasks to queue
[2023-06-14T09:25:52.466+0000] {logging_mixin.py:137} INFO - [2023-06-14T09:25:52.466+0000] {dagbag.py:538} INFO - Filling up the DagBag from /home/airflow/.local/lib/python3.7/site-packages/airflow/example_dags/example_sla_dag.py
[2023-06-14T09:25:52.483+0000] {processor.py:753} INFO - DAG(s) dict_keys(['example_sla_dag']) retrieved from /home/airflow/.local/lib/python3.7/site-packages/airflow/example_dags/example_sla_dag.py
[2023-06-14T09:25:52.505+0000] {logging_mixin.py:137} INFO - [2023-06-14T09:25:52.505+0000] {dag.py:2690} INFO - Sync 1 DAGs
[2023-06-14T09:25:52.524+0000] {logging_mixin.py:137} INFO - [2023-06-14T09:25:52.524+0000] {dag.py:3441} INFO - Setting next_dagrun for example_sla_dag to 2023-06-14T09:22:00+00:00, run_after=2023-06-14T09:24:00+00:00
[2023-06-14T09:25:52.541+0000] {processor.py:175} INFO - Processing /home/airflow/.local/lib/python3.7/site-packages/airflow/example_dags/example_sla_dag.py took 0.080 seconds
[2023-06-14T09:26:22.673+0000] {processor.py:153} INFO - Started process (PID=1403) to work on /home/airflow/.local/lib/python3.7/site-packages/airflow/example_dags/example_sla_dag.py
[2023-06-14T09:26:22.674+0000] {processor.py:743} INFO - Processing file /home/airflow/.local/lib/python3.7/site-packages/airflow/example_dags/example_sla_dag.py for tasks to queue
[2023-06-14T09:26:22.676+0000] {logging_mixin.py:137} INFO - [2023-06-14T09:26:22.676+0000] {dagbag.py:538} INFO - Filling up the DagBag from /home/airflow/.local/lib/python3.7/site-packages/airflow/example_dags/example_sla_dag.py
[2023-06-14T09:26:22.698+0000] {processor.py:753} INFO - DAG(s) dict_keys(['example_sla_dag']) retrieved from /home/airflow/.local/lib/python3.7/site-packages/airflow/example_dags/example_sla_dag.py
[2023-06-14T09:26:22.719+0000] {logging_mixin.py:137} INFO - [2023-06-14T09:26:22.719+0000] {dag.py:2690} INFO - Sync 1 DAGs
[2023-06-14T09:26:22.736+0000] {logging_mixin.py:137} INFO - [2023-06-14T09:26:22.735+0000] {dag.py:3441} INFO - Setting next_dagrun for example_sla_dag to 2023-06-14T09:24:00+00:00, run_after=2023-06-14T09:26:00+00:00
[2023-06-14T09:26:22.747+0000] {processor.py:175} INFO - Processing /home/airflow/.local/lib/python3.7/site-packages/airflow/example_dags/example_sla_dag.py took 0.080 seconds
