[2023-06-14T09:16:40.167+0000] {processor.py:153} INFO - Started process (PID=45) to work on /home/airflow/.local/lib/python3.7/site-packages/airflow/example_dags/example_datasets.py
[2023-06-14T09:16:40.174+0000] {processor.py:743} INFO - Processing file /home/airflow/.local/lib/python3.7/site-packages/airflow/example_dags/example_datasets.py for tasks to queue
[2023-06-14T09:16:40.176+0000] {logging_mixin.py:137} INFO - [2023-06-14T09:16:40.176+0000] {dagbag.py:538} INFO - Filling up the DagBag from /home/airflow/.local/lib/python3.7/site-packages/airflow/example_dags/example_datasets.py
[2023-06-14T09:16:40.246+0000] {processor.py:753} INFO - DAG(s) dict_keys(['dataset_produces_2', 'dataset_consumes_1_and_2', 'dataset_consumes_unknown_never_scheduled', 'dataset_consumes_1_never_scheduled', 'dataset_consumes_1', 'dataset_produces_1']) retrieved from /home/airflow/.local/lib/python3.7/site-packages/airflow/example_dags/example_datasets.py
[2023-06-14T09:16:40.324+0000] {logging_mixin.py:137} INFO - [2023-06-14T09:16:40.324+0000] {dag.py:2690} INFO - Sync 6 DAGs
[2023-06-14T09:16:40.348+0000] {logging_mixin.py:137} INFO - [2023-06-14T09:16:40.348+0000] {dag.py:3441} INFO - Setting next_dagrun for dataset_consumes_1 to None, run_after=None
[2023-06-14T09:16:40.352+0000] {logging_mixin.py:137} INFO - [2023-06-14T09:16:40.352+0000] {dag.py:3441} INFO - Setting next_dagrun for dataset_consumes_1_and_2 to None, run_after=None
[2023-06-14T09:16:40.355+0000] {logging_mixin.py:137} INFO - [2023-06-14T09:16:40.355+0000] {dag.py:3441} INFO - Setting next_dagrun for dataset_consumes_1_never_scheduled to None, run_after=None
[2023-06-14T09:16:40.358+0000] {logging_mixin.py:137} INFO - [2023-06-14T09:16:40.358+0000] {dag.py:3441} INFO - Setting next_dagrun for dataset_consumes_unknown_never_scheduled to None, run_after=None
[2023-06-14T09:16:40.364+0000] {logging_mixin.py:137} INFO - [2023-06-14T09:16:40.364+0000] {dag.py:3441} INFO - Setting next_dagrun for dataset_produces_1 to 2023-06-13T00:00:00+00:00, run_after=2023-06-14T00:00:00+00:00
[2023-06-14T09:16:40.369+0000] {logging_mixin.py:137} INFO - [2023-06-14T09:16:40.369+0000] {dag.py:3441} INFO - Setting next_dagrun for dataset_produces_2 to None, run_after=None
[2023-06-14T09:16:40.439+0000] {processor.py:175} INFO - Processing /home/airflow/.local/lib/python3.7/site-packages/airflow/example_dags/example_datasets.py took 0.284 seconds
[2023-06-14T09:17:10.538+0000] {processor.py:153} INFO - Started process (PID=120) to work on /home/airflow/.local/lib/python3.7/site-packages/airflow/example_dags/example_datasets.py
[2023-06-14T09:17:10.539+0000] {processor.py:743} INFO - Processing file /home/airflow/.local/lib/python3.7/site-packages/airflow/example_dags/example_datasets.py for tasks to queue
[2023-06-14T09:17:10.540+0000] {logging_mixin.py:137} INFO - [2023-06-14T09:17:10.540+0000] {dagbag.py:538} INFO - Filling up the DagBag from /home/airflow/.local/lib/python3.7/site-packages/airflow/example_dags/example_datasets.py
[2023-06-14T09:17:10.551+0000] {processor.py:753} INFO - DAG(s) dict_keys(['dataset_produces_1', 'dataset_consumes_1', 'dataset_consumes_1_and_2', 'dataset_produces_2', 'dataset_consumes_1_never_scheduled', 'dataset_consumes_unknown_never_scheduled']) retrieved from /home/airflow/.local/lib/python3.7/site-packages/airflow/example_dags/example_datasets.py
[2023-06-14T09:17:10.581+0000] {logging_mixin.py:137} INFO - [2023-06-14T09:17:10.581+0000] {dag.py:2690} INFO - Sync 6 DAGs
[2023-06-14T09:17:10.597+0000] {logging_mixin.py:137} INFO - [2023-06-14T09:17:10.597+0000] {dag.py:3441} INFO - Setting next_dagrun for dataset_consumes_1 to None, run_after=None
[2023-06-14T09:17:10.600+0000] {logging_mixin.py:137} INFO - [2023-06-14T09:17:10.600+0000] {dag.py:3441} INFO - Setting next_dagrun for dataset_consumes_1_and_2 to None, run_after=None
[2023-06-14T09:17:10.602+0000] {logging_mixin.py:137} INFO - [2023-06-14T09:17:10.602+0000] {dag.py:3441} INFO - Setting next_dagrun for dataset_consumes_1_never_scheduled to None, run_after=None
[2023-06-14T09:17:10.604+0000] {logging_mixin.py:137} INFO - [2023-06-14T09:17:10.604+0000] {dag.py:3441} INFO - Setting next_dagrun for dataset_consumes_unknown_never_scheduled to None, run_after=None
[2023-06-14T09:17:10.606+0000] {logging_mixin.py:137} INFO - [2023-06-14T09:17:10.606+0000] {dag.py:3441} INFO - Setting next_dagrun for dataset_produces_1 to 2023-06-13T00:00:00+00:00, run_after=2023-06-14T00:00:00+00:00
[2023-06-14T09:17:10.607+0000] {logging_mixin.py:137} INFO - [2023-06-14T09:17:10.607+0000] {dag.py:3441} INFO - Setting next_dagrun for dataset_produces_2 to None, run_after=None
[2023-06-14T09:17:10.627+0000] {processor.py:175} INFO - Processing /home/airflow/.local/lib/python3.7/site-packages/airflow/example_dags/example_datasets.py took 0.092 seconds
[2023-06-14T09:17:41.813+0000] {processor.py:153} INFO - Started process (PID=197) to work on /home/airflow/.local/lib/python3.7/site-packages/airflow/example_dags/example_datasets.py
[2023-06-14T09:17:41.815+0000] {processor.py:743} INFO - Processing file /home/airflow/.local/lib/python3.7/site-packages/airflow/example_dags/example_datasets.py for tasks to queue
[2023-06-14T09:17:41.816+0000] {logging_mixin.py:137} INFO - [2023-06-14T09:17:41.816+0000] {dagbag.py:538} INFO - Filling up the DagBag from /home/airflow/.local/lib/python3.7/site-packages/airflow/example_dags/example_datasets.py
[2023-06-14T09:17:41.828+0000] {processor.py:753} INFO - DAG(s) dict_keys(['dataset_produces_1', 'dataset_consumes_1', 'dataset_consumes_unknown_never_scheduled', 'dataset_consumes_1_never_scheduled', 'dataset_consumes_1_and_2', 'dataset_produces_2']) retrieved from /home/airflow/.local/lib/python3.7/site-packages/airflow/example_dags/example_datasets.py
[2023-06-14T09:17:41.858+0000] {logging_mixin.py:137} INFO - [2023-06-14T09:17:41.858+0000] {dag.py:2690} INFO - Sync 6 DAGs
[2023-06-14T09:17:41.876+0000] {logging_mixin.py:137} INFO - [2023-06-14T09:17:41.876+0000] {dag.py:3441} INFO - Setting next_dagrun for dataset_consumes_1 to None, run_after=None
[2023-06-14T09:17:41.879+0000] {logging_mixin.py:137} INFO - [2023-06-14T09:17:41.879+0000] {dag.py:3441} INFO - Setting next_dagrun for dataset_consumes_1_and_2 to None, run_after=None
[2023-06-14T09:17:41.880+0000] {logging_mixin.py:137} INFO - [2023-06-14T09:17:41.880+0000] {dag.py:3441} INFO - Setting next_dagrun for dataset_consumes_1_never_scheduled to None, run_after=None
[2023-06-14T09:17:41.881+0000] {logging_mixin.py:137} INFO - [2023-06-14T09:17:41.881+0000] {dag.py:3441} INFO - Setting next_dagrun for dataset_consumes_unknown_never_scheduled to None, run_after=None
[2023-06-14T09:17:41.883+0000] {logging_mixin.py:137} INFO - [2023-06-14T09:17:41.883+0000] {dag.py:3441} INFO - Setting next_dagrun for dataset_produces_1 to 2023-06-13T00:00:00+00:00, run_after=2023-06-14T00:00:00+00:00
[2023-06-14T09:17:41.885+0000] {logging_mixin.py:137} INFO - [2023-06-14T09:17:41.885+0000] {dag.py:3441} INFO - Setting next_dagrun for dataset_produces_2 to None, run_after=None
[2023-06-14T09:17:41.906+0000] {processor.py:175} INFO - Processing /home/airflow/.local/lib/python3.7/site-packages/airflow/example_dags/example_datasets.py took 0.095 seconds
[2023-06-14T09:18:12.406+0000] {processor.py:153} INFO - Started process (PID=264) to work on /home/airflow/.local/lib/python3.7/site-packages/airflow/example_dags/example_datasets.py
[2023-06-14T09:18:12.407+0000] {processor.py:743} INFO - Processing file /home/airflow/.local/lib/python3.7/site-packages/airflow/example_dags/example_datasets.py for tasks to queue
[2023-06-14T09:18:12.407+0000] {logging_mixin.py:137} INFO - [2023-06-14T09:18:12.407+0000] {dagbag.py:538} INFO - Filling up the DagBag from /home/airflow/.local/lib/python3.7/site-packages/airflow/example_dags/example_datasets.py
[2023-06-14T09:18:12.417+0000] {processor.py:753} INFO - DAG(s) dict_keys(['dataset_produces_2', 'dataset_consumes_1_and_2', 'dataset_produces_1', 'dataset_consumes_unknown_never_scheduled', 'dataset_consumes_1_never_scheduled', 'dataset_consumes_1']) retrieved from /home/airflow/.local/lib/python3.7/site-packages/airflow/example_dags/example_datasets.py
[2023-06-14T09:18:12.443+0000] {logging_mixin.py:137} INFO - [2023-06-14T09:18:12.443+0000] {dag.py:2690} INFO - Sync 6 DAGs
[2023-06-14T09:18:12.458+0000] {logging_mixin.py:137} INFO - [2023-06-14T09:18:12.458+0000] {dag.py:3441} INFO - Setting next_dagrun for dataset_consumes_1 to None, run_after=None
[2023-06-14T09:18:12.460+0000] {logging_mixin.py:137} INFO - [2023-06-14T09:18:12.460+0000] {dag.py:3441} INFO - Setting next_dagrun for dataset_consumes_1_and_2 to None, run_after=None
[2023-06-14T09:18:12.461+0000] {logging_mixin.py:137} INFO - [2023-06-14T09:18:12.461+0000] {dag.py:3441} INFO - Setting next_dagrun for dataset_consumes_1_never_scheduled to None, run_after=None
[2023-06-14T09:18:12.462+0000] {logging_mixin.py:137} INFO - [2023-06-14T09:18:12.462+0000] {dag.py:3441} INFO - Setting next_dagrun for dataset_consumes_unknown_never_scheduled to None, run_after=None
[2023-06-14T09:18:12.464+0000] {logging_mixin.py:137} INFO - [2023-06-14T09:18:12.464+0000] {dag.py:3441} INFO - Setting next_dagrun for dataset_produces_1 to 2023-06-13T00:00:00+00:00, run_after=2023-06-14T00:00:00+00:00
[2023-06-14T09:18:12.464+0000] {logging_mixin.py:137} INFO - [2023-06-14T09:18:12.464+0000] {dag.py:3441} INFO - Setting next_dagrun for dataset_produces_2 to None, run_after=None
[2023-06-14T09:18:12.483+0000] {processor.py:175} INFO - Processing /home/airflow/.local/lib/python3.7/site-packages/airflow/example_dags/example_datasets.py took 0.080 seconds
[2023-06-14T09:18:42.590+0000] {processor.py:153} INFO - Started process (PID=340) to work on /home/airflow/.local/lib/python3.7/site-packages/airflow/example_dags/example_datasets.py
[2023-06-14T09:18:42.591+0000] {processor.py:743} INFO - Processing file /home/airflow/.local/lib/python3.7/site-packages/airflow/example_dags/example_datasets.py for tasks to queue
[2023-06-14T09:18:42.591+0000] {logging_mixin.py:137} INFO - [2023-06-14T09:18:42.591+0000] {dagbag.py:538} INFO - Filling up the DagBag from /home/airflow/.local/lib/python3.7/site-packages/airflow/example_dags/example_datasets.py
[2023-06-14T09:18:42.601+0000] {processor.py:753} INFO - DAG(s) dict_keys(['dataset_produces_2', 'dataset_consumes_unknown_never_scheduled', 'dataset_consumes_1_and_2', 'dataset_consumes_1', 'dataset_consumes_1_never_scheduled', 'dataset_produces_1']) retrieved from /home/airflow/.local/lib/python3.7/site-packages/airflow/example_dags/example_datasets.py
[2023-06-14T09:18:42.626+0000] {logging_mixin.py:137} INFO - [2023-06-14T09:18:42.626+0000] {dag.py:2690} INFO - Sync 6 DAGs
[2023-06-14T09:18:42.640+0000] {logging_mixin.py:137} INFO - [2023-06-14T09:18:42.640+0000] {dag.py:3441} INFO - Setting next_dagrun for dataset_consumes_1 to None, run_after=None
[2023-06-14T09:18:42.643+0000] {logging_mixin.py:137} INFO - [2023-06-14T09:18:42.643+0000] {dag.py:3441} INFO - Setting next_dagrun for dataset_consumes_1_and_2 to None, run_after=None
[2023-06-14T09:18:42.644+0000] {logging_mixin.py:137} INFO - [2023-06-14T09:18:42.644+0000] {dag.py:3441} INFO - Setting next_dagrun for dataset_consumes_1_never_scheduled to None, run_after=None
[2023-06-14T09:18:42.645+0000] {logging_mixin.py:137} INFO - [2023-06-14T09:18:42.645+0000] {dag.py:3441} INFO - Setting next_dagrun for dataset_consumes_unknown_never_scheduled to None, run_after=None
[2023-06-14T09:18:42.646+0000] {logging_mixin.py:137} INFO - [2023-06-14T09:18:42.646+0000] {dag.py:3441} INFO - Setting next_dagrun for dataset_produces_1 to 2023-06-13T00:00:00+00:00, run_after=2023-06-14T00:00:00+00:00
[2023-06-14T09:18:42.647+0000] {logging_mixin.py:137} INFO - [2023-06-14T09:18:42.647+0000] {dag.py:3441} INFO - Setting next_dagrun for dataset_produces_2 to None, run_after=None
[2023-06-14T09:18:42.663+0000] {processor.py:175} INFO - Processing /home/airflow/.local/lib/python3.7/site-packages/airflow/example_dags/example_datasets.py took 0.076 seconds
[2023-06-14T09:19:14.119+0000] {processor.py:153} INFO - Started process (PID=416) to work on /home/airflow/.local/lib/python3.7/site-packages/airflow/example_dags/example_datasets.py
[2023-06-14T09:19:14.122+0000] {processor.py:743} INFO - Processing file /home/airflow/.local/lib/python3.7/site-packages/airflow/example_dags/example_datasets.py for tasks to queue
[2023-06-14T09:19:14.123+0000] {logging_mixin.py:137} INFO - [2023-06-14T09:19:14.122+0000] {dagbag.py:538} INFO - Filling up the DagBag from /home/airflow/.local/lib/python3.7/site-packages/airflow/example_dags/example_datasets.py
[2023-06-14T09:19:14.134+0000] {processor.py:753} INFO - DAG(s) dict_keys(['dataset_consumes_1_never_scheduled', 'dataset_produces_1', 'dataset_consumes_unknown_never_scheduled', 'dataset_consumes_1_and_2', 'dataset_consumes_1', 'dataset_produces_2']) retrieved from /home/airflow/.local/lib/python3.7/site-packages/airflow/example_dags/example_datasets.py
[2023-06-14T09:19:14.191+0000] {logging_mixin.py:137} INFO - [2023-06-14T09:19:14.191+0000] {dag.py:2690} INFO - Sync 6 DAGs
[2023-06-14T09:19:14.215+0000] {logging_mixin.py:137} INFO - [2023-06-14T09:19:14.215+0000] {dag.py:3441} INFO - Setting next_dagrun for dataset_consumes_1 to None, run_after=None
[2023-06-14T09:19:14.219+0000] {logging_mixin.py:137} INFO - [2023-06-14T09:19:14.219+0000] {dag.py:3441} INFO - Setting next_dagrun for dataset_consumes_1_and_2 to None, run_after=None
[2023-06-14T09:19:14.221+0000] {logging_mixin.py:137} INFO - [2023-06-14T09:19:14.221+0000] {dag.py:3441} INFO - Setting next_dagrun for dataset_consumes_1_never_scheduled to None, run_after=None
[2023-06-14T09:19:14.222+0000] {logging_mixin.py:137} INFO - [2023-06-14T09:19:14.222+0000] {dag.py:3441} INFO - Setting next_dagrun for dataset_consumes_unknown_never_scheduled to None, run_after=None
[2023-06-14T09:19:14.223+0000] {logging_mixin.py:137} INFO - [2023-06-14T09:19:14.223+0000] {dag.py:3441} INFO - Setting next_dagrun for dataset_produces_1 to 2023-06-13T00:00:00+00:00, run_after=2023-06-14T00:00:00+00:00
[2023-06-14T09:19:14.224+0000] {logging_mixin.py:137} INFO - [2023-06-14T09:19:14.224+0000] {dag.py:3441} INFO - Setting next_dagrun for dataset_produces_2 to None, run_after=None
[2023-06-14T09:19:14.330+0000] {processor.py:175} INFO - Processing /home/airflow/.local/lib/python3.7/site-packages/airflow/example_dags/example_datasets.py took 0.214 seconds
[2023-06-14T09:19:45.058+0000] {processor.py:153} INFO - Started process (PID=481) to work on /home/airflow/.local/lib/python3.7/site-packages/airflow/example_dags/example_datasets.py
[2023-06-14T09:19:45.060+0000] {processor.py:743} INFO - Processing file /home/airflow/.local/lib/python3.7/site-packages/airflow/example_dags/example_datasets.py for tasks to queue
[2023-06-14T09:19:45.061+0000] {logging_mixin.py:137} INFO - [2023-06-14T09:19:45.061+0000] {dagbag.py:538} INFO - Filling up the DagBag from /home/airflow/.local/lib/python3.7/site-packages/airflow/example_dags/example_datasets.py
[2023-06-14T09:19:45.075+0000] {processor.py:753} INFO - DAG(s) dict_keys(['dataset_produces_1', 'dataset_consumes_unknown_never_scheduled', 'dataset_produces_2', 'dataset_consumes_1', 'dataset_consumes_1_and_2', 'dataset_consumes_1_never_scheduled']) retrieved from /home/airflow/.local/lib/python3.7/site-packages/airflow/example_dags/example_datasets.py
[2023-06-14T09:19:45.120+0000] {logging_mixin.py:137} INFO - [2023-06-14T09:19:45.119+0000] {dag.py:2690} INFO - Sync 6 DAGs
[2023-06-14T09:19:45.154+0000] {logging_mixin.py:137} INFO - [2023-06-14T09:19:45.154+0000] {dag.py:3441} INFO - Setting next_dagrun for dataset_consumes_1 to None, run_after=None
[2023-06-14T09:19:45.157+0000] {logging_mixin.py:137} INFO - [2023-06-14T09:19:45.157+0000] {dag.py:3441} INFO - Setting next_dagrun for dataset_consumes_1_and_2 to None, run_after=None
[2023-06-14T09:19:45.158+0000] {logging_mixin.py:137} INFO - [2023-06-14T09:19:45.158+0000] {dag.py:3441} INFO - Setting next_dagrun for dataset_consumes_1_never_scheduled to None, run_after=None
[2023-06-14T09:19:45.160+0000] {logging_mixin.py:137} INFO - [2023-06-14T09:19:45.160+0000] {dag.py:3441} INFO - Setting next_dagrun for dataset_consumes_unknown_never_scheduled to None, run_after=None
[2023-06-14T09:19:45.161+0000] {logging_mixin.py:137} INFO - [2023-06-14T09:19:45.161+0000] {dag.py:3441} INFO - Setting next_dagrun for dataset_produces_1 to 2023-06-13T00:00:00+00:00, run_after=2023-06-14T00:00:00+00:00
[2023-06-14T09:19:45.163+0000] {logging_mixin.py:137} INFO - [2023-06-14T09:19:45.163+0000] {dag.py:3441} INFO - Setting next_dagrun for dataset_produces_2 to None, run_after=None
[2023-06-14T09:19:45.190+0000] {processor.py:175} INFO - Processing /home/airflow/.local/lib/python3.7/site-packages/airflow/example_dags/example_datasets.py took 0.134 seconds
[2023-06-14T09:20:17.746+0000] {processor.py:153} INFO - Started process (PID=558) to work on /home/airflow/.local/lib/python3.7/site-packages/airflow/example_dags/example_datasets.py
[2023-06-14T09:20:17.748+0000] {processor.py:743} INFO - Processing file /home/airflow/.local/lib/python3.7/site-packages/airflow/example_dags/example_datasets.py for tasks to queue
[2023-06-14T09:20:17.749+0000] {logging_mixin.py:137} INFO - [2023-06-14T09:20:17.748+0000] {dagbag.py:538} INFO - Filling up the DagBag from /home/airflow/.local/lib/python3.7/site-packages/airflow/example_dags/example_datasets.py
[2023-06-14T09:20:17.782+0000] {processor.py:753} INFO - DAG(s) dict_keys(['dataset_produces_2', 'dataset_consumes_1_and_2', 'dataset_consumes_1', 'dataset_consumes_1_never_scheduled', 'dataset_produces_1', 'dataset_consumes_unknown_never_scheduled']) retrieved from /home/airflow/.local/lib/python3.7/site-packages/airflow/example_dags/example_datasets.py
[2023-06-14T09:20:17.829+0000] {logging_mixin.py:137} INFO - [2023-06-14T09:20:17.829+0000] {dag.py:2690} INFO - Sync 6 DAGs
[2023-06-14T09:20:17.854+0000] {logging_mixin.py:137} INFO - [2023-06-14T09:20:17.853+0000] {dag.py:3441} INFO - Setting next_dagrun for dataset_consumes_1 to None, run_after=None
[2023-06-14T09:20:17.857+0000] {logging_mixin.py:137} INFO - [2023-06-14T09:20:17.857+0000] {dag.py:3441} INFO - Setting next_dagrun for dataset_consumes_1_and_2 to None, run_after=None
[2023-06-14T09:20:17.860+0000] {logging_mixin.py:137} INFO - [2023-06-14T09:20:17.860+0000] {dag.py:3441} INFO - Setting next_dagrun for dataset_consumes_1_never_scheduled to None, run_after=None
[2023-06-14T09:20:17.862+0000] {logging_mixin.py:137} INFO - [2023-06-14T09:20:17.861+0000] {dag.py:3441} INFO - Setting next_dagrun for dataset_consumes_unknown_never_scheduled to None, run_after=None
[2023-06-14T09:20:17.864+0000] {logging_mixin.py:137} INFO - [2023-06-14T09:20:17.864+0000] {dag.py:3441} INFO - Setting next_dagrun for dataset_produces_1 to 2023-06-13T00:00:00+00:00, run_after=2023-06-14T00:00:00+00:00
[2023-06-14T09:20:17.866+0000] {logging_mixin.py:137} INFO - [2023-06-14T09:20:17.866+0000] {dag.py:3441} INFO - Setting next_dagrun for dataset_produces_2 to None, run_after=None
[2023-06-14T09:20:17.918+0000] {processor.py:175} INFO - Processing /home/airflow/.local/lib/python3.7/site-packages/airflow/example_dags/example_datasets.py took 0.175 seconds
[2023-06-14T09:20:49.092+0000] {processor.py:153} INFO - Started process (PID=621) to work on /home/airflow/.local/lib/python3.7/site-packages/airflow/example_dags/example_datasets.py
[2023-06-14T09:20:49.095+0000] {processor.py:743} INFO - Processing file /home/airflow/.local/lib/python3.7/site-packages/airflow/example_dags/example_datasets.py for tasks to queue
[2023-06-14T09:20:49.104+0000] {logging_mixin.py:137} INFO - [2023-06-14T09:20:49.104+0000] {dagbag.py:538} INFO - Filling up the DagBag from /home/airflow/.local/lib/python3.7/site-packages/airflow/example_dags/example_datasets.py
[2023-06-14T09:20:49.135+0000] {processor.py:753} INFO - DAG(s) dict_keys(['dataset_consumes_unknown_never_scheduled', 'dataset_consumes_1', 'dataset_produces_2', 'dataset_consumes_1_and_2', 'dataset_consumes_1_never_scheduled', 'dataset_produces_1']) retrieved from /home/airflow/.local/lib/python3.7/site-packages/airflow/example_dags/example_datasets.py
[2023-06-14T09:20:49.177+0000] {logging_mixin.py:137} INFO - [2023-06-14T09:20:49.177+0000] {dag.py:2690} INFO - Sync 6 DAGs
[2023-06-14T09:20:49.214+0000] {logging_mixin.py:137} INFO - [2023-06-14T09:20:49.213+0000] {dag.py:3441} INFO - Setting next_dagrun for dataset_consumes_1 to None, run_after=None
[2023-06-14T09:20:49.249+0000] {logging_mixin.py:137} INFO - [2023-06-14T09:20:49.249+0000] {dag.py:3441} INFO - Setting next_dagrun for dataset_consumes_1_and_2 to None, run_after=None
[2023-06-14T09:20:49.253+0000] {logging_mixin.py:137} INFO - [2023-06-14T09:20:49.253+0000] {dag.py:3441} INFO - Setting next_dagrun for dataset_consumes_1_never_scheduled to None, run_after=None
[2023-06-14T09:20:49.256+0000] {logging_mixin.py:137} INFO - [2023-06-14T09:20:49.256+0000] {dag.py:3441} INFO - Setting next_dagrun for dataset_consumes_unknown_never_scheduled to None, run_after=None
[2023-06-14T09:20:49.268+0000] {logging_mixin.py:137} INFO - [2023-06-14T09:20:49.268+0000] {dag.py:3441} INFO - Setting next_dagrun for dataset_produces_1 to 2023-06-13T00:00:00+00:00, run_after=2023-06-14T00:00:00+00:00
[2023-06-14T09:20:49.270+0000] {logging_mixin.py:137} INFO - [2023-06-14T09:20:49.270+0000] {dag.py:3441} INFO - Setting next_dagrun for dataset_produces_2 to None, run_after=None
[2023-06-14T09:20:49.323+0000] {processor.py:175} INFO - Processing /home/airflow/.local/lib/python3.7/site-packages/airflow/example_dags/example_datasets.py took 0.235 seconds
[2023-06-14T09:21:19.530+0000] {processor.py:153} INFO - Started process (PID=685) to work on /home/airflow/.local/lib/python3.7/site-packages/airflow/example_dags/example_datasets.py
[2023-06-14T09:21:19.532+0000] {processor.py:743} INFO - Processing file /home/airflow/.local/lib/python3.7/site-packages/airflow/example_dags/example_datasets.py for tasks to queue
[2023-06-14T09:21:19.533+0000] {logging_mixin.py:137} INFO - [2023-06-14T09:21:19.533+0000] {dagbag.py:538} INFO - Filling up the DagBag from /home/airflow/.local/lib/python3.7/site-packages/airflow/example_dags/example_datasets.py
[2023-06-14T09:21:19.545+0000] {processor.py:753} INFO - DAG(s) dict_keys(['dataset_consumes_1_never_scheduled', 'dataset_consumes_1', 'dataset_consumes_1_and_2', 'dataset_produces_1', 'dataset_produces_2', 'dataset_consumes_unknown_never_scheduled']) retrieved from /home/airflow/.local/lib/python3.7/site-packages/airflow/example_dags/example_datasets.py
[2023-06-14T09:21:19.576+0000] {logging_mixin.py:137} INFO - [2023-06-14T09:21:19.576+0000] {dag.py:2690} INFO - Sync 6 DAGs
[2023-06-14T09:21:19.592+0000] {logging_mixin.py:137} INFO - [2023-06-14T09:21:19.592+0000] {dag.py:3441} INFO - Setting next_dagrun for dataset_consumes_1 to None, run_after=None
[2023-06-14T09:21:19.595+0000] {logging_mixin.py:137} INFO - [2023-06-14T09:21:19.595+0000] {dag.py:3441} INFO - Setting next_dagrun for dataset_consumes_1_and_2 to None, run_after=None
[2023-06-14T09:21:19.596+0000] {logging_mixin.py:137} INFO - [2023-06-14T09:21:19.596+0000] {dag.py:3441} INFO - Setting next_dagrun for dataset_consumes_1_never_scheduled to None, run_after=None
[2023-06-14T09:21:19.597+0000] {logging_mixin.py:137} INFO - [2023-06-14T09:21:19.597+0000] {dag.py:3441} INFO - Setting next_dagrun for dataset_consumes_unknown_never_scheduled to None, run_after=None
[2023-06-14T09:21:19.599+0000] {logging_mixin.py:137} INFO - [2023-06-14T09:21:19.599+0000] {dag.py:3441} INFO - Setting next_dagrun for dataset_produces_1 to 2023-06-13T00:00:00+00:00, run_after=2023-06-14T00:00:00+00:00
[2023-06-14T09:21:19.600+0000] {logging_mixin.py:137} INFO - [2023-06-14T09:21:19.600+0000] {dag.py:3441} INFO - Setting next_dagrun for dataset_produces_2 to None, run_after=None
[2023-06-14T09:21:19.619+0000] {processor.py:175} INFO - Processing /home/airflow/.local/lib/python3.7/site-packages/airflow/example_dags/example_datasets.py took 0.092 seconds
[2023-06-14T09:21:49.993+0000] {processor.py:153} INFO - Started process (PID=761) to work on /home/airflow/.local/lib/python3.7/site-packages/airflow/example_dags/example_datasets.py
[2023-06-14T09:21:49.994+0000] {processor.py:743} INFO - Processing file /home/airflow/.local/lib/python3.7/site-packages/airflow/example_dags/example_datasets.py for tasks to queue
[2023-06-14T09:21:49.996+0000] {logging_mixin.py:137} INFO - [2023-06-14T09:21:49.996+0000] {dagbag.py:538} INFO - Filling up the DagBag from /home/airflow/.local/lib/python3.7/site-packages/airflow/example_dags/example_datasets.py
[2023-06-14T09:21:50.010+0000] {processor.py:753} INFO - DAG(s) dict_keys(['dataset_produces_2', 'dataset_consumes_1_and_2', 'dataset_consumes_1_never_scheduled', 'dataset_consumes_unknown_never_scheduled', 'dataset_consumes_1', 'dataset_produces_1']) retrieved from /home/airflow/.local/lib/python3.7/site-packages/airflow/example_dags/example_datasets.py
[2023-06-14T09:21:50.039+0000] {logging_mixin.py:137} INFO - [2023-06-14T09:21:50.039+0000] {dag.py:2690} INFO - Sync 6 DAGs
[2023-06-14T09:21:50.056+0000] {logging_mixin.py:137} INFO - [2023-06-14T09:21:50.056+0000] {dag.py:3441} INFO - Setting next_dagrun for dataset_consumes_1 to None, run_after=None
[2023-06-14T09:21:50.059+0000] {logging_mixin.py:137} INFO - [2023-06-14T09:21:50.059+0000] {dag.py:3441} INFO - Setting next_dagrun for dataset_consumes_1_and_2 to None, run_after=None
[2023-06-14T09:21:50.061+0000] {logging_mixin.py:137} INFO - [2023-06-14T09:21:50.061+0000] {dag.py:3441} INFO - Setting next_dagrun for dataset_consumes_1_never_scheduled to None, run_after=None
[2023-06-14T09:21:50.062+0000] {logging_mixin.py:137} INFO - [2023-06-14T09:21:50.062+0000] {dag.py:3441} INFO - Setting next_dagrun for dataset_consumes_unknown_never_scheduled to None, run_after=None
[2023-06-14T09:21:50.064+0000] {logging_mixin.py:137} INFO - [2023-06-14T09:21:50.064+0000] {dag.py:3441} INFO - Setting next_dagrun for dataset_produces_1 to 2023-06-13T00:00:00+00:00, run_after=2023-06-14T00:00:00+00:00
[2023-06-14T09:21:50.065+0000] {logging_mixin.py:137} INFO - [2023-06-14T09:21:50.065+0000] {dag.py:3441} INFO - Setting next_dagrun for dataset_produces_2 to None, run_after=None
[2023-06-14T09:21:50.086+0000] {processor.py:175} INFO - Processing /home/airflow/.local/lib/python3.7/site-packages/airflow/example_dags/example_datasets.py took 0.096 seconds
[2023-06-14T09:22:20.265+0000] {processor.py:153} INFO - Started process (PID=835) to work on /home/airflow/.local/lib/python3.7/site-packages/airflow/example_dags/example_datasets.py
[2023-06-14T09:22:20.267+0000] {processor.py:743} INFO - Processing file /home/airflow/.local/lib/python3.7/site-packages/airflow/example_dags/example_datasets.py for tasks to queue
[2023-06-14T09:22:20.268+0000] {logging_mixin.py:137} INFO - [2023-06-14T09:22:20.268+0000] {dagbag.py:538} INFO - Filling up the DagBag from /home/airflow/.local/lib/python3.7/site-packages/airflow/example_dags/example_datasets.py
[2023-06-14T09:22:20.280+0000] {processor.py:753} INFO - DAG(s) dict_keys(['dataset_consumes_1_and_2', 'dataset_consumes_unknown_never_scheduled', 'dataset_produces_2', 'dataset_consumes_1', 'dataset_consumes_1_never_scheduled', 'dataset_produces_1']) retrieved from /home/airflow/.local/lib/python3.7/site-packages/airflow/example_dags/example_datasets.py
[2023-06-14T09:22:20.316+0000] {logging_mixin.py:137} INFO - [2023-06-14T09:22:20.316+0000] {dag.py:2690} INFO - Sync 6 DAGs
[2023-06-14T09:22:20.341+0000] {logging_mixin.py:137} INFO - [2023-06-14T09:22:20.341+0000] {dag.py:3441} INFO - Setting next_dagrun for dataset_consumes_1 to None, run_after=None
[2023-06-14T09:22:20.345+0000] {logging_mixin.py:137} INFO - [2023-06-14T09:22:20.345+0000] {dag.py:3441} INFO - Setting next_dagrun for dataset_consumes_1_and_2 to None, run_after=None
[2023-06-14T09:22:20.348+0000] {logging_mixin.py:137} INFO - [2023-06-14T09:22:20.348+0000] {dag.py:3441} INFO - Setting next_dagrun for dataset_consumes_1_never_scheduled to None, run_after=None
[2023-06-14T09:22:20.349+0000] {logging_mixin.py:137} INFO - [2023-06-14T09:22:20.349+0000] {dag.py:3441} INFO - Setting next_dagrun for dataset_consumes_unknown_never_scheduled to None, run_after=None
[2023-06-14T09:22:20.352+0000] {logging_mixin.py:137} INFO - [2023-06-14T09:22:20.352+0000] {dag.py:3441} INFO - Setting next_dagrun for dataset_produces_1 to 2023-06-13T00:00:00+00:00, run_after=2023-06-14T00:00:00+00:00
[2023-06-14T09:22:20.360+0000] {logging_mixin.py:137} INFO - [2023-06-14T09:22:20.360+0000] {dag.py:3441} INFO - Setting next_dagrun for dataset_produces_2 to None, run_after=None
[2023-06-14T09:22:20.386+0000] {processor.py:175} INFO - Processing /home/airflow/.local/lib/python3.7/site-packages/airflow/example_dags/example_datasets.py took 0.127 seconds
[2023-06-14T09:22:50.650+0000] {processor.py:153} INFO - Started process (PID=902) to work on /home/airflow/.local/lib/python3.7/site-packages/airflow/example_dags/example_datasets.py
[2023-06-14T09:22:50.652+0000] {processor.py:743} INFO - Processing file /home/airflow/.local/lib/python3.7/site-packages/airflow/example_dags/example_datasets.py for tasks to queue
[2023-06-14T09:22:50.652+0000] {logging_mixin.py:137} INFO - [2023-06-14T09:22:50.652+0000] {dagbag.py:538} INFO - Filling up the DagBag from /home/airflow/.local/lib/python3.7/site-packages/airflow/example_dags/example_datasets.py
[2023-06-14T09:22:50.664+0000] {processor.py:753} INFO - DAG(s) dict_keys(['dataset_consumes_1_never_scheduled', 'dataset_consumes_1_and_2', 'dataset_consumes_unknown_never_scheduled', 'dataset_produces_1', 'dataset_produces_2', 'dataset_consumes_1']) retrieved from /home/airflow/.local/lib/python3.7/site-packages/airflow/example_dags/example_datasets.py
[2023-06-14T09:22:50.691+0000] {logging_mixin.py:137} INFO - [2023-06-14T09:22:50.691+0000] {dag.py:2690} INFO - Sync 6 DAGs
[2023-06-14T09:22:50.707+0000] {logging_mixin.py:137} INFO - [2023-06-14T09:22:50.706+0000] {dag.py:3441} INFO - Setting next_dagrun for dataset_consumes_1 to None, run_after=None
[2023-06-14T09:22:50.709+0000] {logging_mixin.py:137} INFO - [2023-06-14T09:22:50.709+0000] {dag.py:3441} INFO - Setting next_dagrun for dataset_consumes_1_and_2 to None, run_after=None
[2023-06-14T09:22:50.710+0000] {logging_mixin.py:137} INFO - [2023-06-14T09:22:50.710+0000] {dag.py:3441} INFO - Setting next_dagrun for dataset_consumes_1_never_scheduled to None, run_after=None
[2023-06-14T09:22:50.712+0000] {logging_mixin.py:137} INFO - [2023-06-14T09:22:50.711+0000] {dag.py:3441} INFO - Setting next_dagrun for dataset_consumes_unknown_never_scheduled to None, run_after=None
[2023-06-14T09:22:50.713+0000] {logging_mixin.py:137} INFO - [2023-06-14T09:22:50.713+0000] {dag.py:3441} INFO - Setting next_dagrun for dataset_produces_1 to 2023-06-13T00:00:00+00:00, run_after=2023-06-14T00:00:00+00:00
[2023-06-14T09:22:50.714+0000] {logging_mixin.py:137} INFO - [2023-06-14T09:22:50.714+0000] {dag.py:3441} INFO - Setting next_dagrun for dataset_produces_2 to None, run_after=None
[2023-06-14T09:22:50.733+0000] {processor.py:175} INFO - Processing /home/airflow/.local/lib/python3.7/site-packages/airflow/example_dags/example_datasets.py took 0.086 seconds
[2023-06-14T09:23:20.924+0000] {processor.py:153} INFO - Started process (PID=977) to work on /home/airflow/.local/lib/python3.7/site-packages/airflow/example_dags/example_datasets.py
[2023-06-14T09:23:20.925+0000] {processor.py:743} INFO - Processing file /home/airflow/.local/lib/python3.7/site-packages/airflow/example_dags/example_datasets.py for tasks to queue
[2023-06-14T09:23:20.926+0000] {logging_mixin.py:137} INFO - [2023-06-14T09:23:20.926+0000] {dagbag.py:538} INFO - Filling up the DagBag from /home/airflow/.local/lib/python3.7/site-packages/airflow/example_dags/example_datasets.py
[2023-06-14T09:23:20.939+0000] {processor.py:753} INFO - DAG(s) dict_keys(['dataset_consumes_1', 'dataset_consumes_1_never_scheduled', 'dataset_produces_2', 'dataset_consumes_unknown_never_scheduled', 'dataset_consumes_1_and_2', 'dataset_produces_1']) retrieved from /home/airflow/.local/lib/python3.7/site-packages/airflow/example_dags/example_datasets.py
[2023-06-14T09:23:20.967+0000] {logging_mixin.py:137} INFO - [2023-06-14T09:23:20.967+0000] {dag.py:2690} INFO - Sync 6 DAGs
[2023-06-14T09:23:20.984+0000] {logging_mixin.py:137} INFO - [2023-06-14T09:23:20.984+0000] {dag.py:3441} INFO - Setting next_dagrun for dataset_consumes_1 to None, run_after=None
[2023-06-14T09:23:20.986+0000] {logging_mixin.py:137} INFO - [2023-06-14T09:23:20.986+0000] {dag.py:3441} INFO - Setting next_dagrun for dataset_consumes_1_and_2 to None, run_after=None
[2023-06-14T09:23:20.988+0000] {logging_mixin.py:137} INFO - [2023-06-14T09:23:20.988+0000] {dag.py:3441} INFO - Setting next_dagrun for dataset_consumes_1_never_scheduled to None, run_after=None
[2023-06-14T09:23:20.989+0000] {logging_mixin.py:137} INFO - [2023-06-14T09:23:20.989+0000] {dag.py:3441} INFO - Setting next_dagrun for dataset_consumes_unknown_never_scheduled to None, run_after=None
[2023-06-14T09:23:20.991+0000] {logging_mixin.py:137} INFO - [2023-06-14T09:23:20.991+0000] {dag.py:3441} INFO - Setting next_dagrun for dataset_produces_1 to 2023-06-13T00:00:00+00:00, run_after=2023-06-14T00:00:00+00:00
[2023-06-14T09:23:20.992+0000] {logging_mixin.py:137} INFO - [2023-06-14T09:23:20.992+0000] {dag.py:3441} INFO - Setting next_dagrun for dataset_produces_2 to None, run_after=None
[2023-06-14T09:23:21.009+0000] {processor.py:175} INFO - Processing /home/airflow/.local/lib/python3.7/site-packages/airflow/example_dags/example_datasets.py took 0.089 seconds
[2023-06-14T09:23:51.293+0000] {processor.py:153} INFO - Started process (PID=1053) to work on /home/airflow/.local/lib/python3.7/site-packages/airflow/example_dags/example_datasets.py
[2023-06-14T09:23:51.295+0000] {processor.py:743} INFO - Processing file /home/airflow/.local/lib/python3.7/site-packages/airflow/example_dags/example_datasets.py for tasks to queue
[2023-06-14T09:23:51.296+0000] {logging_mixin.py:137} INFO - [2023-06-14T09:23:51.296+0000] {dagbag.py:538} INFO - Filling up the DagBag from /home/airflow/.local/lib/python3.7/site-packages/airflow/example_dags/example_datasets.py
[2023-06-14T09:23:51.312+0000] {processor.py:753} INFO - DAG(s) dict_keys(['dataset_produces_2', 'dataset_produces_1', 'dataset_consumes_1_never_scheduled', 'dataset_consumes_1', 'dataset_consumes_1_and_2', 'dataset_consumes_unknown_never_scheduled']) retrieved from /home/airflow/.local/lib/python3.7/site-packages/airflow/example_dags/example_datasets.py
[2023-06-14T09:23:51.344+0000] {logging_mixin.py:137} INFO - [2023-06-14T09:23:51.344+0000] {dag.py:2690} INFO - Sync 6 DAGs
[2023-06-14T09:23:51.367+0000] {logging_mixin.py:137} INFO - [2023-06-14T09:23:51.367+0000] {dag.py:3441} INFO - Setting next_dagrun for dataset_consumes_1 to None, run_after=None
[2023-06-14T09:23:51.372+0000] {logging_mixin.py:137} INFO - [2023-06-14T09:23:51.371+0000] {dag.py:3441} INFO - Setting next_dagrun for dataset_consumes_1_and_2 to None, run_after=None
[2023-06-14T09:23:51.373+0000] {logging_mixin.py:137} INFO - [2023-06-14T09:23:51.373+0000] {dag.py:3441} INFO - Setting next_dagrun for dataset_consumes_1_never_scheduled to None, run_after=None
[2023-06-14T09:23:51.375+0000] {logging_mixin.py:137} INFO - [2023-06-14T09:23:51.375+0000] {dag.py:3441} INFO - Setting next_dagrun for dataset_consumes_unknown_never_scheduled to None, run_after=None
[2023-06-14T09:23:51.378+0000] {logging_mixin.py:137} INFO - [2023-06-14T09:23:51.377+0000] {dag.py:3441} INFO - Setting next_dagrun for dataset_produces_1 to 2023-06-13T00:00:00+00:00, run_after=2023-06-14T00:00:00+00:00
[2023-06-14T09:23:51.379+0000] {logging_mixin.py:137} INFO - [2023-06-14T09:23:51.379+0000] {dag.py:3441} INFO - Setting next_dagrun for dataset_produces_2 to None, run_after=None
[2023-06-14T09:23:51.405+0000] {processor.py:175} INFO - Processing /home/airflow/.local/lib/python3.7/site-packages/airflow/example_dags/example_datasets.py took 0.115 seconds
[2023-06-14T09:24:21.775+0000] {processor.py:153} INFO - Started process (PID=1117) to work on /home/airflow/.local/lib/python3.7/site-packages/airflow/example_dags/example_datasets.py
[2023-06-14T09:24:21.776+0000] {processor.py:743} INFO - Processing file /home/airflow/.local/lib/python3.7/site-packages/airflow/example_dags/example_datasets.py for tasks to queue
[2023-06-14T09:24:21.777+0000] {logging_mixin.py:137} INFO - [2023-06-14T09:24:21.777+0000] {dagbag.py:538} INFO - Filling up the DagBag from /home/airflow/.local/lib/python3.7/site-packages/airflow/example_dags/example_datasets.py
[2023-06-14T09:24:21.790+0000] {processor.py:753} INFO - DAG(s) dict_keys(['dataset_consumes_1', 'dataset_produces_2', 'dataset_consumes_1_never_scheduled', 'dataset_consumes_unknown_never_scheduled', 'dataset_consumes_1_and_2', 'dataset_produces_1']) retrieved from /home/airflow/.local/lib/python3.7/site-packages/airflow/example_dags/example_datasets.py
[2023-06-14T09:24:21.821+0000] {logging_mixin.py:137} INFO - [2023-06-14T09:24:21.820+0000] {dag.py:2690} INFO - Sync 6 DAGs
[2023-06-14T09:24:21.839+0000] {logging_mixin.py:137} INFO - [2023-06-14T09:24:21.839+0000] {dag.py:3441} INFO - Setting next_dagrun for dataset_consumes_1 to None, run_after=None
[2023-06-14T09:24:21.842+0000] {logging_mixin.py:137} INFO - [2023-06-14T09:24:21.842+0000] {dag.py:3441} INFO - Setting next_dagrun for dataset_consumes_1_and_2 to None, run_after=None
[2023-06-14T09:24:21.844+0000] {logging_mixin.py:137} INFO - [2023-06-14T09:24:21.844+0000] {dag.py:3441} INFO - Setting next_dagrun for dataset_consumes_1_never_scheduled to None, run_after=None
[2023-06-14T09:24:21.846+0000] {logging_mixin.py:137} INFO - [2023-06-14T09:24:21.845+0000] {dag.py:3441} INFO - Setting next_dagrun for dataset_consumes_unknown_never_scheduled to None, run_after=None
[2023-06-14T09:24:21.849+0000] {logging_mixin.py:137} INFO - [2023-06-14T09:24:21.848+0000] {dag.py:3441} INFO - Setting next_dagrun for dataset_produces_1 to 2023-06-13T00:00:00+00:00, run_after=2023-06-14T00:00:00+00:00
[2023-06-14T09:24:21.850+0000] {logging_mixin.py:137} INFO - [2023-06-14T09:24:21.850+0000] {dag.py:3441} INFO - Setting next_dagrun for dataset_produces_2 to None, run_after=None
[2023-06-14T09:24:21.883+0000] {processor.py:175} INFO - Processing /home/airflow/.local/lib/python3.7/site-packages/airflow/example_dags/example_datasets.py took 0.113 seconds
[2023-06-14T09:24:52.414+0000] {processor.py:153} INFO - Started process (PID=1193) to work on /home/airflow/.local/lib/python3.7/site-packages/airflow/example_dags/example_datasets.py
[2023-06-14T09:24:52.415+0000] {processor.py:743} INFO - Processing file /home/airflow/.local/lib/python3.7/site-packages/airflow/example_dags/example_datasets.py for tasks to queue
[2023-06-14T09:24:52.416+0000] {logging_mixin.py:137} INFO - [2023-06-14T09:24:52.416+0000] {dagbag.py:538} INFO - Filling up the DagBag from /home/airflow/.local/lib/python3.7/site-packages/airflow/example_dags/example_datasets.py
[2023-06-14T09:24:52.426+0000] {processor.py:753} INFO - DAG(s) dict_keys(['dataset_consumes_1_never_scheduled', 'dataset_consumes_unknown_never_scheduled', 'dataset_consumes_1', 'dataset_produces_2', 'dataset_produces_1', 'dataset_consumes_1_and_2']) retrieved from /home/airflow/.local/lib/python3.7/site-packages/airflow/example_dags/example_datasets.py
[2023-06-14T09:24:52.453+0000] {logging_mixin.py:137} INFO - [2023-06-14T09:24:52.453+0000] {dag.py:2690} INFO - Sync 6 DAGs
[2023-06-14T09:24:52.469+0000] {logging_mixin.py:137} INFO - [2023-06-14T09:24:52.469+0000] {dag.py:3441} INFO - Setting next_dagrun for dataset_consumes_1 to None, run_after=None
[2023-06-14T09:24:52.471+0000] {logging_mixin.py:137} INFO - [2023-06-14T09:24:52.471+0000] {dag.py:3441} INFO - Setting next_dagrun for dataset_consumes_1_and_2 to None, run_after=None
[2023-06-14T09:24:52.472+0000] {logging_mixin.py:137} INFO - [2023-06-14T09:24:52.472+0000] {dag.py:3441} INFO - Setting next_dagrun for dataset_consumes_1_never_scheduled to None, run_after=None
[2023-06-14T09:24:52.473+0000] {logging_mixin.py:137} INFO - [2023-06-14T09:24:52.473+0000] {dag.py:3441} INFO - Setting next_dagrun for dataset_consumes_unknown_never_scheduled to None, run_after=None
[2023-06-14T09:24:52.475+0000] {logging_mixin.py:137} INFO - [2023-06-14T09:24:52.475+0000] {dag.py:3441} INFO - Setting next_dagrun for dataset_produces_1 to 2023-06-13T00:00:00+00:00, run_after=2023-06-14T00:00:00+00:00
[2023-06-14T09:24:52.476+0000] {logging_mixin.py:137} INFO - [2023-06-14T09:24:52.476+0000] {dag.py:3441} INFO - Setting next_dagrun for dataset_produces_2 to None, run_after=None
[2023-06-14T09:24:52.495+0000] {processor.py:175} INFO - Processing /home/airflow/.local/lib/python3.7/site-packages/airflow/example_dags/example_datasets.py took 0.084 seconds
[2023-06-14T09:25:22.590+0000] {processor.py:153} INFO - Started process (PID=1267) to work on /home/airflow/.local/lib/python3.7/site-packages/airflow/example_dags/example_datasets.py
[2023-06-14T09:25:22.591+0000] {processor.py:743} INFO - Processing file /home/airflow/.local/lib/python3.7/site-packages/airflow/example_dags/example_datasets.py for tasks to queue
[2023-06-14T09:25:22.592+0000] {logging_mixin.py:137} INFO - [2023-06-14T09:25:22.592+0000] {dagbag.py:538} INFO - Filling up the DagBag from /home/airflow/.local/lib/python3.7/site-packages/airflow/example_dags/example_datasets.py
[2023-06-14T09:25:22.604+0000] {processor.py:753} INFO - DAG(s) dict_keys(['dataset_consumes_1', 'dataset_consumes_1_never_scheduled', 'dataset_produces_1', 'dataset_produces_2', 'dataset_consumes_1_and_2', 'dataset_consumes_unknown_never_scheduled']) retrieved from /home/airflow/.local/lib/python3.7/site-packages/airflow/example_dags/example_datasets.py
[2023-06-14T09:25:22.631+0000] {logging_mixin.py:137} INFO - [2023-06-14T09:25:22.630+0000] {dag.py:2690} INFO - Sync 6 DAGs
[2023-06-14T09:25:22.646+0000] {logging_mixin.py:137} INFO - [2023-06-14T09:25:22.646+0000] {dag.py:3441} INFO - Setting next_dagrun for dataset_consumes_1 to None, run_after=None
[2023-06-14T09:25:22.649+0000] {logging_mixin.py:137} INFO - [2023-06-14T09:25:22.649+0000] {dag.py:3441} INFO - Setting next_dagrun for dataset_consumes_1_and_2 to None, run_after=None
[2023-06-14T09:25:22.650+0000] {logging_mixin.py:137} INFO - [2023-06-14T09:25:22.650+0000] {dag.py:3441} INFO - Setting next_dagrun for dataset_consumes_1_never_scheduled to None, run_after=None
[2023-06-14T09:25:22.651+0000] {logging_mixin.py:137} INFO - [2023-06-14T09:25:22.651+0000] {dag.py:3441} INFO - Setting next_dagrun for dataset_consumes_unknown_never_scheduled to None, run_after=None
[2023-06-14T09:25:22.653+0000] {logging_mixin.py:137} INFO - [2023-06-14T09:25:22.653+0000] {dag.py:3441} INFO - Setting next_dagrun for dataset_produces_1 to 2023-06-13T00:00:00+00:00, run_after=2023-06-14T00:00:00+00:00
[2023-06-14T09:25:22.654+0000] {logging_mixin.py:137} INFO - [2023-06-14T09:25:22.654+0000] {dag.py:3441} INFO - Setting next_dagrun for dataset_produces_2 to None, run_after=None
[2023-06-14T09:25:22.673+0000] {processor.py:175} INFO - Processing /home/airflow/.local/lib/python3.7/site-packages/airflow/example_dags/example_datasets.py took 0.085 seconds
[2023-06-14T09:25:52.899+0000] {processor.py:153} INFO - Started process (PID=1332) to work on /home/airflow/.local/lib/python3.7/site-packages/airflow/example_dags/example_datasets.py
[2023-06-14T09:25:52.900+0000] {processor.py:743} INFO - Processing file /home/airflow/.local/lib/python3.7/site-packages/airflow/example_dags/example_datasets.py for tasks to queue
[2023-06-14T09:25:52.901+0000] {logging_mixin.py:137} INFO - [2023-06-14T09:25:52.901+0000] {dagbag.py:538} INFO - Filling up the DagBag from /home/airflow/.local/lib/python3.7/site-packages/airflow/example_dags/example_datasets.py
[2023-06-14T09:25:52.912+0000] {processor.py:753} INFO - DAG(s) dict_keys(['dataset_consumes_1', 'dataset_consumes_1_never_scheduled', 'dataset_consumes_1_and_2', 'dataset_produces_2', 'dataset_consumes_unknown_never_scheduled', 'dataset_produces_1']) retrieved from /home/airflow/.local/lib/python3.7/site-packages/airflow/example_dags/example_datasets.py
[2023-06-14T09:25:52.940+0000] {logging_mixin.py:137} INFO - [2023-06-14T09:25:52.939+0000] {dag.py:2690} INFO - Sync 6 DAGs
[2023-06-14T09:25:52.954+0000] {logging_mixin.py:137} INFO - [2023-06-14T09:25:52.954+0000] {dag.py:3441} INFO - Setting next_dagrun for dataset_consumes_1 to None, run_after=None
[2023-06-14T09:25:52.956+0000] {logging_mixin.py:137} INFO - [2023-06-14T09:25:52.956+0000] {dag.py:3441} INFO - Setting next_dagrun for dataset_consumes_1_and_2 to None, run_after=None
[2023-06-14T09:25:52.958+0000] {logging_mixin.py:137} INFO - [2023-06-14T09:25:52.958+0000] {dag.py:3441} INFO - Setting next_dagrun for dataset_consumes_1_never_scheduled to None, run_after=None
[2023-06-14T09:25:52.959+0000] {logging_mixin.py:137} INFO - [2023-06-14T09:25:52.959+0000] {dag.py:3441} INFO - Setting next_dagrun for dataset_consumes_unknown_never_scheduled to None, run_after=None
[2023-06-14T09:25:52.960+0000] {logging_mixin.py:137} INFO - [2023-06-14T09:25:52.960+0000] {dag.py:3441} INFO - Setting next_dagrun for dataset_produces_1 to 2023-06-13T00:00:00+00:00, run_after=2023-06-14T00:00:00+00:00
[2023-06-14T09:25:52.961+0000] {logging_mixin.py:137} INFO - [2023-06-14T09:25:52.961+0000] {dag.py:3441} INFO - Setting next_dagrun for dataset_produces_2 to None, run_after=None
[2023-06-14T09:25:52.980+0000] {processor.py:175} INFO - Processing /home/airflow/.local/lib/python3.7/site-packages/airflow/example_dags/example_datasets.py took 0.084 seconds
[2023-06-14T09:26:23.011+0000] {processor.py:153} INFO - Started process (PID=1408) to work on /home/airflow/.local/lib/python3.7/site-packages/airflow/example_dags/example_datasets.py
[2023-06-14T09:26:23.012+0000] {processor.py:743} INFO - Processing file /home/airflow/.local/lib/python3.7/site-packages/airflow/example_dags/example_datasets.py for tasks to queue
[2023-06-14T09:26:23.012+0000] {logging_mixin.py:137} INFO - [2023-06-14T09:26:23.012+0000] {dagbag.py:538} INFO - Filling up the DagBag from /home/airflow/.local/lib/python3.7/site-packages/airflow/example_dags/example_datasets.py
[2023-06-14T09:26:23.024+0000] {processor.py:753} INFO - DAG(s) dict_keys(['dataset_produces_1', 'dataset_produces_2', 'dataset_consumes_1', 'dataset_consumes_1_never_scheduled', 'dataset_consumes_1_and_2', 'dataset_consumes_unknown_never_scheduled']) retrieved from /home/airflow/.local/lib/python3.7/site-packages/airflow/example_dags/example_datasets.py
[2023-06-14T09:26:23.051+0000] {logging_mixin.py:137} INFO - [2023-06-14T09:26:23.051+0000] {dag.py:2690} INFO - Sync 6 DAGs
[2023-06-14T09:26:23.067+0000] {logging_mixin.py:137} INFO - [2023-06-14T09:26:23.067+0000] {dag.py:3441} INFO - Setting next_dagrun for dataset_consumes_1 to None, run_after=None
[2023-06-14T09:26:23.069+0000] {logging_mixin.py:137} INFO - [2023-06-14T09:26:23.069+0000] {dag.py:3441} INFO - Setting next_dagrun for dataset_consumes_1_and_2 to None, run_after=None
[2023-06-14T09:26:23.070+0000] {logging_mixin.py:137} INFO - [2023-06-14T09:26:23.070+0000] {dag.py:3441} INFO - Setting next_dagrun for dataset_consumes_1_never_scheduled to None, run_after=None
[2023-06-14T09:26:23.071+0000] {logging_mixin.py:137} INFO - [2023-06-14T09:26:23.071+0000] {dag.py:3441} INFO - Setting next_dagrun for dataset_consumes_unknown_never_scheduled to None, run_after=None
[2023-06-14T09:26:23.073+0000] {logging_mixin.py:137} INFO - [2023-06-14T09:26:23.073+0000] {dag.py:3441} INFO - Setting next_dagrun for dataset_produces_1 to 2023-06-13T00:00:00+00:00, run_after=2023-06-14T00:00:00+00:00
[2023-06-14T09:26:23.074+0000] {logging_mixin.py:137} INFO - [2023-06-14T09:26:23.074+0000] {dag.py:3441} INFO - Setting next_dagrun for dataset_produces_2 to None, run_after=None
[2023-06-14T09:26:23.093+0000] {processor.py:175} INFO - Processing /home/airflow/.local/lib/python3.7/site-packages/airflow/example_dags/example_datasets.py took 0.084 seconds
