[2023-06-14T09:16:39.991+0000] {processor.py:153} INFO - Started process (PID=44) to work on /home/airflow/.local/lib/python3.7/site-packages/airflow/example_dags/example_branch_python_dop_operator_3.py
[2023-06-14T09:16:39.993+0000] {processor.py:743} INFO - Processing file /home/airflow/.local/lib/python3.7/site-packages/airflow/example_dags/example_branch_python_dop_operator_3.py for tasks to queue
[2023-06-14T09:16:39.994+0000] {logging_mixin.py:137} INFO - [2023-06-14T09:16:39.994+0000] {dagbag.py:538} INFO - Filling up the DagBag from /home/airflow/.local/lib/python3.7/site-packages/airflow/example_dags/example_branch_python_dop_operator_3.py
[2023-06-14T09:16:40.034+0000] {processor.py:753} INFO - DAG(s) dict_keys(['example_branch_dop_operator_v3']) retrieved from /home/airflow/.local/lib/python3.7/site-packages/airflow/example_dags/example_branch_python_dop_operator_3.py
[2023-06-14T09:16:40.079+0000] {logging_mixin.py:137} INFO - [2023-06-14T09:16:40.078+0000] {dag.py:2690} INFO - Sync 1 DAGs
[2023-06-14T09:16:40.116+0000] {logging_mixin.py:137} INFO - [2023-06-14T09:16:40.116+0000] {dag.py:3441} INFO - Setting next_dagrun for example_branch_dop_operator_v3 to 2023-06-14T09:15:00+00:00, run_after=2023-06-14T09:16:00+00:00
[2023-06-14T09:16:40.175+0000] {processor.py:175} INFO - Processing /home/airflow/.local/lib/python3.7/site-packages/airflow/example_dags/example_branch_python_dop_operator_3.py took 0.187 seconds
[2023-06-14T09:17:10.436+0000] {processor.py:153} INFO - Started process (PID=119) to work on /home/airflow/.local/lib/python3.7/site-packages/airflow/example_dags/example_branch_python_dop_operator_3.py
[2023-06-14T09:17:10.437+0000] {processor.py:743} INFO - Processing file /home/airflow/.local/lib/python3.7/site-packages/airflow/example_dags/example_branch_python_dop_operator_3.py for tasks to queue
[2023-06-14T09:17:10.438+0000] {logging_mixin.py:137} INFO - [2023-06-14T09:17:10.438+0000] {dagbag.py:538} INFO - Filling up the DagBag from /home/airflow/.local/lib/python3.7/site-packages/airflow/example_dags/example_branch_python_dop_operator_3.py
[2023-06-14T09:17:10.454+0000] {processor.py:753} INFO - DAG(s) dict_keys(['example_branch_dop_operator_v3']) retrieved from /home/airflow/.local/lib/python3.7/site-packages/airflow/example_dags/example_branch_python_dop_operator_3.py
[2023-06-14T09:17:10.477+0000] {logging_mixin.py:137} INFO - [2023-06-14T09:17:10.477+0000] {dag.py:2690} INFO - Sync 1 DAGs
[2023-06-14T09:17:10.495+0000] {logging_mixin.py:137} INFO - [2023-06-14T09:17:10.495+0000] {dag.py:3441} INFO - Setting next_dagrun for example_branch_dop_operator_v3 to 2023-06-14T09:16:00+00:00, run_after=2023-06-14T09:17:00+00:00
[2023-06-14T09:17:10.510+0000] {processor.py:175} INFO - Processing /home/airflow/.local/lib/python3.7/site-packages/airflow/example_dags/example_branch_python_dop_operator_3.py took 0.077 seconds
[2023-06-14T09:17:41.759+0000] {processor.py:153} INFO - Started process (PID=196) to work on /home/airflow/.local/lib/python3.7/site-packages/airflow/example_dags/example_branch_python_dop_operator_3.py
[2023-06-14T09:17:41.760+0000] {processor.py:743} INFO - Processing file /home/airflow/.local/lib/python3.7/site-packages/airflow/example_dags/example_branch_python_dop_operator_3.py for tasks to queue
[2023-06-14T09:17:41.761+0000] {logging_mixin.py:137} INFO - [2023-06-14T09:17:41.761+0000] {dagbag.py:538} INFO - Filling up the DagBag from /home/airflow/.local/lib/python3.7/site-packages/airflow/example_dags/example_branch_python_dop_operator_3.py
[2023-06-14T09:17:41.782+0000] {processor.py:753} INFO - DAG(s) dict_keys(['example_branch_dop_operator_v3']) retrieved from /home/airflow/.local/lib/python3.7/site-packages/airflow/example_dags/example_branch_python_dop_operator_3.py
[2023-06-14T09:17:41.807+0000] {logging_mixin.py:137} INFO - [2023-06-14T09:17:41.807+0000] {dag.py:2690} INFO - Sync 1 DAGs
[2023-06-14T09:17:41.826+0000] {logging_mixin.py:137} INFO - [2023-06-14T09:17:41.825+0000] {dag.py:3441} INFO - Setting next_dagrun for example_branch_dop_operator_v3 to 2023-06-14T09:16:00+00:00, run_after=2023-06-14T09:17:00+00:00
[2023-06-14T09:17:41.838+0000] {processor.py:175} INFO - Processing /home/airflow/.local/lib/python3.7/site-packages/airflow/example_dags/example_branch_python_dop_operator_3.py took 0.082 seconds
[2023-06-14T09:18:12.401+0000] {processor.py:153} INFO - Started process (PID=263) to work on /home/airflow/.local/lib/python3.7/site-packages/airflow/example_dags/example_branch_python_dop_operator_3.py
[2023-06-14T09:18:12.402+0000] {processor.py:743} INFO - Processing file /home/airflow/.local/lib/python3.7/site-packages/airflow/example_dags/example_branch_python_dop_operator_3.py for tasks to queue
[2023-06-14T09:18:12.403+0000] {logging_mixin.py:137} INFO - [2023-06-14T09:18:12.403+0000] {dagbag.py:538} INFO - Filling up the DagBag from /home/airflow/.local/lib/python3.7/site-packages/airflow/example_dags/example_branch_python_dop_operator_3.py
[2023-06-14T09:18:12.418+0000] {processor.py:753} INFO - DAG(s) dict_keys(['example_branch_dop_operator_v3']) retrieved from /home/airflow/.local/lib/python3.7/site-packages/airflow/example_dags/example_branch_python_dop_operator_3.py
[2023-06-14T09:18:12.436+0000] {logging_mixin.py:137} INFO - [2023-06-14T09:18:12.436+0000] {dag.py:2690} INFO - Sync 1 DAGs
[2023-06-14T09:18:12.452+0000] {logging_mixin.py:137} INFO - [2023-06-14T09:18:12.452+0000] {dag.py:3441} INFO - Setting next_dagrun for example_branch_dop_operator_v3 to 2023-06-14T09:17:00+00:00, run_after=2023-06-14T09:18:00+00:00
[2023-06-14T09:18:12.464+0000] {processor.py:175} INFO - Processing /home/airflow/.local/lib/python3.7/site-packages/airflow/example_dags/example_branch_python_dop_operator_3.py took 0.065 seconds
[2023-06-14T09:18:42.511+0000] {processor.py:153} INFO - Started process (PID=339) to work on /home/airflow/.local/lib/python3.7/site-packages/airflow/example_dags/example_branch_python_dop_operator_3.py
[2023-06-14T09:18:42.512+0000] {processor.py:743} INFO - Processing file /home/airflow/.local/lib/python3.7/site-packages/airflow/example_dags/example_branch_python_dop_operator_3.py for tasks to queue
[2023-06-14T09:18:42.513+0000] {logging_mixin.py:137} INFO - [2023-06-14T09:18:42.513+0000] {dagbag.py:538} INFO - Filling up the DagBag from /home/airflow/.local/lib/python3.7/site-packages/airflow/example_dags/example_branch_python_dop_operator_3.py
[2023-06-14T09:18:42.527+0000] {processor.py:753} INFO - DAG(s) dict_keys(['example_branch_dop_operator_v3']) retrieved from /home/airflow/.local/lib/python3.7/site-packages/airflow/example_dags/example_branch_python_dop_operator_3.py
[2023-06-14T09:18:42.545+0000] {logging_mixin.py:137} INFO - [2023-06-14T09:18:42.545+0000] {dag.py:2690} INFO - Sync 1 DAGs
[2023-06-14T09:18:42.561+0000] {logging_mixin.py:137} INFO - [2023-06-14T09:18:42.561+0000] {dag.py:3441} INFO - Setting next_dagrun for example_branch_dop_operator_v3 to 2023-06-14T09:17:00+00:00, run_after=2023-06-14T09:18:00+00:00
[2023-06-14T09:18:42.571+0000] {processor.py:175} INFO - Processing /home/airflow/.local/lib/python3.7/site-packages/airflow/example_dags/example_branch_python_dop_operator_3.py took 0.062 seconds
[2023-06-14T09:19:14.029+0000] {processor.py:153} INFO - Started process (PID=415) to work on /home/airflow/.local/lib/python3.7/site-packages/airflow/example_dags/example_branch_python_dop_operator_3.py
[2023-06-14T09:19:14.030+0000] {processor.py:743} INFO - Processing file /home/airflow/.local/lib/python3.7/site-packages/airflow/example_dags/example_branch_python_dop_operator_3.py for tasks to queue
[2023-06-14T09:19:14.031+0000] {logging_mixin.py:137} INFO - [2023-06-14T09:19:14.030+0000] {dagbag.py:538} INFO - Filling up the DagBag from /home/airflow/.local/lib/python3.7/site-packages/airflow/example_dags/example_branch_python_dop_operator_3.py
[2023-06-14T09:19:14.046+0000] {processor.py:753} INFO - DAG(s) dict_keys(['example_branch_dop_operator_v3']) retrieved from /home/airflow/.local/lib/python3.7/site-packages/airflow/example_dags/example_branch_python_dop_operator_3.py
[2023-06-14T09:19:14.066+0000] {logging_mixin.py:137} INFO - [2023-06-14T09:19:14.066+0000] {dag.py:2690} INFO - Sync 1 DAGs
[2023-06-14T09:19:14.084+0000] {logging_mixin.py:137} INFO - [2023-06-14T09:19:14.084+0000] {dag.py:3441} INFO - Setting next_dagrun for example_branch_dop_operator_v3 to 2023-06-14T09:18:00+00:00, run_after=2023-06-14T09:19:00+00:00
[2023-06-14T09:19:14.096+0000] {processor.py:175} INFO - Processing /home/airflow/.local/lib/python3.7/site-packages/airflow/example_dags/example_branch_python_dop_operator_3.py took 0.070 seconds
[2023-06-14T09:19:44.949+0000] {processor.py:153} INFO - Started process (PID=480) to work on /home/airflow/.local/lib/python3.7/site-packages/airflow/example_dags/example_branch_python_dop_operator_3.py
[2023-06-14T09:19:44.951+0000] {processor.py:743} INFO - Processing file /home/airflow/.local/lib/python3.7/site-packages/airflow/example_dags/example_branch_python_dop_operator_3.py for tasks to queue
[2023-06-14T09:19:44.953+0000] {logging_mixin.py:137} INFO - [2023-06-14T09:19:44.953+0000] {dagbag.py:538} INFO - Filling up the DagBag from /home/airflow/.local/lib/python3.7/site-packages/airflow/example_dags/example_branch_python_dop_operator_3.py
[2023-06-14T09:19:44.971+0000] {processor.py:753} INFO - DAG(s) dict_keys(['example_branch_dop_operator_v3']) retrieved from /home/airflow/.local/lib/python3.7/site-packages/airflow/example_dags/example_branch_python_dop_operator_3.py
[2023-06-14T09:19:44.995+0000] {logging_mixin.py:137} INFO - [2023-06-14T09:19:44.994+0000] {dag.py:2690} INFO - Sync 1 DAGs
[2023-06-14T09:19:45.020+0000] {logging_mixin.py:137} INFO - [2023-06-14T09:19:45.020+0000] {dag.py:3441} INFO - Setting next_dagrun for example_branch_dop_operator_v3 to 2023-06-14T09:18:00+00:00, run_after=2023-06-14T09:19:00+00:00
[2023-06-14T09:19:45.038+0000] {processor.py:175} INFO - Processing /home/airflow/.local/lib/python3.7/site-packages/airflow/example_dags/example_branch_python_dop_operator_3.py took 0.092 seconds
[2023-06-14T09:20:17.236+0000] {processor.py:153} INFO - Started process (PID=557) to work on /home/airflow/.local/lib/python3.7/site-packages/airflow/example_dags/example_branch_python_dop_operator_3.py
[2023-06-14T09:20:17.251+0000] {processor.py:743} INFO - Processing file /home/airflow/.local/lib/python3.7/site-packages/airflow/example_dags/example_branch_python_dop_operator_3.py for tasks to queue
[2023-06-14T09:20:17.253+0000] {logging_mixin.py:137} INFO - [2023-06-14T09:20:17.253+0000] {dagbag.py:538} INFO - Filling up the DagBag from /home/airflow/.local/lib/python3.7/site-packages/airflow/example_dags/example_branch_python_dop_operator_3.py
[2023-06-14T09:20:17.457+0000] {processor.py:753} INFO - DAG(s) dict_keys(['example_branch_dop_operator_v3']) retrieved from /home/airflow/.local/lib/python3.7/site-packages/airflow/example_dags/example_branch_python_dop_operator_3.py
[2023-06-14T09:20:17.528+0000] {logging_mixin.py:137} INFO - [2023-06-14T09:20:17.528+0000] {dag.py:2690} INFO - Sync 1 DAGs
[2023-06-14T09:20:17.678+0000] {logging_mixin.py:137} INFO - [2023-06-14T09:20:17.678+0000] {dag.py:3441} INFO - Setting next_dagrun for example_branch_dop_operator_v3 to 2023-06-14T09:19:00+00:00, run_after=2023-06-14T09:20:00+00:00
[2023-06-14T09:20:17.716+0000] {processor.py:175} INFO - Processing /home/airflow/.local/lib/python3.7/site-packages/airflow/example_dags/example_branch_python_dop_operator_3.py took 0.501 seconds
[2023-06-14T09:20:48.852+0000] {processor.py:153} INFO - Started process (PID=617) to work on /home/airflow/.local/lib/python3.7/site-packages/airflow/example_dags/example_branch_python_dop_operator_3.py
[2023-06-14T09:20:48.856+0000] {processor.py:743} INFO - Processing file /home/airflow/.local/lib/python3.7/site-packages/airflow/example_dags/example_branch_python_dop_operator_3.py for tasks to queue
[2023-06-14T09:20:48.858+0000] {logging_mixin.py:137} INFO - [2023-06-14T09:20:48.858+0000] {dagbag.py:538} INFO - Filling up the DagBag from /home/airflow/.local/lib/python3.7/site-packages/airflow/example_dags/example_branch_python_dop_operator_3.py
[2023-06-14T09:20:48.891+0000] {processor.py:753} INFO - DAG(s) dict_keys(['example_branch_dop_operator_v3']) retrieved from /home/airflow/.local/lib/python3.7/site-packages/airflow/example_dags/example_branch_python_dop_operator_3.py
[2023-06-14T09:20:48.918+0000] {logging_mixin.py:137} INFO - [2023-06-14T09:20:48.918+0000] {dag.py:2690} INFO - Sync 1 DAGs
[2023-06-14T09:20:48.998+0000] {logging_mixin.py:137} INFO - [2023-06-14T09:20:48.998+0000] {dag.py:3441} INFO - Setting next_dagrun for example_branch_dop_operator_v3 to 2023-06-14T09:19:00+00:00, run_after=2023-06-14T09:20:00+00:00
[2023-06-14T09:20:49.025+0000] {processor.py:175} INFO - Processing /home/airflow/.local/lib/python3.7/site-packages/airflow/example_dags/example_branch_python_dop_operator_3.py took 0.189 seconds
[2023-06-14T09:21:19.458+0000] {processor.py:153} INFO - Started process (PID=684) to work on /home/airflow/.local/lib/python3.7/site-packages/airflow/example_dags/example_branch_python_dop_operator_3.py
[2023-06-14T09:21:19.459+0000] {processor.py:743} INFO - Processing file /home/airflow/.local/lib/python3.7/site-packages/airflow/example_dags/example_branch_python_dop_operator_3.py for tasks to queue
[2023-06-14T09:21:19.460+0000] {logging_mixin.py:137} INFO - [2023-06-14T09:21:19.460+0000] {dagbag.py:538} INFO - Filling up the DagBag from /home/airflow/.local/lib/python3.7/site-packages/airflow/example_dags/example_branch_python_dop_operator_3.py
[2023-06-14T09:21:19.476+0000] {processor.py:753} INFO - DAG(s) dict_keys(['example_branch_dop_operator_v3']) retrieved from /home/airflow/.local/lib/python3.7/site-packages/airflow/example_dags/example_branch_python_dop_operator_3.py
[2023-06-14T09:21:19.496+0000] {logging_mixin.py:137} INFO - [2023-06-14T09:21:19.496+0000] {dag.py:2690} INFO - Sync 1 DAGs
[2023-06-14T09:21:19.514+0000] {logging_mixin.py:137} INFO - [2023-06-14T09:21:19.514+0000] {dag.py:3441} INFO - Setting next_dagrun for example_branch_dop_operator_v3 to 2023-06-14T09:20:00+00:00, run_after=2023-06-14T09:21:00+00:00
[2023-06-14T09:21:19.527+0000] {processor.py:175} INFO - Processing /home/airflow/.local/lib/python3.7/site-packages/airflow/example_dags/example_branch_python_dop_operator_3.py took 0.071 seconds
[2023-06-14T09:21:49.894+0000] {processor.py:153} INFO - Started process (PID=760) to work on /home/airflow/.local/lib/python3.7/site-packages/airflow/example_dags/example_branch_python_dop_operator_3.py
[2023-06-14T09:21:49.895+0000] {processor.py:743} INFO - Processing file /home/airflow/.local/lib/python3.7/site-packages/airflow/example_dags/example_branch_python_dop_operator_3.py for tasks to queue
[2023-06-14T09:21:49.896+0000] {logging_mixin.py:137} INFO - [2023-06-14T09:21:49.896+0000] {dagbag.py:538} INFO - Filling up the DagBag from /home/airflow/.local/lib/python3.7/site-packages/airflow/example_dags/example_branch_python_dop_operator_3.py
[2023-06-14T09:21:49.922+0000] {processor.py:753} INFO - DAG(s) dict_keys(['example_branch_dop_operator_v3']) retrieved from /home/airflow/.local/lib/python3.7/site-packages/airflow/example_dags/example_branch_python_dop_operator_3.py
[2023-06-14T09:21:49.946+0000] {logging_mixin.py:137} INFO - [2023-06-14T09:21:49.946+0000] {dag.py:2690} INFO - Sync 1 DAGs
[2023-06-14T09:21:49.969+0000] {logging_mixin.py:137} INFO - [2023-06-14T09:21:49.969+0000] {dag.py:3441} INFO - Setting next_dagrun for example_branch_dop_operator_v3 to 2023-06-14T09:20:00+00:00, run_after=2023-06-14T09:21:00+00:00
[2023-06-14T09:21:49.984+0000] {processor.py:175} INFO - Processing /home/airflow/.local/lib/python3.7/site-packages/airflow/example_dags/example_branch_python_dop_operator_3.py took 0.093 seconds
[2023-06-14T09:22:20.258+0000] {processor.py:153} INFO - Started process (PID=834) to work on /home/airflow/.local/lib/python3.7/site-packages/airflow/example_dags/example_branch_python_dop_operator_3.py
[2023-06-14T09:22:20.259+0000] {processor.py:743} INFO - Processing file /home/airflow/.local/lib/python3.7/site-packages/airflow/example_dags/example_branch_python_dop_operator_3.py for tasks to queue
[2023-06-14T09:22:20.260+0000] {logging_mixin.py:137} INFO - [2023-06-14T09:22:20.260+0000] {dagbag.py:538} INFO - Filling up the DagBag from /home/airflow/.local/lib/python3.7/site-packages/airflow/example_dags/example_branch_python_dop_operator_3.py
[2023-06-14T09:22:20.279+0000] {processor.py:753} INFO - DAG(s) dict_keys(['example_branch_dop_operator_v3']) retrieved from /home/airflow/.local/lib/python3.7/site-packages/airflow/example_dags/example_branch_python_dop_operator_3.py
[2023-06-14T09:22:20.300+0000] {logging_mixin.py:137} INFO - [2023-06-14T09:22:20.300+0000] {dag.py:2690} INFO - Sync 1 DAGs
[2023-06-14T09:22:20.325+0000] {logging_mixin.py:137} INFO - [2023-06-14T09:22:20.325+0000] {dag.py:3441} INFO - Setting next_dagrun for example_branch_dop_operator_v3 to 2023-06-14T09:21:00+00:00, run_after=2023-06-14T09:22:00+00:00
[2023-06-14T09:22:20.353+0000] {processor.py:175} INFO - Processing /home/airflow/.local/lib/python3.7/site-packages/airflow/example_dags/example_branch_python_dop_operator_3.py took 0.098 seconds
[2023-06-14T09:22:50.578+0000] {processor.py:153} INFO - Started process (PID=901) to work on /home/airflow/.local/lib/python3.7/site-packages/airflow/example_dags/example_branch_python_dop_operator_3.py
[2023-06-14T09:22:50.580+0000] {processor.py:743} INFO - Processing file /home/airflow/.local/lib/python3.7/site-packages/airflow/example_dags/example_branch_python_dop_operator_3.py for tasks to queue
[2023-06-14T09:22:50.580+0000] {logging_mixin.py:137} INFO - [2023-06-14T09:22:50.580+0000] {dagbag.py:538} INFO - Filling up the DagBag from /home/airflow/.local/lib/python3.7/site-packages/airflow/example_dags/example_branch_python_dop_operator_3.py
[2023-06-14T09:22:50.595+0000] {processor.py:753} INFO - DAG(s) dict_keys(['example_branch_dop_operator_v3']) retrieved from /home/airflow/.local/lib/python3.7/site-packages/airflow/example_dags/example_branch_python_dop_operator_3.py
[2023-06-14T09:22:50.615+0000] {logging_mixin.py:137} INFO - [2023-06-14T09:22:50.615+0000] {dag.py:2690} INFO - Sync 1 DAGs
[2023-06-14T09:22:50.636+0000] {logging_mixin.py:137} INFO - [2023-06-14T09:22:50.636+0000] {dag.py:3441} INFO - Setting next_dagrun for example_branch_dop_operator_v3 to 2023-06-14T09:21:00+00:00, run_after=2023-06-14T09:22:00+00:00
[2023-06-14T09:22:50.648+0000] {processor.py:175} INFO - Processing /home/airflow/.local/lib/python3.7/site-packages/airflow/example_dags/example_branch_python_dop_operator_3.py took 0.073 seconds
[2023-06-14T09:23:20.846+0000] {processor.py:153} INFO - Started process (PID=976) to work on /home/airflow/.local/lib/python3.7/site-packages/airflow/example_dags/example_branch_python_dop_operator_3.py
[2023-06-14T09:23:20.848+0000] {processor.py:743} INFO - Processing file /home/airflow/.local/lib/python3.7/site-packages/airflow/example_dags/example_branch_python_dop_operator_3.py for tasks to queue
[2023-06-14T09:23:20.848+0000] {logging_mixin.py:137} INFO - [2023-06-14T09:23:20.848+0000] {dagbag.py:538} INFO - Filling up the DagBag from /home/airflow/.local/lib/python3.7/site-packages/airflow/example_dags/example_branch_python_dop_operator_3.py
[2023-06-14T09:23:20.866+0000] {processor.py:753} INFO - DAG(s) dict_keys(['example_branch_dop_operator_v3']) retrieved from /home/airflow/.local/lib/python3.7/site-packages/airflow/example_dags/example_branch_python_dop_operator_3.py
[2023-06-14T09:23:20.887+0000] {logging_mixin.py:137} INFO - [2023-06-14T09:23:20.887+0000] {dag.py:2690} INFO - Sync 1 DAGs
[2023-06-14T09:23:20.906+0000] {logging_mixin.py:137} INFO - [2023-06-14T09:23:20.906+0000] {dag.py:3441} INFO - Setting next_dagrun for example_branch_dop_operator_v3 to 2023-06-14T09:22:00+00:00, run_after=2023-06-14T09:23:00+00:00
[2023-06-14T09:23:20.919+0000] {processor.py:175} INFO - Processing /home/airflow/.local/lib/python3.7/site-packages/airflow/example_dags/example_branch_python_dop_operator_3.py took 0.075 seconds
[2023-06-14T09:23:51.169+0000] {processor.py:153} INFO - Started process (PID=1052) to work on /home/airflow/.local/lib/python3.7/site-packages/airflow/example_dags/example_branch_python_dop_operator_3.py
[2023-06-14T09:23:51.181+0000] {processor.py:743} INFO - Processing file /home/airflow/.local/lib/python3.7/site-packages/airflow/example_dags/example_branch_python_dop_operator_3.py for tasks to queue
[2023-06-14T09:23:51.183+0000] {logging_mixin.py:137} INFO - [2023-06-14T09:23:51.183+0000] {dagbag.py:538} INFO - Filling up the DagBag from /home/airflow/.local/lib/python3.7/site-packages/airflow/example_dags/example_branch_python_dop_operator_3.py
[2023-06-14T09:23:51.223+0000] {processor.py:753} INFO - DAG(s) dict_keys(['example_branch_dop_operator_v3']) retrieved from /home/airflow/.local/lib/python3.7/site-packages/airflow/example_dags/example_branch_python_dop_operator_3.py
[2023-06-14T09:23:51.250+0000] {logging_mixin.py:137} INFO - [2023-06-14T09:23:51.250+0000] {dag.py:2690} INFO - Sync 1 DAGs
[2023-06-14T09:23:51.274+0000] {logging_mixin.py:137} INFO - [2023-06-14T09:23:51.274+0000] {dag.py:3441} INFO - Setting next_dagrun for example_branch_dop_operator_v3 to 2023-06-14T09:22:00+00:00, run_after=2023-06-14T09:23:00+00:00
[2023-06-14T09:23:51.291+0000] {processor.py:175} INFO - Processing /home/airflow/.local/lib/python3.7/site-packages/airflow/example_dags/example_branch_python_dop_operator_3.py took 0.129 seconds
[2023-06-14T09:24:21.679+0000] {processor.py:153} INFO - Started process (PID=1116) to work on /home/airflow/.local/lib/python3.7/site-packages/airflow/example_dags/example_branch_python_dop_operator_3.py
[2023-06-14T09:24:21.680+0000] {processor.py:743} INFO - Processing file /home/airflow/.local/lib/python3.7/site-packages/airflow/example_dags/example_branch_python_dop_operator_3.py for tasks to queue
[2023-06-14T09:24:21.681+0000] {logging_mixin.py:137} INFO - [2023-06-14T09:24:21.681+0000] {dagbag.py:538} INFO - Filling up the DagBag from /home/airflow/.local/lib/python3.7/site-packages/airflow/example_dags/example_branch_python_dop_operator_3.py
[2023-06-14T09:24:21.697+0000] {processor.py:753} INFO - DAG(s) dict_keys(['example_branch_dop_operator_v3']) retrieved from /home/airflow/.local/lib/python3.7/site-packages/airflow/example_dags/example_branch_python_dop_operator_3.py
[2023-06-14T09:24:21.717+0000] {logging_mixin.py:137} INFO - [2023-06-14T09:24:21.717+0000] {dag.py:2690} INFO - Sync 1 DAGs
[2023-06-14T09:24:21.736+0000] {logging_mixin.py:137} INFO - [2023-06-14T09:24:21.736+0000] {dag.py:3441} INFO - Setting next_dagrun for example_branch_dop_operator_v3 to 2023-06-14T09:23:00+00:00, run_after=2023-06-14T09:24:00+00:00
[2023-06-14T09:24:21.749+0000] {processor.py:175} INFO - Processing /home/airflow/.local/lib/python3.7/site-packages/airflow/example_dags/example_branch_python_dop_operator_3.py took 0.073 seconds
[2023-06-14T09:24:52.411+0000] {processor.py:153} INFO - Started process (PID=1192) to work on /home/airflow/.local/lib/python3.7/site-packages/airflow/example_dags/example_branch_python_dop_operator_3.py
[2023-06-14T09:24:52.412+0000] {processor.py:743} INFO - Processing file /home/airflow/.local/lib/python3.7/site-packages/airflow/example_dags/example_branch_python_dop_operator_3.py for tasks to queue
[2023-06-14T09:24:52.413+0000] {logging_mixin.py:137} INFO - [2023-06-14T09:24:52.413+0000] {dagbag.py:538} INFO - Filling up the DagBag from /home/airflow/.local/lib/python3.7/site-packages/airflow/example_dags/example_branch_python_dop_operator_3.py
[2023-06-14T09:24:52.428+0000] {processor.py:753} INFO - DAG(s) dict_keys(['example_branch_dop_operator_v3']) retrieved from /home/airflow/.local/lib/python3.7/site-packages/airflow/example_dags/example_branch_python_dop_operator_3.py
[2023-06-14T09:24:52.446+0000] {logging_mixin.py:137} INFO - [2023-06-14T09:24:52.446+0000] {dag.py:2690} INFO - Sync 1 DAGs
[2023-06-14T09:24:52.463+0000] {logging_mixin.py:137} INFO - [2023-06-14T09:24:52.463+0000] {dag.py:3441} INFO - Setting next_dagrun for example_branch_dop_operator_v3 to 2023-06-14T09:23:00+00:00, run_after=2023-06-14T09:24:00+00:00
[2023-06-14T09:24:52.474+0000] {processor.py:175} INFO - Processing /home/airflow/.local/lib/python3.7/site-packages/airflow/example_dags/example_branch_python_dop_operator_3.py took 0.067 seconds
[2023-06-14T09:25:22.527+0000] {processor.py:153} INFO - Started process (PID=1266) to work on /home/airflow/.local/lib/python3.7/site-packages/airflow/example_dags/example_branch_python_dop_operator_3.py
[2023-06-14T09:25:22.528+0000] {processor.py:743} INFO - Processing file /home/airflow/.local/lib/python3.7/site-packages/airflow/example_dags/example_branch_python_dop_operator_3.py for tasks to queue
[2023-06-14T09:25:22.529+0000] {logging_mixin.py:137} INFO - [2023-06-14T09:25:22.529+0000] {dagbag.py:538} INFO - Filling up the DagBag from /home/airflow/.local/lib/python3.7/site-packages/airflow/example_dags/example_branch_python_dop_operator_3.py
[2023-06-14T09:25:22.544+0000] {processor.py:753} INFO - DAG(s) dict_keys(['example_branch_dop_operator_v3']) retrieved from /home/airflow/.local/lib/python3.7/site-packages/airflow/example_dags/example_branch_python_dop_operator_3.py
[2023-06-14T09:25:22.564+0000] {logging_mixin.py:137} INFO - [2023-06-14T09:25:22.564+0000] {dag.py:2690} INFO - Sync 1 DAGs
[2023-06-14T09:25:22.582+0000] {logging_mixin.py:137} INFO - [2023-06-14T09:25:22.582+0000] {dag.py:3441} INFO - Setting next_dagrun for example_branch_dop_operator_v3 to 2023-06-14T09:24:00+00:00, run_after=2023-06-14T09:25:00+00:00
[2023-06-14T09:25:22.594+0000] {processor.py:175} INFO - Processing /home/airflow/.local/lib/python3.7/site-packages/airflow/example_dags/example_branch_python_dop_operator_3.py took 0.070 seconds
[2023-06-14T09:25:52.810+0000] {processor.py:153} INFO - Started process (PID=1331) to work on /home/airflow/.local/lib/python3.7/site-packages/airflow/example_dags/example_branch_python_dop_operator_3.py
[2023-06-14T09:25:52.811+0000] {processor.py:743} INFO - Processing file /home/airflow/.local/lib/python3.7/site-packages/airflow/example_dags/example_branch_python_dop_operator_3.py for tasks to queue
[2023-06-14T09:25:52.812+0000] {logging_mixin.py:137} INFO - [2023-06-14T09:25:52.812+0000] {dagbag.py:538} INFO - Filling up the DagBag from /home/airflow/.local/lib/python3.7/site-packages/airflow/example_dags/example_branch_python_dop_operator_3.py
[2023-06-14T09:25:52.829+0000] {processor.py:753} INFO - DAG(s) dict_keys(['example_branch_dop_operator_v3']) retrieved from /home/airflow/.local/lib/python3.7/site-packages/airflow/example_dags/example_branch_python_dop_operator_3.py
[2023-06-14T09:25:52.851+0000] {logging_mixin.py:137} INFO - [2023-06-14T09:25:52.851+0000] {dag.py:2690} INFO - Sync 1 DAGs
[2023-06-14T09:25:52.867+0000] {logging_mixin.py:137} INFO - [2023-06-14T09:25:52.867+0000] {dag.py:3441} INFO - Setting next_dagrun for example_branch_dop_operator_v3 to 2023-06-14T09:24:00+00:00, run_after=2023-06-14T09:25:00+00:00
[2023-06-14T09:25:52.878+0000] {processor.py:175} INFO - Processing /home/airflow/.local/lib/python3.7/site-packages/airflow/example_dags/example_branch_python_dop_operator_3.py took 0.071 seconds
[2023-06-14T09:26:22.927+0000] {processor.py:153} INFO - Started process (PID=1407) to work on /home/airflow/.local/lib/python3.7/site-packages/airflow/example_dags/example_branch_python_dop_operator_3.py
[2023-06-14T09:26:22.928+0000] {processor.py:743} INFO - Processing file /home/airflow/.local/lib/python3.7/site-packages/airflow/example_dags/example_branch_python_dop_operator_3.py for tasks to queue
[2023-06-14T09:26:22.929+0000] {logging_mixin.py:137} INFO - [2023-06-14T09:26:22.929+0000] {dagbag.py:538} INFO - Filling up the DagBag from /home/airflow/.local/lib/python3.7/site-packages/airflow/example_dags/example_branch_python_dop_operator_3.py
[2023-06-14T09:26:22.943+0000] {processor.py:753} INFO - DAG(s) dict_keys(['example_branch_dop_operator_v3']) retrieved from /home/airflow/.local/lib/python3.7/site-packages/airflow/example_dags/example_branch_python_dop_operator_3.py
[2023-06-14T09:26:22.962+0000] {logging_mixin.py:137} INFO - [2023-06-14T09:26:22.962+0000] {dag.py:2690} INFO - Sync 1 DAGs
[2023-06-14T09:26:22.978+0000] {logging_mixin.py:137} INFO - [2023-06-14T09:26:22.978+0000] {dag.py:3441} INFO - Setting next_dagrun for example_branch_dop_operator_v3 to 2023-06-14T09:25:00+00:00, run_after=2023-06-14T09:26:00+00:00
[2023-06-14T09:26:22.989+0000] {processor.py:175} INFO - Processing /home/airflow/.local/lib/python3.7/site-packages/airflow/example_dags/example_branch_python_dop_operator_3.py took 0.065 seconds
