[2023-06-14T09:16:39.253+0000] {processor.py:153} INFO - Started process (PID=36) to work on /home/airflow/.local/lib/python3.7/site-packages/airflow/example_dags/example_sensor_decorator.py
[2023-06-14T09:16:39.254+0000] {processor.py:743} INFO - Processing file /home/airflow/.local/lib/python3.7/site-packages/airflow/example_dags/example_sensor_decorator.py for tasks to queue
[2023-06-14T09:16:39.255+0000] {logging_mixin.py:137} INFO - [2023-06-14T09:16:39.255+0000] {dagbag.py:538} INFO - Filling up the DagBag from /home/airflow/.local/lib/python3.7/site-packages/airflow/example_dags/example_sensor_decorator.py
[2023-06-14T09:16:39.349+0000] {processor.py:753} INFO - DAG(s) dict_keys(['example_sensor_decorator']) retrieved from /home/airflow/.local/lib/python3.7/site-packages/airflow/example_dags/example_sensor_decorator.py
[2023-06-14T09:16:39.396+0000] {logging_mixin.py:137} INFO - [2023-06-14T09:16:39.396+0000] {dag.py:2690} INFO - Sync 1 DAGs
[2023-06-14T09:16:39.425+0000] {logging_mixin.py:137} INFO - [2023-06-14T09:16:39.424+0000] {dag.py:3441} INFO - Setting next_dagrun for example_sensor_decorator to None, run_after=None
[2023-06-14T09:16:39.442+0000] {processor.py:175} INFO - Processing /home/airflow/.local/lib/python3.7/site-packages/airflow/example_dags/example_sensor_decorator.py took 0.192 seconds
[2023-06-14T09:17:09.940+0000] {processor.py:153} INFO - Started process (PID=111) to work on /home/airflow/.local/lib/python3.7/site-packages/airflow/example_dags/example_sensor_decorator.py
[2023-06-14T09:17:09.942+0000] {processor.py:743} INFO - Processing file /home/airflow/.local/lib/python3.7/site-packages/airflow/example_dags/example_sensor_decorator.py for tasks to queue
[2023-06-14T09:17:09.943+0000] {logging_mixin.py:137} INFO - [2023-06-14T09:17:09.942+0000] {dagbag.py:538} INFO - Filling up the DagBag from /home/airflow/.local/lib/python3.7/site-packages/airflow/example_dags/example_sensor_decorator.py
[2023-06-14T09:17:09.958+0000] {processor.py:753} INFO - DAG(s) dict_keys(['example_sensor_decorator']) retrieved from /home/airflow/.local/lib/python3.7/site-packages/airflow/example_dags/example_sensor_decorator.py
[2023-06-14T09:17:09.980+0000] {logging_mixin.py:137} INFO - [2023-06-14T09:17:09.980+0000] {dag.py:2690} INFO - Sync 1 DAGs
[2023-06-14T09:17:09.996+0000] {logging_mixin.py:137} INFO - [2023-06-14T09:17:09.996+0000] {dag.py:3441} INFO - Setting next_dagrun for example_sensor_decorator to None, run_after=None
[2023-06-14T09:17:10.009+0000] {processor.py:175} INFO - Processing /home/airflow/.local/lib/python3.7/site-packages/airflow/example_dags/example_sensor_decorator.py took 0.072 seconds
[2023-06-14T09:17:41.072+0000] {processor.py:153} INFO - Started process (PID=186) to work on /home/airflow/.local/lib/python3.7/site-packages/airflow/example_dags/example_sensor_decorator.py
[2023-06-14T09:17:41.074+0000] {processor.py:743} INFO - Processing file /home/airflow/.local/lib/python3.7/site-packages/airflow/example_dags/example_sensor_decorator.py for tasks to queue
[2023-06-14T09:17:41.075+0000] {logging_mixin.py:137} INFO - [2023-06-14T09:17:41.074+0000] {dagbag.py:538} INFO - Filling up the DagBag from /home/airflow/.local/lib/python3.7/site-packages/airflow/example_dags/example_sensor_decorator.py
[2023-06-14T09:17:41.140+0000] {processor.py:753} INFO - DAG(s) dict_keys(['example_sensor_decorator']) retrieved from /home/airflow/.local/lib/python3.7/site-packages/airflow/example_dags/example_sensor_decorator.py
[2023-06-14T09:17:41.201+0000] {logging_mixin.py:137} INFO - [2023-06-14T09:17:41.200+0000] {dag.py:2690} INFO - Sync 1 DAGs
[2023-06-14T09:17:41.233+0000] {logging_mixin.py:137} INFO - [2023-06-14T09:17:41.233+0000] {dag.py:3441} INFO - Setting next_dagrun for example_sensor_decorator to None, run_after=None
[2023-06-14T09:17:41.258+0000] {processor.py:175} INFO - Processing /home/airflow/.local/lib/python3.7/site-packages/airflow/example_dags/example_sensor_decorator.py took 0.205 seconds
[2023-06-14T09:18:12.001+0000] {processor.py:153} INFO - Started process (PID=255) to work on /home/airflow/.local/lib/python3.7/site-packages/airflow/example_dags/example_sensor_decorator.py
[2023-06-14T09:18:12.003+0000] {processor.py:743} INFO - Processing file /home/airflow/.local/lib/python3.7/site-packages/airflow/example_dags/example_sensor_decorator.py for tasks to queue
[2023-06-14T09:18:12.004+0000] {logging_mixin.py:137} INFO - [2023-06-14T09:18:12.003+0000] {dagbag.py:538} INFO - Filling up the DagBag from /home/airflow/.local/lib/python3.7/site-packages/airflow/example_dags/example_sensor_decorator.py
[2023-06-14T09:18:12.018+0000] {processor.py:753} INFO - DAG(s) dict_keys(['example_sensor_decorator']) retrieved from /home/airflow/.local/lib/python3.7/site-packages/airflow/example_dags/example_sensor_decorator.py
[2023-06-14T09:18:12.034+0000] {logging_mixin.py:137} INFO - [2023-06-14T09:18:12.034+0000] {dag.py:2690} INFO - Sync 1 DAGs
[2023-06-14T09:18:12.048+0000] {logging_mixin.py:137} INFO - [2023-06-14T09:18:12.048+0000] {dag.py:3441} INFO - Setting next_dagrun for example_sensor_decorator to None, run_after=None
[2023-06-14T09:18:12.059+0000] {processor.py:175} INFO - Processing /home/airflow/.local/lib/python3.7/site-packages/airflow/example_dags/example_sensor_decorator.py took 0.060 seconds
[2023-06-14T09:18:42.173+0000] {processor.py:153} INFO - Started process (PID=331) to work on /home/airflow/.local/lib/python3.7/site-packages/airflow/example_dags/example_sensor_decorator.py
[2023-06-14T09:18:42.175+0000] {processor.py:743} INFO - Processing file /home/airflow/.local/lib/python3.7/site-packages/airflow/example_dags/example_sensor_decorator.py for tasks to queue
[2023-06-14T09:18:42.175+0000] {logging_mixin.py:137} INFO - [2023-06-14T09:18:42.175+0000] {dagbag.py:538} INFO - Filling up the DagBag from /home/airflow/.local/lib/python3.7/site-packages/airflow/example_dags/example_sensor_decorator.py
[2023-06-14T09:18:42.190+0000] {processor.py:753} INFO - DAG(s) dict_keys(['example_sensor_decorator']) retrieved from /home/airflow/.local/lib/python3.7/site-packages/airflow/example_dags/example_sensor_decorator.py
[2023-06-14T09:18:42.207+0000] {logging_mixin.py:137} INFO - [2023-06-14T09:18:42.207+0000] {dag.py:2690} INFO - Sync 1 DAGs
[2023-06-14T09:18:42.221+0000] {logging_mixin.py:137} INFO - [2023-06-14T09:18:42.221+0000] {dag.py:3441} INFO - Setting next_dagrun for example_sensor_decorator to None, run_after=None
[2023-06-14T09:18:42.232+0000] {processor.py:175} INFO - Processing /home/airflow/.local/lib/python3.7/site-packages/airflow/example_dags/example_sensor_decorator.py took 0.062 seconds
[2023-06-14T09:19:13.495+0000] {processor.py:153} INFO - Started process (PID=407) to work on /home/airflow/.local/lib/python3.7/site-packages/airflow/example_dags/example_sensor_decorator.py
[2023-06-14T09:19:13.497+0000] {processor.py:743} INFO - Processing file /home/airflow/.local/lib/python3.7/site-packages/airflow/example_dags/example_sensor_decorator.py for tasks to queue
[2023-06-14T09:19:13.498+0000] {logging_mixin.py:137} INFO - [2023-06-14T09:19:13.498+0000] {dagbag.py:538} INFO - Filling up the DagBag from /home/airflow/.local/lib/python3.7/site-packages/airflow/example_dags/example_sensor_decorator.py
[2023-06-14T09:19:13.520+0000] {processor.py:753} INFO - DAG(s) dict_keys(['example_sensor_decorator']) retrieved from /home/airflow/.local/lib/python3.7/site-packages/airflow/example_dags/example_sensor_decorator.py
[2023-06-14T09:19:13.556+0000] {logging_mixin.py:137} INFO - [2023-06-14T09:19:13.556+0000] {dag.py:2690} INFO - Sync 1 DAGs
[2023-06-14T09:19:13.579+0000] {logging_mixin.py:137} INFO - [2023-06-14T09:19:13.579+0000] {dag.py:3441} INFO - Setting next_dagrun for example_sensor_decorator to None, run_after=None
[2023-06-14T09:19:13.599+0000] {processor.py:175} INFO - Processing /home/airflow/.local/lib/python3.7/site-packages/airflow/example_dags/example_sensor_decorator.py took 0.107 seconds
[2023-06-14T09:19:44.062+0000] {processor.py:153} INFO - Started process (PID=472) to work on /home/airflow/.local/lib/python3.7/site-packages/airflow/example_dags/example_sensor_decorator.py
[2023-06-14T09:19:44.066+0000] {processor.py:743} INFO - Processing file /home/airflow/.local/lib/python3.7/site-packages/airflow/example_dags/example_sensor_decorator.py for tasks to queue
[2023-06-14T09:19:44.068+0000] {logging_mixin.py:137} INFO - [2023-06-14T09:19:44.068+0000] {dagbag.py:538} INFO - Filling up the DagBag from /home/airflow/.local/lib/python3.7/site-packages/airflow/example_dags/example_sensor_decorator.py
[2023-06-14T09:19:44.088+0000] {processor.py:753} INFO - DAG(s) dict_keys(['example_sensor_decorator']) retrieved from /home/airflow/.local/lib/python3.7/site-packages/airflow/example_dags/example_sensor_decorator.py
[2023-06-14T09:19:44.111+0000] {logging_mixin.py:137} INFO - [2023-06-14T09:19:44.111+0000] {dag.py:2690} INFO - Sync 1 DAGs
[2023-06-14T09:19:44.124+0000] {logging_mixin.py:137} INFO - [2023-06-14T09:19:44.124+0000] {dag.py:3441} INFO - Setting next_dagrun for example_sensor_decorator to None, run_after=None
[2023-06-14T09:19:44.157+0000] {processor.py:175} INFO - Processing /home/airflow/.local/lib/python3.7/site-packages/airflow/example_dags/example_sensor_decorator.py took 0.098 seconds
[2023-06-14T09:20:15.785+0000] {processor.py:153} INFO - Started process (PID=549) to work on /home/airflow/.local/lib/python3.7/site-packages/airflow/example_dags/example_sensor_decorator.py
[2023-06-14T09:20:15.791+0000] {processor.py:743} INFO - Processing file /home/airflow/.local/lib/python3.7/site-packages/airflow/example_dags/example_sensor_decorator.py for tasks to queue
[2023-06-14T09:20:15.798+0000] {logging_mixin.py:137} INFO - [2023-06-14T09:20:15.795+0000] {dagbag.py:538} INFO - Filling up the DagBag from /home/airflow/.local/lib/python3.7/site-packages/airflow/example_dags/example_sensor_decorator.py
[2023-06-14T09:20:15.869+0000] {processor.py:753} INFO - DAG(s) dict_keys(['example_sensor_decorator']) retrieved from /home/airflow/.local/lib/python3.7/site-packages/airflow/example_dags/example_sensor_decorator.py
[2023-06-14T09:20:16.021+0000] {logging_mixin.py:137} INFO - [2023-06-14T09:20:16.021+0000] {dag.py:2690} INFO - Sync 1 DAGs
[2023-06-14T09:20:16.109+0000] {logging_mixin.py:137} INFO - [2023-06-14T09:20:16.108+0000] {dag.py:3441} INFO - Setting next_dagrun for example_sensor_decorator to None, run_after=None
[2023-06-14T09:20:16.197+0000] {processor.py:175} INFO - Processing /home/airflow/.local/lib/python3.7/site-packages/airflow/example_dags/example_sensor_decorator.py took 0.434 seconds
[2023-06-14T09:20:47.328+0000] {processor.py:153} INFO - Started process (PID=609) to work on /home/airflow/.local/lib/python3.7/site-packages/airflow/example_dags/example_sensor_decorator.py
[2023-06-14T09:20:47.330+0000] {processor.py:743} INFO - Processing file /home/airflow/.local/lib/python3.7/site-packages/airflow/example_dags/example_sensor_decorator.py for tasks to queue
[2023-06-14T09:20:47.332+0000] {logging_mixin.py:137} INFO - [2023-06-14T09:20:47.331+0000] {dagbag.py:538} INFO - Filling up the DagBag from /home/airflow/.local/lib/python3.7/site-packages/airflow/example_dags/example_sensor_decorator.py
[2023-06-14T09:20:47.399+0000] {processor.py:753} INFO - DAG(s) dict_keys(['example_sensor_decorator']) retrieved from /home/airflow/.local/lib/python3.7/site-packages/airflow/example_dags/example_sensor_decorator.py
[2023-06-14T09:20:47.479+0000] {logging_mixin.py:137} INFO - [2023-06-14T09:20:47.479+0000] {dag.py:2690} INFO - Sync 1 DAGs
[2023-06-14T09:20:47.565+0000] {logging_mixin.py:137} INFO - [2023-06-14T09:20:47.565+0000] {dag.py:3441} INFO - Setting next_dagrun for example_sensor_decorator to None, run_after=None
[2023-06-14T09:20:47.623+0000] {processor.py:175} INFO - Processing /home/airflow/.local/lib/python3.7/site-packages/airflow/example_dags/example_sensor_decorator.py took 0.300 seconds
[2023-06-14T09:21:18.129+0000] {processor.py:153} INFO - Started process (PID=676) to work on /home/airflow/.local/lib/python3.7/site-packages/airflow/example_dags/example_sensor_decorator.py
[2023-06-14T09:21:18.130+0000] {processor.py:743} INFO - Processing file /home/airflow/.local/lib/python3.7/site-packages/airflow/example_dags/example_sensor_decorator.py for tasks to queue
[2023-06-14T09:21:18.131+0000] {logging_mixin.py:137} INFO - [2023-06-14T09:21:18.131+0000] {dagbag.py:538} INFO - Filling up the DagBag from /home/airflow/.local/lib/python3.7/site-packages/airflow/example_dags/example_sensor_decorator.py
[2023-06-14T09:21:18.146+0000] {processor.py:753} INFO - DAG(s) dict_keys(['example_sensor_decorator']) retrieved from /home/airflow/.local/lib/python3.7/site-packages/airflow/example_dags/example_sensor_decorator.py
[2023-06-14T09:21:18.169+0000] {logging_mixin.py:137} INFO - [2023-06-14T09:21:18.168+0000] {dag.py:2690} INFO - Sync 1 DAGs
[2023-06-14T09:21:18.184+0000] {logging_mixin.py:137} INFO - [2023-06-14T09:21:18.184+0000] {dag.py:3441} INFO - Setting next_dagrun for example_sensor_decorator to None, run_after=None
[2023-06-14T09:21:18.196+0000] {processor.py:175} INFO - Processing /home/airflow/.local/lib/python3.7/site-packages/airflow/example_dags/example_sensor_decorator.py took 0.070 seconds
[2023-06-14T09:21:48.565+0000] {processor.py:153} INFO - Started process (PID=752) to work on /home/airflow/.local/lib/python3.7/site-packages/airflow/example_dags/example_sensor_decorator.py
[2023-06-14T09:21:48.566+0000] {processor.py:743} INFO - Processing file /home/airflow/.local/lib/python3.7/site-packages/airflow/example_dags/example_sensor_decorator.py for tasks to queue
[2023-06-14T09:21:48.568+0000] {logging_mixin.py:137} INFO - [2023-06-14T09:21:48.567+0000] {dagbag.py:538} INFO - Filling up the DagBag from /home/airflow/.local/lib/python3.7/site-packages/airflow/example_dags/example_sensor_decorator.py
[2023-06-14T09:21:48.583+0000] {processor.py:753} INFO - DAG(s) dict_keys(['example_sensor_decorator']) retrieved from /home/airflow/.local/lib/python3.7/site-packages/airflow/example_dags/example_sensor_decorator.py
[2023-06-14T09:21:48.601+0000] {logging_mixin.py:137} INFO - [2023-06-14T09:21:48.601+0000] {dag.py:2690} INFO - Sync 1 DAGs
[2023-06-14T09:21:48.616+0000] {logging_mixin.py:137} INFO - [2023-06-14T09:21:48.616+0000] {dag.py:3441} INFO - Setting next_dagrun for example_sensor_decorator to None, run_after=None
[2023-06-14T09:21:48.629+0000] {processor.py:175} INFO - Processing /home/airflow/.local/lib/python3.7/site-packages/airflow/example_dags/example_sensor_decorator.py took 0.066 seconds
[2023-06-14T09:22:18.763+0000] {processor.py:153} INFO - Started process (PID=817) to work on /home/airflow/.local/lib/python3.7/site-packages/airflow/example_dags/example_sensor_decorator.py
[2023-06-14T09:22:18.764+0000] {processor.py:743} INFO - Processing file /home/airflow/.local/lib/python3.7/site-packages/airflow/example_dags/example_sensor_decorator.py for tasks to queue
[2023-06-14T09:22:18.765+0000] {logging_mixin.py:137} INFO - [2023-06-14T09:22:18.765+0000] {dagbag.py:538} INFO - Filling up the DagBag from /home/airflow/.local/lib/python3.7/site-packages/airflow/example_dags/example_sensor_decorator.py
[2023-06-14T09:22:18.782+0000] {processor.py:753} INFO - DAG(s) dict_keys(['example_sensor_decorator']) retrieved from /home/airflow/.local/lib/python3.7/site-packages/airflow/example_dags/example_sensor_decorator.py
[2023-06-14T09:22:18.804+0000] {logging_mixin.py:137} INFO - [2023-06-14T09:22:18.804+0000] {dag.py:2690} INFO - Sync 1 DAGs
[2023-06-14T09:22:18.824+0000] {logging_mixin.py:137} INFO - [2023-06-14T09:22:18.824+0000] {dag.py:3441} INFO - Setting next_dagrun for example_sensor_decorator to None, run_after=None
[2023-06-14T09:22:18.838+0000] {processor.py:175} INFO - Processing /home/airflow/.local/lib/python3.7/site-packages/airflow/example_dags/example_sensor_decorator.py took 0.078 seconds
[2023-06-14T09:22:49.249+0000] {processor.py:153} INFO - Started process (PID=893) to work on /home/airflow/.local/lib/python3.7/site-packages/airflow/example_dags/example_sensor_decorator.py
[2023-06-14T09:22:49.250+0000] {processor.py:743} INFO - Processing file /home/airflow/.local/lib/python3.7/site-packages/airflow/example_dags/example_sensor_decorator.py for tasks to queue
[2023-06-14T09:22:49.251+0000] {logging_mixin.py:137} INFO - [2023-06-14T09:22:49.251+0000] {dagbag.py:538} INFO - Filling up the DagBag from /home/airflow/.local/lib/python3.7/site-packages/airflow/example_dags/example_sensor_decorator.py
[2023-06-14T09:22:49.266+0000] {processor.py:753} INFO - DAG(s) dict_keys(['example_sensor_decorator']) retrieved from /home/airflow/.local/lib/python3.7/site-packages/airflow/example_dags/example_sensor_decorator.py
[2023-06-14T09:22:49.284+0000] {logging_mixin.py:137} INFO - [2023-06-14T09:22:49.284+0000] {dag.py:2690} INFO - Sync 1 DAGs
[2023-06-14T09:22:49.299+0000] {logging_mixin.py:137} INFO - [2023-06-14T09:22:49.299+0000] {dag.py:3441} INFO - Setting next_dagrun for example_sensor_decorator to None, run_after=None
[2023-06-14T09:22:49.310+0000] {processor.py:175} INFO - Processing /home/airflow/.local/lib/python3.7/site-packages/airflow/example_dags/example_sensor_decorator.py took 0.065 seconds
[2023-06-14T09:23:19.535+0000] {processor.py:153} INFO - Started process (PID=968) to work on /home/airflow/.local/lib/python3.7/site-packages/airflow/example_dags/example_sensor_decorator.py
[2023-06-14T09:23:19.537+0000] {processor.py:743} INFO - Processing file /home/airflow/.local/lib/python3.7/site-packages/airflow/example_dags/example_sensor_decorator.py for tasks to queue
[2023-06-14T09:23:19.537+0000] {logging_mixin.py:137} INFO - [2023-06-14T09:23:19.537+0000] {dagbag.py:538} INFO - Filling up the DagBag from /home/airflow/.local/lib/python3.7/site-packages/airflow/example_dags/example_sensor_decorator.py
[2023-06-14T09:23:19.553+0000] {processor.py:753} INFO - DAG(s) dict_keys(['example_sensor_decorator']) retrieved from /home/airflow/.local/lib/python3.7/site-packages/airflow/example_dags/example_sensor_decorator.py
[2023-06-14T09:23:19.572+0000] {logging_mixin.py:137} INFO - [2023-06-14T09:23:19.572+0000] {dag.py:2690} INFO - Sync 1 DAGs
[2023-06-14T09:23:19.587+0000] {logging_mixin.py:137} INFO - [2023-06-14T09:23:19.587+0000] {dag.py:3441} INFO - Setting next_dagrun for example_sensor_decorator to None, run_after=None
[2023-06-14T09:23:19.599+0000] {processor.py:175} INFO - Processing /home/airflow/.local/lib/python3.7/site-packages/airflow/example_dags/example_sensor_decorator.py took 0.066 seconds
[2023-06-14T09:23:49.810+0000] {processor.py:153} INFO - Started process (PID=1032) to work on /home/airflow/.local/lib/python3.7/site-packages/airflow/example_dags/example_sensor_decorator.py
[2023-06-14T09:23:49.812+0000] {processor.py:743} INFO - Processing file /home/airflow/.local/lib/python3.7/site-packages/airflow/example_dags/example_sensor_decorator.py for tasks to queue
[2023-06-14T09:23:49.812+0000] {logging_mixin.py:137} INFO - [2023-06-14T09:23:49.812+0000] {dagbag.py:538} INFO - Filling up the DagBag from /home/airflow/.local/lib/python3.7/site-packages/airflow/example_dags/example_sensor_decorator.py
[2023-06-14T09:23:49.828+0000] {processor.py:753} INFO - DAG(s) dict_keys(['example_sensor_decorator']) retrieved from /home/airflow/.local/lib/python3.7/site-packages/airflow/example_dags/example_sensor_decorator.py
[2023-06-14T09:23:49.848+0000] {logging_mixin.py:137} INFO - [2023-06-14T09:23:49.848+0000] {dag.py:2690} INFO - Sync 1 DAGs
[2023-06-14T09:23:49.864+0000] {logging_mixin.py:137} INFO - [2023-06-14T09:23:49.864+0000] {dag.py:3441} INFO - Setting next_dagrun for example_sensor_decorator to None, run_after=None
[2023-06-14T09:23:49.876+0000] {processor.py:175} INFO - Processing /home/airflow/.local/lib/python3.7/site-packages/airflow/example_dags/example_sensor_decorator.py took 0.069 seconds
[2023-06-14T09:24:20.224+0000] {processor.py:153} INFO - Started process (PID=1108) to work on /home/airflow/.local/lib/python3.7/site-packages/airflow/example_dags/example_sensor_decorator.py
[2023-06-14T09:24:20.225+0000] {processor.py:743} INFO - Processing file /home/airflow/.local/lib/python3.7/site-packages/airflow/example_dags/example_sensor_decorator.py for tasks to queue
[2023-06-14T09:24:20.226+0000] {logging_mixin.py:137} INFO - [2023-06-14T09:24:20.226+0000] {dagbag.py:538} INFO - Filling up the DagBag from /home/airflow/.local/lib/python3.7/site-packages/airflow/example_dags/example_sensor_decorator.py
[2023-06-14T09:24:20.241+0000] {processor.py:753} INFO - DAG(s) dict_keys(['example_sensor_decorator']) retrieved from /home/airflow/.local/lib/python3.7/site-packages/airflow/example_dags/example_sensor_decorator.py
[2023-06-14T09:24:20.261+0000] {logging_mixin.py:137} INFO - [2023-06-14T09:24:20.260+0000] {dag.py:2690} INFO - Sync 1 DAGs
[2023-06-14T09:24:20.277+0000] {logging_mixin.py:137} INFO - [2023-06-14T09:24:20.277+0000] {dag.py:3441} INFO - Setting next_dagrun for example_sensor_decorator to None, run_after=None
[2023-06-14T09:24:20.292+0000] {processor.py:175} INFO - Processing /home/airflow/.local/lib/python3.7/site-packages/airflow/example_dags/example_sensor_decorator.py took 0.071 seconds
[2023-06-14T09:24:51.018+0000] {processor.py:153} INFO - Started process (PID=1184) to work on /home/airflow/.local/lib/python3.7/site-packages/airflow/example_dags/example_sensor_decorator.py
[2023-06-14T09:24:51.020+0000] {processor.py:743} INFO - Processing file /home/airflow/.local/lib/python3.7/site-packages/airflow/example_dags/example_sensor_decorator.py for tasks to queue
[2023-06-14T09:24:51.020+0000] {logging_mixin.py:137} INFO - [2023-06-14T09:24:51.020+0000] {dagbag.py:538} INFO - Filling up the DagBag from /home/airflow/.local/lib/python3.7/site-packages/airflow/example_dags/example_sensor_decorator.py
[2023-06-14T09:24:51.035+0000] {processor.py:753} INFO - DAG(s) dict_keys(['example_sensor_decorator']) retrieved from /home/airflow/.local/lib/python3.7/site-packages/airflow/example_dags/example_sensor_decorator.py
[2023-06-14T09:24:51.054+0000] {logging_mixin.py:137} INFO - [2023-06-14T09:24:51.054+0000] {dag.py:2690} INFO - Sync 1 DAGs
[2023-06-14T09:24:51.069+0000] {logging_mixin.py:137} INFO - [2023-06-14T09:24:51.069+0000] {dag.py:3441} INFO - Setting next_dagrun for example_sensor_decorator to None, run_after=None
[2023-06-14T09:24:51.080+0000] {processor.py:175} INFO - Processing /home/airflow/.local/lib/python3.7/site-packages/airflow/example_dags/example_sensor_decorator.py took 0.064 seconds
[2023-06-14T09:25:21.101+0000] {processor.py:153} INFO - Started process (PID=1247) to work on /home/airflow/.local/lib/python3.7/site-packages/airflow/example_dags/example_sensor_decorator.py
[2023-06-14T09:25:21.103+0000] {processor.py:743} INFO - Processing file /home/airflow/.local/lib/python3.7/site-packages/airflow/example_dags/example_sensor_decorator.py for tasks to queue
[2023-06-14T09:25:21.104+0000] {logging_mixin.py:137} INFO - [2023-06-14T09:25:21.104+0000] {dagbag.py:538} INFO - Filling up the DagBag from /home/airflow/.local/lib/python3.7/site-packages/airflow/example_dags/example_sensor_decorator.py
[2023-06-14T09:25:21.119+0000] {processor.py:753} INFO - DAG(s) dict_keys(['example_sensor_decorator']) retrieved from /home/airflow/.local/lib/python3.7/site-packages/airflow/example_dags/example_sensor_decorator.py
[2023-06-14T09:25:21.139+0000] {logging_mixin.py:137} INFO - [2023-06-14T09:25:21.138+0000] {dag.py:2690} INFO - Sync 1 DAGs
[2023-06-14T09:25:21.160+0000] {logging_mixin.py:137} INFO - [2023-06-14T09:25:21.160+0000] {dag.py:3441} INFO - Setting next_dagrun for example_sensor_decorator to None, run_after=None
[2023-06-14T09:25:21.181+0000] {processor.py:175} INFO - Processing /home/airflow/.local/lib/python3.7/site-packages/airflow/example_dags/example_sensor_decorator.py took 0.083 seconds
[2023-06-14T09:25:51.361+0000] {processor.py:153} INFO - Started process (PID=1323) to work on /home/airflow/.local/lib/python3.7/site-packages/airflow/example_dags/example_sensor_decorator.py
[2023-06-14T09:25:51.362+0000] {processor.py:743} INFO - Processing file /home/airflow/.local/lib/python3.7/site-packages/airflow/example_dags/example_sensor_decorator.py for tasks to queue
[2023-06-14T09:25:51.363+0000] {logging_mixin.py:137} INFO - [2023-06-14T09:25:51.363+0000] {dagbag.py:538} INFO - Filling up the DagBag from /home/airflow/.local/lib/python3.7/site-packages/airflow/example_dags/example_sensor_decorator.py
[2023-06-14T09:25:51.378+0000] {processor.py:753} INFO - DAG(s) dict_keys(['example_sensor_decorator']) retrieved from /home/airflow/.local/lib/python3.7/site-packages/airflow/example_dags/example_sensor_decorator.py
[2023-06-14T09:25:51.395+0000] {logging_mixin.py:137} INFO - [2023-06-14T09:25:51.395+0000] {dag.py:2690} INFO - Sync 1 DAGs
[2023-06-14T09:25:51.410+0000] {logging_mixin.py:137} INFO - [2023-06-14T09:25:51.410+0000] {dag.py:3441} INFO - Setting next_dagrun for example_sensor_decorator to None, run_after=None
[2023-06-14T09:25:51.422+0000] {processor.py:175} INFO - Processing /home/airflow/.local/lib/python3.7/site-packages/airflow/example_dags/example_sensor_decorator.py took 0.063 seconds
[2023-06-14T09:26:21.545+0000] {processor.py:153} INFO - Started process (PID=1399) to work on /home/airflow/.local/lib/python3.7/site-packages/airflow/example_dags/example_sensor_decorator.py
[2023-06-14T09:26:21.546+0000] {processor.py:743} INFO - Processing file /home/airflow/.local/lib/python3.7/site-packages/airflow/example_dags/example_sensor_decorator.py for tasks to queue
[2023-06-14T09:26:21.547+0000] {logging_mixin.py:137} INFO - [2023-06-14T09:26:21.547+0000] {dagbag.py:538} INFO - Filling up the DagBag from /home/airflow/.local/lib/python3.7/site-packages/airflow/example_dags/example_sensor_decorator.py
[2023-06-14T09:26:21.561+0000] {processor.py:753} INFO - DAG(s) dict_keys(['example_sensor_decorator']) retrieved from /home/airflow/.local/lib/python3.7/site-packages/airflow/example_dags/example_sensor_decorator.py
[2023-06-14T09:26:21.578+0000] {logging_mixin.py:137} INFO - [2023-06-14T09:26:21.578+0000] {dag.py:2690} INFO - Sync 1 DAGs
[2023-06-14T09:26:21.594+0000] {logging_mixin.py:137} INFO - [2023-06-14T09:26:21.594+0000] {dag.py:3441} INFO - Setting next_dagrun for example_sensor_decorator to None, run_after=None
[2023-06-14T09:26:21.606+0000] {processor.py:175} INFO - Processing /home/airflow/.local/lib/python3.7/site-packages/airflow/example_dags/example_sensor_decorator.py took 0.063 seconds
