[2023-06-14T09:16:40.497+0000] {processor.py:153} INFO - Started process (PID=47) to work on /home/airflow/.local/lib/python3.7/site-packages/airflow/example_dags/example_skip_dag.py
[2023-06-14T09:16:40.498+0000] {processor.py:743} INFO - Processing file /home/airflow/.local/lib/python3.7/site-packages/airflow/example_dags/example_skip_dag.py for tasks to queue
[2023-06-14T09:16:40.499+0000] {logging_mixin.py:137} INFO - [2023-06-14T09:16:40.499+0000] {dagbag.py:538} INFO - Filling up the DagBag from /home/airflow/.local/lib/python3.7/site-packages/airflow/example_dags/example_skip_dag.py
[2023-06-14T09:16:40.516+0000] {processor.py:753} INFO - DAG(s) dict_keys(['example_skip_dag']) retrieved from /home/airflow/.local/lib/python3.7/site-packages/airflow/example_dags/example_skip_dag.py
[2023-06-14T09:16:40.553+0000] {logging_mixin.py:137} INFO - [2023-06-14T09:16:40.553+0000] {dag.py:2690} INFO - Sync 1 DAGs
[2023-06-14T09:16:40.591+0000] {logging_mixin.py:137} INFO - [2023-06-14T09:16:40.591+0000] {dag.py:3441} INFO - Setting next_dagrun for example_skip_dag to 2023-06-13T09:16:40.591252+00:00, run_after=2023-06-14T09:16:40.591252+00:00
[2023-06-14T09:16:40.608+0000] {processor.py:175} INFO - Processing /home/airflow/.local/lib/python3.7/site-packages/airflow/example_dags/example_skip_dag.py took 0.114 seconds
[2023-06-14T09:17:10.642+0000] {processor.py:153} INFO - Started process (PID=122) to work on /home/airflow/.local/lib/python3.7/site-packages/airflow/example_dags/example_skip_dag.py
[2023-06-14T09:17:10.643+0000] {processor.py:743} INFO - Processing file /home/airflow/.local/lib/python3.7/site-packages/airflow/example_dags/example_skip_dag.py for tasks to queue
[2023-06-14T09:17:10.644+0000] {logging_mixin.py:137} INFO - [2023-06-14T09:17:10.644+0000] {dagbag.py:538} INFO - Filling up the DagBag from /home/airflow/.local/lib/python3.7/site-packages/airflow/example_dags/example_skip_dag.py
[2023-06-14T09:17:10.653+0000] {processor.py:753} INFO - DAG(s) dict_keys(['example_skip_dag']) retrieved from /home/airflow/.local/lib/python3.7/site-packages/airflow/example_dags/example_skip_dag.py
[2023-06-14T09:17:10.671+0000] {logging_mixin.py:137} INFO - [2023-06-14T09:17:10.671+0000] {dag.py:2690} INFO - Sync 1 DAGs
[2023-06-14T09:17:10.686+0000] {logging_mixin.py:137} INFO - [2023-06-14T09:17:10.686+0000] {dag.py:3441} INFO - Setting next_dagrun for example_skip_dag to 2023-06-13T09:17:10.686167+00:00, run_after=2023-06-14T09:17:10.686167+00:00
[2023-06-14T09:17:10.697+0000] {processor.py:175} INFO - Processing /home/airflow/.local/lib/python3.7/site-packages/airflow/example_dags/example_skip_dag.py took 0.057 seconds
[2023-06-14T09:17:41.931+0000] {processor.py:153} INFO - Started process (PID=199) to work on /home/airflow/.local/lib/python3.7/site-packages/airflow/example_dags/example_skip_dag.py
[2023-06-14T09:17:41.933+0000] {processor.py:743} INFO - Processing file /home/airflow/.local/lib/python3.7/site-packages/airflow/example_dags/example_skip_dag.py for tasks to queue
[2023-06-14T09:17:41.933+0000] {logging_mixin.py:137} INFO - [2023-06-14T09:17:41.933+0000] {dagbag.py:538} INFO - Filling up the DagBag from /home/airflow/.local/lib/python3.7/site-packages/airflow/example_dags/example_skip_dag.py
[2023-06-14T09:17:41.945+0000] {processor.py:753} INFO - DAG(s) dict_keys(['example_skip_dag']) retrieved from /home/airflow/.local/lib/python3.7/site-packages/airflow/example_dags/example_skip_dag.py
[2023-06-14T09:17:41.969+0000] {logging_mixin.py:137} INFO - [2023-06-14T09:17:41.969+0000] {dag.py:2690} INFO - Sync 1 DAGs
[2023-06-14T09:17:41.996+0000] {logging_mixin.py:137} INFO - [2023-06-14T09:17:41.996+0000] {dag.py:3441} INFO - Setting next_dagrun for example_skip_dag to 2023-06-13T09:17:41.996671+00:00, run_after=2023-06-14T09:17:41.996671+00:00
[2023-06-14T09:17:42.010+0000] {processor.py:175} INFO - Processing /home/airflow/.local/lib/python3.7/site-packages/airflow/example_dags/example_skip_dag.py took 0.082 seconds
[2023-06-14T09:18:12.505+0000] {processor.py:153} INFO - Started process (PID=266) to work on /home/airflow/.local/lib/python3.7/site-packages/airflow/example_dags/example_skip_dag.py
[2023-06-14T09:18:12.506+0000] {processor.py:743} INFO - Processing file /home/airflow/.local/lib/python3.7/site-packages/airflow/example_dags/example_skip_dag.py for tasks to queue
[2023-06-14T09:18:12.507+0000] {logging_mixin.py:137} INFO - [2023-06-14T09:18:12.507+0000] {dagbag.py:538} INFO - Filling up the DagBag from /home/airflow/.local/lib/python3.7/site-packages/airflow/example_dags/example_skip_dag.py
[2023-06-14T09:18:12.516+0000] {processor.py:753} INFO - DAG(s) dict_keys(['example_skip_dag']) retrieved from /home/airflow/.local/lib/python3.7/site-packages/airflow/example_dags/example_skip_dag.py
[2023-06-14T09:18:12.535+0000] {logging_mixin.py:137} INFO - [2023-06-14T09:18:12.535+0000] {dag.py:2690} INFO - Sync 1 DAGs
[2023-06-14T09:18:12.549+0000] {logging_mixin.py:137} INFO - [2023-06-14T09:18:12.549+0000] {dag.py:3441} INFO - Setting next_dagrun for example_skip_dag to 2023-06-13T09:18:12.549124+00:00, run_after=2023-06-14T09:18:12.549124+00:00
[2023-06-14T09:18:12.560+0000] {processor.py:175} INFO - Processing /home/airflow/.local/lib/python3.7/site-packages/airflow/example_dags/example_skip_dag.py took 0.058 seconds
[2023-06-14T09:18:42.686+0000] {processor.py:153} INFO - Started process (PID=342) to work on /home/airflow/.local/lib/python3.7/site-packages/airflow/example_dags/example_skip_dag.py
[2023-06-14T09:18:42.687+0000] {processor.py:743} INFO - Processing file /home/airflow/.local/lib/python3.7/site-packages/airflow/example_dags/example_skip_dag.py for tasks to queue
[2023-06-14T09:18:42.688+0000] {logging_mixin.py:137} INFO - [2023-06-14T09:18:42.688+0000] {dagbag.py:538} INFO - Filling up the DagBag from /home/airflow/.local/lib/python3.7/site-packages/airflow/example_dags/example_skip_dag.py
[2023-06-14T09:18:42.697+0000] {processor.py:753} INFO - DAG(s) dict_keys(['example_skip_dag']) retrieved from /home/airflow/.local/lib/python3.7/site-packages/airflow/example_dags/example_skip_dag.py
[2023-06-14T09:18:42.716+0000] {logging_mixin.py:137} INFO - [2023-06-14T09:18:42.716+0000] {dag.py:2690} INFO - Sync 1 DAGs
[2023-06-14T09:18:42.731+0000] {logging_mixin.py:137} INFO - [2023-06-14T09:18:42.731+0000] {dag.py:3441} INFO - Setting next_dagrun for example_skip_dag to 2023-06-13T09:18:42.731263+00:00, run_after=2023-06-14T09:18:42.731263+00:00
[2023-06-14T09:18:42.741+0000] {processor.py:175} INFO - Processing /home/airflow/.local/lib/python3.7/site-packages/airflow/example_dags/example_skip_dag.py took 0.058 seconds
[2023-06-14T09:19:14.320+0000] {processor.py:153} INFO - Started process (PID=418) to work on /home/airflow/.local/lib/python3.7/site-packages/airflow/example_dags/example_skip_dag.py
[2023-06-14T09:19:14.321+0000] {processor.py:743} INFO - Processing file /home/airflow/.local/lib/python3.7/site-packages/airflow/example_dags/example_skip_dag.py for tasks to queue
[2023-06-14T09:19:14.322+0000] {logging_mixin.py:137} INFO - [2023-06-14T09:19:14.322+0000] {dagbag.py:538} INFO - Filling up the DagBag from /home/airflow/.local/lib/python3.7/site-packages/airflow/example_dags/example_skip_dag.py
[2023-06-14T09:19:14.341+0000] {processor.py:753} INFO - DAG(s) dict_keys(['example_skip_dag']) retrieved from /home/airflow/.local/lib/python3.7/site-packages/airflow/example_dags/example_skip_dag.py
[2023-06-14T09:19:14.365+0000] {logging_mixin.py:137} INFO - [2023-06-14T09:19:14.365+0000] {dag.py:2690} INFO - Sync 1 DAGs
[2023-06-14T09:19:14.383+0000] {logging_mixin.py:137} INFO - [2023-06-14T09:19:14.382+0000] {dag.py:3441} INFO - Setting next_dagrun for example_skip_dag to 2023-06-13T09:19:14.382702+00:00, run_after=2023-06-14T09:19:14.382702+00:00
[2023-06-14T09:19:14.394+0000] {processor.py:175} INFO - Processing /home/airflow/.local/lib/python3.7/site-packages/airflow/example_dags/example_skip_dag.py took 0.079 seconds
[2023-06-14T09:19:45.219+0000] {processor.py:153} INFO - Started process (PID=483) to work on /home/airflow/.local/lib/python3.7/site-packages/airflow/example_dags/example_skip_dag.py
[2023-06-14T09:19:45.222+0000] {processor.py:743} INFO - Processing file /home/airflow/.local/lib/python3.7/site-packages/airflow/example_dags/example_skip_dag.py for tasks to queue
[2023-06-14T09:19:45.223+0000] {logging_mixin.py:137} INFO - [2023-06-14T09:19:45.223+0000] {dagbag.py:538} INFO - Filling up the DagBag from /home/airflow/.local/lib/python3.7/site-packages/airflow/example_dags/example_skip_dag.py
[2023-06-14T09:19:45.238+0000] {processor.py:753} INFO - DAG(s) dict_keys(['example_skip_dag']) retrieved from /home/airflow/.local/lib/python3.7/site-packages/airflow/example_dags/example_skip_dag.py
[2023-06-14T09:19:45.260+0000] {logging_mixin.py:137} INFO - [2023-06-14T09:19:45.260+0000] {dag.py:2690} INFO - Sync 1 DAGs
[2023-06-14T09:19:45.278+0000] {logging_mixin.py:137} INFO - [2023-06-14T09:19:45.278+0000] {dag.py:3441} INFO - Setting next_dagrun for example_skip_dag to 2023-06-13T09:19:45.277938+00:00, run_after=2023-06-14T09:19:45.277938+00:00
[2023-06-14T09:19:45.289+0000] {processor.py:175} INFO - Processing /home/airflow/.local/lib/python3.7/site-packages/airflow/example_dags/example_skip_dag.py took 0.074 seconds
[2023-06-14T09:20:17.966+0000] {processor.py:153} INFO - Started process (PID=560) to work on /home/airflow/.local/lib/python3.7/site-packages/airflow/example_dags/example_skip_dag.py
[2023-06-14T09:20:17.968+0000] {processor.py:743} INFO - Processing file /home/airflow/.local/lib/python3.7/site-packages/airflow/example_dags/example_skip_dag.py for tasks to queue
[2023-06-14T09:20:17.972+0000] {logging_mixin.py:137} INFO - [2023-06-14T09:20:17.970+0000] {dagbag.py:538} INFO - Filling up the DagBag from /home/airflow/.local/lib/python3.7/site-packages/airflow/example_dags/example_skip_dag.py
[2023-06-14T09:20:17.989+0000] {processor.py:753} INFO - DAG(s) dict_keys(['example_skip_dag']) retrieved from /home/airflow/.local/lib/python3.7/site-packages/airflow/example_dags/example_skip_dag.py
[2023-06-14T09:20:18.018+0000] {logging_mixin.py:137} INFO - [2023-06-14T09:20:18.018+0000] {dag.py:2690} INFO - Sync 1 DAGs
[2023-06-14T09:20:18.079+0000] {logging_mixin.py:137} INFO - [2023-06-14T09:20:18.079+0000] {dag.py:3441} INFO - Setting next_dagrun for example_skip_dag to 2023-06-13T09:20:18.078745+00:00, run_after=2023-06-14T09:20:18.078745+00:00
[2023-06-14T09:20:18.118+0000] {processor.py:175} INFO - Processing /home/airflow/.local/lib/python3.7/site-packages/airflow/example_dags/example_skip_dag.py took 0.155 seconds
[2023-06-14T09:20:49.351+0000] {processor.py:153} INFO - Started process (PID=623) to work on /home/airflow/.local/lib/python3.7/site-packages/airflow/example_dags/example_skip_dag.py
[2023-06-14T09:20:49.353+0000] {processor.py:743} INFO - Processing file /home/airflow/.local/lib/python3.7/site-packages/airflow/example_dags/example_skip_dag.py for tasks to queue
[2023-06-14T09:20:49.355+0000] {logging_mixin.py:137} INFO - [2023-06-14T09:20:49.354+0000] {dagbag.py:538} INFO - Filling up the DagBag from /home/airflow/.local/lib/python3.7/site-packages/airflow/example_dags/example_skip_dag.py
[2023-06-14T09:20:49.371+0000] {processor.py:753} INFO - DAG(s) dict_keys(['example_skip_dag']) retrieved from /home/airflow/.local/lib/python3.7/site-packages/airflow/example_dags/example_skip_dag.py
[2023-06-14T09:20:49.398+0000] {logging_mixin.py:137} INFO - [2023-06-14T09:20:49.398+0000] {dag.py:2690} INFO - Sync 1 DAGs
[2023-06-14T09:20:49.425+0000] {logging_mixin.py:137} INFO - [2023-06-14T09:20:49.425+0000] {dag.py:3441} INFO - Setting next_dagrun for example_skip_dag to 2023-06-13T09:20:49.424759+00:00, run_after=2023-06-14T09:20:49.424759+00:00
[2023-06-14T09:20:49.448+0000] {processor.py:175} INFO - Processing /home/airflow/.local/lib/python3.7/site-packages/airflow/example_dags/example_skip_dag.py took 0.100 seconds
[2023-06-14T09:21:19.642+0000] {processor.py:153} INFO - Started process (PID=687) to work on /home/airflow/.local/lib/python3.7/site-packages/airflow/example_dags/example_skip_dag.py
[2023-06-14T09:21:19.644+0000] {processor.py:743} INFO - Processing file /home/airflow/.local/lib/python3.7/site-packages/airflow/example_dags/example_skip_dag.py for tasks to queue
[2023-06-14T09:21:19.645+0000] {logging_mixin.py:137} INFO - [2023-06-14T09:21:19.645+0000] {dagbag.py:538} INFO - Filling up the DagBag from /home/airflow/.local/lib/python3.7/site-packages/airflow/example_dags/example_skip_dag.py
[2023-06-14T09:21:19.655+0000] {processor.py:753} INFO - DAG(s) dict_keys(['example_skip_dag']) retrieved from /home/airflow/.local/lib/python3.7/site-packages/airflow/example_dags/example_skip_dag.py
[2023-06-14T09:21:19.677+0000] {logging_mixin.py:137} INFO - [2023-06-14T09:21:19.677+0000] {dag.py:2690} INFO - Sync 1 DAGs
[2023-06-14T09:21:19.694+0000] {logging_mixin.py:137} INFO - [2023-06-14T09:21:19.694+0000] {dag.py:3441} INFO - Setting next_dagrun for example_skip_dag to 2023-06-13T09:21:19.693893+00:00, run_after=2023-06-14T09:21:19.693893+00:00
[2023-06-14T09:21:19.705+0000] {processor.py:175} INFO - Processing /home/airflow/.local/lib/python3.7/site-packages/airflow/example_dags/example_skip_dag.py took 0.065 seconds
[2023-06-14T09:21:50.105+0000] {processor.py:153} INFO - Started process (PID=763) to work on /home/airflow/.local/lib/python3.7/site-packages/airflow/example_dags/example_skip_dag.py
[2023-06-14T09:21:50.107+0000] {processor.py:743} INFO - Processing file /home/airflow/.local/lib/python3.7/site-packages/airflow/example_dags/example_skip_dag.py for tasks to queue
[2023-06-14T09:21:50.107+0000] {logging_mixin.py:137} INFO - [2023-06-14T09:21:50.107+0000] {dagbag.py:538} INFO - Filling up the DagBag from /home/airflow/.local/lib/python3.7/site-packages/airflow/example_dags/example_skip_dag.py
[2023-06-14T09:21:50.119+0000] {processor.py:753} INFO - DAG(s) dict_keys(['example_skip_dag']) retrieved from /home/airflow/.local/lib/python3.7/site-packages/airflow/example_dags/example_skip_dag.py
[2023-06-14T09:21:50.139+0000] {logging_mixin.py:137} INFO - [2023-06-14T09:21:50.138+0000] {dag.py:2690} INFO - Sync 1 DAGs
[2023-06-14T09:21:50.154+0000] {logging_mixin.py:137} INFO - [2023-06-14T09:21:50.154+0000] {dag.py:3441} INFO - Setting next_dagrun for example_skip_dag to 2023-06-13T09:21:50.154171+00:00, run_after=2023-06-14T09:21:50.154171+00:00
[2023-06-14T09:21:50.166+0000] {processor.py:175} INFO - Processing /home/airflow/.local/lib/python3.7/site-packages/airflow/example_dags/example_skip_dag.py took 0.063 seconds
[2023-06-14T09:22:20.443+0000] {processor.py:153} INFO - Started process (PID=840) to work on /home/airflow/.local/lib/python3.7/site-packages/airflow/example_dags/example_skip_dag.py
[2023-06-14T09:22:20.446+0000] {processor.py:743} INFO - Processing file /home/airflow/.local/lib/python3.7/site-packages/airflow/example_dags/example_skip_dag.py for tasks to queue
[2023-06-14T09:22:20.447+0000] {logging_mixin.py:137} INFO - [2023-06-14T09:22:20.447+0000] {dagbag.py:538} INFO - Filling up the DagBag from /home/airflow/.local/lib/python3.7/site-packages/airflow/example_dags/example_skip_dag.py
[2023-06-14T09:22:20.478+0000] {processor.py:753} INFO - DAG(s) dict_keys(['example_skip_dag']) retrieved from /home/airflow/.local/lib/python3.7/site-packages/airflow/example_dags/example_skip_dag.py
[2023-06-14T09:22:20.508+0000] {logging_mixin.py:137} INFO - [2023-06-14T09:22:20.508+0000] {dag.py:2690} INFO - Sync 1 DAGs
[2023-06-14T09:22:20.533+0000] {logging_mixin.py:137} INFO - [2023-06-14T09:22:20.532+0000] {dag.py:3441} INFO - Setting next_dagrun for example_skip_dag to 2023-06-13T09:22:20.532693+00:00, run_after=2023-06-14T09:22:20.532693+00:00
[2023-06-14T09:22:20.557+0000] {processor.py:175} INFO - Processing /home/airflow/.local/lib/python3.7/site-packages/airflow/example_dags/example_skip_dag.py took 0.116 seconds
[2023-06-14T09:22:50.756+0000] {processor.py:153} INFO - Started process (PID=904) to work on /home/airflow/.local/lib/python3.7/site-packages/airflow/example_dags/example_skip_dag.py
[2023-06-14T09:22:50.757+0000] {processor.py:743} INFO - Processing file /home/airflow/.local/lib/python3.7/site-packages/airflow/example_dags/example_skip_dag.py for tasks to queue
[2023-06-14T09:22:50.758+0000] {logging_mixin.py:137} INFO - [2023-06-14T09:22:50.758+0000] {dagbag.py:538} INFO - Filling up the DagBag from /home/airflow/.local/lib/python3.7/site-packages/airflow/example_dags/example_skip_dag.py
[2023-06-14T09:22:50.768+0000] {processor.py:753} INFO - DAG(s) dict_keys(['example_skip_dag']) retrieved from /home/airflow/.local/lib/python3.7/site-packages/airflow/example_dags/example_skip_dag.py
[2023-06-14T09:22:50.791+0000] {logging_mixin.py:137} INFO - [2023-06-14T09:22:50.791+0000] {dag.py:2690} INFO - Sync 1 DAGs
[2023-06-14T09:22:50.806+0000] {logging_mixin.py:137} INFO - [2023-06-14T09:22:50.806+0000] {dag.py:3441} INFO - Setting next_dagrun for example_skip_dag to 2023-06-13T09:22:50.806440+00:00, run_after=2023-06-14T09:22:50.806440+00:00
[2023-06-14T09:22:50.817+0000] {processor.py:175} INFO - Processing /home/airflow/.local/lib/python3.7/site-packages/airflow/example_dags/example_skip_dag.py took 0.064 seconds
[2023-06-14T09:23:21.032+0000] {processor.py:153} INFO - Started process (PID=979) to work on /home/airflow/.local/lib/python3.7/site-packages/airflow/example_dags/example_skip_dag.py
[2023-06-14T09:23:21.034+0000] {processor.py:743} INFO - Processing file /home/airflow/.local/lib/python3.7/site-packages/airflow/example_dags/example_skip_dag.py for tasks to queue
[2023-06-14T09:23:21.034+0000] {logging_mixin.py:137} INFO - [2023-06-14T09:23:21.034+0000] {dagbag.py:538} INFO - Filling up the DagBag from /home/airflow/.local/lib/python3.7/site-packages/airflow/example_dags/example_skip_dag.py
[2023-06-14T09:23:21.044+0000] {processor.py:753} INFO - DAG(s) dict_keys(['example_skip_dag']) retrieved from /home/airflow/.local/lib/python3.7/site-packages/airflow/example_dags/example_skip_dag.py
[2023-06-14T09:23:21.063+0000] {logging_mixin.py:137} INFO - [2023-06-14T09:23:21.063+0000] {dag.py:2690} INFO - Sync 1 DAGs
[2023-06-14T09:23:21.078+0000] {logging_mixin.py:137} INFO - [2023-06-14T09:23:21.078+0000] {dag.py:3441} INFO - Setting next_dagrun for example_skip_dag to 2023-06-13T09:23:21.077902+00:00, run_after=2023-06-14T09:23:21.077902+00:00
[2023-06-14T09:23:21.088+0000] {processor.py:175} INFO - Processing /home/airflow/.local/lib/python3.7/site-packages/airflow/example_dags/example_skip_dag.py took 0.058 seconds
[2023-06-14T09:23:51.440+0000] {processor.py:153} INFO - Started process (PID=1055) to work on /home/airflow/.local/lib/python3.7/site-packages/airflow/example_dags/example_skip_dag.py
[2023-06-14T09:23:51.441+0000] {processor.py:743} INFO - Processing file /home/airflow/.local/lib/python3.7/site-packages/airflow/example_dags/example_skip_dag.py for tasks to queue
[2023-06-14T09:23:51.442+0000] {logging_mixin.py:137} INFO - [2023-06-14T09:23:51.442+0000] {dagbag.py:538} INFO - Filling up the DagBag from /home/airflow/.local/lib/python3.7/site-packages/airflow/example_dags/example_skip_dag.py
[2023-06-14T09:23:51.453+0000] {processor.py:753} INFO - DAG(s) dict_keys(['example_skip_dag']) retrieved from /home/airflow/.local/lib/python3.7/site-packages/airflow/example_dags/example_skip_dag.py
[2023-06-14T09:23:51.478+0000] {logging_mixin.py:137} INFO - [2023-06-14T09:23:51.478+0000] {dag.py:2690} INFO - Sync 1 DAGs
[2023-06-14T09:23:51.495+0000] {logging_mixin.py:137} INFO - [2023-06-14T09:23:51.495+0000] {dag.py:3441} INFO - Setting next_dagrun for example_skip_dag to 2023-06-13T09:23:51.494826+00:00, run_after=2023-06-14T09:23:51.494826+00:00
[2023-06-14T09:23:51.506+0000] {processor.py:175} INFO - Processing /home/airflow/.local/lib/python3.7/site-packages/airflow/example_dags/example_skip_dag.py took 0.069 seconds
[2023-06-14T09:24:21.900+0000] {processor.py:153} INFO - Started process (PID=1119) to work on /home/airflow/.local/lib/python3.7/site-packages/airflow/example_dags/example_skip_dag.py
[2023-06-14T09:24:21.902+0000] {processor.py:743} INFO - Processing file /home/airflow/.local/lib/python3.7/site-packages/airflow/example_dags/example_skip_dag.py for tasks to queue
[2023-06-14T09:24:21.903+0000] {logging_mixin.py:137} INFO - [2023-06-14T09:24:21.903+0000] {dagbag.py:538} INFO - Filling up the DagBag from /home/airflow/.local/lib/python3.7/site-packages/airflow/example_dags/example_skip_dag.py
[2023-06-14T09:24:21.920+0000] {processor.py:753} INFO - DAG(s) dict_keys(['example_skip_dag']) retrieved from /home/airflow/.local/lib/python3.7/site-packages/airflow/example_dags/example_skip_dag.py
[2023-06-14T09:24:21.951+0000] {logging_mixin.py:137} INFO - [2023-06-14T09:24:21.951+0000] {dag.py:2690} INFO - Sync 1 DAGs
[2023-06-14T09:24:21.979+0000] {logging_mixin.py:137} INFO - [2023-06-14T09:24:21.979+0000] {dag.py:3441} INFO - Setting next_dagrun for example_skip_dag to 2023-06-13T09:24:21.979564+00:00, run_after=2023-06-14T09:24:21.979564+00:00
[2023-06-14T09:24:22.022+0000] {processor.py:175} INFO - Processing /home/airflow/.local/lib/python3.7/site-packages/airflow/example_dags/example_skip_dag.py took 0.126 seconds
[2023-06-14T09:24:52.520+0000] {processor.py:153} INFO - Started process (PID=1195) to work on /home/airflow/.local/lib/python3.7/site-packages/airflow/example_dags/example_skip_dag.py
[2023-06-14T09:24:52.521+0000] {processor.py:743} INFO - Processing file /home/airflow/.local/lib/python3.7/site-packages/airflow/example_dags/example_skip_dag.py for tasks to queue
[2023-06-14T09:24:52.522+0000] {logging_mixin.py:137} INFO - [2023-06-14T09:24:52.522+0000] {dagbag.py:538} INFO - Filling up the DagBag from /home/airflow/.local/lib/python3.7/site-packages/airflow/example_dags/example_skip_dag.py
[2023-06-14T09:24:52.532+0000] {processor.py:753} INFO - DAG(s) dict_keys(['example_skip_dag']) retrieved from /home/airflow/.local/lib/python3.7/site-packages/airflow/example_dags/example_skip_dag.py
[2023-06-14T09:24:52.551+0000] {logging_mixin.py:137} INFO - [2023-06-14T09:24:52.551+0000] {dag.py:2690} INFO - Sync 1 DAGs
[2023-06-14T09:24:52.567+0000] {logging_mixin.py:137} INFO - [2023-06-14T09:24:52.567+0000] {dag.py:3441} INFO - Setting next_dagrun for example_skip_dag to 2023-06-13T09:24:52.567009+00:00, run_after=2023-06-14T09:24:52.567009+00:00
[2023-06-14T09:24:52.580+0000] {processor.py:175} INFO - Processing /home/airflow/.local/lib/python3.7/site-packages/airflow/example_dags/example_skip_dag.py took 0.063 seconds
[2023-06-14T09:25:22.696+0000] {processor.py:153} INFO - Started process (PID=1269) to work on /home/airflow/.local/lib/python3.7/site-packages/airflow/example_dags/example_skip_dag.py
[2023-06-14T09:25:22.697+0000] {processor.py:743} INFO - Processing file /home/airflow/.local/lib/python3.7/site-packages/airflow/example_dags/example_skip_dag.py for tasks to queue
[2023-06-14T09:25:22.697+0000] {logging_mixin.py:137} INFO - [2023-06-14T09:25:22.697+0000] {dagbag.py:538} INFO - Filling up the DagBag from /home/airflow/.local/lib/python3.7/site-packages/airflow/example_dags/example_skip_dag.py
[2023-06-14T09:25:22.708+0000] {processor.py:753} INFO - DAG(s) dict_keys(['example_skip_dag']) retrieved from /home/airflow/.local/lib/python3.7/site-packages/airflow/example_dags/example_skip_dag.py
[2023-06-14T09:25:22.726+0000] {logging_mixin.py:137} INFO - [2023-06-14T09:25:22.726+0000] {dag.py:2690} INFO - Sync 1 DAGs
[2023-06-14T09:25:22.741+0000] {logging_mixin.py:137} INFO - [2023-06-14T09:25:22.741+0000] {dag.py:3441} INFO - Setting next_dagrun for example_skip_dag to 2023-06-13T09:25:22.741522+00:00, run_after=2023-06-14T09:25:22.741522+00:00
[2023-06-14T09:25:22.752+0000] {processor.py:175} INFO - Processing /home/airflow/.local/lib/python3.7/site-packages/airflow/example_dags/example_skip_dag.py took 0.059 seconds
[2023-06-14T09:25:52.988+0000] {processor.py:153} INFO - Started process (PID=1334) to work on /home/airflow/.local/lib/python3.7/site-packages/airflow/example_dags/example_skip_dag.py
[2023-06-14T09:25:52.990+0000] {processor.py:743} INFO - Processing file /home/airflow/.local/lib/python3.7/site-packages/airflow/example_dags/example_skip_dag.py for tasks to queue
[2023-06-14T09:25:52.991+0000] {logging_mixin.py:137} INFO - [2023-06-14T09:25:52.990+0000] {dagbag.py:538} INFO - Filling up the DagBag from /home/airflow/.local/lib/python3.7/site-packages/airflow/example_dags/example_skip_dag.py
[2023-06-14T09:25:53.001+0000] {processor.py:753} INFO - DAG(s) dict_keys(['example_skip_dag']) retrieved from /home/airflow/.local/lib/python3.7/site-packages/airflow/example_dags/example_skip_dag.py
[2023-06-14T09:25:53.019+0000] {logging_mixin.py:137} INFO - [2023-06-14T09:25:53.019+0000] {dag.py:2690} INFO - Sync 1 DAGs
[2023-06-14T09:25:53.034+0000] {logging_mixin.py:137} INFO - [2023-06-14T09:25:53.034+0000] {dag.py:3441} INFO - Setting next_dagrun for example_skip_dag to 2023-06-13T09:25:53.034704+00:00, run_after=2023-06-14T09:25:53.034704+00:00
[2023-06-14T09:25:53.045+0000] {processor.py:175} INFO - Processing /home/airflow/.local/lib/python3.7/site-packages/airflow/example_dags/example_skip_dag.py took 0.060 seconds
[2023-06-14T09:26:23.104+0000] {processor.py:153} INFO - Started process (PID=1410) to work on /home/airflow/.local/lib/python3.7/site-packages/airflow/example_dags/example_skip_dag.py
[2023-06-14T09:26:23.105+0000] {processor.py:743} INFO - Processing file /home/airflow/.local/lib/python3.7/site-packages/airflow/example_dags/example_skip_dag.py for tasks to queue
[2023-06-14T09:26:23.106+0000] {logging_mixin.py:137} INFO - [2023-06-14T09:26:23.106+0000] {dagbag.py:538} INFO - Filling up the DagBag from /home/airflow/.local/lib/python3.7/site-packages/airflow/example_dags/example_skip_dag.py
[2023-06-14T09:26:23.115+0000] {processor.py:753} INFO - DAG(s) dict_keys(['example_skip_dag']) retrieved from /home/airflow/.local/lib/python3.7/site-packages/airflow/example_dags/example_skip_dag.py
[2023-06-14T09:26:23.134+0000] {logging_mixin.py:137} INFO - [2023-06-14T09:26:23.133+0000] {dag.py:2690} INFO - Sync 1 DAGs
[2023-06-14T09:26:23.149+0000] {logging_mixin.py:137} INFO - [2023-06-14T09:26:23.149+0000] {dag.py:3441} INFO - Setting next_dagrun for example_skip_dag to 2023-06-13T09:26:23.149139+00:00, run_after=2023-06-14T09:26:23.149139+00:00
[2023-06-14T09:26:23.159+0000] {processor.py:175} INFO - Processing /home/airflow/.local/lib/python3.7/site-packages/airflow/example_dags/example_skip_dag.py took 0.059 seconds
