[2023-06-14T09:16:43.175+0000] {processor.py:153} INFO - Started process (PID=76) to work on /home/airflow/.local/lib/python3.7/site-packages/airflow/example_dags/example_sensors.py
[2023-06-14T09:16:43.179+0000] {processor.py:743} INFO - Processing file /home/airflow/.local/lib/python3.7/site-packages/airflow/example_dags/example_sensors.py for tasks to queue
[2023-06-14T09:16:43.181+0000] {logging_mixin.py:137} INFO - [2023-06-14T09:16:43.181+0000] {dagbag.py:538} INFO - Filling up the DagBag from /home/airflow/.local/lib/python3.7/site-packages/airflow/example_dags/example_sensors.py
[2023-06-14T09:16:43.251+0000] {processor.py:753} INFO - DAG(s) dict_keys(['example_sensors']) retrieved from /home/airflow/.local/lib/python3.7/site-packages/airflow/example_dags/example_sensors.py
[2023-06-14T09:16:43.327+0000] {logging_mixin.py:137} INFO - [2023-06-14T09:16:43.325+0000] {dag.py:2690} INFO - Sync 1 DAGs
[2023-06-14T09:16:43.444+0000] {logging_mixin.py:137} INFO - [2023-06-14T09:16:43.444+0000] {dag.py:3441} INFO - Setting next_dagrun for example_sensors to None, run_after=None
[2023-06-14T09:16:43.532+0000] {processor.py:175} INFO - Processing /home/airflow/.local/lib/python3.7/site-packages/airflow/example_dags/example_sensors.py took 0.381 seconds
[2023-06-14T09:17:14.544+0000] {processor.py:153} INFO - Started process (PID=146) to work on /home/airflow/.local/lib/python3.7/site-packages/airflow/example_dags/example_sensors.py
[2023-06-14T09:17:14.546+0000] {processor.py:743} INFO - Processing file /home/airflow/.local/lib/python3.7/site-packages/airflow/example_dags/example_sensors.py for tasks to queue
[2023-06-14T09:17:14.547+0000] {logging_mixin.py:137} INFO - [2023-06-14T09:17:14.547+0000] {dagbag.py:538} INFO - Filling up the DagBag from /home/airflow/.local/lib/python3.7/site-packages/airflow/example_dags/example_sensors.py
[2023-06-14T09:17:14.576+0000] {processor.py:753} INFO - DAG(s) dict_keys(['example_sensors']) retrieved from /home/airflow/.local/lib/python3.7/site-packages/airflow/example_dags/example_sensors.py
[2023-06-14T09:17:14.609+0000] {logging_mixin.py:137} INFO - [2023-06-14T09:17:14.609+0000] {dag.py:2690} INFO - Sync 1 DAGs
[2023-06-14T09:17:14.632+0000] {logging_mixin.py:137} INFO - [2023-06-14T09:17:14.632+0000] {dag.py:3441} INFO - Setting next_dagrun for example_sensors to None, run_after=None
[2023-06-14T09:17:14.645+0000] {processor.py:175} INFO - Processing /home/airflow/.local/lib/python3.7/site-packages/airflow/example_dags/example_sensors.py took 0.106 seconds
[2023-06-14T09:17:45.509+0000] {processor.py:153} INFO - Started process (PID=226) to work on /home/airflow/.local/lib/python3.7/site-packages/airflow/example_dags/example_sensors.py
[2023-06-14T09:17:45.510+0000] {processor.py:743} INFO - Processing file /home/airflow/.local/lib/python3.7/site-packages/airflow/example_dags/example_sensors.py for tasks to queue
[2023-06-14T09:17:45.511+0000] {logging_mixin.py:137} INFO - [2023-06-14T09:17:45.511+0000] {dagbag.py:538} INFO - Filling up the DagBag from /home/airflow/.local/lib/python3.7/site-packages/airflow/example_dags/example_sensors.py
[2023-06-14T09:17:45.529+0000] {processor.py:753} INFO - DAG(s) dict_keys(['example_sensors']) retrieved from /home/airflow/.local/lib/python3.7/site-packages/airflow/example_dags/example_sensors.py
[2023-06-14T09:17:45.550+0000] {logging_mixin.py:137} INFO - [2023-06-14T09:17:45.550+0000] {dag.py:2690} INFO - Sync 1 DAGs
[2023-06-14T09:17:45.563+0000] {logging_mixin.py:137} INFO - [2023-06-14T09:17:45.563+0000] {dag.py:3441} INFO - Setting next_dagrun for example_sensors to None, run_after=None
[2023-06-14T09:17:45.573+0000] {processor.py:175} INFO - Processing /home/airflow/.local/lib/python3.7/site-packages/airflow/example_dags/example_sensors.py took 0.068 seconds
[2023-06-14T09:18:15.698+0000] {processor.py:153} INFO - Started process (PID=299) to work on /home/airflow/.local/lib/python3.7/site-packages/airflow/example_dags/example_sensors.py
[2023-06-14T09:18:15.700+0000] {processor.py:743} INFO - Processing file /home/airflow/.local/lib/python3.7/site-packages/airflow/example_dags/example_sensors.py for tasks to queue
[2023-06-14T09:18:15.701+0000] {logging_mixin.py:137} INFO - [2023-06-14T09:18:15.701+0000] {dagbag.py:538} INFO - Filling up the DagBag from /home/airflow/.local/lib/python3.7/site-packages/airflow/example_dags/example_sensors.py
[2023-06-14T09:18:15.715+0000] {processor.py:753} INFO - DAG(s) dict_keys(['example_sensors']) retrieved from /home/airflow/.local/lib/python3.7/site-packages/airflow/example_dags/example_sensors.py
[2023-06-14T09:18:15.740+0000] {logging_mixin.py:137} INFO - [2023-06-14T09:18:15.740+0000] {dag.py:2690} INFO - Sync 1 DAGs
[2023-06-14T09:18:15.755+0000] {logging_mixin.py:137} INFO - [2023-06-14T09:18:15.755+0000] {dag.py:3441} INFO - Setting next_dagrun for example_sensors to None, run_after=None
[2023-06-14T09:18:15.768+0000] {processor.py:175} INFO - Processing /home/airflow/.local/lib/python3.7/site-packages/airflow/example_dags/example_sensors.py took 0.073 seconds
[2023-06-14T09:18:45.828+0000] {processor.py:153} INFO - Started process (PID=366) to work on /home/airflow/.local/lib/python3.7/site-packages/airflow/example_dags/example_sensors.py
[2023-06-14T09:18:45.830+0000] {processor.py:743} INFO - Processing file /home/airflow/.local/lib/python3.7/site-packages/airflow/example_dags/example_sensors.py for tasks to queue
[2023-06-14T09:18:45.832+0000] {logging_mixin.py:137} INFO - [2023-06-14T09:18:45.831+0000] {dagbag.py:538} INFO - Filling up the DagBag from /home/airflow/.local/lib/python3.7/site-packages/airflow/example_dags/example_sensors.py
[2023-06-14T09:18:45.853+0000] {processor.py:753} INFO - DAG(s) dict_keys(['example_sensors']) retrieved from /home/airflow/.local/lib/python3.7/site-packages/airflow/example_dags/example_sensors.py
[2023-06-14T09:18:45.876+0000] {logging_mixin.py:137} INFO - [2023-06-14T09:18:45.876+0000] {dag.py:2690} INFO - Sync 1 DAGs
[2023-06-14T09:18:45.890+0000] {logging_mixin.py:137} INFO - [2023-06-14T09:18:45.890+0000] {dag.py:3441} INFO - Setting next_dagrun for example_sensors to None, run_after=None
[2023-06-14T09:18:45.900+0000] {processor.py:175} INFO - Processing /home/airflow/.local/lib/python3.7/site-packages/airflow/example_dags/example_sensors.py took 0.078 seconds
[2023-06-14T09:19:16.599+0000] {processor.py:153} INFO - Started process (PID=442) to work on /home/airflow/.local/lib/python3.7/site-packages/airflow/example_dags/example_sensors.py
[2023-06-14T09:19:16.601+0000] {processor.py:743} INFO - Processing file /home/airflow/.local/lib/python3.7/site-packages/airflow/example_dags/example_sensors.py for tasks to queue
[2023-06-14T09:19:16.602+0000] {logging_mixin.py:137} INFO - [2023-06-14T09:19:16.602+0000] {dagbag.py:538} INFO - Filling up the DagBag from /home/airflow/.local/lib/python3.7/site-packages/airflow/example_dags/example_sensors.py
[2023-06-14T09:19:16.620+0000] {processor.py:753} INFO - DAG(s) dict_keys(['example_sensors']) retrieved from /home/airflow/.local/lib/python3.7/site-packages/airflow/example_dags/example_sensors.py
[2023-06-14T09:19:16.642+0000] {logging_mixin.py:137} INFO - [2023-06-14T09:19:16.642+0000] {dag.py:2690} INFO - Sync 1 DAGs
[2023-06-14T09:19:16.661+0000] {logging_mixin.py:137} INFO - [2023-06-14T09:19:16.661+0000] {dag.py:3441} INFO - Setting next_dagrun for example_sensors to None, run_after=None
[2023-06-14T09:19:16.674+0000] {processor.py:175} INFO - Processing /home/airflow/.local/lib/python3.7/site-packages/airflow/example_dags/example_sensors.py took 0.079 seconds
[2023-06-14T09:19:48.615+0000] {processor.py:153} INFO - Started process (PID=516) to work on /home/airflow/.local/lib/python3.7/site-packages/airflow/example_dags/example_sensors.py
[2023-06-14T09:19:48.617+0000] {processor.py:743} INFO - Processing file /home/airflow/.local/lib/python3.7/site-packages/airflow/example_dags/example_sensors.py for tasks to queue
[2023-06-14T09:19:48.619+0000] {logging_mixin.py:137} INFO - [2023-06-14T09:19:48.618+0000] {dagbag.py:538} INFO - Filling up the DagBag from /home/airflow/.local/lib/python3.7/site-packages/airflow/example_dags/example_sensors.py
[2023-06-14T09:19:48.643+0000] {processor.py:753} INFO - DAG(s) dict_keys(['example_sensors']) retrieved from /home/airflow/.local/lib/python3.7/site-packages/airflow/example_dags/example_sensors.py
[2023-06-14T09:19:48.692+0000] {logging_mixin.py:137} INFO - [2023-06-14T09:19:48.692+0000] {dag.py:2690} INFO - Sync 1 DAGs
[2023-06-14T09:19:48.743+0000] {logging_mixin.py:137} INFO - [2023-06-14T09:19:48.742+0000] {dag.py:3441} INFO - Setting next_dagrun for example_sensors to None, run_after=None
[2023-06-14T09:19:48.853+0000] {processor.py:175} INFO - Processing /home/airflow/.local/lib/python3.7/site-packages/airflow/example_dags/example_sensors.py took 0.242 seconds
[2023-06-14T09:20:21.899+0000] {processor.py:153} INFO - Started process (PID=583) to work on /home/airflow/.local/lib/python3.7/site-packages/airflow/example_dags/example_sensors.py
[2023-06-14T09:20:21.901+0000] {processor.py:743} INFO - Processing file /home/airflow/.local/lib/python3.7/site-packages/airflow/example_dags/example_sensors.py for tasks to queue
[2023-06-14T09:20:21.902+0000] {logging_mixin.py:137} INFO - [2023-06-14T09:20:21.902+0000] {dagbag.py:538} INFO - Filling up the DagBag from /home/airflow/.local/lib/python3.7/site-packages/airflow/example_dags/example_sensors.py
[2023-06-14T09:20:21.928+0000] {processor.py:753} INFO - DAG(s) dict_keys(['example_sensors']) retrieved from /home/airflow/.local/lib/python3.7/site-packages/airflow/example_dags/example_sensors.py
[2023-06-14T09:20:21.999+0000] {logging_mixin.py:137} INFO - [2023-06-14T09:20:21.998+0000] {dag.py:2690} INFO - Sync 1 DAGs
[2023-06-14T09:20:22.019+0000] {logging_mixin.py:137} INFO - [2023-06-14T09:20:22.019+0000] {dag.py:3441} INFO - Setting next_dagrun for example_sensors to None, run_after=None
[2023-06-14T09:20:22.095+0000] {processor.py:175} INFO - Processing /home/airflow/.local/lib/python3.7/site-packages/airflow/example_dags/example_sensors.py took 0.199 seconds
[2023-06-14T09:20:52.563+0000] {processor.py:153} INFO - Started process (PID=646) to work on /home/airflow/.local/lib/python3.7/site-packages/airflow/example_dags/example_sensors.py
[2023-06-14T09:20:52.564+0000] {processor.py:743} INFO - Processing file /home/airflow/.local/lib/python3.7/site-packages/airflow/example_dags/example_sensors.py for tasks to queue
[2023-06-14T09:20:52.565+0000] {logging_mixin.py:137} INFO - [2023-06-14T09:20:52.565+0000] {dagbag.py:538} INFO - Filling up the DagBag from /home/airflow/.local/lib/python3.7/site-packages/airflow/example_dags/example_sensors.py
[2023-06-14T09:20:52.578+0000] {processor.py:753} INFO - DAG(s) dict_keys(['example_sensors']) retrieved from /home/airflow/.local/lib/python3.7/site-packages/airflow/example_dags/example_sensors.py
[2023-06-14T09:20:52.600+0000] {logging_mixin.py:137} INFO - [2023-06-14T09:20:52.600+0000] {dag.py:2690} INFO - Sync 1 DAGs
[2023-06-14T09:20:52.615+0000] {logging_mixin.py:137} INFO - [2023-06-14T09:20:52.615+0000] {dag.py:3441} INFO - Setting next_dagrun for example_sensors to None, run_after=None
[2023-06-14T09:20:52.626+0000] {processor.py:175} INFO - Processing /home/airflow/.local/lib/python3.7/site-packages/airflow/example_dags/example_sensors.py took 0.066 seconds
[2023-06-14T09:21:23.019+0000] {processor.py:153} INFO - Started process (PID=712) to work on /home/airflow/.local/lib/python3.7/site-packages/airflow/example_dags/example_sensors.py
[2023-06-14T09:21:23.021+0000] {processor.py:743} INFO - Processing file /home/airflow/.local/lib/python3.7/site-packages/airflow/example_dags/example_sensors.py for tasks to queue
[2023-06-14T09:21:23.022+0000] {logging_mixin.py:137} INFO - [2023-06-14T09:21:23.022+0000] {dagbag.py:538} INFO - Filling up the DagBag from /home/airflow/.local/lib/python3.7/site-packages/airflow/example_dags/example_sensors.py
[2023-06-14T09:21:23.044+0000] {processor.py:753} INFO - DAG(s) dict_keys(['example_sensors']) retrieved from /home/airflow/.local/lib/python3.7/site-packages/airflow/example_dags/example_sensors.py
[2023-06-14T09:21:23.069+0000] {logging_mixin.py:137} INFO - [2023-06-14T09:21:23.068+0000] {dag.py:2690} INFO - Sync 1 DAGs
[2023-06-14T09:21:23.103+0000] {logging_mixin.py:137} INFO - [2023-06-14T09:21:23.103+0000] {dag.py:3441} INFO - Setting next_dagrun for example_sensors to None, run_after=None
[2023-06-14T09:21:23.116+0000] {processor.py:175} INFO - Processing /home/airflow/.local/lib/python3.7/site-packages/airflow/example_dags/example_sensors.py took 0.100 seconds
[2023-06-14T09:21:53.197+0000] {processor.py:153} INFO - Started process (PID=786) to work on /home/airflow/.local/lib/python3.7/site-packages/airflow/example_dags/example_sensors.py
[2023-06-14T09:21:53.198+0000] {processor.py:743} INFO - Processing file /home/airflow/.local/lib/python3.7/site-packages/airflow/example_dags/example_sensors.py for tasks to queue
[2023-06-14T09:21:53.199+0000] {logging_mixin.py:137} INFO - [2023-06-14T09:21:53.199+0000] {dagbag.py:538} INFO - Filling up the DagBag from /home/airflow/.local/lib/python3.7/site-packages/airflow/example_dags/example_sensors.py
[2023-06-14T09:21:53.213+0000] {processor.py:753} INFO - DAG(s) dict_keys(['example_sensors']) retrieved from /home/airflow/.local/lib/python3.7/site-packages/airflow/example_dags/example_sensors.py
[2023-06-14T09:21:53.235+0000] {logging_mixin.py:137} INFO - [2023-06-14T09:21:53.235+0000] {dag.py:2690} INFO - Sync 1 DAGs
[2023-06-14T09:21:53.250+0000] {logging_mixin.py:137} INFO - [2023-06-14T09:21:53.250+0000] {dag.py:3441} INFO - Setting next_dagrun for example_sensors to None, run_after=None
[2023-06-14T09:21:53.263+0000] {processor.py:175} INFO - Processing /home/airflow/.local/lib/python3.7/site-packages/airflow/example_dags/example_sensors.py took 0.068 seconds
[2023-06-14T09:22:23.748+0000] {processor.py:153} INFO - Started process (PID=863) to work on /home/airflow/.local/lib/python3.7/site-packages/airflow/example_dags/example_sensors.py
[2023-06-14T09:22:23.749+0000] {processor.py:743} INFO - Processing file /home/airflow/.local/lib/python3.7/site-packages/airflow/example_dags/example_sensors.py for tasks to queue
[2023-06-14T09:22:23.750+0000] {logging_mixin.py:137} INFO - [2023-06-14T09:22:23.750+0000] {dagbag.py:538} INFO - Filling up the DagBag from /home/airflow/.local/lib/python3.7/site-packages/airflow/example_dags/example_sensors.py
[2023-06-14T09:22:23.763+0000] {processor.py:753} INFO - DAG(s) dict_keys(['example_sensors']) retrieved from /home/airflow/.local/lib/python3.7/site-packages/airflow/example_dags/example_sensors.py
[2023-06-14T09:22:23.784+0000] {logging_mixin.py:137} INFO - [2023-06-14T09:22:23.784+0000] {dag.py:2690} INFO - Sync 1 DAGs
[2023-06-14T09:22:23.800+0000] {logging_mixin.py:137} INFO - [2023-06-14T09:22:23.800+0000] {dag.py:3441} INFO - Setting next_dagrun for example_sensors to None, run_after=None
[2023-06-14T09:22:23.812+0000] {processor.py:175} INFO - Processing /home/airflow/.local/lib/python3.7/site-packages/airflow/example_dags/example_sensors.py took 0.066 seconds
[2023-06-14T09:22:53.992+0000] {processor.py:153} INFO - Started process (PID=933) to work on /home/airflow/.local/lib/python3.7/site-packages/airflow/example_dags/example_sensors.py
[2023-06-14T09:22:53.994+0000] {processor.py:743} INFO - Processing file /home/airflow/.local/lib/python3.7/site-packages/airflow/example_dags/example_sensors.py for tasks to queue
[2023-06-14T09:22:53.995+0000] {logging_mixin.py:137} INFO - [2023-06-14T09:22:53.995+0000] {dagbag.py:538} INFO - Filling up the DagBag from /home/airflow/.local/lib/python3.7/site-packages/airflow/example_dags/example_sensors.py
[2023-06-14T09:22:54.009+0000] {processor.py:753} INFO - DAG(s) dict_keys(['example_sensors']) retrieved from /home/airflow/.local/lib/python3.7/site-packages/airflow/example_dags/example_sensors.py
[2023-06-14T09:22:54.035+0000] {logging_mixin.py:137} INFO - [2023-06-14T09:22:54.034+0000] {dag.py:2690} INFO - Sync 1 DAGs
[2023-06-14T09:22:54.051+0000] {logging_mixin.py:137} INFO - [2023-06-14T09:22:54.051+0000] {dag.py:3441} INFO - Setting next_dagrun for example_sensors to None, run_after=None
[2023-06-14T09:22:54.063+0000] {processor.py:175} INFO - Processing /home/airflow/.local/lib/python3.7/site-packages/airflow/example_dags/example_sensors.py took 0.074 seconds
[2023-06-14T09:23:24.275+0000] {processor.py:153} INFO - Started process (PID=1002) to work on /home/airflow/.local/lib/python3.7/site-packages/airflow/example_dags/example_sensors.py
[2023-06-14T09:23:24.276+0000] {processor.py:743} INFO - Processing file /home/airflow/.local/lib/python3.7/site-packages/airflow/example_dags/example_sensors.py for tasks to queue
[2023-06-14T09:23:24.277+0000] {logging_mixin.py:137} INFO - [2023-06-14T09:23:24.277+0000] {dagbag.py:538} INFO - Filling up the DagBag from /home/airflow/.local/lib/python3.7/site-packages/airflow/example_dags/example_sensors.py
[2023-06-14T09:23:24.290+0000] {processor.py:753} INFO - DAG(s) dict_keys(['example_sensors']) retrieved from /home/airflow/.local/lib/python3.7/site-packages/airflow/example_dags/example_sensors.py
[2023-06-14T09:23:24.311+0000] {logging_mixin.py:137} INFO - [2023-06-14T09:23:24.311+0000] {dag.py:2690} INFO - Sync 1 DAGs
[2023-06-14T09:23:24.325+0000] {logging_mixin.py:137} INFO - [2023-06-14T09:23:24.325+0000] {dag.py:3441} INFO - Setting next_dagrun for example_sensors to None, run_after=None
[2023-06-14T09:23:24.335+0000] {processor.py:175} INFO - Processing /home/airflow/.local/lib/python3.7/site-packages/airflow/example_dags/example_sensors.py took 0.063 seconds
[2023-06-14T09:23:54.712+0000] {processor.py:153} INFO - Started process (PID=1078) to work on /home/airflow/.local/lib/python3.7/site-packages/airflow/example_dags/example_sensors.py
[2023-06-14T09:23:54.713+0000] {processor.py:743} INFO - Processing file /home/airflow/.local/lib/python3.7/site-packages/airflow/example_dags/example_sensors.py for tasks to queue
[2023-06-14T09:23:54.714+0000] {logging_mixin.py:137} INFO - [2023-06-14T09:23:54.714+0000] {dagbag.py:538} INFO - Filling up the DagBag from /home/airflow/.local/lib/python3.7/site-packages/airflow/example_dags/example_sensors.py
[2023-06-14T09:23:54.727+0000] {processor.py:753} INFO - DAG(s) dict_keys(['example_sensors']) retrieved from /home/airflow/.local/lib/python3.7/site-packages/airflow/example_dags/example_sensors.py
[2023-06-14T09:23:54.746+0000] {logging_mixin.py:137} INFO - [2023-06-14T09:23:54.746+0000] {dag.py:2690} INFO - Sync 1 DAGs
[2023-06-14T09:23:54.762+0000] {logging_mixin.py:137} INFO - [2023-06-14T09:23:54.762+0000] {dag.py:3441} INFO - Setting next_dagrun for example_sensors to None, run_after=None
[2023-06-14T09:23:54.775+0000] {processor.py:175} INFO - Processing /home/airflow/.local/lib/python3.7/site-packages/airflow/example_dags/example_sensors.py took 0.066 seconds
[2023-06-14T09:24:25.501+0000] {processor.py:153} INFO - Started process (PID=1154) to work on /home/airflow/.local/lib/python3.7/site-packages/airflow/example_dags/example_sensors.py
[2023-06-14T09:24:25.503+0000] {processor.py:743} INFO - Processing file /home/airflow/.local/lib/python3.7/site-packages/airflow/example_dags/example_sensors.py for tasks to queue
[2023-06-14T09:24:25.504+0000] {logging_mixin.py:137} INFO - [2023-06-14T09:24:25.504+0000] {dagbag.py:538} INFO - Filling up the DagBag from /home/airflow/.local/lib/python3.7/site-packages/airflow/example_dags/example_sensors.py
[2023-06-14T09:24:25.517+0000] {processor.py:753} INFO - DAG(s) dict_keys(['example_sensors']) retrieved from /home/airflow/.local/lib/python3.7/site-packages/airflow/example_dags/example_sensors.py
[2023-06-14T09:24:25.540+0000] {logging_mixin.py:137} INFO - [2023-06-14T09:24:25.539+0000] {dag.py:2690} INFO - Sync 1 DAGs
[2023-06-14T09:24:25.556+0000] {logging_mixin.py:137} INFO - [2023-06-14T09:24:25.556+0000] {dag.py:3441} INFO - Setting next_dagrun for example_sensors to None, run_after=None
[2023-06-14T09:24:25.572+0000] {processor.py:175} INFO - Processing /home/airflow/.local/lib/python3.7/site-packages/airflow/example_dags/example_sensors.py took 0.073 seconds
[2023-06-14T09:24:55.674+0000] {processor.py:153} INFO - Started process (PID=1218) to work on /home/airflow/.local/lib/python3.7/site-packages/airflow/example_dags/example_sensors.py
[2023-06-14T09:24:55.676+0000] {processor.py:743} INFO - Processing file /home/airflow/.local/lib/python3.7/site-packages/airflow/example_dags/example_sensors.py for tasks to queue
[2023-06-14T09:24:55.677+0000] {logging_mixin.py:137} INFO - [2023-06-14T09:24:55.677+0000] {dagbag.py:538} INFO - Filling up the DagBag from /home/airflow/.local/lib/python3.7/site-packages/airflow/example_dags/example_sensors.py
[2023-06-14T09:24:55.694+0000] {processor.py:753} INFO - DAG(s) dict_keys(['example_sensors']) retrieved from /home/airflow/.local/lib/python3.7/site-packages/airflow/example_dags/example_sensors.py
[2023-06-14T09:24:55.725+0000] {logging_mixin.py:137} INFO - [2023-06-14T09:24:55.725+0000] {dag.py:2690} INFO - Sync 1 DAGs
[2023-06-14T09:24:55.742+0000] {logging_mixin.py:137} INFO - [2023-06-14T09:24:55.742+0000] {dag.py:3441} INFO - Setting next_dagrun for example_sensors to None, run_after=None
[2023-06-14T09:24:55.760+0000] {processor.py:175} INFO - Processing /home/airflow/.local/lib/python3.7/site-packages/airflow/example_dags/example_sensors.py took 0.088 seconds
[2023-06-14T09:25:25.870+0000] {processor.py:153} INFO - Started process (PID=1292) to work on /home/airflow/.local/lib/python3.7/site-packages/airflow/example_dags/example_sensors.py
[2023-06-14T09:25:25.871+0000] {processor.py:743} INFO - Processing file /home/airflow/.local/lib/python3.7/site-packages/airflow/example_dags/example_sensors.py for tasks to queue
[2023-06-14T09:25:25.872+0000] {logging_mixin.py:137} INFO - [2023-06-14T09:25:25.872+0000] {dagbag.py:538} INFO - Filling up the DagBag from /home/airflow/.local/lib/python3.7/site-packages/airflow/example_dags/example_sensors.py
[2023-06-14T09:25:25.886+0000] {processor.py:753} INFO - DAG(s) dict_keys(['example_sensors']) retrieved from /home/airflow/.local/lib/python3.7/site-packages/airflow/example_dags/example_sensors.py
[2023-06-14T09:25:25.907+0000] {logging_mixin.py:137} INFO - [2023-06-14T09:25:25.907+0000] {dag.py:2690} INFO - Sync 1 DAGs
[2023-06-14T09:25:25.922+0000] {logging_mixin.py:137} INFO - [2023-06-14T09:25:25.922+0000] {dag.py:3441} INFO - Setting next_dagrun for example_sensors to None, run_after=None
[2023-06-14T09:25:25.933+0000] {processor.py:175} INFO - Processing /home/airflow/.local/lib/python3.7/site-packages/airflow/example_dags/example_sensors.py took 0.066 seconds
[2023-06-14T09:25:56.098+0000] {processor.py:153} INFO - Started process (PID=1369) to work on /home/airflow/.local/lib/python3.7/site-packages/airflow/example_dags/example_sensors.py
[2023-06-14T09:25:56.102+0000] {processor.py:743} INFO - Processing file /home/airflow/.local/lib/python3.7/site-packages/airflow/example_dags/example_sensors.py for tasks to queue
[2023-06-14T09:25:56.103+0000] {logging_mixin.py:137} INFO - [2023-06-14T09:25:56.103+0000] {dagbag.py:538} INFO - Filling up the DagBag from /home/airflow/.local/lib/python3.7/site-packages/airflow/example_dags/example_sensors.py
[2023-06-14T09:25:56.129+0000] {processor.py:753} INFO - DAG(s) dict_keys(['example_sensors']) retrieved from /home/airflow/.local/lib/python3.7/site-packages/airflow/example_dags/example_sensors.py
[2023-06-14T09:25:56.161+0000] {logging_mixin.py:137} INFO - [2023-06-14T09:25:56.161+0000] {dag.py:2690} INFO - Sync 1 DAGs
[2023-06-14T09:25:56.180+0000] {logging_mixin.py:137} INFO - [2023-06-14T09:25:56.180+0000] {dag.py:3441} INFO - Setting next_dagrun for example_sensors to None, run_after=None
[2023-06-14T09:25:56.194+0000] {processor.py:175} INFO - Processing /home/airflow/.local/lib/python3.7/site-packages/airflow/example_dags/example_sensors.py took 0.100 seconds
[2023-06-14T09:26:26.263+0000] {processor.py:153} INFO - Started process (PID=1433) to work on /home/airflow/.local/lib/python3.7/site-packages/airflow/example_dags/example_sensors.py
[2023-06-14T09:26:26.265+0000] {processor.py:743} INFO - Processing file /home/airflow/.local/lib/python3.7/site-packages/airflow/example_dags/example_sensors.py for tasks to queue
[2023-06-14T09:26:26.266+0000] {logging_mixin.py:137} INFO - [2023-06-14T09:26:26.265+0000] {dagbag.py:538} INFO - Filling up the DagBag from /home/airflow/.local/lib/python3.7/site-packages/airflow/example_dags/example_sensors.py
[2023-06-14T09:26:26.281+0000] {processor.py:753} INFO - DAG(s) dict_keys(['example_sensors']) retrieved from /home/airflow/.local/lib/python3.7/site-packages/airflow/example_dags/example_sensors.py
[2023-06-14T09:26:26.303+0000] {logging_mixin.py:137} INFO - [2023-06-14T09:26:26.303+0000] {dag.py:2690} INFO - Sync 1 DAGs
[2023-06-14T09:26:26.320+0000] {logging_mixin.py:137} INFO - [2023-06-14T09:26:26.320+0000] {dag.py:3441} INFO - Setting next_dagrun for example_sensors to None, run_after=None
[2023-06-14T09:26:26.343+0000] {processor.py:175} INFO - Processing /home/airflow/.local/lib/python3.7/site-packages/airflow/example_dags/example_sensors.py took 0.083 seconds
