[2023-06-14T09:16:42.447+0000] {processor.py:153} INFO - Started process (PID=63) to work on /home/airflow/.local/lib/python3.7/site-packages/airflow/example_dags/example_external_task_marker_dag.py
[2023-06-14T09:16:42.449+0000] {processor.py:743} INFO - Processing file /home/airflow/.local/lib/python3.7/site-packages/airflow/example_dags/example_external_task_marker_dag.py for tasks to queue
[2023-06-14T09:16:42.450+0000] {logging_mixin.py:137} INFO - [2023-06-14T09:16:42.450+0000] {dagbag.py:538} INFO - Filling up the DagBag from /home/airflow/.local/lib/python3.7/site-packages/airflow/example_dags/example_external_task_marker_dag.py
[2023-06-14T09:16:42.467+0000] {processor.py:753} INFO - DAG(s) dict_keys(['example_external_task_marker_parent', 'example_external_task_marker_child']) retrieved from /home/airflow/.local/lib/python3.7/site-packages/airflow/example_dags/example_external_task_marker_dag.py
[2023-06-14T09:16:42.515+0000] {logging_mixin.py:137} INFO - [2023-06-14T09:16:42.515+0000] {dag.py:2690} INFO - Sync 2 DAGs
[2023-06-14T09:16:42.532+0000] {logging_mixin.py:137} INFO - [2023-06-14T09:16:42.532+0000] {dag.py:3441} INFO - Setting next_dagrun for example_external_task_marker_child to None, run_after=None
[2023-06-14T09:16:42.535+0000] {logging_mixin.py:137} INFO - [2023-06-14T09:16:42.535+0000] {dag.py:3441} INFO - Setting next_dagrun for example_external_task_marker_parent to None, run_after=None
[2023-06-14T09:16:42.546+0000] {processor.py:175} INFO - Processing /home/airflow/.local/lib/python3.7/site-packages/airflow/example_dags/example_external_task_marker_dag.py took 0.102 seconds
[2023-06-14T09:17:12.917+0000] {processor.py:153} INFO - Started process (PID=138) to work on /home/airflow/.local/lib/python3.7/site-packages/airflow/example_dags/example_external_task_marker_dag.py
[2023-06-14T09:17:12.919+0000] {processor.py:743} INFO - Processing file /home/airflow/.local/lib/python3.7/site-packages/airflow/example_dags/example_external_task_marker_dag.py for tasks to queue
[2023-06-14T09:17:12.920+0000] {logging_mixin.py:137} INFO - [2023-06-14T09:17:12.920+0000] {dagbag.py:538} INFO - Filling up the DagBag from /home/airflow/.local/lib/python3.7/site-packages/airflow/example_dags/example_external_task_marker_dag.py
[2023-06-14T09:17:12.935+0000] {processor.py:753} INFO - DAG(s) dict_keys(['example_external_task_marker_child', 'example_external_task_marker_parent']) retrieved from /home/airflow/.local/lib/python3.7/site-packages/airflow/example_dags/example_external_task_marker_dag.py
[2023-06-14T09:17:12.967+0000] {logging_mixin.py:137} INFO - [2023-06-14T09:17:12.967+0000] {dag.py:2690} INFO - Sync 2 DAGs
[2023-06-14T09:17:13.003+0000] {logging_mixin.py:137} INFO - [2023-06-14T09:17:13.003+0000] {dag.py:3441} INFO - Setting next_dagrun for example_external_task_marker_child to None, run_after=None
[2023-06-14T09:17:13.009+0000] {logging_mixin.py:137} INFO - [2023-06-14T09:17:13.009+0000] {dag.py:3441} INFO - Setting next_dagrun for example_external_task_marker_parent to None, run_after=None
[2023-06-14T09:17:13.030+0000] {processor.py:175} INFO - Processing /home/airflow/.local/lib/python3.7/site-packages/airflow/example_dags/example_external_task_marker_dag.py took 0.115 seconds
[2023-06-14T09:17:43.092+0000] {processor.py:153} INFO - Started process (PID=218) to work on /home/airflow/.local/lib/python3.7/site-packages/airflow/example_dags/example_external_task_marker_dag.py
[2023-06-14T09:17:43.093+0000] {processor.py:743} INFO - Processing file /home/airflow/.local/lib/python3.7/site-packages/airflow/example_dags/example_external_task_marker_dag.py for tasks to queue
[2023-06-14T09:17:43.093+0000] {logging_mixin.py:137} INFO - [2023-06-14T09:17:43.093+0000] {dagbag.py:538} INFO - Filling up the DagBag from /home/airflow/.local/lib/python3.7/site-packages/airflow/example_dags/example_external_task_marker_dag.py
[2023-06-14T09:17:43.102+0000] {processor.py:753} INFO - DAG(s) dict_keys(['example_external_task_marker_child', 'example_external_task_marker_parent']) retrieved from /home/airflow/.local/lib/python3.7/site-packages/airflow/example_dags/example_external_task_marker_dag.py
[2023-06-14T09:17:43.121+0000] {logging_mixin.py:137} INFO - [2023-06-14T09:17:43.121+0000] {dag.py:2690} INFO - Sync 2 DAGs
[2023-06-14T09:17:43.135+0000] {logging_mixin.py:137} INFO - [2023-06-14T09:17:43.135+0000] {dag.py:3441} INFO - Setting next_dagrun for example_external_task_marker_child to None, run_after=None
[2023-06-14T09:17:43.137+0000] {logging_mixin.py:137} INFO - [2023-06-14T09:17:43.137+0000] {dag.py:3441} INFO - Setting next_dagrun for example_external_task_marker_parent to None, run_after=None
[2023-06-14T09:17:43.145+0000] {processor.py:175} INFO - Processing /home/airflow/.local/lib/python3.7/site-packages/airflow/example_dags/example_external_task_marker_dag.py took 0.056 seconds
[2023-06-14T09:18:13.192+0000] {processor.py:153} INFO - Started process (PID=282) to work on /home/airflow/.local/lib/python3.7/site-packages/airflow/example_dags/example_external_task_marker_dag.py
[2023-06-14T09:18:13.193+0000] {processor.py:743} INFO - Processing file /home/airflow/.local/lib/python3.7/site-packages/airflow/example_dags/example_external_task_marker_dag.py for tasks to queue
[2023-06-14T09:18:13.194+0000] {logging_mixin.py:137} INFO - [2023-06-14T09:18:13.194+0000] {dagbag.py:538} INFO - Filling up the DagBag from /home/airflow/.local/lib/python3.7/site-packages/airflow/example_dags/example_external_task_marker_dag.py
[2023-06-14T09:18:13.204+0000] {processor.py:753} INFO - DAG(s) dict_keys(['example_external_task_marker_child', 'example_external_task_marker_parent']) retrieved from /home/airflow/.local/lib/python3.7/site-packages/airflow/example_dags/example_external_task_marker_dag.py
[2023-06-14T09:18:13.224+0000] {logging_mixin.py:137} INFO - [2023-06-14T09:18:13.224+0000] {dag.py:2690} INFO - Sync 2 DAGs
[2023-06-14T09:18:13.238+0000] {logging_mixin.py:137} INFO - [2023-06-14T09:18:13.238+0000] {dag.py:3441} INFO - Setting next_dagrun for example_external_task_marker_child to None, run_after=None
[2023-06-14T09:18:13.240+0000] {logging_mixin.py:137} INFO - [2023-06-14T09:18:13.240+0000] {dag.py:3441} INFO - Setting next_dagrun for example_external_task_marker_parent to None, run_after=None
[2023-06-14T09:18:13.248+0000] {processor.py:175} INFO - Processing /home/airflow/.local/lib/python3.7/site-packages/airflow/example_dags/example_external_task_marker_dag.py took 0.059 seconds
[2023-06-14T09:18:43.414+0000] {processor.py:153} INFO - Started process (PID=358) to work on /home/airflow/.local/lib/python3.7/site-packages/airflow/example_dags/example_external_task_marker_dag.py
[2023-06-14T09:18:43.416+0000] {processor.py:743} INFO - Processing file /home/airflow/.local/lib/python3.7/site-packages/airflow/example_dags/example_external_task_marker_dag.py for tasks to queue
[2023-06-14T09:18:43.416+0000] {logging_mixin.py:137} INFO - [2023-06-14T09:18:43.416+0000] {dagbag.py:538} INFO - Filling up the DagBag from /home/airflow/.local/lib/python3.7/site-packages/airflow/example_dags/example_external_task_marker_dag.py
[2023-06-14T09:18:43.426+0000] {processor.py:753} INFO - DAG(s) dict_keys(['example_external_task_marker_parent', 'example_external_task_marker_child']) retrieved from /home/airflow/.local/lib/python3.7/site-packages/airflow/example_dags/example_external_task_marker_dag.py
[2023-06-14T09:18:43.448+0000] {logging_mixin.py:137} INFO - [2023-06-14T09:18:43.448+0000] {dag.py:2690} INFO - Sync 2 DAGs
[2023-06-14T09:18:43.466+0000] {logging_mixin.py:137} INFO - [2023-06-14T09:18:43.466+0000] {dag.py:3441} INFO - Setting next_dagrun for example_external_task_marker_child to None, run_after=None
[2023-06-14T09:18:43.469+0000] {logging_mixin.py:137} INFO - [2023-06-14T09:18:43.469+0000] {dag.py:3441} INFO - Setting next_dagrun for example_external_task_marker_parent to None, run_after=None
[2023-06-14T09:18:43.478+0000] {processor.py:175} INFO - Processing /home/airflow/.local/lib/python3.7/site-packages/airflow/example_dags/example_external_task_marker_dag.py took 0.066 seconds
[2023-06-14T09:19:15.179+0000] {processor.py:153} INFO - Started process (PID=434) to work on /home/airflow/.local/lib/python3.7/site-packages/airflow/example_dags/example_external_task_marker_dag.py
[2023-06-14T09:19:15.180+0000] {processor.py:743} INFO - Processing file /home/airflow/.local/lib/python3.7/site-packages/airflow/example_dags/example_external_task_marker_dag.py for tasks to queue
[2023-06-14T09:19:15.182+0000] {logging_mixin.py:137} INFO - [2023-06-14T09:19:15.181+0000] {dagbag.py:538} INFO - Filling up the DagBag from /home/airflow/.local/lib/python3.7/site-packages/airflow/example_dags/example_external_task_marker_dag.py
[2023-06-14T09:19:15.194+0000] {processor.py:753} INFO - DAG(s) dict_keys(['example_external_task_marker_child', 'example_external_task_marker_parent']) retrieved from /home/airflow/.local/lib/python3.7/site-packages/airflow/example_dags/example_external_task_marker_dag.py
[2023-06-14T09:19:15.217+0000] {logging_mixin.py:137} INFO - [2023-06-14T09:19:15.217+0000] {dag.py:2690} INFO - Sync 2 DAGs
[2023-06-14T09:19:15.241+0000] {logging_mixin.py:137} INFO - [2023-06-14T09:19:15.241+0000] {dag.py:3441} INFO - Setting next_dagrun for example_external_task_marker_child to None, run_after=None
[2023-06-14T09:19:15.245+0000] {logging_mixin.py:137} INFO - [2023-06-14T09:19:15.245+0000] {dag.py:3441} INFO - Setting next_dagrun for example_external_task_marker_parent to None, run_after=None
[2023-06-14T09:19:15.258+0000] {processor.py:175} INFO - Processing /home/airflow/.local/lib/python3.7/site-packages/airflow/example_dags/example_external_task_marker_dag.py took 0.082 seconds
[2023-06-14T09:19:47.353+0000] {processor.py:153} INFO - Started process (PID=506) to work on /home/airflow/.local/lib/python3.7/site-packages/airflow/example_dags/example_external_task_marker_dag.py
[2023-06-14T09:19:47.355+0000] {processor.py:743} INFO - Processing file /home/airflow/.local/lib/python3.7/site-packages/airflow/example_dags/example_external_task_marker_dag.py for tasks to queue
[2023-06-14T09:19:47.356+0000] {logging_mixin.py:137} INFO - [2023-06-14T09:19:47.356+0000] {dagbag.py:538} INFO - Filling up the DagBag from /home/airflow/.local/lib/python3.7/site-packages/airflow/example_dags/example_external_task_marker_dag.py
[2023-06-14T09:19:47.383+0000] {processor.py:753} INFO - DAG(s) dict_keys(['example_external_task_marker_parent', 'example_external_task_marker_child']) retrieved from /home/airflow/.local/lib/python3.7/site-packages/airflow/example_dags/example_external_task_marker_dag.py
[2023-06-14T09:19:47.496+0000] {logging_mixin.py:137} INFO - [2023-06-14T09:19:47.496+0000] {dag.py:2690} INFO - Sync 2 DAGs
[2023-06-14T09:19:47.592+0000] {logging_mixin.py:137} INFO - [2023-06-14T09:19:47.592+0000] {dag.py:3441} INFO - Setting next_dagrun for example_external_task_marker_child to None, run_after=None
[2023-06-14T09:19:47.601+0000] {logging_mixin.py:137} INFO - [2023-06-14T09:19:47.601+0000] {dag.py:3441} INFO - Setting next_dagrun for example_external_task_marker_parent to None, run_after=None
[2023-06-14T09:19:47.634+0000] {processor.py:175} INFO - Processing /home/airflow/.local/lib/python3.7/site-packages/airflow/example_dags/example_external_task_marker_dag.py took 0.283 seconds
[2023-06-14T09:20:20.982+0000] {processor.py:153} INFO - Started process (PID=576) to work on /home/airflow/.local/lib/python3.7/site-packages/airflow/example_dags/example_external_task_marker_dag.py
[2023-06-14T09:20:20.990+0000] {processor.py:743} INFO - Processing file /home/airflow/.local/lib/python3.7/site-packages/airflow/example_dags/example_external_task_marker_dag.py for tasks to queue
[2023-06-14T09:20:20.993+0000] {logging_mixin.py:137} INFO - [2023-06-14T09:20:20.992+0000] {dagbag.py:538} INFO - Filling up the DagBag from /home/airflow/.local/lib/python3.7/site-packages/airflow/example_dags/example_external_task_marker_dag.py
[2023-06-14T09:20:21.047+0000] {processor.py:753} INFO - DAG(s) dict_keys(['example_external_task_marker_child', 'example_external_task_marker_parent']) retrieved from /home/airflow/.local/lib/python3.7/site-packages/airflow/example_dags/example_external_task_marker_dag.py
[2023-06-14T09:20:21.095+0000] {logging_mixin.py:137} INFO - [2023-06-14T09:20:21.095+0000] {dag.py:2690} INFO - Sync 2 DAGs
[2023-06-14T09:20:21.168+0000] {logging_mixin.py:137} INFO - [2023-06-14T09:20:21.168+0000] {dag.py:3441} INFO - Setting next_dagrun for example_external_task_marker_child to None, run_after=None
[2023-06-14T09:20:21.176+0000] {logging_mixin.py:137} INFO - [2023-06-14T09:20:21.176+0000] {dag.py:3441} INFO - Setting next_dagrun for example_external_task_marker_parent to None, run_after=None
[2023-06-14T09:20:21.214+0000] {processor.py:175} INFO - Processing /home/airflow/.local/lib/python3.7/site-packages/airflow/example_dags/example_external_task_marker_dag.py took 0.238 seconds
[2023-06-14T09:20:51.268+0000] {processor.py:153} INFO - Started process (PID=639) to work on /home/airflow/.local/lib/python3.7/site-packages/airflow/example_dags/example_external_task_marker_dag.py
[2023-06-14T09:20:51.269+0000] {processor.py:743} INFO - Processing file /home/airflow/.local/lib/python3.7/site-packages/airflow/example_dags/example_external_task_marker_dag.py for tasks to queue
[2023-06-14T09:20:51.270+0000] {logging_mixin.py:137} INFO - [2023-06-14T09:20:51.270+0000] {dagbag.py:538} INFO - Filling up the DagBag from /home/airflow/.local/lib/python3.7/site-packages/airflow/example_dags/example_external_task_marker_dag.py
[2023-06-14T09:20:51.279+0000] {processor.py:753} INFO - DAG(s) dict_keys(['example_external_task_marker_parent', 'example_external_task_marker_child']) retrieved from /home/airflow/.local/lib/python3.7/site-packages/airflow/example_dags/example_external_task_marker_dag.py
[2023-06-14T09:20:51.300+0000] {logging_mixin.py:137} INFO - [2023-06-14T09:20:51.300+0000] {dag.py:2690} INFO - Sync 2 DAGs
[2023-06-14T09:20:51.314+0000] {logging_mixin.py:137} INFO - [2023-06-14T09:20:51.314+0000] {dag.py:3441} INFO - Setting next_dagrun for example_external_task_marker_child to None, run_after=None
[2023-06-14T09:20:51.317+0000] {logging_mixin.py:137} INFO - [2023-06-14T09:20:51.317+0000] {dag.py:3441} INFO - Setting next_dagrun for example_external_task_marker_parent to None, run_after=None
[2023-06-14T09:20:51.326+0000] {processor.py:175} INFO - Processing /home/airflow/.local/lib/python3.7/site-packages/airflow/example_dags/example_external_task_marker_dag.py took 0.060 seconds
[2023-06-14T09:21:21.420+0000] {processor.py:153} INFO - Started process (PID=703) to work on /home/airflow/.local/lib/python3.7/site-packages/airflow/example_dags/example_external_task_marker_dag.py
[2023-06-14T09:21:21.422+0000] {processor.py:743} INFO - Processing file /home/airflow/.local/lib/python3.7/site-packages/airflow/example_dags/example_external_task_marker_dag.py for tasks to queue
[2023-06-14T09:21:21.422+0000] {logging_mixin.py:137} INFO - [2023-06-14T09:21:21.422+0000] {dagbag.py:538} INFO - Filling up the DagBag from /home/airflow/.local/lib/python3.7/site-packages/airflow/example_dags/example_external_task_marker_dag.py
[2023-06-14T09:21:21.433+0000] {processor.py:753} INFO - DAG(s) dict_keys(['example_external_task_marker_child', 'example_external_task_marker_parent']) retrieved from /home/airflow/.local/lib/python3.7/site-packages/airflow/example_dags/example_external_task_marker_dag.py
[2023-06-14T09:21:21.454+0000] {logging_mixin.py:137} INFO - [2023-06-14T09:21:21.454+0000] {dag.py:2690} INFO - Sync 2 DAGs
[2023-06-14T09:21:21.470+0000] {logging_mixin.py:137} INFO - [2023-06-14T09:21:21.470+0000] {dag.py:3441} INFO - Setting next_dagrun for example_external_task_marker_child to None, run_after=None
[2023-06-14T09:21:21.472+0000] {logging_mixin.py:137} INFO - [2023-06-14T09:21:21.472+0000] {dag.py:3441} INFO - Setting next_dagrun for example_external_task_marker_parent to None, run_after=None
[2023-06-14T09:21:21.481+0000] {processor.py:175} INFO - Processing /home/airflow/.local/lib/python3.7/site-packages/airflow/example_dags/example_external_task_marker_dag.py took 0.063 seconds
[2023-06-14T09:21:51.808+0000] {processor.py:153} INFO - Started process (PID=779) to work on /home/airflow/.local/lib/python3.7/site-packages/airflow/example_dags/example_external_task_marker_dag.py
[2023-06-14T09:21:51.810+0000] {processor.py:743} INFO - Processing file /home/airflow/.local/lib/python3.7/site-packages/airflow/example_dags/example_external_task_marker_dag.py for tasks to queue
[2023-06-14T09:21:51.811+0000] {logging_mixin.py:137} INFO - [2023-06-14T09:21:51.810+0000] {dagbag.py:538} INFO - Filling up the DagBag from /home/airflow/.local/lib/python3.7/site-packages/airflow/example_dags/example_external_task_marker_dag.py
[2023-06-14T09:21:51.820+0000] {processor.py:753} INFO - DAG(s) dict_keys(['example_external_task_marker_child', 'example_external_task_marker_parent']) retrieved from /home/airflow/.local/lib/python3.7/site-packages/airflow/example_dags/example_external_task_marker_dag.py
[2023-06-14T09:21:51.841+0000] {logging_mixin.py:137} INFO - [2023-06-14T09:21:51.841+0000] {dag.py:2690} INFO - Sync 2 DAGs
[2023-06-14T09:21:51.856+0000] {logging_mixin.py:137} INFO - [2023-06-14T09:21:51.856+0000] {dag.py:3441} INFO - Setting next_dagrun for example_external_task_marker_child to None, run_after=None
[2023-06-14T09:21:51.858+0000] {logging_mixin.py:137} INFO - [2023-06-14T09:21:51.858+0000] {dag.py:3441} INFO - Setting next_dagrun for example_external_task_marker_parent to None, run_after=None
[2023-06-14T09:21:51.867+0000] {processor.py:175} INFO - Processing /home/airflow/.local/lib/python3.7/site-packages/airflow/example_dags/example_external_task_marker_dag.py took 0.061 seconds
[2023-06-14T09:22:22.368+0000] {processor.py:153} INFO - Started process (PID=856) to work on /home/airflow/.local/lib/python3.7/site-packages/airflow/example_dags/example_external_task_marker_dag.py
[2023-06-14T09:22:22.369+0000] {processor.py:743} INFO - Processing file /home/airflow/.local/lib/python3.7/site-packages/airflow/example_dags/example_external_task_marker_dag.py for tasks to queue
[2023-06-14T09:22:22.370+0000] {logging_mixin.py:137} INFO - [2023-06-14T09:22:22.370+0000] {dagbag.py:538} INFO - Filling up the DagBag from /home/airflow/.local/lib/python3.7/site-packages/airflow/example_dags/example_external_task_marker_dag.py
[2023-06-14T09:22:22.380+0000] {processor.py:753} INFO - DAG(s) dict_keys(['example_external_task_marker_parent', 'example_external_task_marker_child']) retrieved from /home/airflow/.local/lib/python3.7/site-packages/airflow/example_dags/example_external_task_marker_dag.py
[2023-06-14T09:22:22.401+0000] {logging_mixin.py:137} INFO - [2023-06-14T09:22:22.401+0000] {dag.py:2690} INFO - Sync 2 DAGs
[2023-06-14T09:22:22.417+0000] {logging_mixin.py:137} INFO - [2023-06-14T09:22:22.416+0000] {dag.py:3441} INFO - Setting next_dagrun for example_external_task_marker_child to None, run_after=None
[2023-06-14T09:22:22.419+0000] {logging_mixin.py:137} INFO - [2023-06-14T09:22:22.419+0000] {dag.py:3441} INFO - Setting next_dagrun for example_external_task_marker_parent to None, run_after=None
[2023-06-14T09:22:22.428+0000] {processor.py:175} INFO - Processing /home/airflow/.local/lib/python3.7/site-packages/airflow/example_dags/example_external_task_marker_dag.py took 0.063 seconds
[2023-06-14T09:22:52.619+0000] {processor.py:153} INFO - Started process (PID=920) to work on /home/airflow/.local/lib/python3.7/site-packages/airflow/example_dags/example_external_task_marker_dag.py
[2023-06-14T09:22:52.621+0000] {processor.py:743} INFO - Processing file /home/airflow/.local/lib/python3.7/site-packages/airflow/example_dags/example_external_task_marker_dag.py for tasks to queue
[2023-06-14T09:22:52.622+0000] {logging_mixin.py:137} INFO - [2023-06-14T09:22:52.622+0000] {dagbag.py:538} INFO - Filling up the DagBag from /home/airflow/.local/lib/python3.7/site-packages/airflow/example_dags/example_external_task_marker_dag.py
[2023-06-14T09:22:52.632+0000] {processor.py:753} INFO - DAG(s) dict_keys(['example_external_task_marker_child', 'example_external_task_marker_parent']) retrieved from /home/airflow/.local/lib/python3.7/site-packages/airflow/example_dags/example_external_task_marker_dag.py
[2023-06-14T09:22:52.654+0000] {logging_mixin.py:137} INFO - [2023-06-14T09:22:52.654+0000] {dag.py:2690} INFO - Sync 2 DAGs
[2023-06-14T09:22:52.671+0000] {logging_mixin.py:137} INFO - [2023-06-14T09:22:52.671+0000] {dag.py:3441} INFO - Setting next_dagrun for example_external_task_marker_child to None, run_after=None
[2023-06-14T09:22:52.674+0000] {logging_mixin.py:137} INFO - [2023-06-14T09:22:52.674+0000] {dag.py:3441} INFO - Setting next_dagrun for example_external_task_marker_parent to None, run_after=None
[2023-06-14T09:22:52.684+0000] {processor.py:175} INFO - Processing /home/airflow/.local/lib/python3.7/site-packages/airflow/example_dags/example_external_task_marker_dag.py took 0.070 seconds
[2023-06-14T09:23:22.830+0000] {processor.py:153} INFO - Started process (PID=995) to work on /home/airflow/.local/lib/python3.7/site-packages/airflow/example_dags/example_external_task_marker_dag.py
[2023-06-14T09:23:22.831+0000] {processor.py:743} INFO - Processing file /home/airflow/.local/lib/python3.7/site-packages/airflow/example_dags/example_external_task_marker_dag.py for tasks to queue
[2023-06-14T09:23:22.832+0000] {logging_mixin.py:137} INFO - [2023-06-14T09:23:22.832+0000] {dagbag.py:538} INFO - Filling up the DagBag from /home/airflow/.local/lib/python3.7/site-packages/airflow/example_dags/example_external_task_marker_dag.py
[2023-06-14T09:23:22.842+0000] {processor.py:753} INFO - DAG(s) dict_keys(['example_external_task_marker_child', 'example_external_task_marker_parent']) retrieved from /home/airflow/.local/lib/python3.7/site-packages/airflow/example_dags/example_external_task_marker_dag.py
[2023-06-14T09:23:22.863+0000] {logging_mixin.py:137} INFO - [2023-06-14T09:23:22.863+0000] {dag.py:2690} INFO - Sync 2 DAGs
[2023-06-14T09:23:22.878+0000] {logging_mixin.py:137} INFO - [2023-06-14T09:23:22.878+0000] {dag.py:3441} INFO - Setting next_dagrun for example_external_task_marker_child to None, run_after=None
[2023-06-14T09:23:22.880+0000] {logging_mixin.py:137} INFO - [2023-06-14T09:23:22.880+0000] {dag.py:3441} INFO - Setting next_dagrun for example_external_task_marker_parent to None, run_after=None
[2023-06-14T09:23:22.889+0000] {processor.py:175} INFO - Processing /home/airflow/.local/lib/python3.7/site-packages/airflow/example_dags/example_external_task_marker_dag.py took 0.062 seconds
[2023-06-14T09:23:53.296+0000] {processor.py:153} INFO - Started process (PID=1071) to work on /home/airflow/.local/lib/python3.7/site-packages/airflow/example_dags/example_external_task_marker_dag.py
[2023-06-14T09:23:53.297+0000] {processor.py:743} INFO - Processing file /home/airflow/.local/lib/python3.7/site-packages/airflow/example_dags/example_external_task_marker_dag.py for tasks to queue
[2023-06-14T09:23:53.298+0000] {logging_mixin.py:137} INFO - [2023-06-14T09:23:53.298+0000] {dagbag.py:538} INFO - Filling up the DagBag from /home/airflow/.local/lib/python3.7/site-packages/airflow/example_dags/example_external_task_marker_dag.py
[2023-06-14T09:23:53.309+0000] {processor.py:753} INFO - DAG(s) dict_keys(['example_external_task_marker_child', 'example_external_task_marker_parent']) retrieved from /home/airflow/.local/lib/python3.7/site-packages/airflow/example_dags/example_external_task_marker_dag.py
[2023-06-14T09:23:53.332+0000] {logging_mixin.py:137} INFO - [2023-06-14T09:23:53.332+0000] {dag.py:2690} INFO - Sync 2 DAGs
[2023-06-14T09:23:53.348+0000] {logging_mixin.py:137} INFO - [2023-06-14T09:23:53.348+0000] {dag.py:3441} INFO - Setting next_dagrun for example_external_task_marker_child to None, run_after=None
[2023-06-14T09:23:53.350+0000] {logging_mixin.py:137} INFO - [2023-06-14T09:23:53.350+0000] {dag.py:3441} INFO - Setting next_dagrun for example_external_task_marker_parent to None, run_after=None
[2023-06-14T09:23:53.360+0000] {processor.py:175} INFO - Processing /home/airflow/.local/lib/python3.7/site-packages/airflow/example_dags/example_external_task_marker_dag.py took 0.067 seconds
[2023-06-14T09:24:24.012+0000] {processor.py:153} INFO - Started process (PID=1135) to work on /home/airflow/.local/lib/python3.7/site-packages/airflow/example_dags/example_external_task_marker_dag.py
[2023-06-14T09:24:24.014+0000] {processor.py:743} INFO - Processing file /home/airflow/.local/lib/python3.7/site-packages/airflow/example_dags/example_external_task_marker_dag.py for tasks to queue
[2023-06-14T09:24:24.015+0000] {logging_mixin.py:137} INFO - [2023-06-14T09:24:24.015+0000] {dagbag.py:538} INFO - Filling up the DagBag from /home/airflow/.local/lib/python3.7/site-packages/airflow/example_dags/example_external_task_marker_dag.py
[2023-06-14T09:24:24.026+0000] {processor.py:753} INFO - DAG(s) dict_keys(['example_external_task_marker_parent', 'example_external_task_marker_child']) retrieved from /home/airflow/.local/lib/python3.7/site-packages/airflow/example_dags/example_external_task_marker_dag.py
[2023-06-14T09:24:24.051+0000] {logging_mixin.py:137} INFO - [2023-06-14T09:24:24.051+0000] {dag.py:2690} INFO - Sync 2 DAGs
[2023-06-14T09:24:24.070+0000] {logging_mixin.py:137} INFO - [2023-06-14T09:24:24.070+0000] {dag.py:3441} INFO - Setting next_dagrun for example_external_task_marker_child to None, run_after=None
[2023-06-14T09:24:24.073+0000] {logging_mixin.py:137} INFO - [2023-06-14T09:24:24.073+0000] {dag.py:3441} INFO - Setting next_dagrun for example_external_task_marker_parent to None, run_after=None
[2023-06-14T09:24:24.083+0000] {processor.py:175} INFO - Processing /home/airflow/.local/lib/python3.7/site-packages/airflow/example_dags/example_external_task_marker_dag.py took 0.074 seconds
[2023-06-14T09:24:54.276+0000] {processor.py:153} INFO - Started process (PID=1211) to work on /home/airflow/.local/lib/python3.7/site-packages/airflow/example_dags/example_external_task_marker_dag.py
[2023-06-14T09:24:54.277+0000] {processor.py:743} INFO - Processing file /home/airflow/.local/lib/python3.7/site-packages/airflow/example_dags/example_external_task_marker_dag.py for tasks to queue
[2023-06-14T09:24:54.278+0000] {logging_mixin.py:137} INFO - [2023-06-14T09:24:54.278+0000] {dagbag.py:538} INFO - Filling up the DagBag from /home/airflow/.local/lib/python3.7/site-packages/airflow/example_dags/example_external_task_marker_dag.py
[2023-06-14T09:24:54.289+0000] {processor.py:753} INFO - DAG(s) dict_keys(['example_external_task_marker_child', 'example_external_task_marker_parent']) retrieved from /home/airflow/.local/lib/python3.7/site-packages/airflow/example_dags/example_external_task_marker_dag.py
[2023-06-14T09:24:54.310+0000] {logging_mixin.py:137} INFO - [2023-06-14T09:24:54.310+0000] {dag.py:2690} INFO - Sync 2 DAGs
[2023-06-14T09:24:54.327+0000] {logging_mixin.py:137} INFO - [2023-06-14T09:24:54.326+0000] {dag.py:3441} INFO - Setting next_dagrun for example_external_task_marker_child to None, run_after=None
[2023-06-14T09:24:54.329+0000] {logging_mixin.py:137} INFO - [2023-06-14T09:24:54.329+0000] {dag.py:3441} INFO - Setting next_dagrun for example_external_task_marker_parent to None, run_after=None
[2023-06-14T09:24:54.338+0000] {processor.py:175} INFO - Processing /home/airflow/.local/lib/python3.7/site-packages/airflow/example_dags/example_external_task_marker_dag.py took 0.065 seconds
[2023-06-14T09:25:24.444+0000] {processor.py:153} INFO - Started process (PID=1285) to work on /home/airflow/.local/lib/python3.7/site-packages/airflow/example_dags/example_external_task_marker_dag.py
[2023-06-14T09:25:24.445+0000] {processor.py:743} INFO - Processing file /home/airflow/.local/lib/python3.7/site-packages/airflow/example_dags/example_external_task_marker_dag.py for tasks to queue
[2023-06-14T09:25:24.446+0000] {logging_mixin.py:137} INFO - [2023-06-14T09:25:24.446+0000] {dagbag.py:538} INFO - Filling up the DagBag from /home/airflow/.local/lib/python3.7/site-packages/airflow/example_dags/example_external_task_marker_dag.py
[2023-06-14T09:25:24.456+0000] {processor.py:753} INFO - DAG(s) dict_keys(['example_external_task_marker_child', 'example_external_task_marker_parent']) retrieved from /home/airflow/.local/lib/python3.7/site-packages/airflow/example_dags/example_external_task_marker_dag.py
[2023-06-14T09:25:24.477+0000] {logging_mixin.py:137} INFO - [2023-06-14T09:25:24.477+0000] {dag.py:2690} INFO - Sync 2 DAGs
[2023-06-14T09:25:24.493+0000] {logging_mixin.py:137} INFO - [2023-06-14T09:25:24.493+0000] {dag.py:3441} INFO - Setting next_dagrun for example_external_task_marker_child to None, run_after=None
[2023-06-14T09:25:24.495+0000] {logging_mixin.py:137} INFO - [2023-06-14T09:25:24.495+0000] {dag.py:3441} INFO - Setting next_dagrun for example_external_task_marker_parent to None, run_after=None
[2023-06-14T09:25:24.504+0000] {processor.py:175} INFO - Processing /home/airflow/.local/lib/python3.7/site-packages/airflow/example_dags/example_external_task_marker_dag.py took 0.062 seconds
[2023-06-14T09:25:54.675+0000] {processor.py:153} INFO - Started process (PID=1350) to work on /home/airflow/.local/lib/python3.7/site-packages/airflow/example_dags/example_external_task_marker_dag.py
[2023-06-14T09:25:54.678+0000] {processor.py:743} INFO - Processing file /home/airflow/.local/lib/python3.7/site-packages/airflow/example_dags/example_external_task_marker_dag.py for tasks to queue
[2023-06-14T09:25:54.678+0000] {logging_mixin.py:137} INFO - [2023-06-14T09:25:54.678+0000] {dagbag.py:538} INFO - Filling up the DagBag from /home/airflow/.local/lib/python3.7/site-packages/airflow/example_dags/example_external_task_marker_dag.py
[2023-06-14T09:25:54.688+0000] {processor.py:753} INFO - DAG(s) dict_keys(['example_external_task_marker_parent', 'example_external_task_marker_child']) retrieved from /home/airflow/.local/lib/python3.7/site-packages/airflow/example_dags/example_external_task_marker_dag.py
[2023-06-14T09:25:54.709+0000] {logging_mixin.py:137} INFO - [2023-06-14T09:25:54.709+0000] {dag.py:2690} INFO - Sync 2 DAGs
[2023-06-14T09:25:54.724+0000] {logging_mixin.py:137} INFO - [2023-06-14T09:25:54.724+0000] {dag.py:3441} INFO - Setting next_dagrun for example_external_task_marker_child to None, run_after=None
[2023-06-14T09:25:54.726+0000] {logging_mixin.py:137} INFO - [2023-06-14T09:25:54.726+0000] {dag.py:3441} INFO - Setting next_dagrun for example_external_task_marker_parent to None, run_after=None
[2023-06-14T09:25:54.736+0000] {processor.py:175} INFO - Processing /home/airflow/.local/lib/python3.7/site-packages/airflow/example_dags/example_external_task_marker_dag.py took 0.063 seconds
[2023-06-14T09:26:24.845+0000] {processor.py:153} INFO - Started process (PID=1426) to work on /home/airflow/.local/lib/python3.7/site-packages/airflow/example_dags/example_external_task_marker_dag.py
[2023-06-14T09:26:24.846+0000] {processor.py:743} INFO - Processing file /home/airflow/.local/lib/python3.7/site-packages/airflow/example_dags/example_external_task_marker_dag.py for tasks to queue
[2023-06-14T09:26:24.847+0000] {logging_mixin.py:137} INFO - [2023-06-14T09:26:24.847+0000] {dagbag.py:538} INFO - Filling up the DagBag from /home/airflow/.local/lib/python3.7/site-packages/airflow/example_dags/example_external_task_marker_dag.py
[2023-06-14T09:26:24.857+0000] {processor.py:753} INFO - DAG(s) dict_keys(['example_external_task_marker_child', 'example_external_task_marker_parent']) retrieved from /home/airflow/.local/lib/python3.7/site-packages/airflow/example_dags/example_external_task_marker_dag.py
[2023-06-14T09:26:24.878+0000] {logging_mixin.py:137} INFO - [2023-06-14T09:26:24.878+0000] {dag.py:2690} INFO - Sync 2 DAGs
[2023-06-14T09:26:24.894+0000] {logging_mixin.py:137} INFO - [2023-06-14T09:26:24.894+0000] {dag.py:3441} INFO - Setting next_dagrun for example_external_task_marker_child to None, run_after=None
[2023-06-14T09:26:24.897+0000] {logging_mixin.py:137} INFO - [2023-06-14T09:26:24.897+0000] {dag.py:3441} INFO - Setting next_dagrun for example_external_task_marker_parent to None, run_after=None
[2023-06-14T09:26:24.905+0000] {processor.py:175} INFO - Processing /home/airflow/.local/lib/python3.7/site-packages/airflow/example_dags/example_external_task_marker_dag.py took 0.063 seconds
