[2023-06-14T09:16:43.043+0000] {processor.py:153} INFO - Started process (PID=75) to work on /home/airflow/.local/lib/python3.7/site-packages/airflow/example_dags/example_latest_only.py
[2023-06-14T09:16:43.053+0000] {processor.py:743} INFO - Processing file /home/airflow/.local/lib/python3.7/site-packages/airflow/example_dags/example_latest_only.py for tasks to queue
[2023-06-14T09:16:43.054+0000] {logging_mixin.py:137} INFO - [2023-06-14T09:16:43.054+0000] {dagbag.py:538} INFO - Filling up the DagBag from /home/airflow/.local/lib/python3.7/site-packages/airflow/example_dags/example_latest_only.py
[2023-06-14T09:16:43.075+0000] {processor.py:753} INFO - DAG(s) dict_keys(['latest_only']) retrieved from /home/airflow/.local/lib/python3.7/site-packages/airflow/example_dags/example_latest_only.py
[2023-06-14T09:16:43.131+0000] {logging_mixin.py:137} INFO - [2023-06-14T09:16:43.131+0000] {dag.py:2690} INFO - Sync 1 DAGs
[2023-06-14T09:16:43.183+0000] {logging_mixin.py:137} INFO - [2023-06-14T09:16:43.183+0000] {dag.py:3441} INFO - Setting next_dagrun for latest_only to 2023-06-14T05:16:43.182949+00:00, run_after=2023-06-14T09:16:43.182949+00:00
[2023-06-14T09:16:43.212+0000] {processor.py:175} INFO - Processing /home/airflow/.local/lib/python3.7/site-packages/airflow/example_dags/example_latest_only.py took 0.180 seconds
[2023-06-14T09:17:13.456+0000] {processor.py:153} INFO - Started process (PID=144) to work on /home/airflow/.local/lib/python3.7/site-packages/airflow/example_dags/example_latest_only.py
[2023-06-14T09:17:13.457+0000] {processor.py:743} INFO - Processing file /home/airflow/.local/lib/python3.7/site-packages/airflow/example_dags/example_latest_only.py for tasks to queue
[2023-06-14T09:17:13.458+0000] {logging_mixin.py:137} INFO - [2023-06-14T09:17:13.458+0000] {dagbag.py:538} INFO - Filling up the DagBag from /home/airflow/.local/lib/python3.7/site-packages/airflow/example_dags/example_latest_only.py
[2023-06-14T09:17:13.468+0000] {processor.py:753} INFO - DAG(s) dict_keys(['latest_only']) retrieved from /home/airflow/.local/lib/python3.7/site-packages/airflow/example_dags/example_latest_only.py
[2023-06-14T09:17:13.486+0000] {logging_mixin.py:137} INFO - [2023-06-14T09:17:13.486+0000] {dag.py:2690} INFO - Sync 1 DAGs
[2023-06-14T09:17:13.499+0000] {logging_mixin.py:137} INFO - [2023-06-14T09:17:13.499+0000] {dag.py:3441} INFO - Setting next_dagrun for latest_only to 2023-06-14T05:17:13.499696+00:00, run_after=2023-06-14T09:17:13.499696+00:00
[2023-06-14T09:17:13.509+0000] {processor.py:175} INFO - Processing /home/airflow/.local/lib/python3.7/site-packages/airflow/example_dags/example_latest_only.py took 0.056 seconds
[2023-06-14T09:17:44.452+0000] {processor.py:153} INFO - Started process (PID=224) to work on /home/airflow/.local/lib/python3.7/site-packages/airflow/example_dags/example_latest_only.py
[2023-06-14T09:17:44.453+0000] {processor.py:743} INFO - Processing file /home/airflow/.local/lib/python3.7/site-packages/airflow/example_dags/example_latest_only.py for tasks to queue
[2023-06-14T09:17:44.454+0000] {logging_mixin.py:137} INFO - [2023-06-14T09:17:44.454+0000] {dagbag.py:538} INFO - Filling up the DagBag from /home/airflow/.local/lib/python3.7/site-packages/airflow/example_dags/example_latest_only.py
[2023-06-14T09:17:44.463+0000] {processor.py:753} INFO - DAG(s) dict_keys(['latest_only']) retrieved from /home/airflow/.local/lib/python3.7/site-packages/airflow/example_dags/example_latest_only.py
[2023-06-14T09:17:44.482+0000] {logging_mixin.py:137} INFO - [2023-06-14T09:17:44.481+0000] {dag.py:2690} INFO - Sync 1 DAGs
[2023-06-14T09:17:44.496+0000] {logging_mixin.py:137} INFO - [2023-06-14T09:17:44.496+0000] {dag.py:3441} INFO - Setting next_dagrun for latest_only to 2023-06-14T05:17:44.495980+00:00, run_after=2023-06-14T09:17:44.495980+00:00
[2023-06-14T09:17:44.506+0000] {processor.py:175} INFO - Processing /home/airflow/.local/lib/python3.7/site-packages/airflow/example_dags/example_latest_only.py took 0.056 seconds
[2023-06-14T09:18:14.641+0000] {processor.py:153} INFO - Started process (PID=288) to work on /home/airflow/.local/lib/python3.7/site-packages/airflow/example_dags/example_latest_only.py
[2023-06-14T09:18:14.647+0000] {processor.py:743} INFO - Processing file /home/airflow/.local/lib/python3.7/site-packages/airflow/example_dags/example_latest_only.py for tasks to queue
[2023-06-14T09:18:14.648+0000] {logging_mixin.py:137} INFO - [2023-06-14T09:18:14.648+0000] {dagbag.py:538} INFO - Filling up the DagBag from /home/airflow/.local/lib/python3.7/site-packages/airflow/example_dags/example_latest_only.py
[2023-06-14T09:18:14.661+0000] {processor.py:753} INFO - DAG(s) dict_keys(['latest_only']) retrieved from /home/airflow/.local/lib/python3.7/site-packages/airflow/example_dags/example_latest_only.py
[2023-06-14T09:18:14.690+0000] {logging_mixin.py:137} INFO - [2023-06-14T09:18:14.689+0000] {dag.py:2690} INFO - Sync 1 DAGs
[2023-06-14T09:18:14.707+0000] {logging_mixin.py:137} INFO - [2023-06-14T09:18:14.707+0000] {dag.py:3441} INFO - Setting next_dagrun for latest_only to 2023-06-14T05:18:14.706833+00:00, run_after=2023-06-14T09:18:14.706833+00:00
[2023-06-14T09:18:14.718+0000] {processor.py:175} INFO - Processing /home/airflow/.local/lib/python3.7/site-packages/airflow/example_dags/example_latest_only.py took 0.079 seconds
[2023-06-14T09:18:44.747+0000] {processor.py:153} INFO - Started process (PID=365) to work on /home/airflow/.local/lib/python3.7/site-packages/airflow/example_dags/example_latest_only.py
[2023-06-14T09:18:44.748+0000] {processor.py:743} INFO - Processing file /home/airflow/.local/lib/python3.7/site-packages/airflow/example_dags/example_latest_only.py for tasks to queue
[2023-06-14T09:18:44.749+0000] {logging_mixin.py:137} INFO - [2023-06-14T09:18:44.749+0000] {dagbag.py:538} INFO - Filling up the DagBag from /home/airflow/.local/lib/python3.7/site-packages/airflow/example_dags/example_latest_only.py
[2023-06-14T09:18:44.758+0000] {processor.py:753} INFO - DAG(s) dict_keys(['latest_only']) retrieved from /home/airflow/.local/lib/python3.7/site-packages/airflow/example_dags/example_latest_only.py
[2023-06-14T09:18:44.777+0000] {logging_mixin.py:137} INFO - [2023-06-14T09:18:44.777+0000] {dag.py:2690} INFO - Sync 1 DAGs
[2023-06-14T09:18:44.792+0000] {logging_mixin.py:137} INFO - [2023-06-14T09:18:44.792+0000] {dag.py:3441} INFO - Setting next_dagrun for latest_only to 2023-06-14T05:18:44.792373+00:00, run_after=2023-06-14T09:18:44.792373+00:00
[2023-06-14T09:18:44.802+0000] {processor.py:175} INFO - Processing /home/airflow/.local/lib/python3.7/site-packages/airflow/example_dags/example_latest_only.py took 0.057 seconds
[2023-06-14T09:19:15.487+0000] {processor.py:153} INFO - Started process (PID=440) to work on /home/airflow/.local/lib/python3.7/site-packages/airflow/example_dags/example_latest_only.py
[2023-06-14T09:19:15.489+0000] {processor.py:743} INFO - Processing file /home/airflow/.local/lib/python3.7/site-packages/airflow/example_dags/example_latest_only.py for tasks to queue
[2023-06-14T09:19:15.491+0000] {logging_mixin.py:137} INFO - [2023-06-14T09:19:15.491+0000] {dagbag.py:538} INFO - Filling up the DagBag from /home/airflow/.local/lib/python3.7/site-packages/airflow/example_dags/example_latest_only.py
[2023-06-14T09:19:15.507+0000] {processor.py:753} INFO - DAG(s) dict_keys(['latest_only']) retrieved from /home/airflow/.local/lib/python3.7/site-packages/airflow/example_dags/example_latest_only.py
[2023-06-14T09:19:15.537+0000] {logging_mixin.py:137} INFO - [2023-06-14T09:19:15.537+0000] {dag.py:2690} INFO - Sync 1 DAGs
[2023-06-14T09:19:15.563+0000] {logging_mixin.py:137} INFO - [2023-06-14T09:19:15.563+0000] {dag.py:3441} INFO - Setting next_dagrun for latest_only to 2023-06-14T05:19:15.562884+00:00, run_after=2023-06-14T09:19:15.562884+00:00
[2023-06-14T09:19:15.576+0000] {processor.py:175} INFO - Processing /home/airflow/.local/lib/python3.7/site-packages/airflow/example_dags/example_latest_only.py took 0.093 seconds
[2023-06-14T09:19:48.530+0000] {processor.py:153} INFO - Started process (PID=514) to work on /home/airflow/.local/lib/python3.7/site-packages/airflow/example_dags/example_latest_only.py
[2023-06-14T09:19:48.532+0000] {processor.py:743} INFO - Processing file /home/airflow/.local/lib/python3.7/site-packages/airflow/example_dags/example_latest_only.py for tasks to queue
[2023-06-14T09:19:48.533+0000] {logging_mixin.py:137} INFO - [2023-06-14T09:19:48.533+0000] {dagbag.py:538} INFO - Filling up the DagBag from /home/airflow/.local/lib/python3.7/site-packages/airflow/example_dags/example_latest_only.py
[2023-06-14T09:19:48.549+0000] {processor.py:753} INFO - DAG(s) dict_keys(['latest_only']) retrieved from /home/airflow/.local/lib/python3.7/site-packages/airflow/example_dags/example_latest_only.py
[2023-06-14T09:19:48.577+0000] {logging_mixin.py:137} INFO - [2023-06-14T09:19:48.577+0000] {dag.py:2690} INFO - Sync 1 DAGs
[2023-06-14T09:19:48.615+0000] {logging_mixin.py:137} INFO - [2023-06-14T09:19:48.614+0000] {dag.py:3441} INFO - Setting next_dagrun for latest_only to 2023-06-14T05:19:48.614039+00:00, run_after=2023-06-14T09:19:48.614039+00:00
[2023-06-14T09:19:48.643+0000] {processor.py:175} INFO - Processing /home/airflow/.local/lib/python3.7/site-packages/airflow/example_dags/example_latest_only.py took 0.121 seconds
[2023-06-14T09:20:21.705+0000] {processor.py:153} INFO - Started process (PID=582) to work on /home/airflow/.local/lib/python3.7/site-packages/airflow/example_dags/example_latest_only.py
[2023-06-14T09:20:21.707+0000] {processor.py:743} INFO - Processing file /home/airflow/.local/lib/python3.7/site-packages/airflow/example_dags/example_latest_only.py for tasks to queue
[2023-06-14T09:20:21.708+0000] {logging_mixin.py:137} INFO - [2023-06-14T09:20:21.708+0000] {dagbag.py:538} INFO - Filling up the DagBag from /home/airflow/.local/lib/python3.7/site-packages/airflow/example_dags/example_latest_only.py
[2023-06-14T09:20:21.762+0000] {processor.py:753} INFO - DAG(s) dict_keys(['latest_only']) retrieved from /home/airflow/.local/lib/python3.7/site-packages/airflow/example_dags/example_latest_only.py
[2023-06-14T09:20:21.828+0000] {logging_mixin.py:137} INFO - [2023-06-14T09:20:21.828+0000] {dag.py:2690} INFO - Sync 1 DAGs
[2023-06-14T09:20:21.872+0000] {logging_mixin.py:137} INFO - [2023-06-14T09:20:21.872+0000] {dag.py:3441} INFO - Setting next_dagrun for latest_only to 2023-06-14T05:20:21.872377+00:00, run_after=2023-06-14T09:20:21.872377+00:00
[2023-06-14T09:20:21.904+0000] {processor.py:175} INFO - Processing /home/airflow/.local/lib/python3.7/site-packages/airflow/example_dags/example_latest_only.py took 0.203 seconds
[2023-06-14T09:20:52.560+0000] {processor.py:153} INFO - Started process (PID=645) to work on /home/airflow/.local/lib/python3.7/site-packages/airflow/example_dags/example_latest_only.py
[2023-06-14T09:20:52.561+0000] {processor.py:743} INFO - Processing file /home/airflow/.local/lib/python3.7/site-packages/airflow/example_dags/example_latest_only.py for tasks to queue
[2023-06-14T09:20:52.562+0000] {logging_mixin.py:137} INFO - [2023-06-14T09:20:52.562+0000] {dagbag.py:538} INFO - Filling up the DagBag from /home/airflow/.local/lib/python3.7/site-packages/airflow/example_dags/example_latest_only.py
[2023-06-14T09:20:52.572+0000] {processor.py:753} INFO - DAG(s) dict_keys(['latest_only']) retrieved from /home/airflow/.local/lib/python3.7/site-packages/airflow/example_dags/example_latest_only.py
[2023-06-14T09:20:52.592+0000] {logging_mixin.py:137} INFO - [2023-06-14T09:20:52.592+0000] {dag.py:2690} INFO - Sync 1 DAGs
[2023-06-14T09:20:52.608+0000] {logging_mixin.py:137} INFO - [2023-06-14T09:20:52.608+0000] {dag.py:3441} INFO - Setting next_dagrun for latest_only to 2023-06-14T05:20:52.608511+00:00, run_after=2023-06-14T09:20:52.608511+00:00
[2023-06-14T09:20:52.620+0000] {processor.py:175} INFO - Processing /home/airflow/.local/lib/python3.7/site-packages/airflow/example_dags/example_latest_only.py took 0.062 seconds
[2023-06-14T09:21:22.933+0000] {processor.py:153} INFO - Started process (PID=709) to work on /home/airflow/.local/lib/python3.7/site-packages/airflow/example_dags/example_latest_only.py
[2023-06-14T09:21:22.937+0000] {processor.py:743} INFO - Processing file /home/airflow/.local/lib/python3.7/site-packages/airflow/example_dags/example_latest_only.py for tasks to queue
[2023-06-14T09:21:22.940+0000] {logging_mixin.py:137} INFO - [2023-06-14T09:21:22.939+0000] {dagbag.py:538} INFO - Filling up the DagBag from /home/airflow/.local/lib/python3.7/site-packages/airflow/example_dags/example_latest_only.py
[2023-06-14T09:21:22.956+0000] {processor.py:753} INFO - DAG(s) dict_keys(['latest_only']) retrieved from /home/airflow/.local/lib/python3.7/site-packages/airflow/example_dags/example_latest_only.py
[2023-06-14T09:21:22.989+0000] {logging_mixin.py:137} INFO - [2023-06-14T09:21:22.989+0000] {dag.py:2690} INFO - Sync 1 DAGs
[2023-06-14T09:21:23.013+0000] {logging_mixin.py:137} INFO - [2023-06-14T09:21:23.013+0000] {dag.py:3441} INFO - Setting next_dagrun for latest_only to 2023-06-14T05:21:23.013435+00:00, run_after=2023-06-14T09:21:23.013435+00:00
[2023-06-14T09:21:23.033+0000] {processor.py:175} INFO - Processing /home/airflow/.local/lib/python3.7/site-packages/airflow/example_dags/example_latest_only.py took 0.106 seconds
[2023-06-14T09:21:53.188+0000] {processor.py:153} INFO - Started process (PID=785) to work on /home/airflow/.local/lib/python3.7/site-packages/airflow/example_dags/example_latest_only.py
[2023-06-14T09:21:53.189+0000] {processor.py:743} INFO - Processing file /home/airflow/.local/lib/python3.7/site-packages/airflow/example_dags/example_latest_only.py for tasks to queue
[2023-06-14T09:21:53.190+0000] {logging_mixin.py:137} INFO - [2023-06-14T09:21:53.190+0000] {dagbag.py:538} INFO - Filling up the DagBag from /home/airflow/.local/lib/python3.7/site-packages/airflow/example_dags/example_latest_only.py
[2023-06-14T09:21:53.201+0000] {processor.py:753} INFO - DAG(s) dict_keys(['latest_only']) retrieved from /home/airflow/.local/lib/python3.7/site-packages/airflow/example_dags/example_latest_only.py
[2023-06-14T09:21:53.221+0000] {logging_mixin.py:137} INFO - [2023-06-14T09:21:53.221+0000] {dag.py:2690} INFO - Sync 1 DAGs
[2023-06-14T09:21:53.237+0000] {logging_mixin.py:137} INFO - [2023-06-14T09:21:53.237+0000] {dag.py:3441} INFO - Setting next_dagrun for latest_only to 2023-06-14T05:21:53.237271+00:00, run_after=2023-06-14T09:21:53.237271+00:00
[2023-06-14T09:21:53.249+0000] {processor.py:175} INFO - Processing /home/airflow/.local/lib/python3.7/site-packages/airflow/example_dags/example_latest_only.py took 0.063 seconds
[2023-06-14T09:22:23.739+0000] {processor.py:153} INFO - Started process (PID=862) to work on /home/airflow/.local/lib/python3.7/site-packages/airflow/example_dags/example_latest_only.py
[2023-06-14T09:22:23.740+0000] {processor.py:743} INFO - Processing file /home/airflow/.local/lib/python3.7/site-packages/airflow/example_dags/example_latest_only.py for tasks to queue
[2023-06-14T09:22:23.741+0000] {logging_mixin.py:137} INFO - [2023-06-14T09:22:23.741+0000] {dagbag.py:538} INFO - Filling up the DagBag from /home/airflow/.local/lib/python3.7/site-packages/airflow/example_dags/example_latest_only.py
[2023-06-14T09:22:23.751+0000] {processor.py:753} INFO - DAG(s) dict_keys(['latest_only']) retrieved from /home/airflow/.local/lib/python3.7/site-packages/airflow/example_dags/example_latest_only.py
[2023-06-14T09:22:23.769+0000] {logging_mixin.py:137} INFO - [2023-06-14T09:22:23.768+0000] {dag.py:2690} INFO - Sync 1 DAGs
[2023-06-14T09:22:23.784+0000] {logging_mixin.py:137} INFO - [2023-06-14T09:22:23.784+0000] {dag.py:3441} INFO - Setting next_dagrun for latest_only to 2023-06-14T05:22:23.784448+00:00, run_after=2023-06-14T09:22:23.784448+00:00
[2023-06-14T09:22:23.795+0000] {processor.py:175} INFO - Processing /home/airflow/.local/lib/python3.7/site-packages/airflow/example_dags/example_latest_only.py took 0.058 seconds
[2023-06-14T09:22:53.984+0000] {processor.py:153} INFO - Started process (PID=932) to work on /home/airflow/.local/lib/python3.7/site-packages/airflow/example_dags/example_latest_only.py
[2023-06-14T09:22:53.986+0000] {processor.py:743} INFO - Processing file /home/airflow/.local/lib/python3.7/site-packages/airflow/example_dags/example_latest_only.py for tasks to queue
[2023-06-14T09:22:53.987+0000] {logging_mixin.py:137} INFO - [2023-06-14T09:22:53.987+0000] {dagbag.py:538} INFO - Filling up the DagBag from /home/airflow/.local/lib/python3.7/site-packages/airflow/example_dags/example_latest_only.py
[2023-06-14T09:22:53.999+0000] {processor.py:753} INFO - DAG(s) dict_keys(['latest_only']) retrieved from /home/airflow/.local/lib/python3.7/site-packages/airflow/example_dags/example_latest_only.py
[2023-06-14T09:22:54.022+0000] {logging_mixin.py:137} INFO - [2023-06-14T09:22:54.022+0000] {dag.py:2690} INFO - Sync 1 DAGs
[2023-06-14T09:22:54.039+0000] {logging_mixin.py:137} INFO - [2023-06-14T09:22:54.039+0000] {dag.py:3441} INFO - Setting next_dagrun for latest_only to 2023-06-14T05:22:54.039431+00:00, run_after=2023-06-14T09:22:54.039431+00:00
[2023-06-14T09:22:54.052+0000] {processor.py:175} INFO - Processing /home/airflow/.local/lib/python3.7/site-packages/airflow/example_dags/example_latest_only.py took 0.071 seconds
[2023-06-14T09:23:24.198+0000] {processor.py:153} INFO - Started process (PID=1001) to work on /home/airflow/.local/lib/python3.7/site-packages/airflow/example_dags/example_latest_only.py
[2023-06-14T09:23:24.199+0000] {processor.py:743} INFO - Processing file /home/airflow/.local/lib/python3.7/site-packages/airflow/example_dags/example_latest_only.py for tasks to queue
[2023-06-14T09:23:24.200+0000] {logging_mixin.py:137} INFO - [2023-06-14T09:23:24.200+0000] {dagbag.py:538} INFO - Filling up the DagBag from /home/airflow/.local/lib/python3.7/site-packages/airflow/example_dags/example_latest_only.py
[2023-06-14T09:23:24.210+0000] {processor.py:753} INFO - DAG(s) dict_keys(['latest_only']) retrieved from /home/airflow/.local/lib/python3.7/site-packages/airflow/example_dags/example_latest_only.py
[2023-06-14T09:23:24.228+0000] {logging_mixin.py:137} INFO - [2023-06-14T09:23:24.228+0000] {dag.py:2690} INFO - Sync 1 DAGs
[2023-06-14T09:23:24.243+0000] {logging_mixin.py:137} INFO - [2023-06-14T09:23:24.242+0000] {dag.py:3441} INFO - Setting next_dagrun for latest_only to 2023-06-14T05:23:24.242795+00:00, run_after=2023-06-14T09:23:24.242795+00:00
[2023-06-14T09:23:24.253+0000] {processor.py:175} INFO - Processing /home/airflow/.local/lib/python3.7/site-packages/airflow/example_dags/example_latest_only.py took 0.058 seconds
[2023-06-14T09:23:54.636+0000] {processor.py:153} INFO - Started process (PID=1077) to work on /home/airflow/.local/lib/python3.7/site-packages/airflow/example_dags/example_latest_only.py
[2023-06-14T09:23:54.637+0000] {processor.py:743} INFO - Processing file /home/airflow/.local/lib/python3.7/site-packages/airflow/example_dags/example_latest_only.py for tasks to queue
[2023-06-14T09:23:54.638+0000] {logging_mixin.py:137} INFO - [2023-06-14T09:23:54.638+0000] {dagbag.py:538} INFO - Filling up the DagBag from /home/airflow/.local/lib/python3.7/site-packages/airflow/example_dags/example_latest_only.py
[2023-06-14T09:23:54.648+0000] {processor.py:753} INFO - DAG(s) dict_keys(['latest_only']) retrieved from /home/airflow/.local/lib/python3.7/site-packages/airflow/example_dags/example_latest_only.py
[2023-06-14T09:23:54.666+0000] {logging_mixin.py:137} INFO - [2023-06-14T09:23:54.666+0000] {dag.py:2690} INFO - Sync 1 DAGs
[2023-06-14T09:23:54.681+0000] {logging_mixin.py:137} INFO - [2023-06-14T09:23:54.680+0000] {dag.py:3441} INFO - Setting next_dagrun for latest_only to 2023-06-14T05:23:54.680789+00:00, run_after=2023-06-14T09:23:54.680789+00:00
[2023-06-14T09:23:54.691+0000] {processor.py:175} INFO - Processing /home/airflow/.local/lib/python3.7/site-packages/airflow/example_dags/example_latest_only.py took 0.057 seconds
[2023-06-14T09:24:25.358+0000] {processor.py:153} INFO - Started process (PID=1153) to work on /home/airflow/.local/lib/python3.7/site-packages/airflow/example_dags/example_latest_only.py
[2023-06-14T09:24:25.362+0000] {processor.py:743} INFO - Processing file /home/airflow/.local/lib/python3.7/site-packages/airflow/example_dags/example_latest_only.py for tasks to queue
[2023-06-14T09:24:25.367+0000] {logging_mixin.py:137} INFO - [2023-06-14T09:24:25.367+0000] {dagbag.py:538} INFO - Filling up the DagBag from /home/airflow/.local/lib/python3.7/site-packages/airflow/example_dags/example_latest_only.py
[2023-06-14T09:24:25.393+0000] {processor.py:753} INFO - DAG(s) dict_keys(['latest_only']) retrieved from /home/airflow/.local/lib/python3.7/site-packages/airflow/example_dags/example_latest_only.py
[2023-06-14T09:24:25.436+0000] {logging_mixin.py:137} INFO - [2023-06-14T09:24:25.434+0000] {dag.py:2690} INFO - Sync 1 DAGs
[2023-06-14T09:24:25.458+0000] {logging_mixin.py:137} INFO - [2023-06-14T09:24:25.458+0000] {dag.py:3441} INFO - Setting next_dagrun for latest_only to 2023-06-14T05:24:25.457810+00:00, run_after=2023-06-14T09:24:25.457810+00:00
[2023-06-14T09:24:25.477+0000] {processor.py:175} INFO - Processing /home/airflow/.local/lib/python3.7/site-packages/airflow/example_dags/example_latest_only.py took 0.123 seconds
[2023-06-14T09:24:55.589+0000] {processor.py:153} INFO - Started process (PID=1217) to work on /home/airflow/.local/lib/python3.7/site-packages/airflow/example_dags/example_latest_only.py
[2023-06-14T09:24:55.590+0000] {processor.py:743} INFO - Processing file /home/airflow/.local/lib/python3.7/site-packages/airflow/example_dags/example_latest_only.py for tasks to queue
[2023-06-14T09:24:55.591+0000] {logging_mixin.py:137} INFO - [2023-06-14T09:24:55.591+0000] {dagbag.py:538} INFO - Filling up the DagBag from /home/airflow/.local/lib/python3.7/site-packages/airflow/example_dags/example_latest_only.py
[2023-06-14T09:24:55.602+0000] {processor.py:753} INFO - DAG(s) dict_keys(['latest_only']) retrieved from /home/airflow/.local/lib/python3.7/site-packages/airflow/example_dags/example_latest_only.py
[2023-06-14T09:24:55.626+0000] {logging_mixin.py:137} INFO - [2023-06-14T09:24:55.626+0000] {dag.py:2690} INFO - Sync 1 DAGs
[2023-06-14T09:24:55.644+0000] {logging_mixin.py:137} INFO - [2023-06-14T09:24:55.643+0000] {dag.py:3441} INFO - Setting next_dagrun for latest_only to 2023-06-14T05:24:55.643768+00:00, run_after=2023-06-14T09:24:55.643768+00:00
[2023-06-14T09:24:55.656+0000] {processor.py:175} INFO - Processing /home/airflow/.local/lib/python3.7/site-packages/airflow/example_dags/example_latest_only.py took 0.070 seconds
[2023-06-14T09:25:25.795+0000] {processor.py:153} INFO - Started process (PID=1291) to work on /home/airflow/.local/lib/python3.7/site-packages/airflow/example_dags/example_latest_only.py
[2023-06-14T09:25:25.796+0000] {processor.py:743} INFO - Processing file /home/airflow/.local/lib/python3.7/site-packages/airflow/example_dags/example_latest_only.py for tasks to queue
[2023-06-14T09:25:25.797+0000] {logging_mixin.py:137} INFO - [2023-06-14T09:25:25.796+0000] {dagbag.py:538} INFO - Filling up the DagBag from /home/airflow/.local/lib/python3.7/site-packages/airflow/example_dags/example_latest_only.py
[2023-06-14T09:25:25.806+0000] {processor.py:753} INFO - DAG(s) dict_keys(['latest_only']) retrieved from /home/airflow/.local/lib/python3.7/site-packages/airflow/example_dags/example_latest_only.py
[2023-06-14T09:25:25.824+0000] {logging_mixin.py:137} INFO - [2023-06-14T09:25:25.824+0000] {dag.py:2690} INFO - Sync 1 DAGs
[2023-06-14T09:25:25.839+0000] {logging_mixin.py:137} INFO - [2023-06-14T09:25:25.839+0000] {dag.py:3441} INFO - Setting next_dagrun for latest_only to 2023-06-14T05:25:25.838964+00:00, run_after=2023-06-14T09:25:25.838964+00:00
[2023-06-14T09:25:25.849+0000] {processor.py:175} INFO - Processing /home/airflow/.local/lib/python3.7/site-packages/airflow/example_dags/example_latest_only.py took 0.057 seconds
[2023-06-14T09:25:56.094+0000] {processor.py:153} INFO - Started process (PID=1368) to work on /home/airflow/.local/lib/python3.7/site-packages/airflow/example_dags/example_latest_only.py
[2023-06-14T09:25:56.096+0000] {processor.py:743} INFO - Processing file /home/airflow/.local/lib/python3.7/site-packages/airflow/example_dags/example_latest_only.py for tasks to queue
[2023-06-14T09:25:56.097+0000] {logging_mixin.py:137} INFO - [2023-06-14T09:25:56.097+0000] {dagbag.py:538} INFO - Filling up the DagBag from /home/airflow/.local/lib/python3.7/site-packages/airflow/example_dags/example_latest_only.py
[2023-06-14T09:25:56.112+0000] {processor.py:753} INFO - DAG(s) dict_keys(['latest_only']) retrieved from /home/airflow/.local/lib/python3.7/site-packages/airflow/example_dags/example_latest_only.py
[2023-06-14T09:25:56.134+0000] {logging_mixin.py:137} INFO - [2023-06-14T09:25:56.134+0000] {dag.py:2690} INFO - Sync 1 DAGs
[2023-06-14T09:25:56.162+0000] {logging_mixin.py:137} INFO - [2023-06-14T09:25:56.162+0000] {dag.py:3441} INFO - Setting next_dagrun for latest_only to 2023-06-14T05:25:56.161819+00:00, run_after=2023-06-14T09:25:56.161819+00:00
[2023-06-14T09:25:56.173+0000] {processor.py:175} INFO - Processing /home/airflow/.local/lib/python3.7/site-packages/airflow/example_dags/example_latest_only.py took 0.083 seconds
[2023-06-14T09:26:26.208+0000] {processor.py:153} INFO - Started process (PID=1432) to work on /home/airflow/.local/lib/python3.7/site-packages/airflow/example_dags/example_latest_only.py
[2023-06-14T09:26:26.209+0000] {processor.py:743} INFO - Processing file /home/airflow/.local/lib/python3.7/site-packages/airflow/example_dags/example_latest_only.py for tasks to queue
[2023-06-14T09:26:26.210+0000] {logging_mixin.py:137} INFO - [2023-06-14T09:26:26.210+0000] {dagbag.py:538} INFO - Filling up the DagBag from /home/airflow/.local/lib/python3.7/site-packages/airflow/example_dags/example_latest_only.py
[2023-06-14T09:26:26.221+0000] {processor.py:753} INFO - DAG(s) dict_keys(['latest_only']) retrieved from /home/airflow/.local/lib/python3.7/site-packages/airflow/example_dags/example_latest_only.py
[2023-06-14T09:26:26.246+0000] {logging_mixin.py:137} INFO - [2023-06-14T09:26:26.246+0000] {dag.py:2690} INFO - Sync 1 DAGs
[2023-06-14T09:26:26.264+0000] {logging_mixin.py:137} INFO - [2023-06-14T09:26:26.264+0000] {dag.py:3441} INFO - Setting next_dagrun for latest_only to 2023-06-14T05:26:26.264321+00:00, run_after=2023-06-14T09:26:26.264321+00:00
[2023-06-14T09:26:26.276+0000] {processor.py:175} INFO - Processing /home/airflow/.local/lib/python3.7/site-packages/airflow/example_dags/example_latest_only.py took 0.072 seconds
