[2023-06-14T09:16:39.813+0000] {processor.py:153} INFO - Started process (PID=42) to work on /home/airflow/.local/lib/python3.7/site-packages/airflow/example_dags/example_short_circuit_decorator.py
[2023-06-14T09:16:39.814+0000] {processor.py:743} INFO - Processing file /home/airflow/.local/lib/python3.7/site-packages/airflow/example_dags/example_short_circuit_decorator.py for tasks to queue
[2023-06-14T09:16:39.816+0000] {logging_mixin.py:137} INFO - [2023-06-14T09:16:39.816+0000] {dagbag.py:538} INFO - Filling up the DagBag from /home/airflow/.local/lib/python3.7/site-packages/airflow/example_dags/example_short_circuit_decorator.py
[2023-06-14T09:16:39.845+0000] {processor.py:753} INFO - DAG(s) dict_keys(['example_short_circuit_decorator']) retrieved from /home/airflow/.local/lib/python3.7/site-packages/airflow/example_dags/example_short_circuit_decorator.py
[2023-06-14T09:16:39.893+0000] {logging_mixin.py:137} INFO - [2023-06-14T09:16:39.893+0000] {dag.py:2690} INFO - Sync 1 DAGs
[2023-06-14T09:16:39.914+0000] {logging_mixin.py:137} INFO - [2023-06-14T09:16:39.914+0000] {dag.py:3441} INFO - Setting next_dagrun for example_short_circuit_decorator to 2023-06-13T09:16:39.914268+00:00, run_after=2023-06-14T09:16:39.914268+00:00
[2023-06-14T09:16:39.938+0000] {processor.py:175} INFO - Processing /home/airflow/.local/lib/python3.7/site-packages/airflow/example_dags/example_short_circuit_decorator.py took 0.130 seconds
[2023-06-14T09:17:10.244+0000] {processor.py:153} INFO - Started process (PID=117) to work on /home/airflow/.local/lib/python3.7/site-packages/airflow/example_dags/example_short_circuit_decorator.py
[2023-06-14T09:17:10.246+0000] {processor.py:743} INFO - Processing file /home/airflow/.local/lib/python3.7/site-packages/airflow/example_dags/example_short_circuit_decorator.py for tasks to queue
[2023-06-14T09:17:10.247+0000] {logging_mixin.py:137} INFO - [2023-06-14T09:17:10.247+0000] {dagbag.py:538} INFO - Filling up the DagBag from /home/airflow/.local/lib/python3.7/site-packages/airflow/example_dags/example_short_circuit_decorator.py
[2023-06-14T09:17:10.263+0000] {processor.py:753} INFO - DAG(s) dict_keys(['example_short_circuit_decorator']) retrieved from /home/airflow/.local/lib/python3.7/site-packages/airflow/example_dags/example_short_circuit_decorator.py
[2023-06-14T09:17:10.285+0000] {logging_mixin.py:137} INFO - [2023-06-14T09:17:10.285+0000] {dag.py:2690} INFO - Sync 1 DAGs
[2023-06-14T09:17:10.303+0000] {logging_mixin.py:137} INFO - [2023-06-14T09:17:10.302+0000] {dag.py:3441} INFO - Setting next_dagrun for example_short_circuit_decorator to 2023-06-13T09:17:10.302712+00:00, run_after=2023-06-14T09:17:10.302712+00:00
[2023-06-14T09:17:10.315+0000] {processor.py:175} INFO - Processing /home/airflow/.local/lib/python3.7/site-packages/airflow/example_dags/example_short_circuit_decorator.py took 0.074 seconds
[2023-06-14T09:17:41.645+0000] {processor.py:153} INFO - Started process (PID=194) to work on /home/airflow/.local/lib/python3.7/site-packages/airflow/example_dags/example_short_circuit_decorator.py
[2023-06-14T09:17:41.647+0000] {processor.py:743} INFO - Processing file /home/airflow/.local/lib/python3.7/site-packages/airflow/example_dags/example_short_circuit_decorator.py for tasks to queue
[2023-06-14T09:17:41.648+0000] {logging_mixin.py:137} INFO - [2023-06-14T09:17:41.648+0000] {dagbag.py:538} INFO - Filling up the DagBag from /home/airflow/.local/lib/python3.7/site-packages/airflow/example_dags/example_short_circuit_decorator.py
[2023-06-14T09:17:41.668+0000] {processor.py:753} INFO - DAG(s) dict_keys(['example_short_circuit_decorator']) retrieved from /home/airflow/.local/lib/python3.7/site-packages/airflow/example_dags/example_short_circuit_decorator.py
[2023-06-14T09:17:41.695+0000] {logging_mixin.py:137} INFO - [2023-06-14T09:17:41.695+0000] {dag.py:2690} INFO - Sync 1 DAGs
[2023-06-14T09:17:41.714+0000] {logging_mixin.py:137} INFO - [2023-06-14T09:17:41.714+0000] {dag.py:3441} INFO - Setting next_dagrun for example_short_circuit_decorator to 2023-06-13T09:17:41.714210+00:00, run_after=2023-06-14T09:17:41.714210+00:00
[2023-06-14T09:17:41.729+0000] {processor.py:175} INFO - Processing /home/airflow/.local/lib/python3.7/site-packages/airflow/example_dags/example_short_circuit_decorator.py took 0.094 seconds
[2023-06-14T09:18:12.246+0000] {processor.py:153} INFO - Started process (PID=261) to work on /home/airflow/.local/lib/python3.7/site-packages/airflow/example_dags/example_short_circuit_decorator.py
[2023-06-14T09:18:12.247+0000] {processor.py:743} INFO - Processing file /home/airflow/.local/lib/python3.7/site-packages/airflow/example_dags/example_short_circuit_decorator.py for tasks to queue
[2023-06-14T09:18:12.248+0000] {logging_mixin.py:137} INFO - [2023-06-14T09:18:12.248+0000] {dagbag.py:538} INFO - Filling up the DagBag from /home/airflow/.local/lib/python3.7/site-packages/airflow/example_dags/example_short_circuit_decorator.py
[2023-06-14T09:18:12.263+0000] {processor.py:753} INFO - DAG(s) dict_keys(['example_short_circuit_decorator']) retrieved from /home/airflow/.local/lib/python3.7/site-packages/airflow/example_dags/example_short_circuit_decorator.py
[2023-06-14T09:18:12.280+0000] {logging_mixin.py:137} INFO - [2023-06-14T09:18:12.280+0000] {dag.py:2690} INFO - Sync 1 DAGs
[2023-06-14T09:18:12.294+0000] {logging_mixin.py:137} INFO - [2023-06-14T09:18:12.294+0000] {dag.py:3441} INFO - Setting next_dagrun for example_short_circuit_decorator to 2023-06-13T09:18:12.294069+00:00, run_after=2023-06-14T09:18:12.294069+00:00
[2023-06-14T09:18:12.305+0000] {processor.py:175} INFO - Processing /home/airflow/.local/lib/python3.7/site-packages/airflow/example_dags/example_short_circuit_decorator.py took 0.061 seconds
[2023-06-14T09:18:42.427+0000] {processor.py:153} INFO - Started process (PID=337) to work on /home/airflow/.local/lib/python3.7/site-packages/airflow/example_dags/example_short_circuit_decorator.py
[2023-06-14T09:18:42.429+0000] {processor.py:743} INFO - Processing file /home/airflow/.local/lib/python3.7/site-packages/airflow/example_dags/example_short_circuit_decorator.py for tasks to queue
[2023-06-14T09:18:42.429+0000] {logging_mixin.py:137} INFO - [2023-06-14T09:18:42.429+0000] {dagbag.py:538} INFO - Filling up the DagBag from /home/airflow/.local/lib/python3.7/site-packages/airflow/example_dags/example_short_circuit_decorator.py
[2023-06-14T09:18:42.444+0000] {processor.py:753} INFO - DAG(s) dict_keys(['example_short_circuit_decorator']) retrieved from /home/airflow/.local/lib/python3.7/site-packages/airflow/example_dags/example_short_circuit_decorator.py
[2023-06-14T09:18:42.462+0000] {logging_mixin.py:137} INFO - [2023-06-14T09:18:42.462+0000] {dag.py:2690} INFO - Sync 1 DAGs
[2023-06-14T09:18:42.476+0000] {logging_mixin.py:137} INFO - [2023-06-14T09:18:42.476+0000] {dag.py:3441} INFO - Setting next_dagrun for example_short_circuit_decorator to 2023-06-13T09:18:42.476543+00:00, run_after=2023-06-14T09:18:42.476543+00:00
[2023-06-14T09:18:42.487+0000] {processor.py:175} INFO - Processing /home/airflow/.local/lib/python3.7/site-packages/airflow/example_dags/example_short_circuit_decorator.py took 0.062 seconds
[2023-06-14T09:19:13.921+0000] {processor.py:153} INFO - Started process (PID=413) to work on /home/airflow/.local/lib/python3.7/site-packages/airflow/example_dags/example_short_circuit_decorator.py
[2023-06-14T09:19:13.922+0000] {processor.py:743} INFO - Processing file /home/airflow/.local/lib/python3.7/site-packages/airflow/example_dags/example_short_circuit_decorator.py for tasks to queue
[2023-06-14T09:19:13.923+0000] {logging_mixin.py:137} INFO - [2023-06-14T09:19:13.923+0000] {dagbag.py:538} INFO - Filling up the DagBag from /home/airflow/.local/lib/python3.7/site-packages/airflow/example_dags/example_short_circuit_decorator.py
[2023-06-14T09:19:13.940+0000] {processor.py:753} INFO - DAG(s) dict_keys(['example_short_circuit_decorator']) retrieved from /home/airflow/.local/lib/python3.7/site-packages/airflow/example_dags/example_short_circuit_decorator.py
[2023-06-14T09:19:13.961+0000] {logging_mixin.py:137} INFO - [2023-06-14T09:19:13.961+0000] {dag.py:2690} INFO - Sync 1 DAGs
[2023-06-14T09:19:13.983+0000] {logging_mixin.py:137} INFO - [2023-06-14T09:19:13.983+0000] {dag.py:3441} INFO - Setting next_dagrun for example_short_circuit_decorator to 2023-06-13T09:19:13.982977+00:00, run_after=2023-06-14T09:19:13.982977+00:00
[2023-06-14T09:19:14.002+0000] {processor.py:175} INFO - Processing /home/airflow/.local/lib/python3.7/site-packages/airflow/example_dags/example_short_circuit_decorator.py took 0.085 seconds
[2023-06-14T09:19:44.821+0000] {processor.py:153} INFO - Started process (PID=478) to work on /home/airflow/.local/lib/python3.7/site-packages/airflow/example_dags/example_short_circuit_decorator.py
[2023-06-14T09:19:44.824+0000] {processor.py:743} INFO - Processing file /home/airflow/.local/lib/python3.7/site-packages/airflow/example_dags/example_short_circuit_decorator.py for tasks to queue
[2023-06-14T09:19:44.825+0000] {logging_mixin.py:137} INFO - [2023-06-14T09:19:44.825+0000] {dagbag.py:538} INFO - Filling up the DagBag from /home/airflow/.local/lib/python3.7/site-packages/airflow/example_dags/example_short_circuit_decorator.py
[2023-06-14T09:19:44.845+0000] {processor.py:753} INFO - DAG(s) dict_keys(['example_short_circuit_decorator']) retrieved from /home/airflow/.local/lib/python3.7/site-packages/airflow/example_dags/example_short_circuit_decorator.py
[2023-06-14T09:19:44.874+0000] {logging_mixin.py:137} INFO - [2023-06-14T09:19:44.874+0000] {dag.py:2690} INFO - Sync 1 DAGs
[2023-06-14T09:19:44.893+0000] {logging_mixin.py:137} INFO - [2023-06-14T09:19:44.893+0000] {dag.py:3441} INFO - Setting next_dagrun for example_short_circuit_decorator to 2023-06-13T09:19:44.892844+00:00, run_after=2023-06-14T09:19:44.892844+00:00
[2023-06-14T09:19:44.910+0000] {processor.py:175} INFO - Processing /home/airflow/.local/lib/python3.7/site-packages/airflow/example_dags/example_short_circuit_decorator.py took 0.093 seconds
[2023-06-14T09:20:16.994+0000] {processor.py:153} INFO - Started process (PID=555) to work on /home/airflow/.local/lib/python3.7/site-packages/airflow/example_dags/example_short_circuit_decorator.py
[2023-06-14T09:20:16.998+0000] {processor.py:743} INFO - Processing file /home/airflow/.local/lib/python3.7/site-packages/airflow/example_dags/example_short_circuit_decorator.py for tasks to queue
[2023-06-14T09:20:17.009+0000] {logging_mixin.py:137} INFO - [2023-06-14T09:20:17.009+0000] {dagbag.py:538} INFO - Filling up the DagBag from /home/airflow/.local/lib/python3.7/site-packages/airflow/example_dags/example_short_circuit_decorator.py
[2023-06-14T09:20:17.051+0000] {processor.py:753} INFO - DAG(s) dict_keys(['example_short_circuit_decorator']) retrieved from /home/airflow/.local/lib/python3.7/site-packages/airflow/example_dags/example_short_circuit_decorator.py
[2023-06-14T09:20:17.075+0000] {logging_mixin.py:137} INFO - [2023-06-14T09:20:17.074+0000] {dag.py:2690} INFO - Sync 1 DAGs
[2023-06-14T09:20:17.120+0000] {logging_mixin.py:137} INFO - [2023-06-14T09:20:17.120+0000] {dag.py:3441} INFO - Setting next_dagrun for example_short_circuit_decorator to 2023-06-13T09:20:17.119930+00:00, run_after=2023-06-14T09:20:17.119930+00:00
[2023-06-14T09:20:17.141+0000] {processor.py:175} INFO - Processing /home/airflow/.local/lib/python3.7/site-packages/airflow/example_dags/example_short_circuit_decorator.py took 0.152 seconds
[2023-06-14T09:20:48.492+0000] {processor.py:153} INFO - Started process (PID=615) to work on /home/airflow/.local/lib/python3.7/site-packages/airflow/example_dags/example_short_circuit_decorator.py
[2023-06-14T09:20:48.509+0000] {processor.py:743} INFO - Processing file /home/airflow/.local/lib/python3.7/site-packages/airflow/example_dags/example_short_circuit_decorator.py for tasks to queue
[2023-06-14T09:20:48.510+0000] {logging_mixin.py:137} INFO - [2023-06-14T09:20:48.510+0000] {dagbag.py:538} INFO - Filling up the DagBag from /home/airflow/.local/lib/python3.7/site-packages/airflow/example_dags/example_short_circuit_decorator.py
[2023-06-14T09:20:48.630+0000] {processor.py:753} INFO - DAG(s) dict_keys(['example_short_circuit_decorator']) retrieved from /home/airflow/.local/lib/python3.7/site-packages/airflow/example_dags/example_short_circuit_decorator.py
[2023-06-14T09:20:48.688+0000] {logging_mixin.py:137} INFO - [2023-06-14T09:20:48.688+0000] {dag.py:2690} INFO - Sync 1 DAGs
[2023-06-14T09:20:48.726+0000] {logging_mixin.py:137} INFO - [2023-06-14T09:20:48.726+0000] {dag.py:3441} INFO - Setting next_dagrun for example_short_circuit_decorator to 2023-06-13T09:20:48.725978+00:00, run_after=2023-06-14T09:20:48.725978+00:00
[2023-06-14T09:20:48.779+0000] {processor.py:175} INFO - Processing /home/airflow/.local/lib/python3.7/site-packages/airflow/example_dags/example_short_circuit_decorator.py took 0.291 seconds
[2023-06-14T09:21:19.359+0000] {processor.py:153} INFO - Started process (PID=682) to work on /home/airflow/.local/lib/python3.7/site-packages/airflow/example_dags/example_short_circuit_decorator.py
[2023-06-14T09:21:19.360+0000] {processor.py:743} INFO - Processing file /home/airflow/.local/lib/python3.7/site-packages/airflow/example_dags/example_short_circuit_decorator.py for tasks to queue
[2023-06-14T09:21:19.361+0000] {logging_mixin.py:137} INFO - [2023-06-14T09:21:19.361+0000] {dagbag.py:538} INFO - Filling up the DagBag from /home/airflow/.local/lib/python3.7/site-packages/airflow/example_dags/example_short_circuit_decorator.py
[2023-06-14T09:21:19.377+0000] {processor.py:753} INFO - DAG(s) dict_keys(['example_short_circuit_decorator']) retrieved from /home/airflow/.local/lib/python3.7/site-packages/airflow/example_dags/example_short_circuit_decorator.py
[2023-06-14T09:21:19.400+0000] {logging_mixin.py:137} INFO - [2023-06-14T09:21:19.399+0000] {dag.py:2690} INFO - Sync 1 DAGs
[2023-06-14T09:21:19.416+0000] {logging_mixin.py:137} INFO - [2023-06-14T09:21:19.416+0000] {dag.py:3441} INFO - Setting next_dagrun for example_short_circuit_decorator to 2023-06-13T09:21:19.416007+00:00, run_after=2023-06-14T09:21:19.416007+00:00
[2023-06-14T09:21:19.433+0000] {processor.py:175} INFO - Processing /home/airflow/.local/lib/python3.7/site-packages/airflow/example_dags/example_short_circuit_decorator.py took 0.077 seconds
[2023-06-14T09:21:49.795+0000] {processor.py:153} INFO - Started process (PID=758) to work on /home/airflow/.local/lib/python3.7/site-packages/airflow/example_dags/example_short_circuit_decorator.py
[2023-06-14T09:21:49.796+0000] {processor.py:743} INFO - Processing file /home/airflow/.local/lib/python3.7/site-packages/airflow/example_dags/example_short_circuit_decorator.py for tasks to queue
[2023-06-14T09:21:49.797+0000] {logging_mixin.py:137} INFO - [2023-06-14T09:21:49.797+0000] {dagbag.py:538} INFO - Filling up the DagBag from /home/airflow/.local/lib/python3.7/site-packages/airflow/example_dags/example_short_circuit_decorator.py
[2023-06-14T09:21:49.814+0000] {processor.py:753} INFO - DAG(s) dict_keys(['example_short_circuit_decorator']) retrieved from /home/airflow/.local/lib/python3.7/site-packages/airflow/example_dags/example_short_circuit_decorator.py
[2023-06-14T09:21:49.833+0000] {logging_mixin.py:137} INFO - [2023-06-14T09:21:49.833+0000] {dag.py:2690} INFO - Sync 1 DAGs
[2023-06-14T09:21:49.849+0000] {logging_mixin.py:137} INFO - [2023-06-14T09:21:49.849+0000] {dag.py:3441} INFO - Setting next_dagrun for example_short_circuit_decorator to 2023-06-13T09:21:49.849373+00:00, run_after=2023-06-14T09:21:49.849373+00:00
[2023-06-14T09:21:49.863+0000] {processor.py:175} INFO - Processing /home/airflow/.local/lib/python3.7/site-packages/airflow/example_dags/example_short_circuit_decorator.py took 0.071 seconds
[2023-06-14T09:22:20.051+0000] {processor.py:153} INFO - Started process (PID=832) to work on /home/airflow/.local/lib/python3.7/site-packages/airflow/example_dags/example_short_circuit_decorator.py
[2023-06-14T09:22:20.055+0000] {processor.py:743} INFO - Processing file /home/airflow/.local/lib/python3.7/site-packages/airflow/example_dags/example_short_circuit_decorator.py for tasks to queue
[2023-06-14T09:22:20.056+0000] {logging_mixin.py:137} INFO - [2023-06-14T09:22:20.056+0000] {dagbag.py:538} INFO - Filling up the DagBag from /home/airflow/.local/lib/python3.7/site-packages/airflow/example_dags/example_short_circuit_decorator.py
[2023-06-14T09:22:20.076+0000] {processor.py:753} INFO - DAG(s) dict_keys(['example_short_circuit_decorator']) retrieved from /home/airflow/.local/lib/python3.7/site-packages/airflow/example_dags/example_short_circuit_decorator.py
[2023-06-14T09:22:20.101+0000] {logging_mixin.py:137} INFO - [2023-06-14T09:22:20.100+0000] {dag.py:2690} INFO - Sync 1 DAGs
[2023-06-14T09:22:20.124+0000] {logging_mixin.py:137} INFO - [2023-06-14T09:22:20.124+0000] {dag.py:3441} INFO - Setting next_dagrun for example_short_circuit_decorator to 2023-06-13T09:22:20.124376+00:00, run_after=2023-06-14T09:22:20.124376+00:00
[2023-06-14T09:22:20.140+0000] {processor.py:175} INFO - Processing /home/airflow/.local/lib/python3.7/site-packages/airflow/example_dags/example_short_circuit_decorator.py took 0.092 seconds
[2023-06-14T09:22:50.486+0000] {processor.py:153} INFO - Started process (PID=899) to work on /home/airflow/.local/lib/python3.7/site-packages/airflow/example_dags/example_short_circuit_decorator.py
[2023-06-14T09:22:50.487+0000] {processor.py:743} INFO - Processing file /home/airflow/.local/lib/python3.7/site-packages/airflow/example_dags/example_short_circuit_decorator.py for tasks to queue
[2023-06-14T09:22:50.488+0000] {logging_mixin.py:137} INFO - [2023-06-14T09:22:50.488+0000] {dagbag.py:538} INFO - Filling up the DagBag from /home/airflow/.local/lib/python3.7/site-packages/airflow/example_dags/example_short_circuit_decorator.py
[2023-06-14T09:22:50.505+0000] {processor.py:753} INFO - DAG(s) dict_keys(['example_short_circuit_decorator']) retrieved from /home/airflow/.local/lib/python3.7/site-packages/airflow/example_dags/example_short_circuit_decorator.py
[2023-06-14T09:22:50.525+0000] {logging_mixin.py:137} INFO - [2023-06-14T09:22:50.525+0000] {dag.py:2690} INFO - Sync 1 DAGs
[2023-06-14T09:22:50.540+0000] {logging_mixin.py:137} INFO - [2023-06-14T09:22:50.540+0000] {dag.py:3441} INFO - Setting next_dagrun for example_short_circuit_decorator to 2023-06-13T09:22:50.540209+00:00, run_after=2023-06-14T09:22:50.540209+00:00
[2023-06-14T09:22:50.551+0000] {processor.py:175} INFO - Processing /home/airflow/.local/lib/python3.7/site-packages/airflow/example_dags/example_short_circuit_decorator.py took 0.068 seconds
[2023-06-14T09:23:20.754+0000] {processor.py:153} INFO - Started process (PID=974) to work on /home/airflow/.local/lib/python3.7/site-packages/airflow/example_dags/example_short_circuit_decorator.py
[2023-06-14T09:23:20.755+0000] {processor.py:743} INFO - Processing file /home/airflow/.local/lib/python3.7/site-packages/airflow/example_dags/example_short_circuit_decorator.py for tasks to queue
[2023-06-14T09:23:20.756+0000] {logging_mixin.py:137} INFO - [2023-06-14T09:23:20.756+0000] {dagbag.py:538} INFO - Filling up the DagBag from /home/airflow/.local/lib/python3.7/site-packages/airflow/example_dags/example_short_circuit_decorator.py
[2023-06-14T09:23:20.773+0000] {processor.py:753} INFO - DAG(s) dict_keys(['example_short_circuit_decorator']) retrieved from /home/airflow/.local/lib/python3.7/site-packages/airflow/example_dags/example_short_circuit_decorator.py
[2023-06-14T09:23:20.792+0000] {logging_mixin.py:137} INFO - [2023-06-14T09:23:20.792+0000] {dag.py:2690} INFO - Sync 1 DAGs
[2023-06-14T09:23:20.808+0000] {logging_mixin.py:137} INFO - [2023-06-14T09:23:20.808+0000] {dag.py:3441} INFO - Setting next_dagrun for example_short_circuit_decorator to 2023-06-13T09:23:20.807934+00:00, run_after=2023-06-14T09:23:20.807934+00:00
[2023-06-14T09:23:20.819+0000] {processor.py:175} INFO - Processing /home/airflow/.local/lib/python3.7/site-packages/airflow/example_dags/example_short_circuit_decorator.py took 0.068 seconds
[2023-06-14T09:23:51.029+0000] {processor.py:153} INFO - Started process (PID=1047) to work on /home/airflow/.local/lib/python3.7/site-packages/airflow/example_dags/example_short_circuit_decorator.py
[2023-06-14T09:23:51.030+0000] {processor.py:743} INFO - Processing file /home/airflow/.local/lib/python3.7/site-packages/airflow/example_dags/example_short_circuit_decorator.py for tasks to queue
[2023-06-14T09:23:51.032+0000] {logging_mixin.py:137} INFO - [2023-06-14T09:23:51.032+0000] {dagbag.py:538} INFO - Filling up the DagBag from /home/airflow/.local/lib/python3.7/site-packages/airflow/example_dags/example_short_circuit_decorator.py
[2023-06-14T09:23:51.053+0000] {processor.py:753} INFO - DAG(s) dict_keys(['example_short_circuit_decorator']) retrieved from /home/airflow/.local/lib/python3.7/site-packages/airflow/example_dags/example_short_circuit_decorator.py
[2023-06-14T09:23:51.081+0000] {logging_mixin.py:137} INFO - [2023-06-14T09:23:51.081+0000] {dag.py:2690} INFO - Sync 1 DAGs
[2023-06-14T09:23:51.100+0000] {logging_mixin.py:137} INFO - [2023-06-14T09:23:51.100+0000] {dag.py:3441} INFO - Setting next_dagrun for example_short_circuit_decorator to 2023-06-13T09:23:51.100254+00:00, run_after=2023-06-14T09:23:51.100254+00:00
[2023-06-14T09:23:51.124+0000] {processor.py:175} INFO - Processing /home/airflow/.local/lib/python3.7/site-packages/airflow/example_dags/example_short_circuit_decorator.py took 0.098 seconds
[2023-06-14T09:24:21.482+0000] {processor.py:153} INFO - Started process (PID=1114) to work on /home/airflow/.local/lib/python3.7/site-packages/airflow/example_dags/example_short_circuit_decorator.py
[2023-06-14T09:24:21.485+0000] {processor.py:743} INFO - Processing file /home/airflow/.local/lib/python3.7/site-packages/airflow/example_dags/example_short_circuit_decorator.py for tasks to queue
[2023-06-14T09:24:21.487+0000] {logging_mixin.py:137} INFO - [2023-06-14T09:24:21.487+0000] {dagbag.py:538} INFO - Filling up the DagBag from /home/airflow/.local/lib/python3.7/site-packages/airflow/example_dags/example_short_circuit_decorator.py
[2023-06-14T09:24:21.506+0000] {processor.py:753} INFO - DAG(s) dict_keys(['example_short_circuit_decorator']) retrieved from /home/airflow/.local/lib/python3.7/site-packages/airflow/example_dags/example_short_circuit_decorator.py
[2023-06-14T09:24:21.534+0000] {logging_mixin.py:137} INFO - [2023-06-14T09:24:21.533+0000] {dag.py:2690} INFO - Sync 1 DAGs
[2023-06-14T09:24:21.551+0000] {logging_mixin.py:137} INFO - [2023-06-14T09:24:21.550+0000] {dag.py:3441} INFO - Setting next_dagrun for example_short_circuit_decorator to 2023-06-13T09:24:21.550761+00:00, run_after=2023-06-14T09:24:21.550761+00:00
[2023-06-14T09:24:21.564+0000] {processor.py:175} INFO - Processing /home/airflow/.local/lib/python3.7/site-packages/airflow/example_dags/example_short_circuit_decorator.py took 0.085 seconds
[2023-06-14T09:24:52.324+0000] {processor.py:153} INFO - Started process (PID=1190) to work on /home/airflow/.local/lib/python3.7/site-packages/airflow/example_dags/example_short_circuit_decorator.py
[2023-06-14T09:24:52.325+0000] {processor.py:743} INFO - Processing file /home/airflow/.local/lib/python3.7/site-packages/airflow/example_dags/example_short_circuit_decorator.py for tasks to queue
[2023-06-14T09:24:52.326+0000] {logging_mixin.py:137} INFO - [2023-06-14T09:24:52.326+0000] {dagbag.py:538} INFO - Filling up the DagBag from /home/airflow/.local/lib/python3.7/site-packages/airflow/example_dags/example_short_circuit_decorator.py
[2023-06-14T09:24:52.343+0000] {processor.py:753} INFO - DAG(s) dict_keys(['example_short_circuit_decorator']) retrieved from /home/airflow/.local/lib/python3.7/site-packages/airflow/example_dags/example_short_circuit_decorator.py
[2023-06-14T09:24:52.362+0000] {logging_mixin.py:137} INFO - [2023-06-14T09:24:52.362+0000] {dag.py:2690} INFO - Sync 1 DAGs
[2023-06-14T09:24:52.377+0000] {logging_mixin.py:137} INFO - [2023-06-14T09:24:52.377+0000] {dag.py:3441} INFO - Setting next_dagrun for example_short_circuit_decorator to 2023-06-13T09:24:52.376894+00:00, run_after=2023-06-14T09:24:52.376894+00:00
[2023-06-14T09:24:52.388+0000] {processor.py:175} INFO - Processing /home/airflow/.local/lib/python3.7/site-packages/airflow/example_dags/example_short_circuit_decorator.py took 0.066 seconds
[2023-06-14T09:25:22.418+0000] {processor.py:153} INFO - Started process (PID=1264) to work on /home/airflow/.local/lib/python3.7/site-packages/airflow/example_dags/example_short_circuit_decorator.py
[2023-06-14T09:25:22.421+0000] {processor.py:743} INFO - Processing file /home/airflow/.local/lib/python3.7/site-packages/airflow/example_dags/example_short_circuit_decorator.py for tasks to queue
[2023-06-14T09:25:22.422+0000] {logging_mixin.py:137} INFO - [2023-06-14T09:25:22.421+0000] {dagbag.py:538} INFO - Filling up the DagBag from /home/airflow/.local/lib/python3.7/site-packages/airflow/example_dags/example_short_circuit_decorator.py
[2023-06-14T09:25:22.442+0000] {processor.py:753} INFO - DAG(s) dict_keys(['example_short_circuit_decorator']) retrieved from /home/airflow/.local/lib/python3.7/site-packages/airflow/example_dags/example_short_circuit_decorator.py
[2023-06-14T09:25:22.465+0000] {logging_mixin.py:137} INFO - [2023-06-14T09:25:22.465+0000] {dag.py:2690} INFO - Sync 1 DAGs
[2023-06-14T09:25:22.483+0000] {logging_mixin.py:137} INFO - [2023-06-14T09:25:22.482+0000] {dag.py:3441} INFO - Setting next_dagrun for example_short_circuit_decorator to 2023-06-13T09:25:22.482693+00:00, run_after=2023-06-14T09:25:22.482693+00:00
[2023-06-14T09:25:22.502+0000] {processor.py:175} INFO - Processing /home/airflow/.local/lib/python3.7/site-packages/airflow/example_dags/example_short_circuit_decorator.py took 0.087 seconds
[2023-06-14T09:25:52.571+0000] {processor.py:153} INFO - Started process (PID=1329) to work on /home/airflow/.local/lib/python3.7/site-packages/airflow/example_dags/example_short_circuit_decorator.py
[2023-06-14T09:25:52.573+0000] {processor.py:743} INFO - Processing file /home/airflow/.local/lib/python3.7/site-packages/airflow/example_dags/example_short_circuit_decorator.py for tasks to queue
[2023-06-14T09:25:52.574+0000] {logging_mixin.py:137} INFO - [2023-06-14T09:25:52.574+0000] {dagbag.py:538} INFO - Filling up the DagBag from /home/airflow/.local/lib/python3.7/site-packages/airflow/example_dags/example_short_circuit_decorator.py
[2023-06-14T09:25:52.593+0000] {processor.py:753} INFO - DAG(s) dict_keys(['example_short_circuit_decorator']) retrieved from /home/airflow/.local/lib/python3.7/site-packages/airflow/example_dags/example_short_circuit_decorator.py
[2023-06-14T09:25:52.617+0000] {logging_mixin.py:137} INFO - [2023-06-14T09:25:52.617+0000] {dag.py:2690} INFO - Sync 1 DAGs
[2023-06-14T09:25:52.637+0000] {logging_mixin.py:137} INFO - [2023-06-14T09:25:52.636+0000] {dag.py:3441} INFO - Setting next_dagrun for example_short_circuit_decorator to 2023-06-13T09:25:52.636580+00:00, run_after=2023-06-14T09:25:52.636580+00:00
[2023-06-14T09:25:52.654+0000] {processor.py:175} INFO - Processing /home/airflow/.local/lib/python3.7/site-packages/airflow/example_dags/example_short_circuit_decorator.py took 0.086 seconds
[2023-06-14T09:26:22.773+0000] {processor.py:153} INFO - Started process (PID=1405) to work on /home/airflow/.local/lib/python3.7/site-packages/airflow/example_dags/example_short_circuit_decorator.py
[2023-06-14T09:26:22.774+0000] {processor.py:743} INFO - Processing file /home/airflow/.local/lib/python3.7/site-packages/airflow/example_dags/example_short_circuit_decorator.py for tasks to queue
[2023-06-14T09:26:22.775+0000] {logging_mixin.py:137} INFO - [2023-06-14T09:26:22.775+0000] {dagbag.py:538} INFO - Filling up the DagBag from /home/airflow/.local/lib/python3.7/site-packages/airflow/example_dags/example_short_circuit_decorator.py
[2023-06-14T09:26:22.791+0000] {processor.py:753} INFO - DAG(s) dict_keys(['example_short_circuit_decorator']) retrieved from /home/airflow/.local/lib/python3.7/site-packages/airflow/example_dags/example_short_circuit_decorator.py
[2023-06-14T09:26:22.811+0000] {logging_mixin.py:137} INFO - [2023-06-14T09:26:22.811+0000] {dag.py:2690} INFO - Sync 1 DAGs
[2023-06-14T09:26:22.826+0000] {logging_mixin.py:137} INFO - [2023-06-14T09:26:22.826+0000] {dag.py:3441} INFO - Setting next_dagrun for example_short_circuit_decorator to 2023-06-13T09:26:22.826092+00:00, run_after=2023-06-14T09:26:22.826092+00:00
[2023-06-14T09:26:22.838+0000] {processor.py:175} INFO - Processing /home/airflow/.local/lib/python3.7/site-packages/airflow/example_dags/example_short_circuit_decorator.py took 0.068 seconds
