[2023-06-14T09:16:39.130+0000] {processor.py:153} INFO - Started process (PID=35) to work on /home/airflow/.local/lib/python3.7/site-packages/airflow/example_dags/example_branch_labels.py
[2023-06-14T09:16:39.131+0000] {processor.py:743} INFO - Processing file /home/airflow/.local/lib/python3.7/site-packages/airflow/example_dags/example_branch_labels.py for tasks to queue
[2023-06-14T09:16:39.132+0000] {logging_mixin.py:137} INFO - [2023-06-14T09:16:39.132+0000] {dagbag.py:538} INFO - Filling up the DagBag from /home/airflow/.local/lib/python3.7/site-packages/airflow/example_dags/example_branch_labels.py
[2023-06-14T09:16:39.145+0000] {processor.py:753} INFO - DAG(s) dict_keys(['example_branch_labels']) retrieved from /home/airflow/.local/lib/python3.7/site-packages/airflow/example_dags/example_branch_labels.py
[2023-06-14T09:16:39.170+0000] {logging_mixin.py:137} INFO - [2023-06-14T09:16:39.170+0000] {dag.py:2690} INFO - Sync 1 DAGs
[2023-06-14T09:16:39.193+0000] {logging_mixin.py:137} INFO - [2023-06-14T09:16:39.192+0000] {dag.py:3441} INFO - Setting next_dagrun for example_branch_labels to 2023-06-13T00:00:00+00:00, run_after=2023-06-14T00:00:00+00:00
[2023-06-14T09:16:39.208+0000] {processor.py:175} INFO - Processing /home/airflow/.local/lib/python3.7/site-packages/airflow/example_dags/example_branch_labels.py took 0.080 seconds
[2023-06-14T09:17:09.864+0000] {processor.py:153} INFO - Started process (PID=110) to work on /home/airflow/.local/lib/python3.7/site-packages/airflow/example_dags/example_branch_labels.py
[2023-06-14T09:17:09.865+0000] {processor.py:743} INFO - Processing file /home/airflow/.local/lib/python3.7/site-packages/airflow/example_dags/example_branch_labels.py for tasks to queue
[2023-06-14T09:17:09.865+0000] {logging_mixin.py:137} INFO - [2023-06-14T09:17:09.865+0000] {dagbag.py:538} INFO - Filling up the DagBag from /home/airflow/.local/lib/python3.7/site-packages/airflow/example_dags/example_branch_labels.py
[2023-06-14T09:17:09.875+0000] {processor.py:753} INFO - DAG(s) dict_keys(['example_branch_labels']) retrieved from /home/airflow/.local/lib/python3.7/site-packages/airflow/example_dags/example_branch_labels.py
[2023-06-14T09:17:09.894+0000] {logging_mixin.py:137} INFO - [2023-06-14T09:17:09.894+0000] {dag.py:2690} INFO - Sync 1 DAGs
[2023-06-14T09:17:09.909+0000] {logging_mixin.py:137} INFO - [2023-06-14T09:17:09.909+0000] {dag.py:3441} INFO - Setting next_dagrun for example_branch_labels to 2023-06-13T00:00:00+00:00, run_after=2023-06-14T00:00:00+00:00
[2023-06-14T09:17:09.919+0000] {processor.py:175} INFO - Processing /home/airflow/.local/lib/python3.7/site-packages/airflow/example_dags/example_branch_labels.py took 0.058 seconds
[2023-06-14T09:17:40.996+0000] {processor.py:153} INFO - Started process (PID=178) to work on /home/airflow/.local/lib/python3.7/site-packages/airflow/example_dags/example_branch_labels.py
[2023-06-14T09:17:40.997+0000] {processor.py:743} INFO - Processing file /home/airflow/.local/lib/python3.7/site-packages/airflow/example_dags/example_branch_labels.py for tasks to queue
[2023-06-14T09:17:40.999+0000] {logging_mixin.py:137} INFO - [2023-06-14T09:17:40.999+0000] {dagbag.py:538} INFO - Filling up the DagBag from /home/airflow/.local/lib/python3.7/site-packages/airflow/example_dags/example_branch_labels.py
[2023-06-14T09:17:41.015+0000] {processor.py:753} INFO - DAG(s) dict_keys(['example_branch_labels']) retrieved from /home/airflow/.local/lib/python3.7/site-packages/airflow/example_dags/example_branch_labels.py
[2023-06-14T09:17:41.055+0000] {logging_mixin.py:137} INFO - [2023-06-14T09:17:41.055+0000] {dag.py:2690} INFO - Sync 1 DAGs
[2023-06-14T09:17:41.074+0000] {logging_mixin.py:137} INFO - [2023-06-14T09:17:41.074+0000] {dag.py:3441} INFO - Setting next_dagrun for example_branch_labels to 2023-06-13T00:00:00+00:00, run_after=2023-06-14T00:00:00+00:00
[2023-06-14T09:17:41.091+0000] {processor.py:175} INFO - Processing /home/airflow/.local/lib/python3.7/site-packages/airflow/example_dags/example_branch_labels.py took 0.099 seconds
[2023-06-14T09:18:11.930+0000] {processor.py:153} INFO - Started process (PID=254) to work on /home/airflow/.local/lib/python3.7/site-packages/airflow/example_dags/example_branch_labels.py
[2023-06-14T09:18:11.931+0000] {processor.py:743} INFO - Processing file /home/airflow/.local/lib/python3.7/site-packages/airflow/example_dags/example_branch_labels.py for tasks to queue
[2023-06-14T09:18:11.932+0000] {logging_mixin.py:137} INFO - [2023-06-14T09:18:11.932+0000] {dagbag.py:538} INFO - Filling up the DagBag from /home/airflow/.local/lib/python3.7/site-packages/airflow/example_dags/example_branch_labels.py
[2023-06-14T09:18:11.941+0000] {processor.py:753} INFO - DAG(s) dict_keys(['example_branch_labels']) retrieved from /home/airflow/.local/lib/python3.7/site-packages/airflow/example_dags/example_branch_labels.py
[2023-06-14T09:18:11.959+0000] {logging_mixin.py:137} INFO - [2023-06-14T09:18:11.959+0000] {dag.py:2690} INFO - Sync 1 DAGs
[2023-06-14T09:18:11.973+0000] {logging_mixin.py:137} INFO - [2023-06-14T09:18:11.973+0000] {dag.py:3441} INFO - Setting next_dagrun for example_branch_labels to 2023-06-13T00:00:00+00:00, run_after=2023-06-14T00:00:00+00:00
[2023-06-14T09:18:11.982+0000] {processor.py:175} INFO - Processing /home/airflow/.local/lib/python3.7/site-packages/airflow/example_dags/example_branch_labels.py took 0.055 seconds
[2023-06-14T09:18:42.098+0000] {processor.py:153} INFO - Started process (PID=330) to work on /home/airflow/.local/lib/python3.7/site-packages/airflow/example_dags/example_branch_labels.py
[2023-06-14T09:18:42.099+0000] {processor.py:743} INFO - Processing file /home/airflow/.local/lib/python3.7/site-packages/airflow/example_dags/example_branch_labels.py for tasks to queue
[2023-06-14T09:18:42.100+0000] {logging_mixin.py:137} INFO - [2023-06-14T09:18:42.100+0000] {dagbag.py:538} INFO - Filling up the DagBag from /home/airflow/.local/lib/python3.7/site-packages/airflow/example_dags/example_branch_labels.py
[2023-06-14T09:18:42.109+0000] {processor.py:753} INFO - DAG(s) dict_keys(['example_branch_labels']) retrieved from /home/airflow/.local/lib/python3.7/site-packages/airflow/example_dags/example_branch_labels.py
[2023-06-14T09:18:42.127+0000] {logging_mixin.py:137} INFO - [2023-06-14T09:18:42.127+0000] {dag.py:2690} INFO - Sync 1 DAGs
[2023-06-14T09:18:42.142+0000] {logging_mixin.py:137} INFO - [2023-06-14T09:18:42.142+0000] {dag.py:3441} INFO - Setting next_dagrun for example_branch_labels to 2023-06-13T00:00:00+00:00, run_after=2023-06-14T00:00:00+00:00
[2023-06-14T09:18:42.152+0000] {processor.py:175} INFO - Processing /home/airflow/.local/lib/python3.7/site-packages/airflow/example_dags/example_branch_labels.py took 0.057 seconds
[2023-06-14T09:19:13.351+0000] {processor.py:153} INFO - Started process (PID=406) to work on /home/airflow/.local/lib/python3.7/site-packages/airflow/example_dags/example_branch_labels.py
[2023-06-14T09:19:13.354+0000] {processor.py:743} INFO - Processing file /home/airflow/.local/lib/python3.7/site-packages/airflow/example_dags/example_branch_labels.py for tasks to queue
[2023-06-14T09:19:13.356+0000] {logging_mixin.py:137} INFO - [2023-06-14T09:19:13.356+0000] {dagbag.py:538} INFO - Filling up the DagBag from /home/airflow/.local/lib/python3.7/site-packages/airflow/example_dags/example_branch_labels.py
[2023-06-14T09:19:13.373+0000] {processor.py:753} INFO - DAG(s) dict_keys(['example_branch_labels']) retrieved from /home/airflow/.local/lib/python3.7/site-packages/airflow/example_dags/example_branch_labels.py
[2023-06-14T09:19:13.418+0000] {logging_mixin.py:137} INFO - [2023-06-14T09:19:13.418+0000] {dag.py:2690} INFO - Sync 1 DAGs
[2023-06-14T09:19:13.443+0000] {logging_mixin.py:137} INFO - [2023-06-14T09:19:13.443+0000] {dag.py:3441} INFO - Setting next_dagrun for example_branch_labels to 2023-06-13T00:00:00+00:00, run_after=2023-06-14T00:00:00+00:00
[2023-06-14T09:19:13.458+0000] {processor.py:175} INFO - Processing /home/airflow/.local/lib/python3.7/site-packages/airflow/example_dags/example_branch_labels.py took 0.115 seconds
[2023-06-14T09:19:44.024+0000] {processor.py:153} INFO - Started process (PID=471) to work on /home/airflow/.local/lib/python3.7/site-packages/airflow/example_dags/example_branch_labels.py
[2023-06-14T09:19:44.027+0000] {processor.py:743} INFO - Processing file /home/airflow/.local/lib/python3.7/site-packages/airflow/example_dags/example_branch_labels.py for tasks to queue
[2023-06-14T09:19:44.032+0000] {logging_mixin.py:137} INFO - [2023-06-14T09:19:44.031+0000] {dagbag.py:538} INFO - Filling up the DagBag from /home/airflow/.local/lib/python3.7/site-packages/airflow/example_dags/example_branch_labels.py
[2023-06-14T09:19:44.050+0000] {processor.py:753} INFO - DAG(s) dict_keys(['example_branch_labels']) retrieved from /home/airflow/.local/lib/python3.7/site-packages/airflow/example_dags/example_branch_labels.py
[2023-06-14T09:19:44.075+0000] {logging_mixin.py:137} INFO - [2023-06-14T09:19:44.075+0000] {dag.py:2690} INFO - Sync 1 DAGs
[2023-06-14T09:19:44.096+0000] {logging_mixin.py:137} INFO - [2023-06-14T09:19:44.096+0000] {dag.py:3441} INFO - Setting next_dagrun for example_branch_labels to 2023-06-13T00:00:00+00:00, run_after=2023-06-14T00:00:00+00:00
[2023-06-14T09:19:44.157+0000] {processor.py:175} INFO - Processing /home/airflow/.local/lib/python3.7/site-packages/airflow/example_dags/example_branch_labels.py took 0.140 seconds
[2023-06-14T09:20:15.452+0000] {processor.py:153} INFO - Started process (PID=548) to work on /home/airflow/.local/lib/python3.7/site-packages/airflow/example_dags/example_branch_labels.py
[2023-06-14T09:20:15.455+0000] {processor.py:743} INFO - Processing file /home/airflow/.local/lib/python3.7/site-packages/airflow/example_dags/example_branch_labels.py for tasks to queue
[2023-06-14T09:20:15.458+0000] {logging_mixin.py:137} INFO - [2023-06-14T09:20:15.458+0000] {dagbag.py:538} INFO - Filling up the DagBag from /home/airflow/.local/lib/python3.7/site-packages/airflow/example_dags/example_branch_labels.py
[2023-06-14T09:20:15.486+0000] {processor.py:753} INFO - DAG(s) dict_keys(['example_branch_labels']) retrieved from /home/airflow/.local/lib/python3.7/site-packages/airflow/example_dags/example_branch_labels.py
[2023-06-14T09:20:15.524+0000] {logging_mixin.py:137} INFO - [2023-06-14T09:20:15.519+0000] {dag.py:2690} INFO - Sync 1 DAGs
[2023-06-14T09:20:15.639+0000] {logging_mixin.py:137} INFO - [2023-06-14T09:20:15.638+0000] {dag.py:3441} INFO - Setting next_dagrun for example_branch_labels to 2023-06-13T00:00:00+00:00, run_after=2023-06-14T00:00:00+00:00
[2023-06-14T09:20:15.696+0000] {processor.py:175} INFO - Processing /home/airflow/.local/lib/python3.7/site-packages/airflow/example_dags/example_branch_labels.py took 0.249 seconds
[2023-06-14T09:20:46.929+0000] {processor.py:153} INFO - Started process (PID=606) to work on /home/airflow/.local/lib/python3.7/site-packages/airflow/example_dags/example_branch_labels.py
[2023-06-14T09:20:46.933+0000] {processor.py:743} INFO - Processing file /home/airflow/.local/lib/python3.7/site-packages/airflow/example_dags/example_branch_labels.py for tasks to queue
[2023-06-14T09:20:46.935+0000] {logging_mixin.py:137} INFO - [2023-06-14T09:20:46.935+0000] {dagbag.py:538} INFO - Filling up the DagBag from /home/airflow/.local/lib/python3.7/site-packages/airflow/example_dags/example_branch_labels.py
[2023-06-14T09:20:46.975+0000] {processor.py:753} INFO - DAG(s) dict_keys(['example_branch_labels']) retrieved from /home/airflow/.local/lib/python3.7/site-packages/airflow/example_dags/example_branch_labels.py
[2023-06-14T09:20:47.073+0000] {logging_mixin.py:137} INFO - [2023-06-14T09:20:47.073+0000] {dag.py:2690} INFO - Sync 1 DAGs
[2023-06-14T09:20:47.199+0000] {logging_mixin.py:137} INFO - [2023-06-14T09:20:47.199+0000] {dag.py:3441} INFO - Setting next_dagrun for example_branch_labels to 2023-06-13T00:00:00+00:00, run_after=2023-06-14T00:00:00+00:00
[2023-06-14T09:20:47.256+0000] {processor.py:175} INFO - Processing /home/airflow/.local/lib/python3.7/site-packages/airflow/example_dags/example_branch_labels.py took 0.332 seconds
[2023-06-14T09:21:18.051+0000] {processor.py:153} INFO - Started process (PID=675) to work on /home/airflow/.local/lib/python3.7/site-packages/airflow/example_dags/example_branch_labels.py
[2023-06-14T09:21:18.053+0000] {processor.py:743} INFO - Processing file /home/airflow/.local/lib/python3.7/site-packages/airflow/example_dags/example_branch_labels.py for tasks to queue
[2023-06-14T09:21:18.054+0000] {logging_mixin.py:137} INFO - [2023-06-14T09:21:18.054+0000] {dagbag.py:538} INFO - Filling up the DagBag from /home/airflow/.local/lib/python3.7/site-packages/airflow/example_dags/example_branch_labels.py
[2023-06-14T09:21:18.064+0000] {processor.py:753} INFO - DAG(s) dict_keys(['example_branch_labels']) retrieved from /home/airflow/.local/lib/python3.7/site-packages/airflow/example_dags/example_branch_labels.py
[2023-06-14T09:21:18.083+0000] {logging_mixin.py:137} INFO - [2023-06-14T09:21:18.083+0000] {dag.py:2690} INFO - Sync 1 DAGs
[2023-06-14T09:21:18.098+0000] {logging_mixin.py:137} INFO - [2023-06-14T09:21:18.098+0000] {dag.py:3441} INFO - Setting next_dagrun for example_branch_labels to 2023-06-13T00:00:00+00:00, run_after=2023-06-14T00:00:00+00:00
[2023-06-14T09:21:18.108+0000] {processor.py:175} INFO - Processing /home/airflow/.local/lib/python3.7/site-packages/airflow/example_dags/example_branch_labels.py took 0.059 seconds
[2023-06-14T09:21:48.489+0000] {processor.py:153} INFO - Started process (PID=751) to work on /home/airflow/.local/lib/python3.7/site-packages/airflow/example_dags/example_branch_labels.py
[2023-06-14T09:21:48.490+0000] {processor.py:743} INFO - Processing file /home/airflow/.local/lib/python3.7/site-packages/airflow/example_dags/example_branch_labels.py for tasks to queue
[2023-06-14T09:21:48.490+0000] {logging_mixin.py:137} INFO - [2023-06-14T09:21:48.490+0000] {dagbag.py:538} INFO - Filling up the DagBag from /home/airflow/.local/lib/python3.7/site-packages/airflow/example_dags/example_branch_labels.py
[2023-06-14T09:21:48.500+0000] {processor.py:753} INFO - DAG(s) dict_keys(['example_branch_labels']) retrieved from /home/airflow/.local/lib/python3.7/site-packages/airflow/example_dags/example_branch_labels.py
[2023-06-14T09:21:48.519+0000] {logging_mixin.py:137} INFO - [2023-06-14T09:21:48.519+0000] {dag.py:2690} INFO - Sync 1 DAGs
[2023-06-14T09:21:48.534+0000] {logging_mixin.py:137} INFO - [2023-06-14T09:21:48.534+0000] {dag.py:3441} INFO - Setting next_dagrun for example_branch_labels to 2023-06-13T00:00:00+00:00, run_after=2023-06-14T00:00:00+00:00
[2023-06-14T09:21:48.544+0000] {processor.py:175} INFO - Processing /home/airflow/.local/lib/python3.7/site-packages/airflow/example_dags/example_branch_labels.py took 0.058 seconds
[2023-06-14T09:22:18.632+0000] {processor.py:153} INFO - Started process (PID=816) to work on /home/airflow/.local/lib/python3.7/site-packages/airflow/example_dags/example_branch_labels.py
[2023-06-14T09:22:18.635+0000] {processor.py:743} INFO - Processing file /home/airflow/.local/lib/python3.7/site-packages/airflow/example_dags/example_branch_labels.py for tasks to queue
[2023-06-14T09:22:18.636+0000] {logging_mixin.py:137} INFO - [2023-06-14T09:22:18.636+0000] {dagbag.py:538} INFO - Filling up the DagBag from /home/airflow/.local/lib/python3.7/site-packages/airflow/example_dags/example_branch_labels.py
[2023-06-14T09:22:18.647+0000] {processor.py:753} INFO - DAG(s) dict_keys(['example_branch_labels']) retrieved from /home/airflow/.local/lib/python3.7/site-packages/airflow/example_dags/example_branch_labels.py
[2023-06-14T09:22:18.674+0000] {logging_mixin.py:137} INFO - [2023-06-14T09:22:18.674+0000] {dag.py:2690} INFO - Sync 1 DAGs
[2023-06-14T09:22:18.694+0000] {logging_mixin.py:137} INFO - [2023-06-14T09:22:18.694+0000] {dag.py:3441} INFO - Setting next_dagrun for example_branch_labels to 2023-06-13T00:00:00+00:00, run_after=2023-06-14T00:00:00+00:00
[2023-06-14T09:22:18.708+0000] {processor.py:175} INFO - Processing /home/airflow/.local/lib/python3.7/site-packages/airflow/example_dags/example_branch_labels.py took 0.079 seconds
[2023-06-14T09:22:49.172+0000] {processor.py:153} INFO - Started process (PID=892) to work on /home/airflow/.local/lib/python3.7/site-packages/airflow/example_dags/example_branch_labels.py
[2023-06-14T09:22:49.173+0000] {processor.py:743} INFO - Processing file /home/airflow/.local/lib/python3.7/site-packages/airflow/example_dags/example_branch_labels.py for tasks to queue
[2023-06-14T09:22:49.174+0000] {logging_mixin.py:137} INFO - [2023-06-14T09:22:49.174+0000] {dagbag.py:538} INFO - Filling up the DagBag from /home/airflow/.local/lib/python3.7/site-packages/airflow/example_dags/example_branch_labels.py
[2023-06-14T09:22:49.184+0000] {processor.py:753} INFO - DAG(s) dict_keys(['example_branch_labels']) retrieved from /home/airflow/.local/lib/python3.7/site-packages/airflow/example_dags/example_branch_labels.py
[2023-06-14T09:22:49.203+0000] {logging_mixin.py:137} INFO - [2023-06-14T09:22:49.202+0000] {dag.py:2690} INFO - Sync 1 DAGs
[2023-06-14T09:22:49.218+0000] {logging_mixin.py:137} INFO - [2023-06-14T09:22:49.218+0000] {dag.py:3441} INFO - Setting next_dagrun for example_branch_labels to 2023-06-13T00:00:00+00:00, run_after=2023-06-14T00:00:00+00:00
[2023-06-14T09:22:49.227+0000] {processor.py:175} INFO - Processing /home/airflow/.local/lib/python3.7/site-packages/airflow/example_dags/example_branch_labels.py took 0.058 seconds
[2023-06-14T09:23:19.456+0000] {processor.py:153} INFO - Started process (PID=967) to work on /home/airflow/.local/lib/python3.7/site-packages/airflow/example_dags/example_branch_labels.py
[2023-06-14T09:23:19.457+0000] {processor.py:743} INFO - Processing file /home/airflow/.local/lib/python3.7/site-packages/airflow/example_dags/example_branch_labels.py for tasks to queue
[2023-06-14T09:23:19.458+0000] {logging_mixin.py:137} INFO - [2023-06-14T09:23:19.457+0000] {dagbag.py:538} INFO - Filling up the DagBag from /home/airflow/.local/lib/python3.7/site-packages/airflow/example_dags/example_branch_labels.py
[2023-06-14T09:23:19.467+0000] {processor.py:753} INFO - DAG(s) dict_keys(['example_branch_labels']) retrieved from /home/airflow/.local/lib/python3.7/site-packages/airflow/example_dags/example_branch_labels.py
[2023-06-14T09:23:19.487+0000] {logging_mixin.py:137} INFO - [2023-06-14T09:23:19.487+0000] {dag.py:2690} INFO - Sync 1 DAGs
[2023-06-14T09:23:19.502+0000] {logging_mixin.py:137} INFO - [2023-06-14T09:23:19.502+0000] {dag.py:3441} INFO - Setting next_dagrun for example_branch_labels to 2023-06-13T00:00:00+00:00, run_after=2023-06-14T00:00:00+00:00
[2023-06-14T09:23:19.513+0000] {processor.py:175} INFO - Processing /home/airflow/.local/lib/python3.7/site-packages/airflow/example_dags/example_branch_labels.py took 0.060 seconds
[2023-06-14T09:23:49.726+0000] {processor.py:153} INFO - Started process (PID=1031) to work on /home/airflow/.local/lib/python3.7/site-packages/airflow/example_dags/example_branch_labels.py
[2023-06-14T09:23:49.727+0000] {processor.py:743} INFO - Processing file /home/airflow/.local/lib/python3.7/site-packages/airflow/example_dags/example_branch_labels.py for tasks to queue
[2023-06-14T09:23:49.728+0000] {logging_mixin.py:137} INFO - [2023-06-14T09:23:49.728+0000] {dagbag.py:538} INFO - Filling up the DagBag from /home/airflow/.local/lib/python3.7/site-packages/airflow/example_dags/example_branch_labels.py
[2023-06-14T09:23:49.739+0000] {processor.py:753} INFO - DAG(s) dict_keys(['example_branch_labels']) retrieved from /home/airflow/.local/lib/python3.7/site-packages/airflow/example_dags/example_branch_labels.py
[2023-06-14T09:23:49.760+0000] {logging_mixin.py:137} INFO - [2023-06-14T09:23:49.760+0000] {dag.py:2690} INFO - Sync 1 DAGs
[2023-06-14T09:23:49.775+0000] {logging_mixin.py:137} INFO - [2023-06-14T09:23:49.775+0000] {dag.py:3441} INFO - Setting next_dagrun for example_branch_labels to 2023-06-13T00:00:00+00:00, run_after=2023-06-14T00:00:00+00:00
[2023-06-14T09:23:49.786+0000] {processor.py:175} INFO - Processing /home/airflow/.local/lib/python3.7/site-packages/airflow/example_dags/example_branch_labels.py took 0.063 seconds
[2023-06-14T09:24:20.140+0000] {processor.py:153} INFO - Started process (PID=1107) to work on /home/airflow/.local/lib/python3.7/site-packages/airflow/example_dags/example_branch_labels.py
[2023-06-14T09:24:20.141+0000] {processor.py:743} INFO - Processing file /home/airflow/.local/lib/python3.7/site-packages/airflow/example_dags/example_branch_labels.py for tasks to queue
[2023-06-14T09:24:20.142+0000] {logging_mixin.py:137} INFO - [2023-06-14T09:24:20.142+0000] {dagbag.py:538} INFO - Filling up the DagBag from /home/airflow/.local/lib/python3.7/site-packages/airflow/example_dags/example_branch_labels.py
[2023-06-14T09:24:20.151+0000] {processor.py:753} INFO - DAG(s) dict_keys(['example_branch_labels']) retrieved from /home/airflow/.local/lib/python3.7/site-packages/airflow/example_dags/example_branch_labels.py
[2023-06-14T09:24:20.172+0000] {logging_mixin.py:137} INFO - [2023-06-14T09:24:20.172+0000] {dag.py:2690} INFO - Sync 1 DAGs
[2023-06-14T09:24:20.189+0000] {logging_mixin.py:137} INFO - [2023-06-14T09:24:20.189+0000] {dag.py:3441} INFO - Setting next_dagrun for example_branch_labels to 2023-06-13T00:00:00+00:00, run_after=2023-06-14T00:00:00+00:00
[2023-06-14T09:24:20.202+0000] {processor.py:175} INFO - Processing /home/airflow/.local/lib/python3.7/site-packages/airflow/example_dags/example_branch_labels.py took 0.065 seconds
[2023-06-14T09:24:50.941+0000] {processor.py:153} INFO - Started process (PID=1183) to work on /home/airflow/.local/lib/python3.7/site-packages/airflow/example_dags/example_branch_labels.py
[2023-06-14T09:24:50.942+0000] {processor.py:743} INFO - Processing file /home/airflow/.local/lib/python3.7/site-packages/airflow/example_dags/example_branch_labels.py for tasks to queue
[2023-06-14T09:24:50.943+0000] {logging_mixin.py:137} INFO - [2023-06-14T09:24:50.943+0000] {dagbag.py:538} INFO - Filling up the DagBag from /home/airflow/.local/lib/python3.7/site-packages/airflow/example_dags/example_branch_labels.py
[2023-06-14T09:24:50.953+0000] {processor.py:753} INFO - DAG(s) dict_keys(['example_branch_labels']) retrieved from /home/airflow/.local/lib/python3.7/site-packages/airflow/example_dags/example_branch_labels.py
[2023-06-14T09:24:50.972+0000] {logging_mixin.py:137} INFO - [2023-06-14T09:24:50.972+0000] {dag.py:2690} INFO - Sync 1 DAGs
[2023-06-14T09:24:50.987+0000] {logging_mixin.py:137} INFO - [2023-06-14T09:24:50.987+0000] {dag.py:3441} INFO - Setting next_dagrun for example_branch_labels to 2023-06-13T00:00:00+00:00, run_after=2023-06-14T00:00:00+00:00
[2023-06-14T09:24:50.997+0000] {processor.py:175} INFO - Processing /home/airflow/.local/lib/python3.7/site-packages/airflow/example_dags/example_branch_labels.py took 0.059 seconds
[2023-06-14T09:25:21.089+0000] {processor.py:153} INFO - Started process (PID=1246) to work on /home/airflow/.local/lib/python3.7/site-packages/airflow/example_dags/example_branch_labels.py
[2023-06-14T09:25:21.090+0000] {processor.py:743} INFO - Processing file /home/airflow/.local/lib/python3.7/site-packages/airflow/example_dags/example_branch_labels.py for tasks to queue
[2023-06-14T09:25:21.091+0000] {logging_mixin.py:137} INFO - [2023-06-14T09:25:21.091+0000] {dagbag.py:538} INFO - Filling up the DagBag from /home/airflow/.local/lib/python3.7/site-packages/airflow/example_dags/example_branch_labels.py
[2023-06-14T09:25:21.102+0000] {processor.py:753} INFO - DAG(s) dict_keys(['example_branch_labels']) retrieved from /home/airflow/.local/lib/python3.7/site-packages/airflow/example_dags/example_branch_labels.py
[2023-06-14T09:25:21.122+0000] {logging_mixin.py:137} INFO - [2023-06-14T09:25:21.122+0000] {dag.py:2690} INFO - Sync 1 DAGs
[2023-06-14T09:25:21.138+0000] {logging_mixin.py:137} INFO - [2023-06-14T09:25:21.138+0000] {dag.py:3441} INFO - Setting next_dagrun for example_branch_labels to 2023-06-13T00:00:00+00:00, run_after=2023-06-14T00:00:00+00:00
[2023-06-14T09:25:21.149+0000] {processor.py:175} INFO - Processing /home/airflow/.local/lib/python3.7/site-packages/airflow/example_dags/example_branch_labels.py took 0.063 seconds
[2023-06-14T09:25:51.285+0000] {processor.py:153} INFO - Started process (PID=1322) to work on /home/airflow/.local/lib/python3.7/site-packages/airflow/example_dags/example_branch_labels.py
[2023-06-14T09:25:51.286+0000] {processor.py:743} INFO - Processing file /home/airflow/.local/lib/python3.7/site-packages/airflow/example_dags/example_branch_labels.py for tasks to queue
[2023-06-14T09:25:51.287+0000] {logging_mixin.py:137} INFO - [2023-06-14T09:25:51.287+0000] {dagbag.py:538} INFO - Filling up the DagBag from /home/airflow/.local/lib/python3.7/site-packages/airflow/example_dags/example_branch_labels.py
[2023-06-14T09:25:51.296+0000] {processor.py:753} INFO - DAG(s) dict_keys(['example_branch_labels']) retrieved from /home/airflow/.local/lib/python3.7/site-packages/airflow/example_dags/example_branch_labels.py
[2023-06-14T09:25:51.315+0000] {logging_mixin.py:137} INFO - [2023-06-14T09:25:51.315+0000] {dag.py:2690} INFO - Sync 1 DAGs
[2023-06-14T09:25:51.330+0000] {logging_mixin.py:137} INFO - [2023-06-14T09:25:51.330+0000] {dag.py:3441} INFO - Setting next_dagrun for example_branch_labels to 2023-06-13T00:00:00+00:00, run_after=2023-06-14T00:00:00+00:00
[2023-06-14T09:25:51.340+0000] {processor.py:175} INFO - Processing /home/airflow/.local/lib/python3.7/site-packages/airflow/example_dags/example_branch_labels.py took 0.057 seconds
[2023-06-14T09:26:21.468+0000] {processor.py:153} INFO - Started process (PID=1398) to work on /home/airflow/.local/lib/python3.7/site-packages/airflow/example_dags/example_branch_labels.py
[2023-06-14T09:26:21.469+0000] {processor.py:743} INFO - Processing file /home/airflow/.local/lib/python3.7/site-packages/airflow/example_dags/example_branch_labels.py for tasks to queue
[2023-06-14T09:26:21.470+0000] {logging_mixin.py:137} INFO - [2023-06-14T09:26:21.470+0000] {dagbag.py:538} INFO - Filling up the DagBag from /home/airflow/.local/lib/python3.7/site-packages/airflow/example_dags/example_branch_labels.py
[2023-06-14T09:26:21.480+0000] {processor.py:753} INFO - DAG(s) dict_keys(['example_branch_labels']) retrieved from /home/airflow/.local/lib/python3.7/site-packages/airflow/example_dags/example_branch_labels.py
[2023-06-14T09:26:21.499+0000] {logging_mixin.py:137} INFO - [2023-06-14T09:26:21.499+0000] {dag.py:2690} INFO - Sync 1 DAGs
[2023-06-14T09:26:21.514+0000] {logging_mixin.py:137} INFO - [2023-06-14T09:26:21.514+0000] {dag.py:3441} INFO - Setting next_dagrun for example_branch_labels to 2023-06-13T00:00:00+00:00, run_after=2023-06-14T00:00:00+00:00
[2023-06-14T09:26:21.524+0000] {processor.py:175} INFO - Processing /home/airflow/.local/lib/python3.7/site-packages/airflow/example_dags/example_branch_labels.py took 0.058 seconds
