[2023-06-14T09:16:41.572+0000] {processor.py:153} INFO - Started process (PID=56) to work on /home/airflow/.local/lib/python3.7/site-packages/airflow/example_dags/example_task_group.py
[2023-06-14T09:16:41.574+0000] {processor.py:743} INFO - Processing file /home/airflow/.local/lib/python3.7/site-packages/airflow/example_dags/example_task_group.py for tasks to queue
[2023-06-14T09:16:41.576+0000] {logging_mixin.py:137} INFO - [2023-06-14T09:16:41.575+0000] {dagbag.py:538} INFO - Filling up the DagBag from /home/airflow/.local/lib/python3.7/site-packages/airflow/example_dags/example_task_group.py
[2023-06-14T09:16:41.631+0000] {processor.py:753} INFO - DAG(s) dict_keys(['example_task_group']) retrieved from /home/airflow/.local/lib/python3.7/site-packages/airflow/example_dags/example_task_group.py
[2023-06-14T09:16:41.675+0000] {logging_mixin.py:137} INFO - [2023-06-14T09:16:41.675+0000] {dag.py:2690} INFO - Sync 1 DAGs
[2023-06-14T09:16:41.720+0000] {logging_mixin.py:137} INFO - [2023-06-14T09:16:41.720+0000] {dag.py:3441} INFO - Setting next_dagrun for example_task_group to 2023-06-13T09:16:41.720506+00:00, run_after=2023-06-14T09:16:41.720506+00:00
[2023-06-14T09:16:41.766+0000] {processor.py:175} INFO - Processing /home/airflow/.local/lib/python3.7/site-packages/airflow/example_dags/example_task_group.py took 0.207 seconds
[2023-06-14T09:17:12.422+0000] {processor.py:153} INFO - Started process (PID=131) to work on /home/airflow/.local/lib/python3.7/site-packages/airflow/example_dags/example_task_group.py
[2023-06-14T09:17:12.423+0000] {processor.py:743} INFO - Processing file /home/airflow/.local/lib/python3.7/site-packages/airflow/example_dags/example_task_group.py for tasks to queue
[2023-06-14T09:17:12.425+0000] {logging_mixin.py:137} INFO - [2023-06-14T09:17:12.425+0000] {dagbag.py:538} INFO - Filling up the DagBag from /home/airflow/.local/lib/python3.7/site-packages/airflow/example_dags/example_task_group.py
[2023-06-14T09:17:12.447+0000] {processor.py:753} INFO - DAG(s) dict_keys(['example_task_group']) retrieved from /home/airflow/.local/lib/python3.7/site-packages/airflow/example_dags/example_task_group.py
[2023-06-14T09:17:12.478+0000] {logging_mixin.py:137} INFO - [2023-06-14T09:17:12.478+0000] {dag.py:2690} INFO - Sync 1 DAGs
[2023-06-14T09:17:12.503+0000] {logging_mixin.py:137} INFO - [2023-06-14T09:17:12.503+0000] {dag.py:3441} INFO - Setting next_dagrun for example_task_group to 2023-06-13T09:17:12.503248+00:00, run_after=2023-06-14T09:17:12.503248+00:00
[2023-06-14T09:17:12.523+0000] {processor.py:175} INFO - Processing /home/airflow/.local/lib/python3.7/site-packages/airflow/example_dags/example_task_group.py took 0.106 seconds
[2023-06-14T09:17:42.585+0000] {processor.py:153} INFO - Started process (PID=211) to work on /home/airflow/.local/lib/python3.7/site-packages/airflow/example_dags/example_task_group.py
[2023-06-14T09:17:42.586+0000] {processor.py:743} INFO - Processing file /home/airflow/.local/lib/python3.7/site-packages/airflow/example_dags/example_task_group.py for tasks to queue
[2023-06-14T09:17:42.587+0000] {logging_mixin.py:137} INFO - [2023-06-14T09:17:42.587+0000] {dagbag.py:538} INFO - Filling up the DagBag from /home/airflow/.local/lib/python3.7/site-packages/airflow/example_dags/example_task_group.py
[2023-06-14T09:17:42.598+0000] {processor.py:753} INFO - DAG(s) dict_keys(['example_task_group']) retrieved from /home/airflow/.local/lib/python3.7/site-packages/airflow/example_dags/example_task_group.py
[2023-06-14T09:17:42.617+0000] {logging_mixin.py:137} INFO - [2023-06-14T09:17:42.617+0000] {dag.py:2690} INFO - Sync 1 DAGs
[2023-06-14T09:17:42.634+0000] {logging_mixin.py:137} INFO - [2023-06-14T09:17:42.633+0000] {dag.py:3441} INFO - Setting next_dagrun for example_task_group to 2023-06-13T09:17:42.633750+00:00, run_after=2023-06-14T09:17:42.633750+00:00
[2023-06-14T09:17:42.647+0000] {processor.py:175} INFO - Processing /home/airflow/.local/lib/python3.7/site-packages/airflow/example_dags/example_task_group.py took 0.064 seconds
[2023-06-14T09:18:12.907+0000] {processor.py:153} INFO - Started process (PID=275) to work on /home/airflow/.local/lib/python3.7/site-packages/airflow/example_dags/example_task_group.py
[2023-06-14T09:18:12.909+0000] {processor.py:743} INFO - Processing file /home/airflow/.local/lib/python3.7/site-packages/airflow/example_dags/example_task_group.py for tasks to queue
[2023-06-14T09:18:12.910+0000] {logging_mixin.py:137} INFO - [2023-06-14T09:18:12.910+0000] {dagbag.py:538} INFO - Filling up the DagBag from /home/airflow/.local/lib/python3.7/site-packages/airflow/example_dags/example_task_group.py
[2023-06-14T09:18:12.921+0000] {processor.py:753} INFO - DAG(s) dict_keys(['example_task_group']) retrieved from /home/airflow/.local/lib/python3.7/site-packages/airflow/example_dags/example_task_group.py
[2023-06-14T09:18:12.939+0000] {logging_mixin.py:137} INFO - [2023-06-14T09:18:12.939+0000] {dag.py:2690} INFO - Sync 1 DAGs
[2023-06-14T09:18:12.953+0000] {logging_mixin.py:137} INFO - [2023-06-14T09:18:12.953+0000] {dag.py:3441} INFO - Setting next_dagrun for example_task_group to 2023-06-13T09:18:12.952905+00:00, run_after=2023-06-14T09:18:12.952905+00:00
[2023-06-14T09:18:12.963+0000] {processor.py:175} INFO - Processing /home/airflow/.local/lib/python3.7/site-packages/airflow/example_dags/example_task_group.py took 0.058 seconds
[2023-06-14T09:18:43.105+0000] {processor.py:153} INFO - Started process (PID=351) to work on /home/airflow/.local/lib/python3.7/site-packages/airflow/example_dags/example_task_group.py
[2023-06-14T09:18:43.107+0000] {processor.py:743} INFO - Processing file /home/airflow/.local/lib/python3.7/site-packages/airflow/example_dags/example_task_group.py for tasks to queue
[2023-06-14T09:18:43.108+0000] {logging_mixin.py:137} INFO - [2023-06-14T09:18:43.107+0000] {dagbag.py:538} INFO - Filling up the DagBag from /home/airflow/.local/lib/python3.7/site-packages/airflow/example_dags/example_task_group.py
[2023-06-14T09:18:43.119+0000] {processor.py:753} INFO - DAG(s) dict_keys(['example_task_group']) retrieved from /home/airflow/.local/lib/python3.7/site-packages/airflow/example_dags/example_task_group.py
[2023-06-14T09:18:43.137+0000] {logging_mixin.py:137} INFO - [2023-06-14T09:18:43.137+0000] {dag.py:2690} INFO - Sync 1 DAGs
[2023-06-14T09:18:43.154+0000] {logging_mixin.py:137} INFO - [2023-06-14T09:18:43.154+0000] {dag.py:3441} INFO - Setting next_dagrun for example_task_group to 2023-06-13T09:18:43.153956+00:00, run_after=2023-06-14T09:18:43.153956+00:00
[2023-06-14T09:18:43.165+0000] {processor.py:175} INFO - Processing /home/airflow/.local/lib/python3.7/site-packages/airflow/example_dags/example_task_group.py took 0.062 seconds
[2023-06-14T09:19:14.807+0000] {processor.py:153} INFO - Started process (PID=427) to work on /home/airflow/.local/lib/python3.7/site-packages/airflow/example_dags/example_task_group.py
[2023-06-14T09:19:14.809+0000] {processor.py:743} INFO - Processing file /home/airflow/.local/lib/python3.7/site-packages/airflow/example_dags/example_task_group.py for tasks to queue
[2023-06-14T09:19:14.810+0000] {logging_mixin.py:137} INFO - [2023-06-14T09:19:14.810+0000] {dagbag.py:538} INFO - Filling up the DagBag from /home/airflow/.local/lib/python3.7/site-packages/airflow/example_dags/example_task_group.py
[2023-06-14T09:19:14.822+0000] {processor.py:753} INFO - DAG(s) dict_keys(['example_task_group']) retrieved from /home/airflow/.local/lib/python3.7/site-packages/airflow/example_dags/example_task_group.py
[2023-06-14T09:19:14.843+0000] {logging_mixin.py:137} INFO - [2023-06-14T09:19:14.843+0000] {dag.py:2690} INFO - Sync 1 DAGs
[2023-06-14T09:19:14.862+0000] {logging_mixin.py:137} INFO - [2023-06-14T09:19:14.862+0000] {dag.py:3441} INFO - Setting next_dagrun for example_task_group to 2023-06-13T09:19:14.861929+00:00, run_after=2023-06-14T09:19:14.861929+00:00
[2023-06-14T09:19:14.875+0000] {processor.py:175} INFO - Processing /home/airflow/.local/lib/python3.7/site-packages/airflow/example_dags/example_task_group.py took 0.070 seconds
[2023-06-14T09:19:46.538+0000] {processor.py:153} INFO - Started process (PID=492) to work on /home/airflow/.local/lib/python3.7/site-packages/airflow/example_dags/example_task_group.py
[2023-06-14T09:19:46.540+0000] {processor.py:743} INFO - Processing file /home/airflow/.local/lib/python3.7/site-packages/airflow/example_dags/example_task_group.py for tasks to queue
[2023-06-14T09:19:46.541+0000] {logging_mixin.py:137} INFO - [2023-06-14T09:19:46.541+0000] {dagbag.py:538} INFO - Filling up the DagBag from /home/airflow/.local/lib/python3.7/site-packages/airflow/example_dags/example_task_group.py
[2023-06-14T09:19:46.553+0000] {processor.py:753} INFO - DAG(s) dict_keys(['example_task_group']) retrieved from /home/airflow/.local/lib/python3.7/site-packages/airflow/example_dags/example_task_group.py
[2023-06-14T09:19:46.574+0000] {logging_mixin.py:137} INFO - [2023-06-14T09:19:46.574+0000] {dag.py:2690} INFO - Sync 1 DAGs
[2023-06-14T09:19:46.600+0000] {logging_mixin.py:137} INFO - [2023-06-14T09:19:46.600+0000] {dag.py:3441} INFO - Setting next_dagrun for example_task_group to 2023-06-13T09:19:46.600662+00:00, run_after=2023-06-14T09:19:46.600662+00:00
[2023-06-14T09:19:46.622+0000] {processor.py:175} INFO - Processing /home/airflow/.local/lib/python3.7/site-packages/airflow/example_dags/example_task_group.py took 0.086 seconds
[2023-06-14T09:20:19.846+0000] {processor.py:153} INFO - Started process (PID=569) to work on /home/airflow/.local/lib/python3.7/site-packages/airflow/example_dags/example_task_group.py
[2023-06-14T09:20:19.850+0000] {processor.py:743} INFO - Processing file /home/airflow/.local/lib/python3.7/site-packages/airflow/example_dags/example_task_group.py for tasks to queue
[2023-06-14T09:20:19.852+0000] {logging_mixin.py:137} INFO - [2023-06-14T09:20:19.851+0000] {dagbag.py:538} INFO - Filling up the DagBag from /home/airflow/.local/lib/python3.7/site-packages/airflow/example_dags/example_task_group.py
[2023-06-14T09:20:19.882+0000] {processor.py:753} INFO - DAG(s) dict_keys(['example_task_group']) retrieved from /home/airflow/.local/lib/python3.7/site-packages/airflow/example_dags/example_task_group.py
[2023-06-14T09:20:19.954+0000] {logging_mixin.py:137} INFO - [2023-06-14T09:20:19.953+0000] {dag.py:2690} INFO - Sync 1 DAGs
[2023-06-14T09:20:20.013+0000] {logging_mixin.py:137} INFO - [2023-06-14T09:20:20.013+0000] {dag.py:3441} INFO - Setting next_dagrun for example_task_group to 2023-06-13T09:20:20.012743+00:00, run_after=2023-06-14T09:20:20.012743+00:00
[2023-06-14T09:20:20.067+0000] {processor.py:175} INFO - Processing /home/airflow/.local/lib/python3.7/site-packages/airflow/example_dags/example_task_group.py took 0.228 seconds
[2023-06-14T09:20:50.906+0000] {processor.py:153} INFO - Started process (PID=632) to work on /home/airflow/.local/lib/python3.7/site-packages/airflow/example_dags/example_task_group.py
[2023-06-14T09:20:50.907+0000] {processor.py:743} INFO - Processing file /home/airflow/.local/lib/python3.7/site-packages/airflow/example_dags/example_task_group.py for tasks to queue
[2023-06-14T09:20:50.908+0000] {logging_mixin.py:137} INFO - [2023-06-14T09:20:50.908+0000] {dagbag.py:538} INFO - Filling up the DagBag from /home/airflow/.local/lib/python3.7/site-packages/airflow/example_dags/example_task_group.py
[2023-06-14T09:20:50.919+0000] {processor.py:753} INFO - DAG(s) dict_keys(['example_task_group']) retrieved from /home/airflow/.local/lib/python3.7/site-packages/airflow/example_dags/example_task_group.py
[2023-06-14T09:20:50.940+0000] {logging_mixin.py:137} INFO - [2023-06-14T09:20:50.940+0000] {dag.py:2690} INFO - Sync 1 DAGs
[2023-06-14T09:20:50.956+0000] {logging_mixin.py:137} INFO - [2023-06-14T09:20:50.956+0000] {dag.py:3441} INFO - Setting next_dagrun for example_task_group to 2023-06-13T09:20:50.956237+00:00, run_after=2023-06-14T09:20:50.956237+00:00
[2023-06-14T09:20:50.974+0000] {processor.py:175} INFO - Processing /home/airflow/.local/lib/python3.7/site-packages/airflow/example_dags/example_task_group.py took 0.072 seconds
[2023-06-14T09:21:21.116+0000] {processor.py:153} INFO - Started process (PID=696) to work on /home/airflow/.local/lib/python3.7/site-packages/airflow/example_dags/example_task_group.py
[2023-06-14T09:21:21.118+0000] {processor.py:743} INFO - Processing file /home/airflow/.local/lib/python3.7/site-packages/airflow/example_dags/example_task_group.py for tasks to queue
[2023-06-14T09:21:21.120+0000] {logging_mixin.py:137} INFO - [2023-06-14T09:21:21.119+0000] {dagbag.py:538} INFO - Filling up the DagBag from /home/airflow/.local/lib/python3.7/site-packages/airflow/example_dags/example_task_group.py
[2023-06-14T09:21:21.138+0000] {processor.py:753} INFO - DAG(s) dict_keys(['example_task_group']) retrieved from /home/airflow/.local/lib/python3.7/site-packages/airflow/example_dags/example_task_group.py
[2023-06-14T09:21:21.163+0000] {logging_mixin.py:137} INFO - [2023-06-14T09:21:21.163+0000] {dag.py:2690} INFO - Sync 1 DAGs
[2023-06-14T09:21:21.180+0000] {logging_mixin.py:137} INFO - [2023-06-14T09:21:21.180+0000] {dag.py:3441} INFO - Setting next_dagrun for example_task_group to 2023-06-13T09:21:21.179799+00:00, run_after=2023-06-14T09:21:21.179799+00:00
[2023-06-14T09:21:21.198+0000] {processor.py:175} INFO - Processing /home/airflow/.local/lib/python3.7/site-packages/airflow/example_dags/example_task_group.py took 0.089 seconds
[2023-06-14T09:21:51.512+0000] {processor.py:153} INFO - Started process (PID=772) to work on /home/airflow/.local/lib/python3.7/site-packages/airflow/example_dags/example_task_group.py
[2023-06-14T09:21:51.514+0000] {processor.py:743} INFO - Processing file /home/airflow/.local/lib/python3.7/site-packages/airflow/example_dags/example_task_group.py for tasks to queue
[2023-06-14T09:21:51.515+0000] {logging_mixin.py:137} INFO - [2023-06-14T09:21:51.515+0000] {dagbag.py:538} INFO - Filling up the DagBag from /home/airflow/.local/lib/python3.7/site-packages/airflow/example_dags/example_task_group.py
[2023-06-14T09:21:51.534+0000] {processor.py:753} INFO - DAG(s) dict_keys(['example_task_group']) retrieved from /home/airflow/.local/lib/python3.7/site-packages/airflow/example_dags/example_task_group.py
[2023-06-14T09:21:51.560+0000] {logging_mixin.py:137} INFO - [2023-06-14T09:21:51.560+0000] {dag.py:2690} INFO - Sync 1 DAGs
[2023-06-14T09:21:51.576+0000] {logging_mixin.py:137} INFO - [2023-06-14T09:21:51.576+0000] {dag.py:3441} INFO - Setting next_dagrun for example_task_group to 2023-06-13T09:21:51.575932+00:00, run_after=2023-06-14T09:21:51.575932+00:00
[2023-06-14T09:21:51.587+0000] {processor.py:175} INFO - Processing /home/airflow/.local/lib/python3.7/site-packages/airflow/example_dags/example_task_group.py took 0.081 seconds
[2023-06-14T09:22:22.053+0000] {processor.py:153} INFO - Started process (PID=849) to work on /home/airflow/.local/lib/python3.7/site-packages/airflow/example_dags/example_task_group.py
[2023-06-14T09:22:22.056+0000] {processor.py:743} INFO - Processing file /home/airflow/.local/lib/python3.7/site-packages/airflow/example_dags/example_task_group.py for tasks to queue
[2023-06-14T09:22:22.058+0000] {logging_mixin.py:137} INFO - [2023-06-14T09:22:22.057+0000] {dagbag.py:538} INFO - Filling up the DagBag from /home/airflow/.local/lib/python3.7/site-packages/airflow/example_dags/example_task_group.py
[2023-06-14T09:22:22.076+0000] {processor.py:753} INFO - DAG(s) dict_keys(['example_task_group']) retrieved from /home/airflow/.local/lib/python3.7/site-packages/airflow/example_dags/example_task_group.py
[2023-06-14T09:22:22.100+0000] {logging_mixin.py:137} INFO - [2023-06-14T09:22:22.100+0000] {dag.py:2690} INFO - Sync 1 DAGs
[2023-06-14T09:22:22.119+0000] {logging_mixin.py:137} INFO - [2023-06-14T09:22:22.119+0000] {dag.py:3441} INFO - Setting next_dagrun for example_task_group to 2023-06-13T09:22:22.119510+00:00, run_after=2023-06-14T09:22:22.119510+00:00
[2023-06-14T09:22:22.134+0000] {processor.py:175} INFO - Processing /home/airflow/.local/lib/python3.7/site-packages/airflow/example_dags/example_task_group.py took 0.087 seconds
[2023-06-14T09:22:52.213+0000] {processor.py:153} INFO - Started process (PID=913) to work on /home/airflow/.local/lib/python3.7/site-packages/airflow/example_dags/example_task_group.py
[2023-06-14T09:22:52.215+0000] {processor.py:743} INFO - Processing file /home/airflow/.local/lib/python3.7/site-packages/airflow/example_dags/example_task_group.py for tasks to queue
[2023-06-14T09:22:52.216+0000] {logging_mixin.py:137} INFO - [2023-06-14T09:22:52.216+0000] {dagbag.py:538} INFO - Filling up the DagBag from /home/airflow/.local/lib/python3.7/site-packages/airflow/example_dags/example_task_group.py
[2023-06-14T09:22:52.229+0000] {processor.py:753} INFO - DAG(s) dict_keys(['example_task_group']) retrieved from /home/airflow/.local/lib/python3.7/site-packages/airflow/example_dags/example_task_group.py
[2023-06-14T09:22:52.254+0000] {logging_mixin.py:137} INFO - [2023-06-14T09:22:52.254+0000] {dag.py:2690} INFO - Sync 1 DAGs
[2023-06-14T09:22:52.275+0000] {logging_mixin.py:137} INFO - [2023-06-14T09:22:52.275+0000] {dag.py:3441} INFO - Setting next_dagrun for example_task_group to 2023-06-13T09:22:52.275471+00:00, run_after=2023-06-14T09:22:52.275471+00:00
[2023-06-14T09:22:52.306+0000] {processor.py:175} INFO - Processing /home/airflow/.local/lib/python3.7/site-packages/airflow/example_dags/example_task_group.py took 0.097 seconds
[2023-06-14T09:23:22.526+0000] {processor.py:153} INFO - Started process (PID=988) to work on /home/airflow/.local/lib/python3.7/site-packages/airflow/example_dags/example_task_group.py
[2023-06-14T09:23:22.529+0000] {processor.py:743} INFO - Processing file /home/airflow/.local/lib/python3.7/site-packages/airflow/example_dags/example_task_group.py for tasks to queue
[2023-06-14T09:23:22.531+0000] {logging_mixin.py:137} INFO - [2023-06-14T09:23:22.531+0000] {dagbag.py:538} INFO - Filling up the DagBag from /home/airflow/.local/lib/python3.7/site-packages/airflow/example_dags/example_task_group.py
[2023-06-14T09:23:22.550+0000] {processor.py:753} INFO - DAG(s) dict_keys(['example_task_group']) retrieved from /home/airflow/.local/lib/python3.7/site-packages/airflow/example_dags/example_task_group.py
[2023-06-14T09:23:22.576+0000] {logging_mixin.py:137} INFO - [2023-06-14T09:23:22.576+0000] {dag.py:2690} INFO - Sync 1 DAGs
[2023-06-14T09:23:22.591+0000] {logging_mixin.py:137} INFO - [2023-06-14T09:23:22.591+0000] {dag.py:3441} INFO - Setting next_dagrun for example_task_group to 2023-06-13T09:23:22.591534+00:00, run_after=2023-06-14T09:23:22.591534+00:00
[2023-06-14T09:23:22.603+0000] {processor.py:175} INFO - Processing /home/airflow/.local/lib/python3.7/site-packages/airflow/example_dags/example_task_group.py took 0.083 seconds
[2023-06-14T09:23:52.941+0000] {processor.py:153} INFO - Started process (PID=1064) to work on /home/airflow/.local/lib/python3.7/site-packages/airflow/example_dags/example_task_group.py
[2023-06-14T09:23:52.944+0000] {processor.py:743} INFO - Processing file /home/airflow/.local/lib/python3.7/site-packages/airflow/example_dags/example_task_group.py for tasks to queue
[2023-06-14T09:23:52.945+0000] {logging_mixin.py:137} INFO - [2023-06-14T09:23:52.945+0000] {dagbag.py:538} INFO - Filling up the DagBag from /home/airflow/.local/lib/python3.7/site-packages/airflow/example_dags/example_task_group.py
[2023-06-14T09:23:52.965+0000] {processor.py:753} INFO - DAG(s) dict_keys(['example_task_group']) retrieved from /home/airflow/.local/lib/python3.7/site-packages/airflow/example_dags/example_task_group.py
[2023-06-14T09:23:52.989+0000] {logging_mixin.py:137} INFO - [2023-06-14T09:23:52.989+0000] {dag.py:2690} INFO - Sync 1 DAGs
[2023-06-14T09:23:53.005+0000] {logging_mixin.py:137} INFO - [2023-06-14T09:23:53.005+0000] {dag.py:3441} INFO - Setting next_dagrun for example_task_group to 2023-06-13T09:23:53.005309+00:00, run_after=2023-06-14T09:23:53.005309+00:00
[2023-06-14T09:23:53.017+0000] {processor.py:175} INFO - Processing /home/airflow/.local/lib/python3.7/site-packages/airflow/example_dags/example_task_group.py took 0.083 seconds
[2023-06-14T09:24:23.721+0000] {processor.py:153} INFO - Started process (PID=1128) to work on /home/airflow/.local/lib/python3.7/site-packages/airflow/example_dags/example_task_group.py
[2023-06-14T09:24:23.723+0000] {processor.py:743} INFO - Processing file /home/airflow/.local/lib/python3.7/site-packages/airflow/example_dags/example_task_group.py for tasks to queue
[2023-06-14T09:24:23.725+0000] {logging_mixin.py:137} INFO - [2023-06-14T09:24:23.725+0000] {dagbag.py:538} INFO - Filling up the DagBag from /home/airflow/.local/lib/python3.7/site-packages/airflow/example_dags/example_task_group.py
[2023-06-14T09:24:23.742+0000] {processor.py:753} INFO - DAG(s) dict_keys(['example_task_group']) retrieved from /home/airflow/.local/lib/python3.7/site-packages/airflow/example_dags/example_task_group.py
[2023-06-14T09:24:23.765+0000] {logging_mixin.py:137} INFO - [2023-06-14T09:24:23.765+0000] {dag.py:2690} INFO - Sync 1 DAGs
[2023-06-14T09:24:23.781+0000] {logging_mixin.py:137} INFO - [2023-06-14T09:24:23.781+0000] {dag.py:3441} INFO - Setting next_dagrun for example_task_group to 2023-06-13T09:24:23.780963+00:00, run_after=2023-06-14T09:24:23.780963+00:00
[2023-06-14T09:24:23.792+0000] {processor.py:175} INFO - Processing /home/airflow/.local/lib/python3.7/site-packages/airflow/example_dags/example_task_group.py took 0.077 seconds
[2023-06-14T09:24:53.976+0000] {processor.py:153} INFO - Started process (PID=1204) to work on /home/airflow/.local/lib/python3.7/site-packages/airflow/example_dags/example_task_group.py
[2023-06-14T09:24:53.979+0000] {processor.py:743} INFO - Processing file /home/airflow/.local/lib/python3.7/site-packages/airflow/example_dags/example_task_group.py for tasks to queue
[2023-06-14T09:24:53.981+0000] {logging_mixin.py:137} INFO - [2023-06-14T09:24:53.981+0000] {dagbag.py:538} INFO - Filling up the DagBag from /home/airflow/.local/lib/python3.7/site-packages/airflow/example_dags/example_task_group.py
[2023-06-14T09:24:54.000+0000] {processor.py:753} INFO - DAG(s) dict_keys(['example_task_group']) retrieved from /home/airflow/.local/lib/python3.7/site-packages/airflow/example_dags/example_task_group.py
[2023-06-14T09:24:54.024+0000] {logging_mixin.py:137} INFO - [2023-06-14T09:24:54.024+0000] {dag.py:2690} INFO - Sync 1 DAGs
[2023-06-14T09:24:54.040+0000] {logging_mixin.py:137} INFO - [2023-06-14T09:24:54.040+0000] {dag.py:3441} INFO - Setting next_dagrun for example_task_group to 2023-06-13T09:24:54.040038+00:00, run_after=2023-06-14T09:24:54.040038+00:00
[2023-06-14T09:24:54.051+0000] {processor.py:175} INFO - Processing /home/airflow/.local/lib/python3.7/site-packages/airflow/example_dags/example_task_group.py took 0.082 seconds
[2023-06-14T09:25:24.147+0000] {processor.py:153} INFO - Started process (PID=1278) to work on /home/airflow/.local/lib/python3.7/site-packages/airflow/example_dags/example_task_group.py
[2023-06-14T09:25:24.148+0000] {processor.py:743} INFO - Processing file /home/airflow/.local/lib/python3.7/site-packages/airflow/example_dags/example_task_group.py for tasks to queue
[2023-06-14T09:25:24.150+0000] {logging_mixin.py:137} INFO - [2023-06-14T09:25:24.150+0000] {dagbag.py:538} INFO - Filling up the DagBag from /home/airflow/.local/lib/python3.7/site-packages/airflow/example_dags/example_task_group.py
[2023-06-14T09:25:24.167+0000] {processor.py:753} INFO - DAG(s) dict_keys(['example_task_group']) retrieved from /home/airflow/.local/lib/python3.7/site-packages/airflow/example_dags/example_task_group.py
[2023-06-14T09:25:24.193+0000] {logging_mixin.py:137} INFO - [2023-06-14T09:25:24.193+0000] {dag.py:2690} INFO - Sync 1 DAGs
[2023-06-14T09:25:24.211+0000] {logging_mixin.py:137} INFO - [2023-06-14T09:25:24.211+0000] {dag.py:3441} INFO - Setting next_dagrun for example_task_group to 2023-06-13T09:25:24.211033+00:00, run_after=2023-06-14T09:25:24.211033+00:00
[2023-06-14T09:25:24.223+0000] {processor.py:175} INFO - Processing /home/airflow/.local/lib/python3.7/site-packages/airflow/example_dags/example_task_group.py took 0.081 seconds
[2023-06-14T09:25:54.388+0000] {processor.py:153} INFO - Started process (PID=1343) to work on /home/airflow/.local/lib/python3.7/site-packages/airflow/example_dags/example_task_group.py
[2023-06-14T09:25:54.390+0000] {processor.py:743} INFO - Processing file /home/airflow/.local/lib/python3.7/site-packages/airflow/example_dags/example_task_group.py for tasks to queue
[2023-06-14T09:25:54.392+0000] {logging_mixin.py:137} INFO - [2023-06-14T09:25:54.392+0000] {dagbag.py:538} INFO - Filling up the DagBag from /home/airflow/.local/lib/python3.7/site-packages/airflow/example_dags/example_task_group.py
[2023-06-14T09:25:54.406+0000] {processor.py:753} INFO - DAG(s) dict_keys(['example_task_group']) retrieved from /home/airflow/.local/lib/python3.7/site-packages/airflow/example_dags/example_task_group.py
[2023-06-14T09:25:54.428+0000] {logging_mixin.py:137} INFO - [2023-06-14T09:25:54.428+0000] {dag.py:2690} INFO - Sync 1 DAGs
[2023-06-14T09:25:54.444+0000] {logging_mixin.py:137} INFO - [2023-06-14T09:25:54.443+0000] {dag.py:3441} INFO - Setting next_dagrun for example_task_group to 2023-06-13T09:25:54.443736+00:00, run_after=2023-06-14T09:25:54.443736+00:00
[2023-06-14T09:25:54.456+0000] {processor.py:175} INFO - Processing /home/airflow/.local/lib/python3.7/site-packages/airflow/example_dags/example_task_group.py took 0.072 seconds
[2023-06-14T09:26:24.565+0000] {processor.py:153} INFO - Started process (PID=1419) to work on /home/airflow/.local/lib/python3.7/site-packages/airflow/example_dags/example_task_group.py
[2023-06-14T09:26:24.565+0000] {processor.py:743} INFO - Processing file /home/airflow/.local/lib/python3.7/site-packages/airflow/example_dags/example_task_group.py for tasks to queue
[2023-06-14T09:26:24.566+0000] {logging_mixin.py:137} INFO - [2023-06-14T09:26:24.566+0000] {dagbag.py:538} INFO - Filling up the DagBag from /home/airflow/.local/lib/python3.7/site-packages/airflow/example_dags/example_task_group.py
[2023-06-14T09:26:24.578+0000] {processor.py:753} INFO - DAG(s) dict_keys(['example_task_group']) retrieved from /home/airflow/.local/lib/python3.7/site-packages/airflow/example_dags/example_task_group.py
[2023-06-14T09:26:24.597+0000] {logging_mixin.py:137} INFO - [2023-06-14T09:26:24.597+0000] {dag.py:2690} INFO - Sync 1 DAGs
[2023-06-14T09:26:24.613+0000] {logging_mixin.py:137} INFO - [2023-06-14T09:26:24.613+0000] {dag.py:3441} INFO - Setting next_dagrun for example_task_group to 2023-06-13T09:26:24.613594+00:00, run_after=2023-06-14T09:26:24.613594+00:00
[2023-06-14T09:26:24.625+0000] {processor.py:175} INFO - Processing /home/airflow/.local/lib/python3.7/site-packages/airflow/example_dags/example_task_group.py took 0.063 seconds
