[2023-06-14T09:16:39.262+0000] {processor.py:153} INFO - Started process (PID=37) to work on /home/airflow/.local/lib/python3.7/site-packages/airflow/example_dags/example_branch_datetime_operator.py
[2023-06-14T09:16:39.264+0000] {processor.py:743} INFO - Processing file /home/airflow/.local/lib/python3.7/site-packages/airflow/example_dags/example_branch_datetime_operator.py for tasks to queue
[2023-06-14T09:16:39.265+0000] {logging_mixin.py:137} INFO - [2023-06-14T09:16:39.265+0000] {dagbag.py:538} INFO - Filling up the DagBag from /home/airflow/.local/lib/python3.7/site-packages/airflow/example_dags/example_branch_datetime_operator.py
[2023-06-14T09:16:39.289+0000] {processor.py:753} INFO - DAG(s) dict_keys(['example_branch_datetime_operator_3', 'example_branch_datetime_operator', 'example_branch_datetime_operator_2']) retrieved from /home/airflow/.local/lib/python3.7/site-packages/airflow/example_dags/example_branch_datetime_operator.py
[2023-06-14T09:16:39.323+0000] {logging_mixin.py:137} INFO - [2023-06-14T09:16:39.322+0000] {dag.py:2690} INFO - Sync 3 DAGs
[2023-06-14T09:16:39.353+0000] {logging_mixin.py:137} INFO - [2023-06-14T09:16:39.352+0000] {dag.py:3441} INFO - Setting next_dagrun for example_branch_datetime_operator to 2023-06-13T00:00:00+00:00, run_after=2023-06-14T00:00:00+00:00
[2023-06-14T09:16:39.358+0000] {logging_mixin.py:137} INFO - [2023-06-14T09:16:39.358+0000] {dag.py:3441} INFO - Setting next_dagrun for example_branch_datetime_operator_2 to 2023-06-13T00:00:00+00:00, run_after=2023-06-14T00:00:00+00:00
[2023-06-14T09:16:39.360+0000] {logging_mixin.py:137} INFO - [2023-06-14T09:16:39.360+0000] {dag.py:3441} INFO - Setting next_dagrun for example_branch_datetime_operator_3 to 2023-06-13T00:00:00+00:00, run_after=2023-06-14T00:00:00+00:00
[2023-06-14T09:16:39.379+0000] {processor.py:175} INFO - Processing /home/airflow/.local/lib/python3.7/site-packages/airflow/example_dags/example_branch_datetime_operator.py took 0.120 seconds
[2023-06-14T09:17:09.946+0000] {processor.py:153} INFO - Started process (PID=112) to work on /home/airflow/.local/lib/python3.7/site-packages/airflow/example_dags/example_branch_datetime_operator.py
[2023-06-14T09:17:09.948+0000] {processor.py:743} INFO - Processing file /home/airflow/.local/lib/python3.7/site-packages/airflow/example_dags/example_branch_datetime_operator.py for tasks to queue
[2023-06-14T09:17:09.948+0000] {logging_mixin.py:137} INFO - [2023-06-14T09:17:09.948+0000] {dagbag.py:538} INFO - Filling up the DagBag from /home/airflow/.local/lib/python3.7/site-packages/airflow/example_dags/example_branch_datetime_operator.py
[2023-06-14T09:17:09.960+0000] {processor.py:753} INFO - DAG(s) dict_keys(['example_branch_datetime_operator_3', 'example_branch_datetime_operator', 'example_branch_datetime_operator_2']) retrieved from /home/airflow/.local/lib/python3.7/site-packages/airflow/example_dags/example_branch_datetime_operator.py
[2023-06-14T09:17:09.984+0000] {logging_mixin.py:137} INFO - [2023-06-14T09:17:09.984+0000] {dag.py:2690} INFO - Sync 3 DAGs
[2023-06-14T09:17:10.002+0000] {logging_mixin.py:137} INFO - [2023-06-14T09:17:10.002+0000] {dag.py:3441} INFO - Setting next_dagrun for example_branch_datetime_operator to 2023-06-13T00:00:00+00:00, run_after=2023-06-14T00:00:00+00:00
[2023-06-14T09:17:10.005+0000] {logging_mixin.py:137} INFO - [2023-06-14T09:17:10.005+0000] {dag.py:3441} INFO - Setting next_dagrun for example_branch_datetime_operator_2 to 2023-06-13T00:00:00+00:00, run_after=2023-06-14T00:00:00+00:00
[2023-06-14T09:17:10.007+0000] {logging_mixin.py:137} INFO - [2023-06-14T09:17:10.007+0000] {dag.py:3441} INFO - Setting next_dagrun for example_branch_datetime_operator_3 to 2023-06-13T00:00:00+00:00, run_after=2023-06-14T00:00:00+00:00
[2023-06-14T09:17:10.020+0000] {processor.py:175} INFO - Processing /home/airflow/.local/lib/python3.7/site-packages/airflow/example_dags/example_branch_datetime_operator.py took 0.077 seconds
[2023-06-14T09:17:41.125+0000] {processor.py:153} INFO - Started process (PID=187) to work on /home/airflow/.local/lib/python3.7/site-packages/airflow/example_dags/example_branch_datetime_operator.py
[2023-06-14T09:17:41.127+0000] {processor.py:743} INFO - Processing file /home/airflow/.local/lib/python3.7/site-packages/airflow/example_dags/example_branch_datetime_operator.py for tasks to queue
[2023-06-14T09:17:41.127+0000] {logging_mixin.py:137} INFO - [2023-06-14T09:17:41.127+0000] {dagbag.py:538} INFO - Filling up the DagBag from /home/airflow/.local/lib/python3.7/site-packages/airflow/example_dags/example_branch_datetime_operator.py
[2023-06-14T09:17:41.139+0000] {processor.py:753} INFO - DAG(s) dict_keys(['example_branch_datetime_operator_3', 'example_branch_datetime_operator', 'example_branch_datetime_operator_2']) retrieved from /home/airflow/.local/lib/python3.7/site-packages/airflow/example_dags/example_branch_datetime_operator.py
[2023-06-14T09:17:41.162+0000] {logging_mixin.py:137} INFO - [2023-06-14T09:17:41.162+0000] {dag.py:2690} INFO - Sync 3 DAGs
[2023-06-14T09:17:41.178+0000] {logging_mixin.py:137} INFO - [2023-06-14T09:17:41.178+0000] {dag.py:3441} INFO - Setting next_dagrun for example_branch_datetime_operator to 2023-06-13T00:00:00+00:00, run_after=2023-06-14T00:00:00+00:00
[2023-06-14T09:17:41.182+0000] {logging_mixin.py:137} INFO - [2023-06-14T09:17:41.182+0000] {dag.py:3441} INFO - Setting next_dagrun for example_branch_datetime_operator_2 to 2023-06-13T00:00:00+00:00, run_after=2023-06-14T00:00:00+00:00
[2023-06-14T09:17:41.184+0000] {logging_mixin.py:137} INFO - [2023-06-14T09:17:41.184+0000] {dag.py:3441} INFO - Setting next_dagrun for example_branch_datetime_operator_3 to 2023-06-13T00:00:00+00:00, run_after=2023-06-14T00:00:00+00:00
[2023-06-14T09:17:41.202+0000] {processor.py:175} INFO - Processing /home/airflow/.local/lib/python3.7/site-packages/airflow/example_dags/example_branch_datetime_operator.py took 0.081 seconds
[2023-06-14T09:18:12.004+0000] {processor.py:153} INFO - Started process (PID=256) to work on /home/airflow/.local/lib/python3.7/site-packages/airflow/example_dags/example_branch_datetime_operator.py
[2023-06-14T09:18:12.005+0000] {processor.py:743} INFO - Processing file /home/airflow/.local/lib/python3.7/site-packages/airflow/example_dags/example_branch_datetime_operator.py for tasks to queue
[2023-06-14T09:18:12.006+0000] {logging_mixin.py:137} INFO - [2023-06-14T09:18:12.006+0000] {dagbag.py:538} INFO - Filling up the DagBag from /home/airflow/.local/lib/python3.7/site-packages/airflow/example_dags/example_branch_datetime_operator.py
[2023-06-14T09:18:12.017+0000] {processor.py:753} INFO - DAG(s) dict_keys(['example_branch_datetime_operator', 'example_branch_datetime_operator_2', 'example_branch_datetime_operator_3']) retrieved from /home/airflow/.local/lib/python3.7/site-packages/airflow/example_dags/example_branch_datetime_operator.py
[2023-06-14T09:18:12.038+0000] {logging_mixin.py:137} INFO - [2023-06-14T09:18:12.038+0000] {dag.py:2690} INFO - Sync 3 DAGs
[2023-06-14T09:18:12.052+0000] {logging_mixin.py:137} INFO - [2023-06-14T09:18:12.052+0000] {dag.py:3441} INFO - Setting next_dagrun for example_branch_datetime_operator to 2023-06-13T00:00:00+00:00, run_after=2023-06-14T00:00:00+00:00
[2023-06-14T09:18:12.055+0000] {logging_mixin.py:137} INFO - [2023-06-14T09:18:12.055+0000] {dag.py:3441} INFO - Setting next_dagrun for example_branch_datetime_operator_2 to 2023-06-13T00:00:00+00:00, run_after=2023-06-14T00:00:00+00:00
[2023-06-14T09:18:12.057+0000] {logging_mixin.py:137} INFO - [2023-06-14T09:18:12.057+0000] {dag.py:3441} INFO - Setting next_dagrun for example_branch_datetime_operator_3 to 2023-06-13T00:00:00+00:00, run_after=2023-06-14T00:00:00+00:00
[2023-06-14T09:18:12.066+0000] {processor.py:175} INFO - Processing /home/airflow/.local/lib/python3.7/site-packages/airflow/example_dags/example_branch_datetime_operator.py took 0.065 seconds
[2023-06-14T09:18:42.175+0000] {processor.py:153} INFO - Started process (PID=332) to work on /home/airflow/.local/lib/python3.7/site-packages/airflow/example_dags/example_branch_datetime_operator.py
[2023-06-14T09:18:42.176+0000] {processor.py:743} INFO - Processing file /home/airflow/.local/lib/python3.7/site-packages/airflow/example_dags/example_branch_datetime_operator.py for tasks to queue
[2023-06-14T09:18:42.177+0000] {logging_mixin.py:137} INFO - [2023-06-14T09:18:42.177+0000] {dagbag.py:538} INFO - Filling up the DagBag from /home/airflow/.local/lib/python3.7/site-packages/airflow/example_dags/example_branch_datetime_operator.py
[2023-06-14T09:18:42.188+0000] {processor.py:753} INFO - DAG(s) dict_keys(['example_branch_datetime_operator', 'example_branch_datetime_operator_2', 'example_branch_datetime_operator_3']) retrieved from /home/airflow/.local/lib/python3.7/site-packages/airflow/example_dags/example_branch_datetime_operator.py
[2023-06-14T09:18:42.210+0000] {logging_mixin.py:137} INFO - [2023-06-14T09:18:42.210+0000] {dag.py:2690} INFO - Sync 3 DAGs
[2023-06-14T09:18:42.225+0000] {logging_mixin.py:137} INFO - [2023-06-14T09:18:42.224+0000] {dag.py:3441} INFO - Setting next_dagrun for example_branch_datetime_operator to 2023-06-13T00:00:00+00:00, run_after=2023-06-14T00:00:00+00:00
[2023-06-14T09:18:42.229+0000] {logging_mixin.py:137} INFO - [2023-06-14T09:18:42.229+0000] {dag.py:3441} INFO - Setting next_dagrun for example_branch_datetime_operator_2 to 2023-06-13T00:00:00+00:00, run_after=2023-06-14T00:00:00+00:00
[2023-06-14T09:18:42.231+0000] {logging_mixin.py:137} INFO - [2023-06-14T09:18:42.231+0000] {dag.py:3441} INFO - Setting next_dagrun for example_branch_datetime_operator_3 to 2023-06-13T00:00:00+00:00, run_after=2023-06-14T00:00:00+00:00
[2023-06-14T09:18:42.240+0000] {processor.py:175} INFO - Processing /home/airflow/.local/lib/python3.7/site-packages/airflow/example_dags/example_branch_datetime_operator.py took 0.068 seconds
[2023-06-14T09:19:13.495+0000] {processor.py:153} INFO - Started process (PID=408) to work on /home/airflow/.local/lib/python3.7/site-packages/airflow/example_dags/example_branch_datetime_operator.py
[2023-06-14T09:19:13.497+0000] {processor.py:743} INFO - Processing file /home/airflow/.local/lib/python3.7/site-packages/airflow/example_dags/example_branch_datetime_operator.py for tasks to queue
[2023-06-14T09:19:13.498+0000] {logging_mixin.py:137} INFO - [2023-06-14T09:19:13.498+0000] {dagbag.py:538} INFO - Filling up the DagBag from /home/airflow/.local/lib/python3.7/site-packages/airflow/example_dags/example_branch_datetime_operator.py
[2023-06-14T09:19:13.513+0000] {processor.py:753} INFO - DAG(s) dict_keys(['example_branch_datetime_operator_2', 'example_branch_datetime_operator_3', 'example_branch_datetime_operator']) retrieved from /home/airflow/.local/lib/python3.7/site-packages/airflow/example_dags/example_branch_datetime_operator.py
[2023-06-14T09:19:13.547+0000] {logging_mixin.py:137} INFO - [2023-06-14T09:19:13.547+0000] {dag.py:2690} INFO - Sync 3 DAGs
[2023-06-14T09:19:13.569+0000] {logging_mixin.py:137} INFO - [2023-06-14T09:19:13.569+0000] {dag.py:3441} INFO - Setting next_dagrun for example_branch_datetime_operator to 2023-06-13T00:00:00+00:00, run_after=2023-06-14T00:00:00+00:00
[2023-06-14T09:19:13.575+0000] {logging_mixin.py:137} INFO - [2023-06-14T09:19:13.574+0000] {dag.py:3441} INFO - Setting next_dagrun for example_branch_datetime_operator_2 to 2023-06-13T00:00:00+00:00, run_after=2023-06-14T00:00:00+00:00
[2023-06-14T09:19:13.579+0000] {logging_mixin.py:137} INFO - [2023-06-14T09:19:13.579+0000] {dag.py:3441} INFO - Setting next_dagrun for example_branch_datetime_operator_3 to 2023-06-13T00:00:00+00:00, run_after=2023-06-14T00:00:00+00:00
[2023-06-14T09:19:13.598+0000] {processor.py:175} INFO - Processing /home/airflow/.local/lib/python3.7/site-packages/airflow/example_dags/example_branch_datetime_operator.py took 0.107 seconds
[2023-06-14T09:19:44.183+0000] {processor.py:153} INFO - Started process (PID=473) to work on /home/airflow/.local/lib/python3.7/site-packages/airflow/example_dags/example_branch_datetime_operator.py
[2023-06-14T09:19:44.184+0000] {processor.py:743} INFO - Processing file /home/airflow/.local/lib/python3.7/site-packages/airflow/example_dags/example_branch_datetime_operator.py for tasks to queue
[2023-06-14T09:19:44.185+0000] {logging_mixin.py:137} INFO - [2023-06-14T09:19:44.185+0000] {dagbag.py:538} INFO - Filling up the DagBag from /home/airflow/.local/lib/python3.7/site-packages/airflow/example_dags/example_branch_datetime_operator.py
[2023-06-14T09:19:44.197+0000] {processor.py:753} INFO - DAG(s) dict_keys(['example_branch_datetime_operator_3', 'example_branch_datetime_operator_2', 'example_branch_datetime_operator']) retrieved from /home/airflow/.local/lib/python3.7/site-packages/airflow/example_dags/example_branch_datetime_operator.py
[2023-06-14T09:19:44.220+0000] {logging_mixin.py:137} INFO - [2023-06-14T09:19:44.220+0000] {dag.py:2690} INFO - Sync 3 DAGs
[2023-06-14T09:19:44.243+0000] {logging_mixin.py:137} INFO - [2023-06-14T09:19:44.243+0000] {dag.py:3441} INFO - Setting next_dagrun for example_branch_datetime_operator to 2023-06-13T00:00:00+00:00, run_after=2023-06-14T00:00:00+00:00
[2023-06-14T09:19:44.246+0000] {logging_mixin.py:137} INFO - [2023-06-14T09:19:44.246+0000] {dag.py:3441} INFO - Setting next_dagrun for example_branch_datetime_operator_2 to 2023-06-13T00:00:00+00:00, run_after=2023-06-14T00:00:00+00:00
[2023-06-14T09:19:44.248+0000] {logging_mixin.py:137} INFO - [2023-06-14T09:19:44.248+0000] {dag.py:3441} INFO - Setting next_dagrun for example_branch_datetime_operator_3 to 2023-06-13T00:00:00+00:00, run_after=2023-06-14T00:00:00+00:00
[2023-06-14T09:19:44.260+0000] {processor.py:175} INFO - Processing /home/airflow/.local/lib/python3.7/site-packages/airflow/example_dags/example_branch_datetime_operator.py took 0.080 seconds
[2023-06-14T09:20:15.808+0000] {processor.py:153} INFO - Started process (PID=550) to work on /home/airflow/.local/lib/python3.7/site-packages/airflow/example_dags/example_branch_datetime_operator.py
[2023-06-14T09:20:15.811+0000] {processor.py:743} INFO - Processing file /home/airflow/.local/lib/python3.7/site-packages/airflow/example_dags/example_branch_datetime_operator.py for tasks to queue
[2023-06-14T09:20:15.814+0000] {logging_mixin.py:137} INFO - [2023-06-14T09:20:15.814+0000] {dagbag.py:538} INFO - Filling up the DagBag from /home/airflow/.local/lib/python3.7/site-packages/airflow/example_dags/example_branch_datetime_operator.py
[2023-06-14T09:20:15.860+0000] {processor.py:753} INFO - DAG(s) dict_keys(['example_branch_datetime_operator_3', 'example_branch_datetime_operator_2', 'example_branch_datetime_operator']) retrieved from /home/airflow/.local/lib/python3.7/site-packages/airflow/example_dags/example_branch_datetime_operator.py
[2023-06-14T09:20:15.940+0000] {logging_mixin.py:137} INFO - [2023-06-14T09:20:15.939+0000] {dag.py:2690} INFO - Sync 3 DAGs
[2023-06-14T09:20:15.975+0000] {logging_mixin.py:137} INFO - [2023-06-14T09:20:15.975+0000] {dag.py:3441} INFO - Setting next_dagrun for example_branch_datetime_operator to 2023-06-13T00:00:00+00:00, run_after=2023-06-14T00:00:00+00:00
[2023-06-14T09:20:15.984+0000] {logging_mixin.py:137} INFO - [2023-06-14T09:20:15.983+0000] {dag.py:3441} INFO - Setting next_dagrun for example_branch_datetime_operator_2 to 2023-06-13T00:00:00+00:00, run_after=2023-06-14T00:00:00+00:00
[2023-06-14T09:20:15.990+0000] {logging_mixin.py:137} INFO - [2023-06-14T09:20:15.990+0000] {dag.py:3441} INFO - Setting next_dagrun for example_branch_datetime_operator_3 to 2023-06-13T00:00:00+00:00, run_after=2023-06-14T00:00:00+00:00
[2023-06-14T09:20:16.090+0000] {processor.py:175} INFO - Processing /home/airflow/.local/lib/python3.7/site-packages/airflow/example_dags/example_branch_datetime_operator.py took 0.307 seconds
[2023-06-14T09:20:47.352+0000] {processor.py:153} INFO - Started process (PID=610) to work on /home/airflow/.local/lib/python3.7/site-packages/airflow/example_dags/example_branch_datetime_operator.py
[2023-06-14T09:20:47.354+0000] {processor.py:743} INFO - Processing file /home/airflow/.local/lib/python3.7/site-packages/airflow/example_dags/example_branch_datetime_operator.py for tasks to queue
[2023-06-14T09:20:47.366+0000] {logging_mixin.py:137} INFO - [2023-06-14T09:20:47.365+0000] {dagbag.py:538} INFO - Filling up the DagBag from /home/airflow/.local/lib/python3.7/site-packages/airflow/example_dags/example_branch_datetime_operator.py
[2023-06-14T09:20:47.485+0000] {processor.py:753} INFO - DAG(s) dict_keys(['example_branch_datetime_operator_2', 'example_branch_datetime_operator', 'example_branch_datetime_operator_3']) retrieved from /home/airflow/.local/lib/python3.7/site-packages/airflow/example_dags/example_branch_datetime_operator.py
[2023-06-14T09:20:47.626+0000] {logging_mixin.py:137} INFO - [2023-06-14T09:20:47.626+0000] {dag.py:2690} INFO - Sync 3 DAGs
[2023-06-14T09:20:47.694+0000] {logging_mixin.py:137} INFO - [2023-06-14T09:20:47.694+0000] {dag.py:3441} INFO - Setting next_dagrun for example_branch_datetime_operator to 2023-06-13T00:00:00+00:00, run_after=2023-06-14T00:00:00+00:00
[2023-06-14T09:20:47.703+0000] {logging_mixin.py:137} INFO - [2023-06-14T09:20:47.703+0000] {dag.py:3441} INFO - Setting next_dagrun for example_branch_datetime_operator_2 to 2023-06-13T00:00:00+00:00, run_after=2023-06-14T00:00:00+00:00
[2023-06-14T09:20:47.715+0000] {logging_mixin.py:137} INFO - [2023-06-14T09:20:47.715+0000] {dag.py:3441} INFO - Setting next_dagrun for example_branch_datetime_operator_3 to 2023-06-13T00:00:00+00:00, run_after=2023-06-14T00:00:00+00:00
[2023-06-14T09:20:47.778+0000] {processor.py:175} INFO - Processing /home/airflow/.local/lib/python3.7/site-packages/airflow/example_dags/example_branch_datetime_operator.py took 0.430 seconds
[2023-06-14T09:21:18.134+0000] {processor.py:153} INFO - Started process (PID=677) to work on /home/airflow/.local/lib/python3.7/site-packages/airflow/example_dags/example_branch_datetime_operator.py
[2023-06-14T09:21:18.135+0000] {processor.py:743} INFO - Processing file /home/airflow/.local/lib/python3.7/site-packages/airflow/example_dags/example_branch_datetime_operator.py for tasks to queue
[2023-06-14T09:21:18.136+0000] {logging_mixin.py:137} INFO - [2023-06-14T09:21:18.136+0000] {dagbag.py:538} INFO - Filling up the DagBag from /home/airflow/.local/lib/python3.7/site-packages/airflow/example_dags/example_branch_datetime_operator.py
[2023-06-14T09:21:18.147+0000] {processor.py:753} INFO - DAG(s) dict_keys(['example_branch_datetime_operator', 'example_branch_datetime_operator_3', 'example_branch_datetime_operator_2']) retrieved from /home/airflow/.local/lib/python3.7/site-packages/airflow/example_dags/example_branch_datetime_operator.py
[2023-06-14T09:21:18.171+0000] {logging_mixin.py:137} INFO - [2023-06-14T09:21:18.171+0000] {dag.py:2690} INFO - Sync 3 DAGs
[2023-06-14T09:21:18.187+0000] {logging_mixin.py:137} INFO - [2023-06-14T09:21:18.187+0000] {dag.py:3441} INFO - Setting next_dagrun for example_branch_datetime_operator to 2023-06-13T00:00:00+00:00, run_after=2023-06-14T00:00:00+00:00
[2023-06-14T09:21:18.191+0000] {logging_mixin.py:137} INFO - [2023-06-14T09:21:18.191+0000] {dag.py:3441} INFO - Setting next_dagrun for example_branch_datetime_operator_2 to 2023-06-13T00:00:00+00:00, run_after=2023-06-14T00:00:00+00:00
[2023-06-14T09:21:18.193+0000] {logging_mixin.py:137} INFO - [2023-06-14T09:21:18.193+0000] {dag.py:3441} INFO - Setting next_dagrun for example_branch_datetime_operator_3 to 2023-06-13T00:00:00+00:00, run_after=2023-06-14T00:00:00+00:00
[2023-06-14T09:21:18.204+0000] {processor.py:175} INFO - Processing /home/airflow/.local/lib/python3.7/site-packages/airflow/example_dags/example_branch_datetime_operator.py took 0.073 seconds
[2023-06-14T09:21:48.569+0000] {processor.py:153} INFO - Started process (PID=753) to work on /home/airflow/.local/lib/python3.7/site-packages/airflow/example_dags/example_branch_datetime_operator.py
[2023-06-14T09:21:48.570+0000] {processor.py:743} INFO - Processing file /home/airflow/.local/lib/python3.7/site-packages/airflow/example_dags/example_branch_datetime_operator.py for tasks to queue
[2023-06-14T09:21:48.571+0000] {logging_mixin.py:137} INFO - [2023-06-14T09:21:48.571+0000] {dagbag.py:538} INFO - Filling up the DagBag from /home/airflow/.local/lib/python3.7/site-packages/airflow/example_dags/example_branch_datetime_operator.py
[2023-06-14T09:21:48.583+0000] {processor.py:753} INFO - DAG(s) dict_keys(['example_branch_datetime_operator_3', 'example_branch_datetime_operator_2', 'example_branch_datetime_operator']) retrieved from /home/airflow/.local/lib/python3.7/site-packages/airflow/example_dags/example_branch_datetime_operator.py
[2023-06-14T09:21:48.607+0000] {logging_mixin.py:137} INFO - [2023-06-14T09:21:48.607+0000] {dag.py:2690} INFO - Sync 3 DAGs
[2023-06-14T09:21:48.624+0000] {logging_mixin.py:137} INFO - [2023-06-14T09:21:48.624+0000] {dag.py:3441} INFO - Setting next_dagrun for example_branch_datetime_operator to 2023-06-13T00:00:00+00:00, run_after=2023-06-14T00:00:00+00:00
[2023-06-14T09:21:48.627+0000] {logging_mixin.py:137} INFO - [2023-06-14T09:21:48.627+0000] {dag.py:3441} INFO - Setting next_dagrun for example_branch_datetime_operator_2 to 2023-06-13T00:00:00+00:00, run_after=2023-06-14T00:00:00+00:00
[2023-06-14T09:21:48.628+0000] {logging_mixin.py:137} INFO - [2023-06-14T09:21:48.628+0000] {dag.py:3441} INFO - Setting next_dagrun for example_branch_datetime_operator_3 to 2023-06-13T00:00:00+00:00, run_after=2023-06-14T00:00:00+00:00
[2023-06-14T09:21:48.639+0000] {processor.py:175} INFO - Processing /home/airflow/.local/lib/python3.7/site-packages/airflow/example_dags/example_branch_datetime_operator.py took 0.073 seconds
[2023-06-14T09:22:18.808+0000] {processor.py:153} INFO - Started process (PID=818) to work on /home/airflow/.local/lib/python3.7/site-packages/airflow/example_dags/example_branch_datetime_operator.py
[2023-06-14T09:22:18.809+0000] {processor.py:743} INFO - Processing file /home/airflow/.local/lib/python3.7/site-packages/airflow/example_dags/example_branch_datetime_operator.py for tasks to queue
[2023-06-14T09:22:18.810+0000] {logging_mixin.py:137} INFO - [2023-06-14T09:22:18.810+0000] {dagbag.py:538} INFO - Filling up the DagBag from /home/airflow/.local/lib/python3.7/site-packages/airflow/example_dags/example_branch_datetime_operator.py
[2023-06-14T09:22:18.828+0000] {processor.py:753} INFO - DAG(s) dict_keys(['example_branch_datetime_operator_3', 'example_branch_datetime_operator_2', 'example_branch_datetime_operator']) retrieved from /home/airflow/.local/lib/python3.7/site-packages/airflow/example_dags/example_branch_datetime_operator.py
[2023-06-14T09:22:18.861+0000] {logging_mixin.py:137} INFO - [2023-06-14T09:22:18.861+0000] {dag.py:2690} INFO - Sync 3 DAGs
[2023-06-14T09:22:18.880+0000] {logging_mixin.py:137} INFO - [2023-06-14T09:22:18.880+0000] {dag.py:3441} INFO - Setting next_dagrun for example_branch_datetime_operator to 2023-06-13T00:00:00+00:00, run_after=2023-06-14T00:00:00+00:00
[2023-06-14T09:22:18.884+0000] {logging_mixin.py:137} INFO - [2023-06-14T09:22:18.884+0000] {dag.py:3441} INFO - Setting next_dagrun for example_branch_datetime_operator_2 to 2023-06-13T00:00:00+00:00, run_after=2023-06-14T00:00:00+00:00
[2023-06-14T09:22:18.887+0000] {logging_mixin.py:137} INFO - [2023-06-14T09:22:18.886+0000] {dag.py:3441} INFO - Setting next_dagrun for example_branch_datetime_operator_3 to 2023-06-13T00:00:00+00:00, run_after=2023-06-14T00:00:00+00:00
[2023-06-14T09:22:18.899+0000] {processor.py:175} INFO - Processing /home/airflow/.local/lib/python3.7/site-packages/airflow/example_dags/example_branch_datetime_operator.py took 0.094 seconds
[2023-06-14T09:22:49.251+0000] {processor.py:153} INFO - Started process (PID=894) to work on /home/airflow/.local/lib/python3.7/site-packages/airflow/example_dags/example_branch_datetime_operator.py
[2023-06-14T09:22:49.252+0000] {processor.py:743} INFO - Processing file /home/airflow/.local/lib/python3.7/site-packages/airflow/example_dags/example_branch_datetime_operator.py for tasks to queue
[2023-06-14T09:22:49.253+0000] {logging_mixin.py:137} INFO - [2023-06-14T09:22:49.253+0000] {dagbag.py:538} INFO - Filling up the DagBag from /home/airflow/.local/lib/python3.7/site-packages/airflow/example_dags/example_branch_datetime_operator.py
[2023-06-14T09:22:49.264+0000] {processor.py:753} INFO - DAG(s) dict_keys(['example_branch_datetime_operator_3', 'example_branch_datetime_operator', 'example_branch_datetime_operator_2']) retrieved from /home/airflow/.local/lib/python3.7/site-packages/airflow/example_dags/example_branch_datetime_operator.py
[2023-06-14T09:22:49.287+0000] {logging_mixin.py:137} INFO - [2023-06-14T09:22:49.287+0000] {dag.py:2690} INFO - Sync 3 DAGs
[2023-06-14T09:22:49.303+0000] {logging_mixin.py:137} INFO - [2023-06-14T09:22:49.303+0000] {dag.py:3441} INFO - Setting next_dagrun for example_branch_datetime_operator to 2023-06-13T00:00:00+00:00, run_after=2023-06-14T00:00:00+00:00
[2023-06-14T09:22:49.306+0000] {logging_mixin.py:137} INFO - [2023-06-14T09:22:49.306+0000] {dag.py:3441} INFO - Setting next_dagrun for example_branch_datetime_operator_2 to 2023-06-13T00:00:00+00:00, run_after=2023-06-14T00:00:00+00:00
[2023-06-14T09:22:49.308+0000] {logging_mixin.py:137} INFO - [2023-06-14T09:22:49.308+0000] {dag.py:3441} INFO - Setting next_dagrun for example_branch_datetime_operator_3 to 2023-06-13T00:00:00+00:00, run_after=2023-06-14T00:00:00+00:00
[2023-06-14T09:22:49.318+0000] {processor.py:175} INFO - Processing /home/airflow/.local/lib/python3.7/site-packages/airflow/example_dags/example_branch_datetime_operator.py took 0.069 seconds
[2023-06-14T09:23:19.539+0000] {processor.py:153} INFO - Started process (PID=969) to work on /home/airflow/.local/lib/python3.7/site-packages/airflow/example_dags/example_branch_datetime_operator.py
[2023-06-14T09:23:19.540+0000] {processor.py:743} INFO - Processing file /home/airflow/.local/lib/python3.7/site-packages/airflow/example_dags/example_branch_datetime_operator.py for tasks to queue
[2023-06-14T09:23:19.541+0000] {logging_mixin.py:137} INFO - [2023-06-14T09:23:19.541+0000] {dagbag.py:538} INFO - Filling up the DagBag from /home/airflow/.local/lib/python3.7/site-packages/airflow/example_dags/example_branch_datetime_operator.py
[2023-06-14T09:23:19.552+0000] {processor.py:753} INFO - DAG(s) dict_keys(['example_branch_datetime_operator_3', 'example_branch_datetime_operator_2', 'example_branch_datetime_operator']) retrieved from /home/airflow/.local/lib/python3.7/site-packages/airflow/example_dags/example_branch_datetime_operator.py
[2023-06-14T09:23:19.576+0000] {logging_mixin.py:137} INFO - [2023-06-14T09:23:19.576+0000] {dag.py:2690} INFO - Sync 3 DAGs
[2023-06-14T09:23:19.591+0000] {logging_mixin.py:137} INFO - [2023-06-14T09:23:19.591+0000] {dag.py:3441} INFO - Setting next_dagrun for example_branch_datetime_operator to 2023-06-13T00:00:00+00:00, run_after=2023-06-14T00:00:00+00:00
[2023-06-14T09:23:19.595+0000] {logging_mixin.py:137} INFO - [2023-06-14T09:23:19.595+0000] {dag.py:3441} INFO - Setting next_dagrun for example_branch_datetime_operator_2 to 2023-06-13T00:00:00+00:00, run_after=2023-06-14T00:00:00+00:00
[2023-06-14T09:23:19.596+0000] {logging_mixin.py:137} INFO - [2023-06-14T09:23:19.596+0000] {dag.py:3441} INFO - Setting next_dagrun for example_branch_datetime_operator_3 to 2023-06-13T00:00:00+00:00, run_after=2023-06-14T00:00:00+00:00
[2023-06-14T09:23:19.607+0000] {processor.py:175} INFO - Processing /home/airflow/.local/lib/python3.7/site-packages/airflow/example_dags/example_branch_datetime_operator.py took 0.071 seconds
[2023-06-14T09:23:49.814+0000] {processor.py:153} INFO - Started process (PID=1033) to work on /home/airflow/.local/lib/python3.7/site-packages/airflow/example_dags/example_branch_datetime_operator.py
[2023-06-14T09:23:49.815+0000] {processor.py:743} INFO - Processing file /home/airflow/.local/lib/python3.7/site-packages/airflow/example_dags/example_branch_datetime_operator.py for tasks to queue
[2023-06-14T09:23:49.816+0000] {logging_mixin.py:137} INFO - [2023-06-14T09:23:49.816+0000] {dagbag.py:538} INFO - Filling up the DagBag from /home/airflow/.local/lib/python3.7/site-packages/airflow/example_dags/example_branch_datetime_operator.py
[2023-06-14T09:23:49.828+0000] {processor.py:753} INFO - DAG(s) dict_keys(['example_branch_datetime_operator_3', 'example_branch_datetime_operator_2', 'example_branch_datetime_operator']) retrieved from /home/airflow/.local/lib/python3.7/site-packages/airflow/example_dags/example_branch_datetime_operator.py
[2023-06-14T09:23:49.853+0000] {logging_mixin.py:137} INFO - [2023-06-14T09:23:49.853+0000] {dag.py:2690} INFO - Sync 3 DAGs
[2023-06-14T09:23:49.869+0000] {logging_mixin.py:137} INFO - [2023-06-14T09:23:49.869+0000] {dag.py:3441} INFO - Setting next_dagrun for example_branch_datetime_operator to 2023-06-13T00:00:00+00:00, run_after=2023-06-14T00:00:00+00:00
[2023-06-14T09:23:49.873+0000] {logging_mixin.py:137} INFO - [2023-06-14T09:23:49.873+0000] {dag.py:3441} INFO - Setting next_dagrun for example_branch_datetime_operator_2 to 2023-06-13T00:00:00+00:00, run_after=2023-06-14T00:00:00+00:00
[2023-06-14T09:23:49.875+0000] {logging_mixin.py:137} INFO - [2023-06-14T09:23:49.875+0000] {dag.py:3441} INFO - Setting next_dagrun for example_branch_datetime_operator_3 to 2023-06-13T00:00:00+00:00, run_after=2023-06-14T00:00:00+00:00
[2023-06-14T09:23:49.885+0000] {processor.py:175} INFO - Processing /home/airflow/.local/lib/python3.7/site-packages/airflow/example_dags/example_branch_datetime_operator.py took 0.074 seconds
[2023-06-14T09:24:20.227+0000] {processor.py:153} INFO - Started process (PID=1109) to work on /home/airflow/.local/lib/python3.7/site-packages/airflow/example_dags/example_branch_datetime_operator.py
[2023-06-14T09:24:20.228+0000] {processor.py:743} INFO - Processing file /home/airflow/.local/lib/python3.7/site-packages/airflow/example_dags/example_branch_datetime_operator.py for tasks to queue
[2023-06-14T09:24:20.229+0000] {logging_mixin.py:137} INFO - [2023-06-14T09:24:20.229+0000] {dagbag.py:538} INFO - Filling up the DagBag from /home/airflow/.local/lib/python3.7/site-packages/airflow/example_dags/example_branch_datetime_operator.py
[2023-06-14T09:24:20.240+0000] {processor.py:753} INFO - DAG(s) dict_keys(['example_branch_datetime_operator', 'example_branch_datetime_operator_2', 'example_branch_datetime_operator_3']) retrieved from /home/airflow/.local/lib/python3.7/site-packages/airflow/example_dags/example_branch_datetime_operator.py
[2023-06-14T09:24:20.265+0000] {logging_mixin.py:137} INFO - [2023-06-14T09:24:20.265+0000] {dag.py:2690} INFO - Sync 3 DAGs
[2023-06-14T09:24:20.281+0000] {logging_mixin.py:137} INFO - [2023-06-14T09:24:20.281+0000] {dag.py:3441} INFO - Setting next_dagrun for example_branch_datetime_operator to 2023-06-13T00:00:00+00:00, run_after=2023-06-14T00:00:00+00:00
[2023-06-14T09:24:20.286+0000] {logging_mixin.py:137} INFO - [2023-06-14T09:24:20.286+0000] {dag.py:3441} INFO - Setting next_dagrun for example_branch_datetime_operator_2 to 2023-06-13T00:00:00+00:00, run_after=2023-06-14T00:00:00+00:00
[2023-06-14T09:24:20.288+0000] {logging_mixin.py:137} INFO - [2023-06-14T09:24:20.288+0000] {dag.py:3441} INFO - Setting next_dagrun for example_branch_datetime_operator_3 to 2023-06-13T00:00:00+00:00, run_after=2023-06-14T00:00:00+00:00
[2023-06-14T09:24:20.300+0000] {processor.py:175} INFO - Processing /home/airflow/.local/lib/python3.7/site-packages/airflow/example_dags/example_branch_datetime_operator.py took 0.076 seconds
[2023-06-14T09:24:51.022+0000] {processor.py:153} INFO - Started process (PID=1185) to work on /home/airflow/.local/lib/python3.7/site-packages/airflow/example_dags/example_branch_datetime_operator.py
[2023-06-14T09:24:51.023+0000] {processor.py:743} INFO - Processing file /home/airflow/.local/lib/python3.7/site-packages/airflow/example_dags/example_branch_datetime_operator.py for tasks to queue
[2023-06-14T09:24:51.023+0000] {logging_mixin.py:137} INFO - [2023-06-14T09:24:51.023+0000] {dagbag.py:538} INFO - Filling up the DagBag from /home/airflow/.local/lib/python3.7/site-packages/airflow/example_dags/example_branch_datetime_operator.py
[2023-06-14T09:24:51.035+0000] {processor.py:753} INFO - DAG(s) dict_keys(['example_branch_datetime_operator_2', 'example_branch_datetime_operator', 'example_branch_datetime_operator_3']) retrieved from /home/airflow/.local/lib/python3.7/site-packages/airflow/example_dags/example_branch_datetime_operator.py
[2023-06-14T09:24:51.059+0000] {logging_mixin.py:137} INFO - [2023-06-14T09:24:51.059+0000] {dag.py:2690} INFO - Sync 3 DAGs
[2023-06-14T09:24:51.076+0000] {logging_mixin.py:137} INFO - [2023-06-14T09:24:51.075+0000] {dag.py:3441} INFO - Setting next_dagrun for example_branch_datetime_operator to 2023-06-13T00:00:00+00:00, run_after=2023-06-14T00:00:00+00:00
[2023-06-14T09:24:51.079+0000] {logging_mixin.py:137} INFO - [2023-06-14T09:24:51.079+0000] {dag.py:3441} INFO - Setting next_dagrun for example_branch_datetime_operator_2 to 2023-06-13T00:00:00+00:00, run_after=2023-06-14T00:00:00+00:00
[2023-06-14T09:24:51.080+0000] {logging_mixin.py:137} INFO - [2023-06-14T09:24:51.080+0000] {dag.py:3441} INFO - Setting next_dagrun for example_branch_datetime_operator_3 to 2023-06-13T00:00:00+00:00, run_after=2023-06-14T00:00:00+00:00
[2023-06-14T09:24:51.092+0000] {processor.py:175} INFO - Processing /home/airflow/.local/lib/python3.7/site-packages/airflow/example_dags/example_branch_datetime_operator.py took 0.073 seconds
[2023-06-14T09:25:21.179+0000] {processor.py:153} INFO - Started process (PID=1248) to work on /home/airflow/.local/lib/python3.7/site-packages/airflow/example_dags/example_branch_datetime_operator.py
[2023-06-14T09:25:21.181+0000] {processor.py:743} INFO - Processing file /home/airflow/.local/lib/python3.7/site-packages/airflow/example_dags/example_branch_datetime_operator.py for tasks to queue
[2023-06-14T09:25:21.181+0000] {logging_mixin.py:137} INFO - [2023-06-14T09:25:21.181+0000] {dagbag.py:538} INFO - Filling up the DagBag from /home/airflow/.local/lib/python3.7/site-packages/airflow/example_dags/example_branch_datetime_operator.py
[2023-06-14T09:25:21.193+0000] {processor.py:753} INFO - DAG(s) dict_keys(['example_branch_datetime_operator_3', 'example_branch_datetime_operator_2', 'example_branch_datetime_operator']) retrieved from /home/airflow/.local/lib/python3.7/site-packages/airflow/example_dags/example_branch_datetime_operator.py
[2023-06-14T09:25:21.224+0000] {logging_mixin.py:137} INFO - [2023-06-14T09:25:21.224+0000] {dag.py:2690} INFO - Sync 3 DAGs
[2023-06-14T09:25:21.242+0000] {logging_mixin.py:137} INFO - [2023-06-14T09:25:21.242+0000] {dag.py:3441} INFO - Setting next_dagrun for example_branch_datetime_operator to 2023-06-13T00:00:00+00:00, run_after=2023-06-14T00:00:00+00:00
[2023-06-14T09:25:21.250+0000] {logging_mixin.py:137} INFO - [2023-06-14T09:25:21.250+0000] {dag.py:3441} INFO - Setting next_dagrun for example_branch_datetime_operator_2 to 2023-06-13T00:00:00+00:00, run_after=2023-06-14T00:00:00+00:00
[2023-06-14T09:25:21.252+0000] {logging_mixin.py:137} INFO - [2023-06-14T09:25:21.252+0000] {dag.py:3441} INFO - Setting next_dagrun for example_branch_datetime_operator_3 to 2023-06-13T00:00:00+00:00, run_after=2023-06-14T00:00:00+00:00
[2023-06-14T09:25:21.262+0000] {processor.py:175} INFO - Processing /home/airflow/.local/lib/python3.7/site-packages/airflow/example_dags/example_branch_datetime_operator.py took 0.086 seconds
[2023-06-14T09:25:51.365+0000] {processor.py:153} INFO - Started process (PID=1324) to work on /home/airflow/.local/lib/python3.7/site-packages/airflow/example_dags/example_branch_datetime_operator.py
[2023-06-14T09:25:51.366+0000] {processor.py:743} INFO - Processing file /home/airflow/.local/lib/python3.7/site-packages/airflow/example_dags/example_branch_datetime_operator.py for tasks to queue
[2023-06-14T09:25:51.366+0000] {logging_mixin.py:137} INFO - [2023-06-14T09:25:51.366+0000] {dagbag.py:538} INFO - Filling up the DagBag from /home/airflow/.local/lib/python3.7/site-packages/airflow/example_dags/example_branch_datetime_operator.py
[2023-06-14T09:25:51.377+0000] {processor.py:753} INFO - DAG(s) dict_keys(['example_branch_datetime_operator', 'example_branch_datetime_operator_2', 'example_branch_datetime_operator_3']) retrieved from /home/airflow/.local/lib/python3.7/site-packages/airflow/example_dags/example_branch_datetime_operator.py
[2023-06-14T09:25:51.399+0000] {logging_mixin.py:137} INFO - [2023-06-14T09:25:51.399+0000] {dag.py:2690} INFO - Sync 3 DAGs
[2023-06-14T09:25:51.415+0000] {logging_mixin.py:137} INFO - [2023-06-14T09:25:51.415+0000] {dag.py:3441} INFO - Setting next_dagrun for example_branch_datetime_operator to 2023-06-13T00:00:00+00:00, run_after=2023-06-14T00:00:00+00:00
[2023-06-14T09:25:51.419+0000] {logging_mixin.py:137} INFO - [2023-06-14T09:25:51.419+0000] {dag.py:3441} INFO - Setting next_dagrun for example_branch_datetime_operator_2 to 2023-06-13T00:00:00+00:00, run_after=2023-06-14T00:00:00+00:00
[2023-06-14T09:25:51.421+0000] {logging_mixin.py:137} INFO - [2023-06-14T09:25:51.421+0000] {dag.py:3441} INFO - Setting next_dagrun for example_branch_datetime_operator_3 to 2023-06-13T00:00:00+00:00, run_after=2023-06-14T00:00:00+00:00
[2023-06-14T09:25:51.431+0000] {processor.py:175} INFO - Processing /home/airflow/.local/lib/python3.7/site-packages/airflow/example_dags/example_branch_datetime_operator.py took 0.069 seconds
[2023-06-14T09:26:21.548+0000] {processor.py:153} INFO - Started process (PID=1400) to work on /home/airflow/.local/lib/python3.7/site-packages/airflow/example_dags/example_branch_datetime_operator.py
[2023-06-14T09:26:21.548+0000] {processor.py:743} INFO - Processing file /home/airflow/.local/lib/python3.7/site-packages/airflow/example_dags/example_branch_datetime_operator.py for tasks to queue
[2023-06-14T09:26:21.549+0000] {logging_mixin.py:137} INFO - [2023-06-14T09:26:21.549+0000] {dagbag.py:538} INFO - Filling up the DagBag from /home/airflow/.local/lib/python3.7/site-packages/airflow/example_dags/example_branch_datetime_operator.py
[2023-06-14T09:26:21.560+0000] {processor.py:753} INFO - DAG(s) dict_keys(['example_branch_datetime_operator_3', 'example_branch_datetime_operator_2', 'example_branch_datetime_operator']) retrieved from /home/airflow/.local/lib/python3.7/site-packages/airflow/example_dags/example_branch_datetime_operator.py
[2023-06-14T09:26:21.582+0000] {logging_mixin.py:137} INFO - [2023-06-14T09:26:21.582+0000] {dag.py:2690} INFO - Sync 3 DAGs
[2023-06-14T09:26:21.598+0000] {logging_mixin.py:137} INFO - [2023-06-14T09:26:21.598+0000] {dag.py:3441} INFO - Setting next_dagrun for example_branch_datetime_operator to 2023-06-13T00:00:00+00:00, run_after=2023-06-14T00:00:00+00:00
[2023-06-14T09:26:21.602+0000] {logging_mixin.py:137} INFO - [2023-06-14T09:26:21.601+0000] {dag.py:3441} INFO - Setting next_dagrun for example_branch_datetime_operator_2 to 2023-06-13T00:00:00+00:00, run_after=2023-06-14T00:00:00+00:00
[2023-06-14T09:26:21.603+0000] {logging_mixin.py:137} INFO - [2023-06-14T09:26:21.603+0000] {dag.py:3441} INFO - Setting next_dagrun for example_branch_datetime_operator_3 to 2023-06-13T00:00:00+00:00, run_after=2023-06-14T00:00:00+00:00
[2023-06-14T09:26:21.614+0000] {processor.py:175} INFO - Processing /home/airflow/.local/lib/python3.7/site-packages/airflow/example_dags/example_branch_datetime_operator.py took 0.069 seconds
