[2023-06-14T09:16:39.423+0000] {processor.py:153} INFO - Started process (PID=38) to work on /home/airflow/.local/lib/python3.7/site-packages/airflow/example_dags/example_bash_operator.py
[2023-06-14T09:16:39.425+0000] {processor.py:743} INFO - Processing file /home/airflow/.local/lib/python3.7/site-packages/airflow/example_dags/example_bash_operator.py for tasks to queue
[2023-06-14T09:16:39.426+0000] {logging_mixin.py:137} INFO - [2023-06-14T09:16:39.426+0000] {dagbag.py:538} INFO - Filling up the DagBag from /home/airflow/.local/lib/python3.7/site-packages/airflow/example_dags/example_bash_operator.py
[2023-06-14T09:16:39.465+0000] {processor.py:753} INFO - DAG(s) dict_keys(['example_bash_operator']) retrieved from /home/airflow/.local/lib/python3.7/site-packages/airflow/example_dags/example_bash_operator.py
[2023-06-14T09:16:39.498+0000] {logging_mixin.py:137} INFO - [2023-06-14T09:16:39.498+0000] {dag.py:2690} INFO - Sync 1 DAGs
[2023-06-14T09:16:39.522+0000] {logging_mixin.py:137} INFO - [2023-06-14T09:16:39.522+0000] {dag.py:3441} INFO - Setting next_dagrun for example_bash_operator to 2023-06-13T00:00:00+00:00, run_after=2023-06-14T00:00:00+00:00
[2023-06-14T09:16:39.539+0000] {processor.py:175} INFO - Processing /home/airflow/.local/lib/python3.7/site-packages/airflow/example_dags/example_bash_operator.py took 0.120 seconds
[2023-06-14T09:17:10.037+0000] {processor.py:153} INFO - Started process (PID=113) to work on /home/airflow/.local/lib/python3.7/site-packages/airflow/example_dags/example_bash_operator.py
[2023-06-14T09:17:10.039+0000] {processor.py:743} INFO - Processing file /home/airflow/.local/lib/python3.7/site-packages/airflow/example_dags/example_bash_operator.py for tasks to queue
[2023-06-14T09:17:10.040+0000] {logging_mixin.py:137} INFO - [2023-06-14T09:17:10.040+0000] {dagbag.py:538} INFO - Filling up the DagBag from /home/airflow/.local/lib/python3.7/site-packages/airflow/example_dags/example_bash_operator.py
[2023-06-14T09:17:10.060+0000] {processor.py:753} INFO - DAG(s) dict_keys(['example_bash_operator']) retrieved from /home/airflow/.local/lib/python3.7/site-packages/airflow/example_dags/example_bash_operator.py
[2023-06-14T09:17:10.093+0000] {logging_mixin.py:137} INFO - [2023-06-14T09:17:10.093+0000] {dag.py:2690} INFO - Sync 1 DAGs
[2023-06-14T09:17:10.113+0000] {logging_mixin.py:137} INFO - [2023-06-14T09:17:10.113+0000] {dag.py:3441} INFO - Setting next_dagrun for example_bash_operator to 2023-06-13T00:00:00+00:00, run_after=2023-06-14T00:00:00+00:00
[2023-06-14T09:17:10.125+0000] {processor.py:175} INFO - Processing /home/airflow/.local/lib/python3.7/site-packages/airflow/example_dags/example_bash_operator.py took 0.090 seconds
[2023-06-14T09:17:41.242+0000] {processor.py:153} INFO - Started process (PID=188) to work on /home/airflow/.local/lib/python3.7/site-packages/airflow/example_dags/example_bash_operator.py
[2023-06-14T09:17:41.245+0000] {processor.py:743} INFO - Processing file /home/airflow/.local/lib/python3.7/site-packages/airflow/example_dags/example_bash_operator.py for tasks to queue
[2023-06-14T09:17:41.246+0000] {logging_mixin.py:137} INFO - [2023-06-14T09:17:41.246+0000] {dagbag.py:538} INFO - Filling up the DagBag from /home/airflow/.local/lib/python3.7/site-packages/airflow/example_dags/example_bash_operator.py
[2023-06-14T09:17:41.275+0000] {processor.py:753} INFO - DAG(s) dict_keys(['example_bash_operator']) retrieved from /home/airflow/.local/lib/python3.7/site-packages/airflow/example_dags/example_bash_operator.py
[2023-06-14T09:17:41.314+0000] {logging_mixin.py:137} INFO - [2023-06-14T09:17:41.313+0000] {dag.py:2690} INFO - Sync 1 DAGs
[2023-06-14T09:17:41.332+0000] {logging_mixin.py:137} INFO - [2023-06-14T09:17:41.332+0000] {dag.py:3441} INFO - Setting next_dagrun for example_bash_operator to 2023-06-13T00:00:00+00:00, run_after=2023-06-14T00:00:00+00:00
[2023-06-14T09:17:41.347+0000] {processor.py:175} INFO - Processing /home/airflow/.local/lib/python3.7/site-packages/airflow/example_dags/example_bash_operator.py took 0.110 seconds
[2023-06-14T09:18:12.081+0000] {processor.py:153} INFO - Started process (PID=257) to work on /home/airflow/.local/lib/python3.7/site-packages/airflow/example_dags/example_bash_operator.py
[2023-06-14T09:18:12.082+0000] {processor.py:743} INFO - Processing file /home/airflow/.local/lib/python3.7/site-packages/airflow/example_dags/example_bash_operator.py for tasks to queue
[2023-06-14T09:18:12.083+0000] {logging_mixin.py:137} INFO - [2023-06-14T09:18:12.083+0000] {dagbag.py:538} INFO - Filling up the DagBag from /home/airflow/.local/lib/python3.7/site-packages/airflow/example_dags/example_bash_operator.py
[2023-06-14T09:18:12.098+0000] {processor.py:753} INFO - DAG(s) dict_keys(['example_bash_operator']) retrieved from /home/airflow/.local/lib/python3.7/site-packages/airflow/example_dags/example_bash_operator.py
[2023-06-14T09:18:12.120+0000] {logging_mixin.py:137} INFO - [2023-06-14T09:18:12.120+0000] {dag.py:2690} INFO - Sync 1 DAGs
[2023-06-14T09:18:12.133+0000] {logging_mixin.py:137} INFO - [2023-06-14T09:18:12.133+0000] {dag.py:3441} INFO - Setting next_dagrun for example_bash_operator to 2023-06-13T00:00:00+00:00, run_after=2023-06-14T00:00:00+00:00
[2023-06-14T09:18:12.149+0000] {processor.py:175} INFO - Processing /home/airflow/.local/lib/python3.7/site-packages/airflow/example_dags/example_bash_operator.py took 0.071 seconds
[2023-06-14T09:18:42.255+0000] {processor.py:153} INFO - Started process (PID=333) to work on /home/airflow/.local/lib/python3.7/site-packages/airflow/example_dags/example_bash_operator.py
[2023-06-14T09:18:42.257+0000] {processor.py:743} INFO - Processing file /home/airflow/.local/lib/python3.7/site-packages/airflow/example_dags/example_bash_operator.py for tasks to queue
[2023-06-14T09:18:42.257+0000] {logging_mixin.py:137} INFO - [2023-06-14T09:18:42.257+0000] {dagbag.py:538} INFO - Filling up the DagBag from /home/airflow/.local/lib/python3.7/site-packages/airflow/example_dags/example_bash_operator.py
[2023-06-14T09:18:42.272+0000] {processor.py:753} INFO - DAG(s) dict_keys(['example_bash_operator']) retrieved from /home/airflow/.local/lib/python3.7/site-packages/airflow/example_dags/example_bash_operator.py
[2023-06-14T09:18:42.295+0000] {logging_mixin.py:137} INFO - [2023-06-14T09:18:42.295+0000] {dag.py:2690} INFO - Sync 1 DAGs
[2023-06-14T09:18:42.311+0000] {logging_mixin.py:137} INFO - [2023-06-14T09:18:42.311+0000] {dag.py:3441} INFO - Setting next_dagrun for example_bash_operator to 2023-06-13T00:00:00+00:00, run_after=2023-06-14T00:00:00+00:00
[2023-06-14T09:18:42.321+0000] {processor.py:175} INFO - Processing /home/airflow/.local/lib/python3.7/site-packages/airflow/example_dags/example_bash_operator.py took 0.068 seconds
[2023-06-14T09:19:13.629+0000] {processor.py:153} INFO - Started process (PID=409) to work on /home/airflow/.local/lib/python3.7/site-packages/airflow/example_dags/example_bash_operator.py
[2023-06-14T09:19:13.630+0000] {processor.py:743} INFO - Processing file /home/airflow/.local/lib/python3.7/site-packages/airflow/example_dags/example_bash_operator.py for tasks to queue
[2023-06-14T09:19:13.631+0000] {logging_mixin.py:137} INFO - [2023-06-14T09:19:13.631+0000] {dagbag.py:538} INFO - Filling up the DagBag from /home/airflow/.local/lib/python3.7/site-packages/airflow/example_dags/example_bash_operator.py
[2023-06-14T09:19:13.647+0000] {processor.py:753} INFO - DAG(s) dict_keys(['example_bash_operator']) retrieved from /home/airflow/.local/lib/python3.7/site-packages/airflow/example_dags/example_bash_operator.py
[2023-06-14T09:19:13.674+0000] {logging_mixin.py:137} INFO - [2023-06-14T09:19:13.674+0000] {dag.py:2690} INFO - Sync 1 DAGs
[2023-06-14T09:19:13.691+0000] {logging_mixin.py:137} INFO - [2023-06-14T09:19:13.691+0000] {dag.py:3441} INFO - Setting next_dagrun for example_bash_operator to 2023-06-13T00:00:00+00:00, run_after=2023-06-14T00:00:00+00:00
[2023-06-14T09:19:13.702+0000] {processor.py:175} INFO - Processing /home/airflow/.local/lib/python3.7/site-packages/airflow/example_dags/example_bash_operator.py took 0.076 seconds
[2023-06-14T09:19:44.282+0000] {processor.py:153} INFO - Started process (PID=474) to work on /home/airflow/.local/lib/python3.7/site-packages/airflow/example_dags/example_bash_operator.py
[2023-06-14T09:19:44.284+0000] {processor.py:743} INFO - Processing file /home/airflow/.local/lib/python3.7/site-packages/airflow/example_dags/example_bash_operator.py for tasks to queue
[2023-06-14T09:19:44.285+0000] {logging_mixin.py:137} INFO - [2023-06-14T09:19:44.285+0000] {dagbag.py:538} INFO - Filling up the DagBag from /home/airflow/.local/lib/python3.7/site-packages/airflow/example_dags/example_bash_operator.py
[2023-06-14T09:19:44.303+0000] {processor.py:753} INFO - DAG(s) dict_keys(['example_bash_operator']) retrieved from /home/airflow/.local/lib/python3.7/site-packages/airflow/example_dags/example_bash_operator.py
[2023-06-14T09:19:44.328+0000] {logging_mixin.py:137} INFO - [2023-06-14T09:19:44.328+0000] {dag.py:2690} INFO - Sync 1 DAGs
[2023-06-14T09:19:44.409+0000] {logging_mixin.py:137} INFO - [2023-06-14T09:19:44.408+0000] {dag.py:3441} INFO - Setting next_dagrun for example_bash_operator to 2023-06-13T00:00:00+00:00, run_after=2023-06-14T00:00:00+00:00
[2023-06-14T09:19:44.493+0000] {processor.py:175} INFO - Processing /home/airflow/.local/lib/python3.7/site-packages/airflow/example_dags/example_bash_operator.py took 0.214 seconds
[2023-06-14T09:20:16.231+0000] {processor.py:153} INFO - Started process (PID=551) to work on /home/airflow/.local/lib/python3.7/site-packages/airflow/example_dags/example_bash_operator.py
[2023-06-14T09:20:16.236+0000] {processor.py:743} INFO - Processing file /home/airflow/.local/lib/python3.7/site-packages/airflow/example_dags/example_bash_operator.py for tasks to queue
[2023-06-14T09:20:16.248+0000] {logging_mixin.py:137} INFO - [2023-06-14T09:20:16.246+0000] {dagbag.py:538} INFO - Filling up the DagBag from /home/airflow/.local/lib/python3.7/site-packages/airflow/example_dags/example_bash_operator.py
[2023-06-14T09:20:16.292+0000] {processor.py:753} INFO - DAG(s) dict_keys(['example_bash_operator']) retrieved from /home/airflow/.local/lib/python3.7/site-packages/airflow/example_dags/example_bash_operator.py
[2023-06-14T09:20:16.348+0000] {logging_mixin.py:137} INFO - [2023-06-14T09:20:16.348+0000] {dag.py:2690} INFO - Sync 1 DAGs
[2023-06-14T09:20:16.402+0000] {logging_mixin.py:137} INFO - [2023-06-14T09:20:16.402+0000] {dag.py:3441} INFO - Setting next_dagrun for example_bash_operator to 2023-06-13T00:00:00+00:00, run_after=2023-06-14T00:00:00+00:00
[2023-06-14T09:20:16.474+0000] {processor.py:175} INFO - Processing /home/airflow/.local/lib/python3.7/site-packages/airflow/example_dags/example_bash_operator.py took 0.259 seconds
[2023-06-14T09:20:47.700+0000] {processor.py:153} INFO - Started process (PID=611) to work on /home/airflow/.local/lib/python3.7/site-packages/airflow/example_dags/example_bash_operator.py
[2023-06-14T09:20:47.702+0000] {processor.py:743} INFO - Processing file /home/airflow/.local/lib/python3.7/site-packages/airflow/example_dags/example_bash_operator.py for tasks to queue
[2023-06-14T09:20:47.703+0000] {logging_mixin.py:137} INFO - [2023-06-14T09:20:47.703+0000] {dagbag.py:538} INFO - Filling up the DagBag from /home/airflow/.local/lib/python3.7/site-packages/airflow/example_dags/example_bash_operator.py
[2023-06-14T09:20:47.762+0000] {processor.py:753} INFO - DAG(s) dict_keys(['example_bash_operator']) retrieved from /home/airflow/.local/lib/python3.7/site-packages/airflow/example_dags/example_bash_operator.py
[2023-06-14T09:20:47.844+0000] {logging_mixin.py:137} INFO - [2023-06-14T09:20:47.843+0000] {dag.py:2690} INFO - Sync 1 DAGs
[2023-06-14T09:20:47.904+0000] {logging_mixin.py:137} INFO - [2023-06-14T09:20:47.904+0000] {dag.py:3441} INFO - Setting next_dagrun for example_bash_operator to 2023-06-13T00:00:00+00:00, run_after=2023-06-14T00:00:00+00:00
[2023-06-14T09:20:47.974+0000] {processor.py:175} INFO - Processing /home/airflow/.local/lib/python3.7/site-packages/airflow/example_dags/example_bash_operator.py took 0.284 seconds
[2023-06-14T09:21:18.223+0000] {processor.py:153} INFO - Started process (PID=678) to work on /home/airflow/.local/lib/python3.7/site-packages/airflow/example_dags/example_bash_operator.py
[2023-06-14T09:21:18.224+0000] {processor.py:743} INFO - Processing file /home/airflow/.local/lib/python3.7/site-packages/airflow/example_dags/example_bash_operator.py for tasks to queue
[2023-06-14T09:21:18.225+0000] {logging_mixin.py:137} INFO - [2023-06-14T09:21:18.225+0000] {dagbag.py:538} INFO - Filling up the DagBag from /home/airflow/.local/lib/python3.7/site-packages/airflow/example_dags/example_bash_operator.py
[2023-06-14T09:21:18.240+0000] {processor.py:753} INFO - DAG(s) dict_keys(['example_bash_operator']) retrieved from /home/airflow/.local/lib/python3.7/site-packages/airflow/example_dags/example_bash_operator.py
[2023-06-14T09:21:18.264+0000] {logging_mixin.py:137} INFO - [2023-06-14T09:21:18.264+0000] {dag.py:2690} INFO - Sync 1 DAGs
[2023-06-14T09:21:18.280+0000] {logging_mixin.py:137} INFO - [2023-06-14T09:21:18.280+0000] {dag.py:3441} INFO - Setting next_dagrun for example_bash_operator to 2023-06-13T00:00:00+00:00, run_after=2023-06-14T00:00:00+00:00
[2023-06-14T09:21:18.292+0000] {processor.py:175} INFO - Processing /home/airflow/.local/lib/python3.7/site-packages/airflow/example_dags/example_bash_operator.py took 0.072 seconds
[2023-06-14T09:21:48.652+0000] {processor.py:153} INFO - Started process (PID=754) to work on /home/airflow/.local/lib/python3.7/site-packages/airflow/example_dags/example_bash_operator.py
[2023-06-14T09:21:48.653+0000] {processor.py:743} INFO - Processing file /home/airflow/.local/lib/python3.7/site-packages/airflow/example_dags/example_bash_operator.py for tasks to queue
[2023-06-14T09:21:48.653+0000] {logging_mixin.py:137} INFO - [2023-06-14T09:21:48.653+0000] {dagbag.py:538} INFO - Filling up the DagBag from /home/airflow/.local/lib/python3.7/site-packages/airflow/example_dags/example_bash_operator.py
[2023-06-14T09:21:48.667+0000] {processor.py:753} INFO - DAG(s) dict_keys(['example_bash_operator']) retrieved from /home/airflow/.local/lib/python3.7/site-packages/airflow/example_dags/example_bash_operator.py
[2023-06-14T09:21:48.689+0000] {logging_mixin.py:137} INFO - [2023-06-14T09:21:48.689+0000] {dag.py:2690} INFO - Sync 1 DAGs
[2023-06-14T09:21:48.704+0000] {logging_mixin.py:137} INFO - [2023-06-14T09:21:48.704+0000] {dag.py:3441} INFO - Setting next_dagrun for example_bash_operator to 2023-06-13T00:00:00+00:00, run_after=2023-06-14T00:00:00+00:00
[2023-06-14T09:21:48.714+0000] {processor.py:175} INFO - Processing /home/airflow/.local/lib/python3.7/site-packages/airflow/example_dags/example_bash_operator.py took 0.066 seconds
[2023-06-14T09:22:18.873+0000] {processor.py:153} INFO - Started process (PID=819) to work on /home/airflow/.local/lib/python3.7/site-packages/airflow/example_dags/example_bash_operator.py
[2023-06-14T09:22:18.875+0000] {processor.py:743} INFO - Processing file /home/airflow/.local/lib/python3.7/site-packages/airflow/example_dags/example_bash_operator.py for tasks to queue
[2023-06-14T09:22:18.876+0000] {logging_mixin.py:137} INFO - [2023-06-14T09:22:18.876+0000] {dagbag.py:538} INFO - Filling up the DagBag from /home/airflow/.local/lib/python3.7/site-packages/airflow/example_dags/example_bash_operator.py
[2023-06-14T09:22:18.896+0000] {processor.py:753} INFO - DAG(s) dict_keys(['example_bash_operator']) retrieved from /home/airflow/.local/lib/python3.7/site-packages/airflow/example_dags/example_bash_operator.py
[2023-06-14T09:22:18.923+0000] {logging_mixin.py:137} INFO - [2023-06-14T09:22:18.923+0000] {dag.py:2690} INFO - Sync 1 DAGs
[2023-06-14T09:22:18.942+0000] {logging_mixin.py:137} INFO - [2023-06-14T09:22:18.942+0000] {dag.py:3441} INFO - Setting next_dagrun for example_bash_operator to 2023-06-13T00:00:00+00:00, run_after=2023-06-14T00:00:00+00:00
[2023-06-14T09:22:18.955+0000] {processor.py:175} INFO - Processing /home/airflow/.local/lib/python3.7/site-packages/airflow/example_dags/example_bash_operator.py took 0.085 seconds
[2023-06-14T09:22:49.333+0000] {processor.py:153} INFO - Started process (PID=895) to work on /home/airflow/.local/lib/python3.7/site-packages/airflow/example_dags/example_bash_operator.py
[2023-06-14T09:22:49.334+0000] {processor.py:743} INFO - Processing file /home/airflow/.local/lib/python3.7/site-packages/airflow/example_dags/example_bash_operator.py for tasks to queue
[2023-06-14T09:22:49.335+0000] {logging_mixin.py:137} INFO - [2023-06-14T09:22:49.335+0000] {dagbag.py:538} INFO - Filling up the DagBag from /home/airflow/.local/lib/python3.7/site-packages/airflow/example_dags/example_bash_operator.py
[2023-06-14T09:22:49.349+0000] {processor.py:753} INFO - DAG(s) dict_keys(['example_bash_operator']) retrieved from /home/airflow/.local/lib/python3.7/site-packages/airflow/example_dags/example_bash_operator.py
[2023-06-14T09:22:49.371+0000] {logging_mixin.py:137} INFO - [2023-06-14T09:22:49.371+0000] {dag.py:2690} INFO - Sync 1 DAGs
[2023-06-14T09:22:49.386+0000] {logging_mixin.py:137} INFO - [2023-06-14T09:22:49.386+0000] {dag.py:3441} INFO - Setting next_dagrun for example_bash_operator to 2023-06-13T00:00:00+00:00, run_after=2023-06-14T00:00:00+00:00
[2023-06-14T09:22:49.396+0000] {processor.py:175} INFO - Processing /home/airflow/.local/lib/python3.7/site-packages/airflow/example_dags/example_bash_operator.py took 0.065 seconds
[2023-06-14T09:23:19.623+0000] {processor.py:153} INFO - Started process (PID=970) to work on /home/airflow/.local/lib/python3.7/site-packages/airflow/example_dags/example_bash_operator.py
[2023-06-14T09:23:19.624+0000] {processor.py:743} INFO - Processing file /home/airflow/.local/lib/python3.7/site-packages/airflow/example_dags/example_bash_operator.py for tasks to queue
[2023-06-14T09:23:19.624+0000] {logging_mixin.py:137} INFO - [2023-06-14T09:23:19.624+0000] {dagbag.py:538} INFO - Filling up the DagBag from /home/airflow/.local/lib/python3.7/site-packages/airflow/example_dags/example_bash_operator.py
[2023-06-14T09:23:19.638+0000] {processor.py:753} INFO - DAG(s) dict_keys(['example_bash_operator']) retrieved from /home/airflow/.local/lib/python3.7/site-packages/airflow/example_dags/example_bash_operator.py
[2023-06-14T09:23:19.661+0000] {logging_mixin.py:137} INFO - [2023-06-14T09:23:19.661+0000] {dag.py:2690} INFO - Sync 1 DAGs
[2023-06-14T09:23:19.676+0000] {logging_mixin.py:137} INFO - [2023-06-14T09:23:19.676+0000] {dag.py:3441} INFO - Setting next_dagrun for example_bash_operator to 2023-06-13T00:00:00+00:00, run_after=2023-06-14T00:00:00+00:00
[2023-06-14T09:23:19.687+0000] {processor.py:175} INFO - Processing /home/airflow/.local/lib/python3.7/site-packages/airflow/example_dags/example_bash_operator.py took 0.066 seconds
[2023-06-14T09:23:49.900+0000] {processor.py:153} INFO - Started process (PID=1034) to work on /home/airflow/.local/lib/python3.7/site-packages/airflow/example_dags/example_bash_operator.py
[2023-06-14T09:23:49.901+0000] {processor.py:743} INFO - Processing file /home/airflow/.local/lib/python3.7/site-packages/airflow/example_dags/example_bash_operator.py for tasks to queue
[2023-06-14T09:23:49.901+0000] {logging_mixin.py:137} INFO - [2023-06-14T09:23:49.901+0000] {dagbag.py:538} INFO - Filling up the DagBag from /home/airflow/.local/lib/python3.7/site-packages/airflow/example_dags/example_bash_operator.py
[2023-06-14T09:23:49.916+0000] {processor.py:753} INFO - DAG(s) dict_keys(['example_bash_operator']) retrieved from /home/airflow/.local/lib/python3.7/site-packages/airflow/example_dags/example_bash_operator.py
[2023-06-14T09:23:49.938+0000] {logging_mixin.py:137} INFO - [2023-06-14T09:23:49.938+0000] {dag.py:2690} INFO - Sync 1 DAGs
[2023-06-14T09:23:49.953+0000] {logging_mixin.py:137} INFO - [2023-06-14T09:23:49.953+0000] {dag.py:3441} INFO - Setting next_dagrun for example_bash_operator to 2023-06-13T00:00:00+00:00, run_after=2023-06-14T00:00:00+00:00
[2023-06-14T09:23:49.963+0000] {processor.py:175} INFO - Processing /home/airflow/.local/lib/python3.7/site-packages/airflow/example_dags/example_bash_operator.py took 0.066 seconds
[2023-06-14T09:24:20.318+0000] {processor.py:153} INFO - Started process (PID=1110) to work on /home/airflow/.local/lib/python3.7/site-packages/airflow/example_dags/example_bash_operator.py
[2023-06-14T09:24:20.320+0000] {processor.py:743} INFO - Processing file /home/airflow/.local/lib/python3.7/site-packages/airflow/example_dags/example_bash_operator.py for tasks to queue
[2023-06-14T09:24:20.321+0000] {logging_mixin.py:137} INFO - [2023-06-14T09:24:20.321+0000] {dagbag.py:538} INFO - Filling up the DagBag from /home/airflow/.local/lib/python3.7/site-packages/airflow/example_dags/example_bash_operator.py
[2023-06-14T09:24:20.337+0000] {processor.py:753} INFO - DAG(s) dict_keys(['example_bash_operator']) retrieved from /home/airflow/.local/lib/python3.7/site-packages/airflow/example_dags/example_bash_operator.py
[2023-06-14T09:24:20.362+0000] {logging_mixin.py:137} INFO - [2023-06-14T09:24:20.362+0000] {dag.py:2690} INFO - Sync 1 DAGs
[2023-06-14T09:24:20.380+0000] {logging_mixin.py:137} INFO - [2023-06-14T09:24:20.380+0000] {dag.py:3441} INFO - Setting next_dagrun for example_bash_operator to 2023-06-13T00:00:00+00:00, run_after=2023-06-14T00:00:00+00:00
[2023-06-14T09:24:20.392+0000] {processor.py:175} INFO - Processing /home/airflow/.local/lib/python3.7/site-packages/airflow/example_dags/example_bash_operator.py took 0.077 seconds
[2023-06-14T09:24:51.102+0000] {processor.py:153} INFO - Started process (PID=1186) to work on /home/airflow/.local/lib/python3.7/site-packages/airflow/example_dags/example_bash_operator.py
[2023-06-14T09:24:51.104+0000] {processor.py:743} INFO - Processing file /home/airflow/.local/lib/python3.7/site-packages/airflow/example_dags/example_bash_operator.py for tasks to queue
[2023-06-14T09:24:51.104+0000] {logging_mixin.py:137} INFO - [2023-06-14T09:24:51.104+0000] {dagbag.py:538} INFO - Filling up the DagBag from /home/airflow/.local/lib/python3.7/site-packages/airflow/example_dags/example_bash_operator.py
[2023-06-14T09:24:51.119+0000] {processor.py:753} INFO - DAG(s) dict_keys(['example_bash_operator']) retrieved from /home/airflow/.local/lib/python3.7/site-packages/airflow/example_dags/example_bash_operator.py
[2023-06-14T09:24:51.141+0000] {logging_mixin.py:137} INFO - [2023-06-14T09:24:51.141+0000] {dag.py:2690} INFO - Sync 1 DAGs
[2023-06-14T09:24:51.156+0000] {logging_mixin.py:137} INFO - [2023-06-14T09:24:51.155+0000] {dag.py:3441} INFO - Setting next_dagrun for example_bash_operator to 2023-06-13T00:00:00+00:00, run_after=2023-06-14T00:00:00+00:00
[2023-06-14T09:24:51.166+0000] {processor.py:175} INFO - Processing /home/airflow/.local/lib/python3.7/site-packages/airflow/example_dags/example_bash_operator.py took 0.066 seconds
[2023-06-14T09:25:21.219+0000] {processor.py:153} INFO - Started process (PID=1255) to work on /home/airflow/.local/lib/python3.7/site-packages/airflow/example_dags/example_bash_operator.py
[2023-06-14T09:25:21.220+0000] {processor.py:743} INFO - Processing file /home/airflow/.local/lib/python3.7/site-packages/airflow/example_dags/example_bash_operator.py for tasks to queue
[2023-06-14T09:25:21.221+0000] {logging_mixin.py:137} INFO - [2023-06-14T09:25:21.221+0000] {dagbag.py:538} INFO - Filling up the DagBag from /home/airflow/.local/lib/python3.7/site-packages/airflow/example_dags/example_bash_operator.py
[2023-06-14T09:25:21.238+0000] {processor.py:753} INFO - DAG(s) dict_keys(['example_bash_operator']) retrieved from /home/airflow/.local/lib/python3.7/site-packages/airflow/example_dags/example_bash_operator.py
[2023-06-14T09:25:21.267+0000] {logging_mixin.py:137} INFO - [2023-06-14T09:25:21.267+0000] {dag.py:2690} INFO - Sync 1 DAGs
[2023-06-14T09:25:21.286+0000] {logging_mixin.py:137} INFO - [2023-06-14T09:25:21.286+0000] {dag.py:3441} INFO - Setting next_dagrun for example_bash_operator to 2023-06-13T00:00:00+00:00, run_after=2023-06-14T00:00:00+00:00
[2023-06-14T09:25:21.298+0000] {processor.py:175} INFO - Processing /home/airflow/.local/lib/python3.7/site-packages/airflow/example_dags/example_bash_operator.py took 0.083 seconds
[2023-06-14T09:25:51.444+0000] {processor.py:153} INFO - Started process (PID=1325) to work on /home/airflow/.local/lib/python3.7/site-packages/airflow/example_dags/example_bash_operator.py
[2023-06-14T09:25:51.445+0000] {processor.py:743} INFO - Processing file /home/airflow/.local/lib/python3.7/site-packages/airflow/example_dags/example_bash_operator.py for tasks to queue
[2023-06-14T09:25:51.446+0000] {logging_mixin.py:137} INFO - [2023-06-14T09:25:51.446+0000] {dagbag.py:538} INFO - Filling up the DagBag from /home/airflow/.local/lib/python3.7/site-packages/airflow/example_dags/example_bash_operator.py
[2023-06-14T09:25:51.460+0000] {processor.py:753} INFO - DAG(s) dict_keys(['example_bash_operator']) retrieved from /home/airflow/.local/lib/python3.7/site-packages/airflow/example_dags/example_bash_operator.py
[2023-06-14T09:25:51.482+0000] {logging_mixin.py:137} INFO - [2023-06-14T09:25:51.481+0000] {dag.py:2690} INFO - Sync 1 DAGs
[2023-06-14T09:25:51.496+0000] {logging_mixin.py:137} INFO - [2023-06-14T09:25:51.496+0000] {dag.py:3441} INFO - Setting next_dagrun for example_bash_operator to 2023-06-13T00:00:00+00:00, run_after=2023-06-14T00:00:00+00:00
[2023-06-14T09:25:51.507+0000] {processor.py:175} INFO - Processing /home/airflow/.local/lib/python3.7/site-packages/airflow/example_dags/example_bash_operator.py took 0.065 seconds
[2023-06-14T09:26:21.628+0000] {processor.py:153} INFO - Started process (PID=1401) to work on /home/airflow/.local/lib/python3.7/site-packages/airflow/example_dags/example_bash_operator.py
[2023-06-14T09:26:21.629+0000] {processor.py:743} INFO - Processing file /home/airflow/.local/lib/python3.7/site-packages/airflow/example_dags/example_bash_operator.py for tasks to queue
[2023-06-14T09:26:21.630+0000] {logging_mixin.py:137} INFO - [2023-06-14T09:26:21.630+0000] {dagbag.py:538} INFO - Filling up the DagBag from /home/airflow/.local/lib/python3.7/site-packages/airflow/example_dags/example_bash_operator.py
[2023-06-14T09:26:21.643+0000] {processor.py:753} INFO - DAG(s) dict_keys(['example_bash_operator']) retrieved from /home/airflow/.local/lib/python3.7/site-packages/airflow/example_dags/example_bash_operator.py
[2023-06-14T09:26:21.665+0000] {logging_mixin.py:137} INFO - [2023-06-14T09:26:21.665+0000] {dag.py:2690} INFO - Sync 1 DAGs
[2023-06-14T09:26:21.680+0000] {logging_mixin.py:137} INFO - [2023-06-14T09:26:21.680+0000] {dag.py:3441} INFO - Setting next_dagrun for example_bash_operator to 2023-06-13T00:00:00+00:00, run_after=2023-06-14T00:00:00+00:00
[2023-06-14T09:26:21.690+0000] {processor.py:175} INFO - Processing /home/airflow/.local/lib/python3.7/site-packages/airflow/example_dags/example_bash_operator.py took 0.064 seconds
