[2023-06-14T09:16:41.404+0000] {processor.py:153} INFO - Started process (PID=54) to work on /home/airflow/.local/lib/python3.7/site-packages/airflow/example_dags/tutorial_dag.py
[2023-06-14T09:16:41.406+0000] {processor.py:743} INFO - Processing file /home/airflow/.local/lib/python3.7/site-packages/airflow/example_dags/tutorial_dag.py for tasks to queue
[2023-06-14T09:16:41.407+0000] {logging_mixin.py:137} INFO - [2023-06-14T09:16:41.407+0000] {dagbag.py:538} INFO - Filling up the DagBag from /home/airflow/.local/lib/python3.7/site-packages/airflow/example_dags/tutorial_dag.py
[2023-06-14T09:16:41.433+0000] {processor.py:753} INFO - DAG(s) dict_keys(['tutorial_dag']) retrieved from /home/airflow/.local/lib/python3.7/site-packages/airflow/example_dags/tutorial_dag.py
[2023-06-14T09:16:41.471+0000] {logging_mixin.py:137} INFO - [2023-06-14T09:16:41.471+0000] {dag.py:2690} INFO - Sync 1 DAGs
[2023-06-14T09:16:41.509+0000] {logging_mixin.py:137} INFO - [2023-06-14T09:16:41.509+0000] {dag.py:3441} INFO - Setting next_dagrun for tutorial_dag to None, run_after=None
[2023-06-14T09:16:41.526+0000] {processor.py:175} INFO - Processing /home/airflow/.local/lib/python3.7/site-packages/airflow/example_dags/tutorial_dag.py took 0.126 seconds
[2023-06-14T09:17:12.283+0000] {processor.py:153} INFO - Started process (PID=129) to work on /home/airflow/.local/lib/python3.7/site-packages/airflow/example_dags/tutorial_dag.py
[2023-06-14T09:17:12.285+0000] {processor.py:743} INFO - Processing file /home/airflow/.local/lib/python3.7/site-packages/airflow/example_dags/tutorial_dag.py for tasks to queue
[2023-06-14T09:17:12.287+0000] {logging_mixin.py:137} INFO - [2023-06-14T09:17:12.287+0000] {dagbag.py:538} INFO - Filling up the DagBag from /home/airflow/.local/lib/python3.7/site-packages/airflow/example_dags/tutorial_dag.py
[2023-06-14T09:17:12.301+0000] {processor.py:753} INFO - DAG(s) dict_keys(['tutorial_dag']) retrieved from /home/airflow/.local/lib/python3.7/site-packages/airflow/example_dags/tutorial_dag.py
[2023-06-14T09:17:12.330+0000] {logging_mixin.py:137} INFO - [2023-06-14T09:17:12.330+0000] {dag.py:2690} INFO - Sync 1 DAGs
[2023-06-14T09:17:12.370+0000] {logging_mixin.py:137} INFO - [2023-06-14T09:17:12.370+0000] {dag.py:3441} INFO - Setting next_dagrun for tutorial_dag to None, run_after=None
[2023-06-14T09:17:12.393+0000] {processor.py:175} INFO - Processing /home/airflow/.local/lib/python3.7/site-packages/airflow/example_dags/tutorial_dag.py took 0.113 seconds
[2023-06-14T09:17:42.429+0000] {processor.py:153} INFO - Started process (PID=209) to work on /home/airflow/.local/lib/python3.7/site-packages/airflow/example_dags/tutorial_dag.py
[2023-06-14T09:17:42.430+0000] {processor.py:743} INFO - Processing file /home/airflow/.local/lib/python3.7/site-packages/airflow/example_dags/tutorial_dag.py for tasks to queue
[2023-06-14T09:17:42.431+0000] {logging_mixin.py:137} INFO - [2023-06-14T09:17:42.431+0000] {dagbag.py:538} INFO - Filling up the DagBag from /home/airflow/.local/lib/python3.7/site-packages/airflow/example_dags/tutorial_dag.py
[2023-06-14T09:17:42.440+0000] {processor.py:753} INFO - DAG(s) dict_keys(['tutorial_dag']) retrieved from /home/airflow/.local/lib/python3.7/site-packages/airflow/example_dags/tutorial_dag.py
[2023-06-14T09:17:42.459+0000] {logging_mixin.py:137} INFO - [2023-06-14T09:17:42.459+0000] {dag.py:2690} INFO - Sync 1 DAGs
[2023-06-14T09:17:42.473+0000] {logging_mixin.py:137} INFO - [2023-06-14T09:17:42.473+0000] {dag.py:3441} INFO - Setting next_dagrun for tutorial_dag to None, run_after=None
[2023-06-14T09:17:42.483+0000] {processor.py:175} INFO - Processing /home/airflow/.local/lib/python3.7/site-packages/airflow/example_dags/tutorial_dag.py took 0.057 seconds
[2023-06-14T09:18:12.831+0000] {processor.py:153} INFO - Started process (PID=273) to work on /home/airflow/.local/lib/python3.7/site-packages/airflow/example_dags/tutorial_dag.py
[2023-06-14T09:18:12.833+0000] {processor.py:743} INFO - Processing file /home/airflow/.local/lib/python3.7/site-packages/airflow/example_dags/tutorial_dag.py for tasks to queue
[2023-06-14T09:18:12.834+0000] {logging_mixin.py:137} INFO - [2023-06-14T09:18:12.834+0000] {dagbag.py:538} INFO - Filling up the DagBag from /home/airflow/.local/lib/python3.7/site-packages/airflow/example_dags/tutorial_dag.py
[2023-06-14T09:18:12.843+0000] {processor.py:753} INFO - DAG(s) dict_keys(['tutorial_dag']) retrieved from /home/airflow/.local/lib/python3.7/site-packages/airflow/example_dags/tutorial_dag.py
[2023-06-14T09:18:12.862+0000] {logging_mixin.py:137} INFO - [2023-06-14T09:18:12.862+0000] {dag.py:2690} INFO - Sync 1 DAGs
[2023-06-14T09:18:12.875+0000] {logging_mixin.py:137} INFO - [2023-06-14T09:18:12.875+0000] {dag.py:3441} INFO - Setting next_dagrun for tutorial_dag to None, run_after=None
[2023-06-14T09:18:12.886+0000] {processor.py:175} INFO - Processing /home/airflow/.local/lib/python3.7/site-packages/airflow/example_dags/tutorial_dag.py took 0.058 seconds
[2023-06-14T09:18:43.028+0000] {processor.py:153} INFO - Started process (PID=349) to work on /home/airflow/.local/lib/python3.7/site-packages/airflow/example_dags/tutorial_dag.py
[2023-06-14T09:18:43.029+0000] {processor.py:743} INFO - Processing file /home/airflow/.local/lib/python3.7/site-packages/airflow/example_dags/tutorial_dag.py for tasks to queue
[2023-06-14T09:18:43.030+0000] {logging_mixin.py:137} INFO - [2023-06-14T09:18:43.030+0000] {dagbag.py:538} INFO - Filling up the DagBag from /home/airflow/.local/lib/python3.7/site-packages/airflow/example_dags/tutorial_dag.py
[2023-06-14T09:18:43.039+0000] {processor.py:753} INFO - DAG(s) dict_keys(['tutorial_dag']) retrieved from /home/airflow/.local/lib/python3.7/site-packages/airflow/example_dags/tutorial_dag.py
[2023-06-14T09:18:43.059+0000] {logging_mixin.py:137} INFO - [2023-06-14T09:18:43.059+0000] {dag.py:2690} INFO - Sync 1 DAGs
[2023-06-14T09:18:43.073+0000] {logging_mixin.py:137} INFO - [2023-06-14T09:18:43.073+0000] {dag.py:3441} INFO - Setting next_dagrun for tutorial_dag to None, run_after=None
[2023-06-14T09:18:43.084+0000] {processor.py:175} INFO - Processing /home/airflow/.local/lib/python3.7/site-packages/airflow/example_dags/tutorial_dag.py took 0.058 seconds
[2023-06-14T09:19:14.709+0000] {processor.py:153} INFO - Started process (PID=425) to work on /home/airflow/.local/lib/python3.7/site-packages/airflow/example_dags/tutorial_dag.py
[2023-06-14T09:19:14.710+0000] {processor.py:743} INFO - Processing file /home/airflow/.local/lib/python3.7/site-packages/airflow/example_dags/tutorial_dag.py for tasks to queue
[2023-06-14T09:19:14.711+0000] {logging_mixin.py:137} INFO - [2023-06-14T09:19:14.711+0000] {dagbag.py:538} INFO - Filling up the DagBag from /home/airflow/.local/lib/python3.7/site-packages/airflow/example_dags/tutorial_dag.py
[2023-06-14T09:19:14.720+0000] {processor.py:753} INFO - DAG(s) dict_keys(['tutorial_dag']) retrieved from /home/airflow/.local/lib/python3.7/site-packages/airflow/example_dags/tutorial_dag.py
[2023-06-14T09:19:14.747+0000] {logging_mixin.py:137} INFO - [2023-06-14T09:19:14.747+0000] {dag.py:2690} INFO - Sync 1 DAGs
[2023-06-14T09:19:14.765+0000] {logging_mixin.py:137} INFO - [2023-06-14T09:19:14.765+0000] {dag.py:3441} INFO - Setting next_dagrun for tutorial_dag to None, run_after=None
[2023-06-14T09:19:14.780+0000] {processor.py:175} INFO - Processing /home/airflow/.local/lib/python3.7/site-packages/airflow/example_dags/tutorial_dag.py took 0.074 seconds
[2023-06-14T09:19:46.184+0000] {processor.py:153} INFO - Started process (PID=490) to work on /home/airflow/.local/lib/python3.7/site-packages/airflow/example_dags/tutorial_dag.py
[2023-06-14T09:19:46.186+0000] {processor.py:743} INFO - Processing file /home/airflow/.local/lib/python3.7/site-packages/airflow/example_dags/tutorial_dag.py for tasks to queue
[2023-06-14T09:19:46.187+0000] {logging_mixin.py:137} INFO - [2023-06-14T09:19:46.187+0000] {dagbag.py:538} INFO - Filling up the DagBag from /home/airflow/.local/lib/python3.7/site-packages/airflow/example_dags/tutorial_dag.py
[2023-06-14T09:19:46.222+0000] {processor.py:753} INFO - DAG(s) dict_keys(['tutorial_dag']) retrieved from /home/airflow/.local/lib/python3.7/site-packages/airflow/example_dags/tutorial_dag.py
[2023-06-14T09:19:46.330+0000] {logging_mixin.py:137} INFO - [2023-06-14T09:19:46.330+0000] {dag.py:2690} INFO - Sync 1 DAGs
[2023-06-14T09:19:46.389+0000] {logging_mixin.py:137} INFO - [2023-06-14T09:19:46.389+0000] {dag.py:3441} INFO - Setting next_dagrun for tutorial_dag to None, run_after=None
[2023-06-14T09:19:46.512+0000] {processor.py:175} INFO - Processing /home/airflow/.local/lib/python3.7/site-packages/airflow/example_dags/tutorial_dag.py took 0.348 seconds
[2023-06-14T09:20:19.375+0000] {processor.py:153} INFO - Started process (PID=567) to work on /home/airflow/.local/lib/python3.7/site-packages/airflow/example_dags/tutorial_dag.py
[2023-06-14T09:20:19.387+0000] {processor.py:743} INFO - Processing file /home/airflow/.local/lib/python3.7/site-packages/airflow/example_dags/tutorial_dag.py for tasks to queue
[2023-06-14T09:20:19.389+0000] {logging_mixin.py:137} INFO - [2023-06-14T09:20:19.389+0000] {dagbag.py:538} INFO - Filling up the DagBag from /home/airflow/.local/lib/python3.7/site-packages/airflow/example_dags/tutorial_dag.py
[2023-06-14T09:20:19.501+0000] {processor.py:753} INFO - DAG(s) dict_keys(['tutorial_dag']) retrieved from /home/airflow/.local/lib/python3.7/site-packages/airflow/example_dags/tutorial_dag.py
[2023-06-14T09:20:19.531+0000] {logging_mixin.py:137} INFO - [2023-06-14T09:20:19.531+0000] {dag.py:2690} INFO - Sync 1 DAGs
[2023-06-14T09:20:19.548+0000] {logging_mixin.py:137} INFO - [2023-06-14T09:20:19.548+0000] {dag.py:3441} INFO - Setting next_dagrun for tutorial_dag to None, run_after=None
[2023-06-14T09:20:19.656+0000] {processor.py:175} INFO - Processing /home/airflow/.local/lib/python3.7/site-packages/airflow/example_dags/tutorial_dag.py took 0.288 seconds
[2023-06-14T09:20:49.764+0000] {processor.py:153} INFO - Started process (PID=630) to work on /home/airflow/.local/lib/python3.7/site-packages/airflow/example_dags/tutorial_dag.py
[2023-06-14T09:20:49.765+0000] {processor.py:743} INFO - Processing file /home/airflow/.local/lib/python3.7/site-packages/airflow/example_dags/tutorial_dag.py for tasks to queue
[2023-06-14T09:20:49.767+0000] {logging_mixin.py:137} INFO - [2023-06-14T09:20:49.766+0000] {dagbag.py:538} INFO - Filling up the DagBag from /home/airflow/.local/lib/python3.7/site-packages/airflow/example_dags/tutorial_dag.py
[2023-06-14T09:20:49.778+0000] {processor.py:753} INFO - DAG(s) dict_keys(['tutorial_dag']) retrieved from /home/airflow/.local/lib/python3.7/site-packages/airflow/example_dags/tutorial_dag.py
[2023-06-14T09:20:49.803+0000] {logging_mixin.py:137} INFO - [2023-06-14T09:20:49.803+0000] {dag.py:2690} INFO - Sync 1 DAGs
[2023-06-14T09:20:49.821+0000] {logging_mixin.py:137} INFO - [2023-06-14T09:20:49.821+0000] {dag.py:3441} INFO - Setting next_dagrun for tutorial_dag to None, run_after=None
[2023-06-14T09:20:49.834+0000] {processor.py:175} INFO - Processing /home/airflow/.local/lib/python3.7/site-packages/airflow/example_dags/tutorial_dag.py took 0.073 seconds
[2023-06-14T09:21:19.997+0000] {processor.py:153} INFO - Started process (PID=694) to work on /home/airflow/.local/lib/python3.7/site-packages/airflow/example_dags/tutorial_dag.py
[2023-06-14T09:21:19.998+0000] {processor.py:743} INFO - Processing file /home/airflow/.local/lib/python3.7/site-packages/airflow/example_dags/tutorial_dag.py for tasks to queue
[2023-06-14T09:21:19.999+0000] {logging_mixin.py:137} INFO - [2023-06-14T09:21:19.999+0000] {dagbag.py:538} INFO - Filling up the DagBag from /home/airflow/.local/lib/python3.7/site-packages/airflow/example_dags/tutorial_dag.py
[2023-06-14T09:21:20.009+0000] {processor.py:753} INFO - DAG(s) dict_keys(['tutorial_dag']) retrieved from /home/airflow/.local/lib/python3.7/site-packages/airflow/example_dags/tutorial_dag.py
[2023-06-14T09:21:20.029+0000] {logging_mixin.py:137} INFO - [2023-06-14T09:21:20.029+0000] {dag.py:2690} INFO - Sync 1 DAGs
[2023-06-14T09:21:20.044+0000] {logging_mixin.py:137} INFO - [2023-06-14T09:21:20.044+0000] {dag.py:3441} INFO - Setting next_dagrun for tutorial_dag to None, run_after=None
[2023-06-14T09:21:20.059+0000] {processor.py:175} INFO - Processing /home/airflow/.local/lib/python3.7/site-packages/airflow/example_dags/tutorial_dag.py took 0.064 seconds
[2023-06-14T09:21:50.401+0000] {processor.py:153} INFO - Started process (PID=770) to work on /home/airflow/.local/lib/python3.7/site-packages/airflow/example_dags/tutorial_dag.py
[2023-06-14T09:21:50.402+0000] {processor.py:743} INFO - Processing file /home/airflow/.local/lib/python3.7/site-packages/airflow/example_dags/tutorial_dag.py for tasks to queue
[2023-06-14T09:21:50.403+0000] {logging_mixin.py:137} INFO - [2023-06-14T09:21:50.403+0000] {dagbag.py:538} INFO - Filling up the DagBag from /home/airflow/.local/lib/python3.7/site-packages/airflow/example_dags/tutorial_dag.py
[2023-06-14T09:21:50.413+0000] {processor.py:753} INFO - DAG(s) dict_keys(['tutorial_dag']) retrieved from /home/airflow/.local/lib/python3.7/site-packages/airflow/example_dags/tutorial_dag.py
[2023-06-14T09:21:50.433+0000] {logging_mixin.py:137} INFO - [2023-06-14T09:21:50.433+0000] {dag.py:2690} INFO - Sync 1 DAGs
[2023-06-14T09:21:50.448+0000] {logging_mixin.py:137} INFO - [2023-06-14T09:21:50.448+0000] {dag.py:3441} INFO - Setting next_dagrun for tutorial_dag to None, run_after=None
[2023-06-14T09:21:50.461+0000] {processor.py:175} INFO - Processing /home/airflow/.local/lib/python3.7/site-packages/airflow/example_dags/tutorial_dag.py took 0.063 seconds
[2023-06-14T09:22:20.927+0000] {processor.py:153} INFO - Started process (PID=847) to work on /home/airflow/.local/lib/python3.7/site-packages/airflow/example_dags/tutorial_dag.py
[2023-06-14T09:22:20.928+0000] {processor.py:743} INFO - Processing file /home/airflow/.local/lib/python3.7/site-packages/airflow/example_dags/tutorial_dag.py for tasks to queue
[2023-06-14T09:22:20.929+0000] {logging_mixin.py:137} INFO - [2023-06-14T09:22:20.929+0000] {dagbag.py:538} INFO - Filling up the DagBag from /home/airflow/.local/lib/python3.7/site-packages/airflow/example_dags/tutorial_dag.py
[2023-06-14T09:22:20.939+0000] {processor.py:753} INFO - DAG(s) dict_keys(['tutorial_dag']) retrieved from /home/airflow/.local/lib/python3.7/site-packages/airflow/example_dags/tutorial_dag.py
[2023-06-14T09:22:20.960+0000] {logging_mixin.py:137} INFO - [2023-06-14T09:22:20.960+0000] {dag.py:2690} INFO - Sync 1 DAGs
[2023-06-14T09:22:20.977+0000] {logging_mixin.py:137} INFO - [2023-06-14T09:22:20.977+0000] {dag.py:3441} INFO - Setting next_dagrun for tutorial_dag to None, run_after=None
[2023-06-14T09:22:20.992+0000] {processor.py:175} INFO - Processing /home/airflow/.local/lib/python3.7/site-packages/airflow/example_dags/tutorial_dag.py took 0.068 seconds
[2023-06-14T09:22:51.130+0000] {processor.py:153} INFO - Started process (PID=911) to work on /home/airflow/.local/lib/python3.7/site-packages/airflow/example_dags/tutorial_dag.py
[2023-06-14T09:22:51.131+0000] {processor.py:743} INFO - Processing file /home/airflow/.local/lib/python3.7/site-packages/airflow/example_dags/tutorial_dag.py for tasks to queue
[2023-06-14T09:22:51.131+0000] {logging_mixin.py:137} INFO - [2023-06-14T09:22:51.131+0000] {dagbag.py:538} INFO - Filling up the DagBag from /home/airflow/.local/lib/python3.7/site-packages/airflow/example_dags/tutorial_dag.py
[2023-06-14T09:22:51.140+0000] {processor.py:753} INFO - DAG(s) dict_keys(['tutorial_dag']) retrieved from /home/airflow/.local/lib/python3.7/site-packages/airflow/example_dags/tutorial_dag.py
[2023-06-14T09:22:51.159+0000] {logging_mixin.py:137} INFO - [2023-06-14T09:22:51.159+0000] {dag.py:2690} INFO - Sync 1 DAGs
[2023-06-14T09:22:51.173+0000] {logging_mixin.py:137} INFO - [2023-06-14T09:22:51.173+0000] {dag.py:3441} INFO - Setting next_dagrun for tutorial_dag to None, run_after=None
[2023-06-14T09:22:51.184+0000] {processor.py:175} INFO - Processing /home/airflow/.local/lib/python3.7/site-packages/airflow/example_dags/tutorial_dag.py took 0.057 seconds
[2023-06-14T09:23:21.409+0000] {processor.py:153} INFO - Started process (PID=986) to work on /home/airflow/.local/lib/python3.7/site-packages/airflow/example_dags/tutorial_dag.py
[2023-06-14T09:23:21.410+0000] {processor.py:743} INFO - Processing file /home/airflow/.local/lib/python3.7/site-packages/airflow/example_dags/tutorial_dag.py for tasks to queue
[2023-06-14T09:23:21.411+0000] {logging_mixin.py:137} INFO - [2023-06-14T09:23:21.411+0000] {dagbag.py:538} INFO - Filling up the DagBag from /home/airflow/.local/lib/python3.7/site-packages/airflow/example_dags/tutorial_dag.py
[2023-06-14T09:23:21.420+0000] {processor.py:753} INFO - DAG(s) dict_keys(['tutorial_dag']) retrieved from /home/airflow/.local/lib/python3.7/site-packages/airflow/example_dags/tutorial_dag.py
[2023-06-14T09:23:21.441+0000] {logging_mixin.py:137} INFO - [2023-06-14T09:23:21.440+0000] {dag.py:2690} INFO - Sync 1 DAGs
[2023-06-14T09:23:21.456+0000] {logging_mixin.py:137} INFO - [2023-06-14T09:23:21.456+0000] {dag.py:3441} INFO - Setting next_dagrun for tutorial_dag to None, run_after=None
[2023-06-14T09:23:21.466+0000] {processor.py:175} INFO - Processing /home/airflow/.local/lib/python3.7/site-packages/airflow/example_dags/tutorial_dag.py took 0.060 seconds
[2023-06-14T09:23:51.778+0000] {processor.py:153} INFO - Started process (PID=1062) to work on /home/airflow/.local/lib/python3.7/site-packages/airflow/example_dags/tutorial_dag.py
[2023-06-14T09:23:51.779+0000] {processor.py:743} INFO - Processing file /home/airflow/.local/lib/python3.7/site-packages/airflow/example_dags/tutorial_dag.py for tasks to queue
[2023-06-14T09:23:51.780+0000] {logging_mixin.py:137} INFO - [2023-06-14T09:23:51.780+0000] {dagbag.py:538} INFO - Filling up the DagBag from /home/airflow/.local/lib/python3.7/site-packages/airflow/example_dags/tutorial_dag.py
[2023-06-14T09:23:51.791+0000] {processor.py:753} INFO - DAG(s) dict_keys(['tutorial_dag']) retrieved from /home/airflow/.local/lib/python3.7/site-packages/airflow/example_dags/tutorial_dag.py
[2023-06-14T09:23:51.816+0000] {logging_mixin.py:137} INFO - [2023-06-14T09:23:51.816+0000] {dag.py:2690} INFO - Sync 1 DAGs
[2023-06-14T09:23:51.847+0000] {logging_mixin.py:137} INFO - [2023-06-14T09:23:51.847+0000] {dag.py:3441} INFO - Setting next_dagrun for tutorial_dag to None, run_after=None
[2023-06-14T09:23:51.868+0000] {processor.py:175} INFO - Processing /home/airflow/.local/lib/python3.7/site-packages/airflow/example_dags/tutorial_dag.py took 0.094 seconds
[2023-06-14T09:24:22.565+0000] {processor.py:153} INFO - Started process (PID=1126) to work on /home/airflow/.local/lib/python3.7/site-packages/airflow/example_dags/tutorial_dag.py
[2023-06-14T09:24:22.566+0000] {processor.py:743} INFO - Processing file /home/airflow/.local/lib/python3.7/site-packages/airflow/example_dags/tutorial_dag.py for tasks to queue
[2023-06-14T09:24:22.567+0000] {logging_mixin.py:137} INFO - [2023-06-14T09:24:22.567+0000] {dagbag.py:538} INFO - Filling up the DagBag from /home/airflow/.local/lib/python3.7/site-packages/airflow/example_dags/tutorial_dag.py
[2023-06-14T09:24:22.584+0000] {processor.py:753} INFO - DAG(s) dict_keys(['tutorial_dag']) retrieved from /home/airflow/.local/lib/python3.7/site-packages/airflow/example_dags/tutorial_dag.py
[2023-06-14T09:24:22.616+0000] {logging_mixin.py:137} INFO - [2023-06-14T09:24:22.615+0000] {dag.py:2690} INFO - Sync 1 DAGs
[2023-06-14T09:24:22.636+0000] {logging_mixin.py:137} INFO - [2023-06-14T09:24:22.635+0000] {dag.py:3441} INFO - Setting next_dagrun for tutorial_dag to None, run_after=None
[2023-06-14T09:24:22.654+0000] {processor.py:175} INFO - Processing /home/airflow/.local/lib/python3.7/site-packages/airflow/example_dags/tutorial_dag.py took 0.094 seconds
[2023-06-14T09:24:52.859+0000] {processor.py:153} INFO - Started process (PID=1202) to work on /home/airflow/.local/lib/python3.7/site-packages/airflow/example_dags/tutorial_dag.py
[2023-06-14T09:24:52.860+0000] {processor.py:743} INFO - Processing file /home/airflow/.local/lib/python3.7/site-packages/airflow/example_dags/tutorial_dag.py for tasks to queue
[2023-06-14T09:24:52.861+0000] {logging_mixin.py:137} INFO - [2023-06-14T09:24:52.861+0000] {dagbag.py:538} INFO - Filling up the DagBag from /home/airflow/.local/lib/python3.7/site-packages/airflow/example_dags/tutorial_dag.py
[2023-06-14T09:24:52.871+0000] {processor.py:753} INFO - DAG(s) dict_keys(['tutorial_dag']) retrieved from /home/airflow/.local/lib/python3.7/site-packages/airflow/example_dags/tutorial_dag.py
[2023-06-14T09:24:52.890+0000] {logging_mixin.py:137} INFO - [2023-06-14T09:24:52.890+0000] {dag.py:2690} INFO - Sync 1 DAGs
[2023-06-14T09:24:52.905+0000] {logging_mixin.py:137} INFO - [2023-06-14T09:24:52.905+0000] {dag.py:3441} INFO - Setting next_dagrun for tutorial_dag to None, run_after=None
[2023-06-14T09:24:52.916+0000] {processor.py:175} INFO - Processing /home/airflow/.local/lib/python3.7/site-packages/airflow/example_dags/tutorial_dag.py took 0.060 seconds
[2023-06-14T09:25:23.046+0000] {processor.py:153} INFO - Started process (PID=1276) to work on /home/airflow/.local/lib/python3.7/site-packages/airflow/example_dags/tutorial_dag.py
[2023-06-14T09:25:23.047+0000] {processor.py:743} INFO - Processing file /home/airflow/.local/lib/python3.7/site-packages/airflow/example_dags/tutorial_dag.py for tasks to queue
[2023-06-14T09:25:23.048+0000] {logging_mixin.py:137} INFO - [2023-06-14T09:25:23.048+0000] {dagbag.py:538} INFO - Filling up the DagBag from /home/airflow/.local/lib/python3.7/site-packages/airflow/example_dags/tutorial_dag.py
[2023-06-14T09:25:23.058+0000] {processor.py:753} INFO - DAG(s) dict_keys(['tutorial_dag']) retrieved from /home/airflow/.local/lib/python3.7/site-packages/airflow/example_dags/tutorial_dag.py
[2023-06-14T09:25:23.078+0000] {logging_mixin.py:137} INFO - [2023-06-14T09:25:23.078+0000] {dag.py:2690} INFO - Sync 1 DAGs
[2023-06-14T09:25:23.094+0000] {logging_mixin.py:137} INFO - [2023-06-14T09:25:23.093+0000] {dag.py:3441} INFO - Setting next_dagrun for tutorial_dag to None, run_after=None
[2023-06-14T09:25:23.105+0000] {processor.py:175} INFO - Processing /home/airflow/.local/lib/python3.7/site-packages/airflow/example_dags/tutorial_dag.py took 0.062 seconds
[2023-06-14T09:25:53.294+0000] {processor.py:153} INFO - Started process (PID=1341) to work on /home/airflow/.local/lib/python3.7/site-packages/airflow/example_dags/tutorial_dag.py
[2023-06-14T09:25:53.295+0000] {processor.py:743} INFO - Processing file /home/airflow/.local/lib/python3.7/site-packages/airflow/example_dags/tutorial_dag.py for tasks to queue
[2023-06-14T09:25:53.296+0000] {logging_mixin.py:137} INFO - [2023-06-14T09:25:53.296+0000] {dagbag.py:538} INFO - Filling up the DagBag from /home/airflow/.local/lib/python3.7/site-packages/airflow/example_dags/tutorial_dag.py
[2023-06-14T09:25:53.305+0000] {processor.py:753} INFO - DAG(s) dict_keys(['tutorial_dag']) retrieved from /home/airflow/.local/lib/python3.7/site-packages/airflow/example_dags/tutorial_dag.py
[2023-06-14T09:25:53.325+0000] {logging_mixin.py:137} INFO - [2023-06-14T09:25:53.325+0000] {dag.py:2690} INFO - Sync 1 DAGs
[2023-06-14T09:25:53.341+0000] {logging_mixin.py:137} INFO - [2023-06-14T09:25:53.341+0000] {dag.py:3441} INFO - Setting next_dagrun for tutorial_dag to None, run_after=None
[2023-06-14T09:25:53.352+0000] {processor.py:175} INFO - Processing /home/airflow/.local/lib/python3.7/site-packages/airflow/example_dags/tutorial_dag.py took 0.061 seconds
[2023-06-14T09:26:23.471+0000] {processor.py:153} INFO - Started process (PID=1417) to work on /home/airflow/.local/lib/python3.7/site-packages/airflow/example_dags/tutorial_dag.py
[2023-06-14T09:26:23.472+0000] {processor.py:743} INFO - Processing file /home/airflow/.local/lib/python3.7/site-packages/airflow/example_dags/tutorial_dag.py for tasks to queue
[2023-06-14T09:26:23.473+0000] {logging_mixin.py:137} INFO - [2023-06-14T09:26:23.473+0000] {dagbag.py:538} INFO - Filling up the DagBag from /home/airflow/.local/lib/python3.7/site-packages/airflow/example_dags/tutorial_dag.py
[2023-06-14T09:26:23.483+0000] {processor.py:753} INFO - DAG(s) dict_keys(['tutorial_dag']) retrieved from /home/airflow/.local/lib/python3.7/site-packages/airflow/example_dags/tutorial_dag.py
[2023-06-14T09:26:23.504+0000] {logging_mixin.py:137} INFO - [2023-06-14T09:26:23.504+0000] {dag.py:2690} INFO - Sync 1 DAGs
[2023-06-14T09:26:23.523+0000] {logging_mixin.py:137} INFO - [2023-06-14T09:26:23.523+0000] {dag.py:3441} INFO - Setting next_dagrun for tutorial_dag to None, run_after=None
[2023-06-14T09:26:23.536+0000] {processor.py:175} INFO - Processing /home/airflow/.local/lib/python3.7/site-packages/airflow/example_dags/tutorial_dag.py took 0.068 seconds
