[2023-06-14T09:16:40.232+0000] {processor.py:153} INFO - Started process (PID=46) to work on /home/airflow/.local/lib/python3.7/site-packages/airflow/example_dags/tutorial_taskflow_api_virtualenv.py
[2023-06-14T09:16:40.247+0000] {processor.py:743} INFO - Processing file /home/airflow/.local/lib/python3.7/site-packages/airflow/example_dags/tutorial_taskflow_api_virtualenv.py for tasks to queue
[2023-06-14T09:16:40.248+0000] {logging_mixin.py:137} INFO - [2023-06-14T09:16:40.248+0000] {dagbag.py:538} INFO - Filling up the DagBag from /home/airflow/.local/lib/python3.7/site-packages/airflow/example_dags/tutorial_taskflow_api_virtualenv.py
[2023-06-14T09:16:40.329+0000] {processor.py:753} INFO - DAG(s) dict_keys(['tutorial_taskflow_api_virtualenv']) retrieved from /home/airflow/.local/lib/python3.7/site-packages/airflow/example_dags/tutorial_taskflow_api_virtualenv.py
[2023-06-14T09:16:40.371+0000] {logging_mixin.py:137} INFO - [2023-06-14T09:16:40.370+0000] {dag.py:2690} INFO - Sync 1 DAGs
[2023-06-14T09:16:40.408+0000] {logging_mixin.py:137} INFO - [2023-06-14T09:16:40.408+0000] {dag.py:3441} INFO - Setting next_dagrun for tutorial_taskflow_api_virtualenv to None, run_after=None
[2023-06-14T09:16:40.439+0000] {processor.py:175} INFO - Processing /home/airflow/.local/lib/python3.7/site-packages/airflow/example_dags/tutorial_taskflow_api_virtualenv.py took 0.213 seconds
[2023-06-14T09:17:10.541+0000] {processor.py:153} INFO - Started process (PID=121) to work on /home/airflow/.local/lib/python3.7/site-packages/airflow/example_dags/tutorial_taskflow_api_virtualenv.py
[2023-06-14T09:17:10.542+0000] {processor.py:743} INFO - Processing file /home/airflow/.local/lib/python3.7/site-packages/airflow/example_dags/tutorial_taskflow_api_virtualenv.py for tasks to queue
[2023-06-14T09:17:10.542+0000] {logging_mixin.py:137} INFO - [2023-06-14T09:17:10.542+0000] {dagbag.py:538} INFO - Filling up the DagBag from /home/airflow/.local/lib/python3.7/site-packages/airflow/example_dags/tutorial_taskflow_api_virtualenv.py
[2023-06-14T09:17:10.556+0000] {processor.py:753} INFO - DAG(s) dict_keys(['tutorial_taskflow_api_virtualenv']) retrieved from /home/airflow/.local/lib/python3.7/site-packages/airflow/example_dags/tutorial_taskflow_api_virtualenv.py
[2023-06-14T09:17:10.575+0000] {logging_mixin.py:137} INFO - [2023-06-14T09:17:10.575+0000] {dag.py:2690} INFO - Sync 1 DAGs
[2023-06-14T09:17:10.594+0000] {logging_mixin.py:137} INFO - [2023-06-14T09:17:10.593+0000] {dag.py:3441} INFO - Setting next_dagrun for tutorial_taskflow_api_virtualenv to None, run_after=None
[2023-06-14T09:17:10.613+0000] {processor.py:175} INFO - Processing /home/airflow/.local/lib/python3.7/site-packages/airflow/example_dags/tutorial_taskflow_api_virtualenv.py took 0.075 seconds
[2023-06-14T09:17:41.872+0000] {processor.py:153} INFO - Started process (PID=198) to work on /home/airflow/.local/lib/python3.7/site-packages/airflow/example_dags/tutorial_taskflow_api_virtualenv.py
[2023-06-14T09:17:41.873+0000] {processor.py:743} INFO - Processing file /home/airflow/.local/lib/python3.7/site-packages/airflow/example_dags/tutorial_taskflow_api_virtualenv.py for tasks to queue
[2023-06-14T09:17:41.874+0000] {logging_mixin.py:137} INFO - [2023-06-14T09:17:41.874+0000] {dagbag.py:538} INFO - Filling up the DagBag from /home/airflow/.local/lib/python3.7/site-packages/airflow/example_dags/tutorial_taskflow_api_virtualenv.py
[2023-06-14T09:17:41.892+0000] {processor.py:753} INFO - DAG(s) dict_keys(['tutorial_taskflow_api_virtualenv']) retrieved from /home/airflow/.local/lib/python3.7/site-packages/airflow/example_dags/tutorial_taskflow_api_virtualenv.py
[2023-06-14T09:17:41.918+0000] {logging_mixin.py:137} INFO - [2023-06-14T09:17:41.918+0000] {dag.py:2690} INFO - Sync 1 DAGs
[2023-06-14T09:17:41.935+0000] {logging_mixin.py:137} INFO - [2023-06-14T09:17:41.935+0000] {dag.py:3441} INFO - Setting next_dagrun for tutorial_taskflow_api_virtualenv to None, run_after=None
[2023-06-14T09:17:41.947+0000] {processor.py:175} INFO - Processing /home/airflow/.local/lib/python3.7/site-packages/airflow/example_dags/tutorial_taskflow_api_virtualenv.py took 0.078 seconds
[2023-06-14T09:18:12.485+0000] {processor.py:153} INFO - Started process (PID=265) to work on /home/airflow/.local/lib/python3.7/site-packages/airflow/example_dags/tutorial_taskflow_api_virtualenv.py
[2023-06-14T09:18:12.486+0000] {processor.py:743} INFO - Processing file /home/airflow/.local/lib/python3.7/site-packages/airflow/example_dags/tutorial_taskflow_api_virtualenv.py for tasks to queue
[2023-06-14T09:18:12.487+0000] {logging_mixin.py:137} INFO - [2023-06-14T09:18:12.487+0000] {dagbag.py:538} INFO - Filling up the DagBag from /home/airflow/.local/lib/python3.7/site-packages/airflow/example_dags/tutorial_taskflow_api_virtualenv.py
[2023-06-14T09:18:12.501+0000] {processor.py:753} INFO - DAG(s) dict_keys(['tutorial_taskflow_api_virtualenv']) retrieved from /home/airflow/.local/lib/python3.7/site-packages/airflow/example_dags/tutorial_taskflow_api_virtualenv.py
[2023-06-14T09:18:12.519+0000] {logging_mixin.py:137} INFO - [2023-06-14T09:18:12.519+0000] {dag.py:2690} INFO - Sync 1 DAGs
[2023-06-14T09:18:12.533+0000] {logging_mixin.py:137} INFO - [2023-06-14T09:18:12.533+0000] {dag.py:3441} INFO - Setting next_dagrun for tutorial_taskflow_api_virtualenv to None, run_after=None
[2023-06-14T09:18:12.544+0000] {processor.py:175} INFO - Processing /home/airflow/.local/lib/python3.7/site-packages/airflow/example_dags/tutorial_taskflow_api_virtualenv.py took 0.062 seconds
[2023-06-14T09:18:42.684+0000] {processor.py:153} INFO - Started process (PID=341) to work on /home/airflow/.local/lib/python3.7/site-packages/airflow/example_dags/tutorial_taskflow_api_virtualenv.py
[2023-06-14T09:18:42.685+0000] {processor.py:743} INFO - Processing file /home/airflow/.local/lib/python3.7/site-packages/airflow/example_dags/tutorial_taskflow_api_virtualenv.py for tasks to queue
[2023-06-14T09:18:42.686+0000] {logging_mixin.py:137} INFO - [2023-06-14T09:18:42.686+0000] {dagbag.py:538} INFO - Filling up the DagBag from /home/airflow/.local/lib/python3.7/site-packages/airflow/example_dags/tutorial_taskflow_api_virtualenv.py
[2023-06-14T09:18:42.700+0000] {processor.py:753} INFO - DAG(s) dict_keys(['tutorial_taskflow_api_virtualenv']) retrieved from /home/airflow/.local/lib/python3.7/site-packages/airflow/example_dags/tutorial_taskflow_api_virtualenv.py
[2023-06-14T09:18:42.718+0000] {logging_mixin.py:137} INFO - [2023-06-14T09:18:42.718+0000] {dag.py:2690} INFO - Sync 1 DAGs
[2023-06-14T09:18:42.732+0000] {logging_mixin.py:137} INFO - [2023-06-14T09:18:42.731+0000] {dag.py:3441} INFO - Setting next_dagrun for tutorial_taskflow_api_virtualenv to None, run_after=None
[2023-06-14T09:18:42.742+0000] {processor.py:175} INFO - Processing /home/airflow/.local/lib/python3.7/site-packages/airflow/example_dags/tutorial_taskflow_api_virtualenv.py took 0.061 seconds
[2023-06-14T09:19:14.122+0000] {processor.py:153} INFO - Started process (PID=417) to work on /home/airflow/.local/lib/python3.7/site-packages/airflow/example_dags/tutorial_taskflow_api_virtualenv.py
[2023-06-14T09:19:14.123+0000] {processor.py:743} INFO - Processing file /home/airflow/.local/lib/python3.7/site-packages/airflow/example_dags/tutorial_taskflow_api_virtualenv.py for tasks to queue
[2023-06-14T09:19:14.124+0000] {logging_mixin.py:137} INFO - [2023-06-14T09:19:14.124+0000] {dagbag.py:538} INFO - Filling up the DagBag from /home/airflow/.local/lib/python3.7/site-packages/airflow/example_dags/tutorial_taskflow_api_virtualenv.py
[2023-06-14T09:19:14.151+0000] {processor.py:753} INFO - DAG(s) dict_keys(['tutorial_taskflow_api_virtualenv']) retrieved from /home/airflow/.local/lib/python3.7/site-packages/airflow/example_dags/tutorial_taskflow_api_virtualenv.py
[2023-06-14T09:19:14.183+0000] {logging_mixin.py:137} INFO - [2023-06-14T09:19:14.183+0000] {dag.py:2690} INFO - Sync 1 DAGs
[2023-06-14T09:19:14.202+0000] {logging_mixin.py:137} INFO - [2023-06-14T09:19:14.202+0000] {dag.py:3441} INFO - Setting next_dagrun for tutorial_taskflow_api_virtualenv to None, run_after=None
[2023-06-14T09:19:14.286+0000] {processor.py:175} INFO - Processing /home/airflow/.local/lib/python3.7/site-packages/airflow/example_dags/tutorial_taskflow_api_virtualenv.py took 0.167 seconds
[2023-06-14T09:19:45.076+0000] {processor.py:153} INFO - Started process (PID=482) to work on /home/airflow/.local/lib/python3.7/site-packages/airflow/example_dags/tutorial_taskflow_api_virtualenv.py
[2023-06-14T09:19:45.079+0000] {processor.py:743} INFO - Processing file /home/airflow/.local/lib/python3.7/site-packages/airflow/example_dags/tutorial_taskflow_api_virtualenv.py for tasks to queue
[2023-06-14T09:19:45.080+0000] {logging_mixin.py:137} INFO - [2023-06-14T09:19:45.079+0000] {dagbag.py:538} INFO - Filling up the DagBag from /home/airflow/.local/lib/python3.7/site-packages/airflow/example_dags/tutorial_taskflow_api_virtualenv.py
[2023-06-14T09:19:45.105+0000] {processor.py:753} INFO - DAG(s) dict_keys(['tutorial_taskflow_api_virtualenv']) retrieved from /home/airflow/.local/lib/python3.7/site-packages/airflow/example_dags/tutorial_taskflow_api_virtualenv.py
[2023-06-14T09:19:45.156+0000] {logging_mixin.py:137} INFO - [2023-06-14T09:19:45.156+0000] {dag.py:2690} INFO - Sync 1 DAGs
[2023-06-14T09:19:45.172+0000] {logging_mixin.py:137} INFO - [2023-06-14T09:19:45.172+0000] {dag.py:3441} INFO - Setting next_dagrun for tutorial_taskflow_api_virtualenv to None, run_after=None
[2023-06-14T09:19:45.193+0000] {processor.py:175} INFO - Processing /home/airflow/.local/lib/python3.7/site-packages/airflow/example_dags/tutorial_taskflow_api_virtualenv.py took 0.120 seconds
[2023-06-14T09:20:17.980+0000] {processor.py:153} INFO - Started process (PID=559) to work on /home/airflow/.local/lib/python3.7/site-packages/airflow/example_dags/tutorial_taskflow_api_virtualenv.py
[2023-06-14T09:20:17.987+0000] {processor.py:743} INFO - Processing file /home/airflow/.local/lib/python3.7/site-packages/airflow/example_dags/tutorial_taskflow_api_virtualenv.py for tasks to queue
[2023-06-14T09:20:17.988+0000] {logging_mixin.py:137} INFO - [2023-06-14T09:20:17.988+0000] {dagbag.py:538} INFO - Filling up the DagBag from /home/airflow/.local/lib/python3.7/site-packages/airflow/example_dags/tutorial_taskflow_api_virtualenv.py
[2023-06-14T09:20:18.041+0000] {processor.py:753} INFO - DAG(s) dict_keys(['tutorial_taskflow_api_virtualenv']) retrieved from /home/airflow/.local/lib/python3.7/site-packages/airflow/example_dags/tutorial_taskflow_api_virtualenv.py
[2023-06-14T09:20:18.092+0000] {logging_mixin.py:137} INFO - [2023-06-14T09:20:18.092+0000] {dag.py:2690} INFO - Sync 1 DAGs
[2023-06-14T09:20:18.143+0000] {logging_mixin.py:137} INFO - [2023-06-14T09:20:18.143+0000] {dag.py:3441} INFO - Setting next_dagrun for tutorial_taskflow_api_virtualenv to None, run_after=None
[2023-06-14T09:20:18.199+0000] {processor.py:175} INFO - Processing /home/airflow/.local/lib/python3.7/site-packages/airflow/example_dags/tutorial_taskflow_api_virtualenv.py took 0.221 seconds
[2023-06-14T09:20:49.142+0000] {processor.py:153} INFO - Started process (PID=622) to work on /home/airflow/.local/lib/python3.7/site-packages/airflow/example_dags/tutorial_taskflow_api_virtualenv.py
[2023-06-14T09:20:49.146+0000] {processor.py:743} INFO - Processing file /home/airflow/.local/lib/python3.7/site-packages/airflow/example_dags/tutorial_taskflow_api_virtualenv.py for tasks to queue
[2023-06-14T09:20:49.148+0000] {logging_mixin.py:137} INFO - [2023-06-14T09:20:49.148+0000] {dagbag.py:538} INFO - Filling up the DagBag from /home/airflow/.local/lib/python3.7/site-packages/airflow/example_dags/tutorial_taskflow_api_virtualenv.py
[2023-06-14T09:20:49.196+0000] {processor.py:753} INFO - DAG(s) dict_keys(['tutorial_taskflow_api_virtualenv']) retrieved from /home/airflow/.local/lib/python3.7/site-packages/airflow/example_dags/tutorial_taskflow_api_virtualenv.py
[2023-06-14T09:20:49.254+0000] {logging_mixin.py:137} INFO - [2023-06-14T09:20:49.254+0000] {dag.py:2690} INFO - Sync 1 DAGs
[2023-06-14T09:20:49.284+0000] {logging_mixin.py:137} INFO - [2023-06-14T09:20:49.283+0000] {dag.py:3441} INFO - Setting next_dagrun for tutorial_taskflow_api_virtualenv to None, run_after=None
[2023-06-14T09:20:49.305+0000] {processor.py:175} INFO - Processing /home/airflow/.local/lib/python3.7/site-packages/airflow/example_dags/tutorial_taskflow_api_virtualenv.py took 0.172 seconds
[2023-06-14T09:21:19.552+0000] {processor.py:153} INFO - Started process (PID=686) to work on /home/airflow/.local/lib/python3.7/site-packages/airflow/example_dags/tutorial_taskflow_api_virtualenv.py
[2023-06-14T09:21:19.553+0000] {processor.py:743} INFO - Processing file /home/airflow/.local/lib/python3.7/site-packages/airflow/example_dags/tutorial_taskflow_api_virtualenv.py for tasks to queue
[2023-06-14T09:21:19.554+0000] {logging_mixin.py:137} INFO - [2023-06-14T09:21:19.554+0000] {dagbag.py:538} INFO - Filling up the DagBag from /home/airflow/.local/lib/python3.7/site-packages/airflow/example_dags/tutorial_taskflow_api_virtualenv.py
[2023-06-14T09:21:19.570+0000] {processor.py:753} INFO - DAG(s) dict_keys(['tutorial_taskflow_api_virtualenv']) retrieved from /home/airflow/.local/lib/python3.7/site-packages/airflow/example_dags/tutorial_taskflow_api_virtualenv.py
[2023-06-14T09:21:19.592+0000] {logging_mixin.py:137} INFO - [2023-06-14T09:21:19.591+0000] {dag.py:2690} INFO - Sync 1 DAGs
[2023-06-14T09:21:19.608+0000] {logging_mixin.py:137} INFO - [2023-06-14T09:21:19.608+0000] {dag.py:3441} INFO - Setting next_dagrun for tutorial_taskflow_api_virtualenv to None, run_after=None
[2023-06-14T09:21:19.619+0000] {processor.py:175} INFO - Processing /home/airflow/.local/lib/python3.7/site-packages/airflow/example_dags/tutorial_taskflow_api_virtualenv.py took 0.069 seconds
[2023-06-14T09:21:50.011+0000] {processor.py:153} INFO - Started process (PID=762) to work on /home/airflow/.local/lib/python3.7/site-packages/airflow/example_dags/tutorial_taskflow_api_virtualenv.py
[2023-06-14T09:21:50.012+0000] {processor.py:743} INFO - Processing file /home/airflow/.local/lib/python3.7/site-packages/airflow/example_dags/tutorial_taskflow_api_virtualenv.py for tasks to queue
[2023-06-14T09:21:50.013+0000] {logging_mixin.py:137} INFO - [2023-06-14T09:21:50.013+0000] {dagbag.py:538} INFO - Filling up the DagBag from /home/airflow/.local/lib/python3.7/site-packages/airflow/example_dags/tutorial_taskflow_api_virtualenv.py
[2023-06-14T09:21:50.029+0000] {processor.py:753} INFO - DAG(s) dict_keys(['tutorial_taskflow_api_virtualenv']) retrieved from /home/airflow/.local/lib/python3.7/site-packages/airflow/example_dags/tutorial_taskflow_api_virtualenv.py
[2023-06-14T09:21:50.050+0000] {logging_mixin.py:137} INFO - [2023-06-14T09:21:50.050+0000] {dag.py:2690} INFO - Sync 1 DAGs
[2023-06-14T09:21:50.067+0000] {logging_mixin.py:137} INFO - [2023-06-14T09:21:50.067+0000] {dag.py:3441} INFO - Setting next_dagrun for tutorial_taskflow_api_virtualenv to None, run_after=None
[2023-06-14T09:21:50.079+0000] {processor.py:175} INFO - Processing /home/airflow/.local/lib/python3.7/site-packages/airflow/example_dags/tutorial_taskflow_api_virtualenv.py took 0.071 seconds
[2023-06-14T09:22:20.386+0000] {processor.py:153} INFO - Started process (PID=836) to work on /home/airflow/.local/lib/python3.7/site-packages/airflow/example_dags/tutorial_taskflow_api_virtualenv.py
[2023-06-14T09:22:20.401+0000] {processor.py:743} INFO - Processing file /home/airflow/.local/lib/python3.7/site-packages/airflow/example_dags/tutorial_taskflow_api_virtualenv.py for tasks to queue
[2023-06-14T09:22:20.402+0000] {logging_mixin.py:137} INFO - [2023-06-14T09:22:20.402+0000] {dagbag.py:538} INFO - Filling up the DagBag from /home/airflow/.local/lib/python3.7/site-packages/airflow/example_dags/tutorial_taskflow_api_virtualenv.py
[2023-06-14T09:22:20.447+0000] {processor.py:753} INFO - DAG(s) dict_keys(['tutorial_taskflow_api_virtualenv']) retrieved from /home/airflow/.local/lib/python3.7/site-packages/airflow/example_dags/tutorial_taskflow_api_virtualenv.py
[2023-06-14T09:22:20.483+0000] {logging_mixin.py:137} INFO - [2023-06-14T09:22:20.482+0000] {dag.py:2690} INFO - Sync 1 DAGs
[2023-06-14T09:22:20.511+0000] {logging_mixin.py:137} INFO - [2023-06-14T09:22:20.511+0000] {dag.py:3441} INFO - Setting next_dagrun for tutorial_taskflow_api_virtualenv to None, run_after=None
[2023-06-14T09:22:20.535+0000] {processor.py:175} INFO - Processing /home/airflow/.local/lib/python3.7/site-packages/airflow/example_dags/tutorial_taskflow_api_virtualenv.py took 0.154 seconds
[2023-06-14T09:22:50.673+0000] {processor.py:153} INFO - Started process (PID=903) to work on /home/airflow/.local/lib/python3.7/site-packages/airflow/example_dags/tutorial_taskflow_api_virtualenv.py
[2023-06-14T09:22:50.675+0000] {processor.py:743} INFO - Processing file /home/airflow/.local/lib/python3.7/site-packages/airflow/example_dags/tutorial_taskflow_api_virtualenv.py for tasks to queue
[2023-06-14T09:22:50.675+0000] {logging_mixin.py:137} INFO - [2023-06-14T09:22:50.675+0000] {dagbag.py:538} INFO - Filling up the DagBag from /home/airflow/.local/lib/python3.7/site-packages/airflow/example_dags/tutorial_taskflow_api_virtualenv.py
[2023-06-14T09:22:50.689+0000] {processor.py:753} INFO - DAG(s) dict_keys(['tutorial_taskflow_api_virtualenv']) retrieved from /home/airflow/.local/lib/python3.7/site-packages/airflow/example_dags/tutorial_taskflow_api_virtualenv.py
[2023-06-14T09:22:50.709+0000] {logging_mixin.py:137} INFO - [2023-06-14T09:22:50.709+0000] {dag.py:2690} INFO - Sync 1 DAGs
[2023-06-14T09:22:50.724+0000] {logging_mixin.py:137} INFO - [2023-06-14T09:22:50.724+0000] {dag.py:3441} INFO - Setting next_dagrun for tutorial_taskflow_api_virtualenv to None, run_after=None
[2023-06-14T09:22:50.737+0000] {processor.py:175} INFO - Processing /home/airflow/.local/lib/python3.7/site-packages/airflow/example_dags/tutorial_taskflow_api_virtualenv.py took 0.067 seconds
[2023-06-14T09:23:20.944+0000] {processor.py:153} INFO - Started process (PID=978) to work on /home/airflow/.local/lib/python3.7/site-packages/airflow/example_dags/tutorial_taskflow_api_virtualenv.py
[2023-06-14T09:23:20.945+0000] {processor.py:743} INFO - Processing file /home/airflow/.local/lib/python3.7/site-packages/airflow/example_dags/tutorial_taskflow_api_virtualenv.py for tasks to queue
[2023-06-14T09:23:20.946+0000] {logging_mixin.py:137} INFO - [2023-06-14T09:23:20.946+0000] {dagbag.py:538} INFO - Filling up the DagBag from /home/airflow/.local/lib/python3.7/site-packages/airflow/example_dags/tutorial_taskflow_api_virtualenv.py
[2023-06-14T09:23:20.961+0000] {processor.py:753} INFO - DAG(s) dict_keys(['tutorial_taskflow_api_virtualenv']) retrieved from /home/airflow/.local/lib/python3.7/site-packages/airflow/example_dags/tutorial_taskflow_api_virtualenv.py
[2023-06-14T09:23:20.982+0000] {logging_mixin.py:137} INFO - [2023-06-14T09:23:20.982+0000] {dag.py:2690} INFO - Sync 1 DAGs
[2023-06-14T09:23:20.997+0000] {logging_mixin.py:137} INFO - [2023-06-14T09:23:20.997+0000] {dag.py:3441} INFO - Setting next_dagrun for tutorial_taskflow_api_virtualenv to None, run_after=None
[2023-06-14T09:23:21.008+0000] {processor.py:175} INFO - Processing /home/airflow/.local/lib/python3.7/site-packages/airflow/example_dags/tutorial_taskflow_api_virtualenv.py took 0.067 seconds
[2023-06-14T09:23:51.325+0000] {processor.py:153} INFO - Started process (PID=1054) to work on /home/airflow/.local/lib/python3.7/site-packages/airflow/example_dags/tutorial_taskflow_api_virtualenv.py
[2023-06-14T09:23:51.326+0000] {processor.py:743} INFO - Processing file /home/airflow/.local/lib/python3.7/site-packages/airflow/example_dags/tutorial_taskflow_api_virtualenv.py for tasks to queue
[2023-06-14T09:23:51.327+0000] {logging_mixin.py:137} INFO - [2023-06-14T09:23:51.327+0000] {dagbag.py:538} INFO - Filling up the DagBag from /home/airflow/.local/lib/python3.7/site-packages/airflow/example_dags/tutorial_taskflow_api_virtualenv.py
[2023-06-14T09:23:51.350+0000] {processor.py:753} INFO - DAG(s) dict_keys(['tutorial_taskflow_api_virtualenv']) retrieved from /home/airflow/.local/lib/python3.7/site-packages/airflow/example_dags/tutorial_taskflow_api_virtualenv.py
[2023-06-14T09:23:51.381+0000] {logging_mixin.py:137} INFO - [2023-06-14T09:23:51.381+0000] {dag.py:2690} INFO - Sync 1 DAGs
[2023-06-14T09:23:51.407+0000] {logging_mixin.py:137} INFO - [2023-06-14T09:23:51.406+0000] {dag.py:3441} INFO - Setting next_dagrun for tutorial_taskflow_api_virtualenv to None, run_after=None
[2023-06-14T09:23:51.433+0000] {processor.py:175} INFO - Processing /home/airflow/.local/lib/python3.7/site-packages/airflow/example_dags/tutorial_taskflow_api_virtualenv.py took 0.111 seconds
[2023-06-14T09:24:21.779+0000] {processor.py:153} INFO - Started process (PID=1118) to work on /home/airflow/.local/lib/python3.7/site-packages/airflow/example_dags/tutorial_taskflow_api_virtualenv.py
[2023-06-14T09:24:21.780+0000] {processor.py:743} INFO - Processing file /home/airflow/.local/lib/python3.7/site-packages/airflow/example_dags/tutorial_taskflow_api_virtualenv.py for tasks to queue
[2023-06-14T09:24:21.781+0000] {logging_mixin.py:137} INFO - [2023-06-14T09:24:21.781+0000] {dagbag.py:538} INFO - Filling up the DagBag from /home/airflow/.local/lib/python3.7/site-packages/airflow/example_dags/tutorial_taskflow_api_virtualenv.py
[2023-06-14T09:24:21.797+0000] {processor.py:753} INFO - DAG(s) dict_keys(['tutorial_taskflow_api_virtualenv']) retrieved from /home/airflow/.local/lib/python3.7/site-packages/airflow/example_dags/tutorial_taskflow_api_virtualenv.py
[2023-06-14T09:24:21.819+0000] {logging_mixin.py:137} INFO - [2023-06-14T09:24:21.819+0000] {dag.py:2690} INFO - Sync 1 DAGs
[2023-06-14T09:24:21.837+0000] {logging_mixin.py:137} INFO - [2023-06-14T09:24:21.837+0000] {dag.py:3441} INFO - Setting next_dagrun for tutorial_taskflow_api_virtualenv to None, run_after=None
[2023-06-14T09:24:21.859+0000] {processor.py:175} INFO - Processing /home/airflow/.local/lib/python3.7/site-packages/airflow/example_dags/tutorial_taskflow_api_virtualenv.py took 0.083 seconds
[2023-06-14T09:24:52.497+0000] {processor.py:153} INFO - Started process (PID=1194) to work on /home/airflow/.local/lib/python3.7/site-packages/airflow/example_dags/tutorial_taskflow_api_virtualenv.py
[2023-06-14T09:24:52.499+0000] {processor.py:743} INFO - Processing file /home/airflow/.local/lib/python3.7/site-packages/airflow/example_dags/tutorial_taskflow_api_virtualenv.py for tasks to queue
[2023-06-14T09:24:52.500+0000] {logging_mixin.py:137} INFO - [2023-06-14T09:24:52.499+0000] {dagbag.py:538} INFO - Filling up the DagBag from /home/airflow/.local/lib/python3.7/site-packages/airflow/example_dags/tutorial_taskflow_api_virtualenv.py
[2023-06-14T09:24:52.514+0000] {processor.py:753} INFO - DAG(s) dict_keys(['tutorial_taskflow_api_virtualenv']) retrieved from /home/airflow/.local/lib/python3.7/site-packages/airflow/example_dags/tutorial_taskflow_api_virtualenv.py
[2023-06-14T09:24:52.533+0000] {logging_mixin.py:137} INFO - [2023-06-14T09:24:52.533+0000] {dag.py:2690} INFO - Sync 1 DAGs
[2023-06-14T09:24:52.547+0000] {logging_mixin.py:137} INFO - [2023-06-14T09:24:52.547+0000] {dag.py:3441} INFO - Setting next_dagrun for tutorial_taskflow_api_virtualenv to None, run_after=None
[2023-06-14T09:24:52.559+0000] {processor.py:175} INFO - Processing /home/airflow/.local/lib/python3.7/site-packages/airflow/example_dags/tutorial_taskflow_api_virtualenv.py took 0.064 seconds
[2023-06-14T09:25:22.618+0000] {processor.py:153} INFO - Started process (PID=1268) to work on /home/airflow/.local/lib/python3.7/site-packages/airflow/example_dags/tutorial_taskflow_api_virtualenv.py
[2023-06-14T09:25:22.620+0000] {processor.py:743} INFO - Processing file /home/airflow/.local/lib/python3.7/site-packages/airflow/example_dags/tutorial_taskflow_api_virtualenv.py for tasks to queue
[2023-06-14T09:25:22.620+0000] {logging_mixin.py:137} INFO - [2023-06-14T09:25:22.620+0000] {dagbag.py:538} INFO - Filling up the DagBag from /home/airflow/.local/lib/python3.7/site-packages/airflow/example_dags/tutorial_taskflow_api_virtualenv.py
[2023-06-14T09:25:22.635+0000] {processor.py:753} INFO - DAG(s) dict_keys(['tutorial_taskflow_api_virtualenv']) retrieved from /home/airflow/.local/lib/python3.7/site-packages/airflow/example_dags/tutorial_taskflow_api_virtualenv.py
[2023-06-14T09:25:22.655+0000] {logging_mixin.py:137} INFO - [2023-06-14T09:25:22.655+0000] {dag.py:2690} INFO - Sync 1 DAGs
[2023-06-14T09:25:22.670+0000] {logging_mixin.py:137} INFO - [2023-06-14T09:25:22.670+0000] {dag.py:3441} INFO - Setting next_dagrun for tutorial_taskflow_api_virtualenv to None, run_after=None
[2023-06-14T09:25:22.682+0000] {processor.py:175} INFO - Processing /home/airflow/.local/lib/python3.7/site-packages/airflow/example_dags/tutorial_taskflow_api_virtualenv.py took 0.066 seconds
[2023-06-14T09:25:52.904+0000] {processor.py:153} INFO - Started process (PID=1333) to work on /home/airflow/.local/lib/python3.7/site-packages/airflow/example_dags/tutorial_taskflow_api_virtualenv.py
[2023-06-14T09:25:52.905+0000] {processor.py:743} INFO - Processing file /home/airflow/.local/lib/python3.7/site-packages/airflow/example_dags/tutorial_taskflow_api_virtualenv.py for tasks to queue
[2023-06-14T09:25:52.906+0000] {logging_mixin.py:137} INFO - [2023-06-14T09:25:52.906+0000] {dagbag.py:538} INFO - Filling up the DagBag from /home/airflow/.local/lib/python3.7/site-packages/airflow/example_dags/tutorial_taskflow_api_virtualenv.py
[2023-06-14T09:25:52.919+0000] {processor.py:753} INFO - DAG(s) dict_keys(['tutorial_taskflow_api_virtualenv']) retrieved from /home/airflow/.local/lib/python3.7/site-packages/airflow/example_dags/tutorial_taskflow_api_virtualenv.py
[2023-06-14T09:25:52.939+0000] {logging_mixin.py:137} INFO - [2023-06-14T09:25:52.939+0000] {dag.py:2690} INFO - Sync 1 DAGs
[2023-06-14T09:25:52.953+0000] {logging_mixin.py:137} INFO - [2023-06-14T09:25:52.953+0000] {dag.py:3441} INFO - Setting next_dagrun for tutorial_taskflow_api_virtualenv to None, run_after=None
[2023-06-14T09:25:52.965+0000] {processor.py:175} INFO - Processing /home/airflow/.local/lib/python3.7/site-packages/airflow/example_dags/tutorial_taskflow_api_virtualenv.py took 0.064 seconds
[2023-06-14T09:26:23.014+0000] {processor.py:153} INFO - Started process (PID=1409) to work on /home/airflow/.local/lib/python3.7/site-packages/airflow/example_dags/tutorial_taskflow_api_virtualenv.py
[2023-06-14T09:26:23.015+0000] {processor.py:743} INFO - Processing file /home/airflow/.local/lib/python3.7/site-packages/airflow/example_dags/tutorial_taskflow_api_virtualenv.py for tasks to queue
[2023-06-14T09:26:23.016+0000] {logging_mixin.py:137} INFO - [2023-06-14T09:26:23.016+0000] {dagbag.py:538} INFO - Filling up the DagBag from /home/airflow/.local/lib/python3.7/site-packages/airflow/example_dags/tutorial_taskflow_api_virtualenv.py
[2023-06-14T09:26:23.030+0000] {processor.py:753} INFO - DAG(s) dict_keys(['tutorial_taskflow_api_virtualenv']) retrieved from /home/airflow/.local/lib/python3.7/site-packages/airflow/example_dags/tutorial_taskflow_api_virtualenv.py
[2023-06-14T09:26:23.049+0000] {logging_mixin.py:137} INFO - [2023-06-14T09:26:23.049+0000] {dag.py:2690} INFO - Sync 1 DAGs
[2023-06-14T09:26:23.065+0000] {logging_mixin.py:137} INFO - [2023-06-14T09:26:23.065+0000] {dag.py:3441} INFO - Setting next_dagrun for tutorial_taskflow_api_virtualenv to None, run_after=None
[2023-06-14T09:26:23.077+0000] {processor.py:175} INFO - Processing /home/airflow/.local/lib/python3.7/site-packages/airflow/example_dags/tutorial_taskflow_api_virtualenv.py took 0.066 seconds
