[2023-06-14T09:16:40.854+0000] {processor.py:153} INFO - Started process (PID=50) to work on /home/airflow/.local/lib/python3.7/site-packages/airflow/example_dags/tutorial.py
[2023-06-14T09:16:40.856+0000] {processor.py:743} INFO - Processing file /home/airflow/.local/lib/python3.7/site-packages/airflow/example_dags/tutorial.py for tasks to queue
[2023-06-14T09:16:40.857+0000] {logging_mixin.py:137} INFO - [2023-06-14T09:16:40.857+0000] {dagbag.py:538} INFO - Filling up the DagBag from /home/airflow/.local/lib/python3.7/site-packages/airflow/example_dags/tutorial.py
[2023-06-14T09:16:40.878+0000] {processor.py:753} INFO - DAG(s) dict_keys(['tutorial']) retrieved from /home/airflow/.local/lib/python3.7/site-packages/airflow/example_dags/tutorial.py
[2023-06-14T09:16:40.951+0000] {logging_mixin.py:137} INFO - [2023-06-14T09:16:40.951+0000] {dag.py:2690} INFO - Sync 1 DAGs
[2023-06-14T09:16:41.011+0000] {logging_mixin.py:137} INFO - [2023-06-14T09:16:41.011+0000] {dag.py:3441} INFO - Setting next_dagrun for tutorial to 2023-06-13T09:16:41.011004+00:00, run_after=2023-06-14T09:16:41.011004+00:00
[2023-06-14T09:16:41.040+0000] {processor.py:175} INFO - Processing /home/airflow/.local/lib/python3.7/site-packages/airflow/example_dags/tutorial.py took 0.191 seconds
[2023-06-14T09:17:11.894+0000] {processor.py:153} INFO - Started process (PID=125) to work on /home/airflow/.local/lib/python3.7/site-packages/airflow/example_dags/tutorial.py
[2023-06-14T09:17:11.897+0000] {processor.py:743} INFO - Processing file /home/airflow/.local/lib/python3.7/site-packages/airflow/example_dags/tutorial.py for tasks to queue
[2023-06-14T09:17:11.900+0000] {logging_mixin.py:137} INFO - [2023-06-14T09:17:11.900+0000] {dagbag.py:538} INFO - Filling up the DagBag from /home/airflow/.local/lib/python3.7/site-packages/airflow/example_dags/tutorial.py
[2023-06-14T09:17:11.930+0000] {processor.py:753} INFO - DAG(s) dict_keys(['tutorial']) retrieved from /home/airflow/.local/lib/python3.7/site-packages/airflow/example_dags/tutorial.py
[2023-06-14T09:17:11.957+0000] {logging_mixin.py:137} INFO - [2023-06-14T09:17:11.957+0000] {dag.py:2690} INFO - Sync 1 DAGs
[2023-06-14T09:17:11.980+0000] {logging_mixin.py:137} INFO - [2023-06-14T09:17:11.980+0000] {dag.py:3441} INFO - Setting next_dagrun for tutorial to 2023-06-13T09:17:11.979606+00:00, run_after=2023-06-14T09:17:11.979606+00:00
[2023-06-14T09:17:12.000+0000] {processor.py:175} INFO - Processing /home/airflow/.local/lib/python3.7/site-packages/airflow/example_dags/tutorial.py took 0.115 seconds
[2023-06-14T09:17:42.117+0000] {processor.py:153} INFO - Started process (PID=205) to work on /home/airflow/.local/lib/python3.7/site-packages/airflow/example_dags/tutorial.py
[2023-06-14T09:17:42.118+0000] {processor.py:743} INFO - Processing file /home/airflow/.local/lib/python3.7/site-packages/airflow/example_dags/tutorial.py for tasks to queue
[2023-06-14T09:17:42.119+0000] {logging_mixin.py:137} INFO - [2023-06-14T09:17:42.119+0000] {dagbag.py:538} INFO - Filling up the DagBag from /home/airflow/.local/lib/python3.7/site-packages/airflow/example_dags/tutorial.py
[2023-06-14T09:17:42.130+0000] {processor.py:753} INFO - DAG(s) dict_keys(['tutorial']) retrieved from /home/airflow/.local/lib/python3.7/site-packages/airflow/example_dags/tutorial.py
[2023-06-14T09:17:42.152+0000] {logging_mixin.py:137} INFO - [2023-06-14T09:17:42.152+0000] {dag.py:2690} INFO - Sync 1 DAGs
[2023-06-14T09:17:42.174+0000] {logging_mixin.py:137} INFO - [2023-06-14T09:17:42.174+0000] {dag.py:3441} INFO - Setting next_dagrun for tutorial to 2023-06-13T09:17:42.174104+00:00, run_after=2023-06-14T09:17:42.174104+00:00
[2023-06-14T09:17:42.188+0000] {processor.py:175} INFO - Processing /home/airflow/.local/lib/python3.7/site-packages/airflow/example_dags/tutorial.py took 0.074 seconds
[2023-06-14T09:18:12.640+0000] {processor.py:153} INFO - Started process (PID=269) to work on /home/airflow/.local/lib/python3.7/site-packages/airflow/example_dags/tutorial.py
[2023-06-14T09:18:12.642+0000] {processor.py:743} INFO - Processing file /home/airflow/.local/lib/python3.7/site-packages/airflow/example_dags/tutorial.py for tasks to queue
[2023-06-14T09:18:12.643+0000] {logging_mixin.py:137} INFO - [2023-06-14T09:18:12.643+0000] {dagbag.py:538} INFO - Filling up the DagBag from /home/airflow/.local/lib/python3.7/site-packages/airflow/example_dags/tutorial.py
[2023-06-14T09:18:12.653+0000] {processor.py:753} INFO - DAG(s) dict_keys(['tutorial']) retrieved from /home/airflow/.local/lib/python3.7/site-packages/airflow/example_dags/tutorial.py
[2023-06-14T09:18:12.672+0000] {logging_mixin.py:137} INFO - [2023-06-14T09:18:12.672+0000] {dag.py:2690} INFO - Sync 1 DAGs
[2023-06-14T09:18:12.686+0000] {logging_mixin.py:137} INFO - [2023-06-14T09:18:12.686+0000] {dag.py:3441} INFO - Setting next_dagrun for tutorial to 2023-06-13T09:18:12.686122+00:00, run_after=2023-06-14T09:18:12.686122+00:00
[2023-06-14T09:18:12.696+0000] {processor.py:175} INFO - Processing /home/airflow/.local/lib/python3.7/site-packages/airflow/example_dags/tutorial.py took 0.059 seconds
[2023-06-14T09:18:42.843+0000] {processor.py:153} INFO - Started process (PID=345) to work on /home/airflow/.local/lib/python3.7/site-packages/airflow/example_dags/tutorial.py
[2023-06-14T09:18:42.844+0000] {processor.py:743} INFO - Processing file /home/airflow/.local/lib/python3.7/site-packages/airflow/example_dags/tutorial.py for tasks to queue
[2023-06-14T09:18:42.844+0000] {logging_mixin.py:137} INFO - [2023-06-14T09:18:42.844+0000] {dagbag.py:538} INFO - Filling up the DagBag from /home/airflow/.local/lib/python3.7/site-packages/airflow/example_dags/tutorial.py
[2023-06-14T09:18:42.855+0000] {processor.py:753} INFO - DAG(s) dict_keys(['tutorial']) retrieved from /home/airflow/.local/lib/python3.7/site-packages/airflow/example_dags/tutorial.py
[2023-06-14T09:18:42.872+0000] {logging_mixin.py:137} INFO - [2023-06-14T09:18:42.872+0000] {dag.py:2690} INFO - Sync 1 DAGs
[2023-06-14T09:18:42.887+0000] {logging_mixin.py:137} INFO - [2023-06-14T09:18:42.887+0000] {dag.py:3441} INFO - Setting next_dagrun for tutorial to 2023-06-13T09:18:42.887282+00:00, run_after=2023-06-14T09:18:42.887282+00:00
[2023-06-14T09:18:42.898+0000] {processor.py:175} INFO - Processing /home/airflow/.local/lib/python3.7/site-packages/airflow/example_dags/tutorial.py took 0.058 seconds
[2023-06-14T09:19:14.455+0000] {processor.py:153} INFO - Started process (PID=421) to work on /home/airflow/.local/lib/python3.7/site-packages/airflow/example_dags/tutorial.py
[2023-06-14T09:19:14.457+0000] {processor.py:743} INFO - Processing file /home/airflow/.local/lib/python3.7/site-packages/airflow/example_dags/tutorial.py for tasks to queue
[2023-06-14T09:19:14.458+0000] {logging_mixin.py:137} INFO - [2023-06-14T09:19:14.458+0000] {dagbag.py:538} INFO - Filling up the DagBag from /home/airflow/.local/lib/python3.7/site-packages/airflow/example_dags/tutorial.py
[2023-06-14T09:19:14.471+0000] {processor.py:753} INFO - DAG(s) dict_keys(['tutorial']) retrieved from /home/airflow/.local/lib/python3.7/site-packages/airflow/example_dags/tutorial.py
[2023-06-14T09:19:14.491+0000] {logging_mixin.py:137} INFO - [2023-06-14T09:19:14.491+0000] {dag.py:2690} INFO - Sync 1 DAGs
[2023-06-14T09:19:14.509+0000] {logging_mixin.py:137} INFO - [2023-06-14T09:19:14.509+0000] {dag.py:3441} INFO - Setting next_dagrun for tutorial to 2023-06-13T09:19:14.509110+00:00, run_after=2023-06-14T09:19:14.509110+00:00
[2023-06-14T09:19:14.524+0000] {processor.py:175} INFO - Processing /home/airflow/.local/lib/python3.7/site-packages/airflow/example_dags/tutorial.py took 0.073 seconds
[2023-06-14T09:19:45.607+0000] {processor.py:153} INFO - Started process (PID=486) to work on /home/airflow/.local/lib/python3.7/site-packages/airflow/example_dags/tutorial.py
[2023-06-14T09:19:45.613+0000] {processor.py:743} INFO - Processing file /home/airflow/.local/lib/python3.7/site-packages/airflow/example_dags/tutorial.py for tasks to queue
[2023-06-14T09:19:45.616+0000] {logging_mixin.py:137} INFO - [2023-06-14T09:19:45.616+0000] {dagbag.py:538} INFO - Filling up the DagBag from /home/airflow/.local/lib/python3.7/site-packages/airflow/example_dags/tutorial.py
[2023-06-14T09:19:45.646+0000] {processor.py:753} INFO - DAG(s) dict_keys(['tutorial']) retrieved from /home/airflow/.local/lib/python3.7/site-packages/airflow/example_dags/tutorial.py
[2023-06-14T09:19:45.691+0000] {logging_mixin.py:137} INFO - [2023-06-14T09:19:45.691+0000] {dag.py:2690} INFO - Sync 1 DAGs
[2023-06-14T09:19:45.708+0000] {logging_mixin.py:137} INFO - [2023-06-14T09:19:45.708+0000] {dag.py:3441} INFO - Setting next_dagrun for tutorial to 2023-06-13T09:19:45.707826+00:00, run_after=2023-06-14T09:19:45.707826+00:00
[2023-06-14T09:19:45.781+0000] {processor.py:175} INFO - Processing /home/airflow/.local/lib/python3.7/site-packages/airflow/example_dags/tutorial.py took 0.178 seconds
[2023-06-14T09:20:18.553+0000] {processor.py:153} INFO - Started process (PID=563) to work on /home/airflow/.local/lib/python3.7/site-packages/airflow/example_dags/tutorial.py
[2023-06-14T09:20:18.554+0000] {processor.py:743} INFO - Processing file /home/airflow/.local/lib/python3.7/site-packages/airflow/example_dags/tutorial.py for tasks to queue
[2023-06-14T09:20:18.556+0000] {logging_mixin.py:137} INFO - [2023-06-14T09:20:18.555+0000] {dagbag.py:538} INFO - Filling up the DagBag from /home/airflow/.local/lib/python3.7/site-packages/airflow/example_dags/tutorial.py
[2023-06-14T09:20:18.622+0000] {processor.py:753} INFO - DAG(s) dict_keys(['tutorial']) retrieved from /home/airflow/.local/lib/python3.7/site-packages/airflow/example_dags/tutorial.py
[2023-06-14T09:20:18.666+0000] {logging_mixin.py:137} INFO - [2023-06-14T09:20:18.665+0000] {dag.py:2690} INFO - Sync 1 DAGs
[2023-06-14T09:20:18.708+0000] {logging_mixin.py:137} INFO - [2023-06-14T09:20:18.707+0000] {dag.py:3441} INFO - Setting next_dagrun for tutorial to 2023-06-13T09:20:18.707689+00:00, run_after=2023-06-14T09:20:18.707689+00:00
[2023-06-14T09:20:18.795+0000] {processor.py:175} INFO - Processing /home/airflow/.local/lib/python3.7/site-packages/airflow/example_dags/tutorial.py took 0.247 seconds
[2023-06-14T09:20:49.499+0000] {processor.py:153} INFO - Started process (PID=626) to work on /home/airflow/.local/lib/python3.7/site-packages/airflow/example_dags/tutorial.py
[2023-06-14T09:20:49.500+0000] {processor.py:743} INFO - Processing file /home/airflow/.local/lib/python3.7/site-packages/airflow/example_dags/tutorial.py for tasks to queue
[2023-06-14T09:20:49.502+0000] {logging_mixin.py:137} INFO - [2023-06-14T09:20:49.501+0000] {dagbag.py:538} INFO - Filling up the DagBag from /home/airflow/.local/lib/python3.7/site-packages/airflow/example_dags/tutorial.py
[2023-06-14T09:20:49.524+0000] {processor.py:753} INFO - DAG(s) dict_keys(['tutorial']) retrieved from /home/airflow/.local/lib/python3.7/site-packages/airflow/example_dags/tutorial.py
[2023-06-14T09:20:49.548+0000] {logging_mixin.py:137} INFO - [2023-06-14T09:20:49.548+0000] {dag.py:2690} INFO - Sync 1 DAGs
[2023-06-14T09:20:49.568+0000] {logging_mixin.py:137} INFO - [2023-06-14T09:20:49.568+0000] {dag.py:3441} INFO - Setting next_dagrun for tutorial to 2023-06-13T09:20:49.568165+00:00, run_after=2023-06-14T09:20:49.568165+00:00
[2023-06-14T09:20:49.588+0000] {processor.py:175} INFO - Processing /home/airflow/.local/lib/python3.7/site-packages/airflow/example_dags/tutorial.py took 0.092 seconds
[2023-06-14T09:21:19.739+0000] {processor.py:153} INFO - Started process (PID=690) to work on /home/airflow/.local/lib/python3.7/site-packages/airflow/example_dags/tutorial.py
[2023-06-14T09:21:19.740+0000] {processor.py:743} INFO - Processing file /home/airflow/.local/lib/python3.7/site-packages/airflow/example_dags/tutorial.py for tasks to queue
[2023-06-14T09:21:19.741+0000] {logging_mixin.py:137} INFO - [2023-06-14T09:21:19.741+0000] {dagbag.py:538} INFO - Filling up the DagBag from /home/airflow/.local/lib/python3.7/site-packages/airflow/example_dags/tutorial.py
[2023-06-14T09:21:19.751+0000] {processor.py:753} INFO - DAG(s) dict_keys(['tutorial']) retrieved from /home/airflow/.local/lib/python3.7/site-packages/airflow/example_dags/tutorial.py
[2023-06-14T09:21:19.770+0000] {logging_mixin.py:137} INFO - [2023-06-14T09:21:19.770+0000] {dag.py:2690} INFO - Sync 1 DAGs
[2023-06-14T09:21:19.784+0000] {logging_mixin.py:137} INFO - [2023-06-14T09:21:19.784+0000] {dag.py:3441} INFO - Setting next_dagrun for tutorial to 2023-06-13T09:21:19.784405+00:00, run_after=2023-06-14T09:21:19.784405+00:00
[2023-06-14T09:21:19.796+0000] {processor.py:175} INFO - Processing /home/airflow/.local/lib/python3.7/site-packages/airflow/example_dags/tutorial.py took 0.060 seconds
[2023-06-14T09:21:50.203+0000] {processor.py:153} INFO - Started process (PID=766) to work on /home/airflow/.local/lib/python3.7/site-packages/airflow/example_dags/tutorial.py
[2023-06-14T09:21:50.204+0000] {processor.py:743} INFO - Processing file /home/airflow/.local/lib/python3.7/site-packages/airflow/example_dags/tutorial.py for tasks to queue
[2023-06-14T09:21:50.205+0000] {logging_mixin.py:137} INFO - [2023-06-14T09:21:50.204+0000] {dagbag.py:538} INFO - Filling up the DagBag from /home/airflow/.local/lib/python3.7/site-packages/airflow/example_dags/tutorial.py
[2023-06-14T09:21:50.215+0000] {processor.py:753} INFO - DAG(s) dict_keys(['tutorial']) retrieved from /home/airflow/.local/lib/python3.7/site-packages/airflow/example_dags/tutorial.py
[2023-06-14T09:21:50.234+0000] {logging_mixin.py:137} INFO - [2023-06-14T09:21:50.234+0000] {dag.py:2690} INFO - Sync 1 DAGs
[2023-06-14T09:21:50.248+0000] {logging_mixin.py:137} INFO - [2023-06-14T09:21:50.248+0000] {dag.py:3441} INFO - Setting next_dagrun for tutorial to 2023-06-13T09:21:50.248218+00:00, run_after=2023-06-14T09:21:50.248218+00:00
[2023-06-14T09:21:50.258+0000] {processor.py:175} INFO - Processing /home/airflow/.local/lib/python3.7/site-packages/airflow/example_dags/tutorial.py took 0.059 seconds
[2023-06-14T09:22:20.706+0000] {processor.py:153} INFO - Started process (PID=843) to work on /home/airflow/.local/lib/python3.7/site-packages/airflow/example_dags/tutorial.py
[2023-06-14T09:22:20.707+0000] {processor.py:743} INFO - Processing file /home/airflow/.local/lib/python3.7/site-packages/airflow/example_dags/tutorial.py for tasks to queue
[2023-06-14T09:22:20.708+0000] {logging_mixin.py:137} INFO - [2023-06-14T09:22:20.708+0000] {dagbag.py:538} INFO - Filling up the DagBag from /home/airflow/.local/lib/python3.7/site-packages/airflow/example_dags/tutorial.py
[2023-06-14T09:22:20.720+0000] {processor.py:753} INFO - DAG(s) dict_keys(['tutorial']) retrieved from /home/airflow/.local/lib/python3.7/site-packages/airflow/example_dags/tutorial.py
[2023-06-14T09:22:20.743+0000] {logging_mixin.py:137} INFO - [2023-06-14T09:22:20.743+0000] {dag.py:2690} INFO - Sync 1 DAGs
[2023-06-14T09:22:20.761+0000] {logging_mixin.py:137} INFO - [2023-06-14T09:22:20.760+0000] {dag.py:3441} INFO - Setting next_dagrun for tutorial to 2023-06-13T09:22:20.760752+00:00, run_after=2023-06-14T09:22:20.760752+00:00
[2023-06-14T09:22:20.773+0000] {processor.py:175} INFO - Processing /home/airflow/.local/lib/python3.7/site-packages/airflow/example_dags/tutorial.py took 0.071 seconds
[2023-06-14T09:22:50.923+0000] {processor.py:153} INFO - Started process (PID=907) to work on /home/airflow/.local/lib/python3.7/site-packages/airflow/example_dags/tutorial.py
[2023-06-14T09:22:50.925+0000] {processor.py:743} INFO - Processing file /home/airflow/.local/lib/python3.7/site-packages/airflow/example_dags/tutorial.py for tasks to queue
[2023-06-14T09:22:50.926+0000] {logging_mixin.py:137} INFO - [2023-06-14T09:22:50.926+0000] {dagbag.py:538} INFO - Filling up the DagBag from /home/airflow/.local/lib/python3.7/site-packages/airflow/example_dags/tutorial.py
[2023-06-14T09:22:50.940+0000] {processor.py:753} INFO - DAG(s) dict_keys(['tutorial']) retrieved from /home/airflow/.local/lib/python3.7/site-packages/airflow/example_dags/tutorial.py
[2023-06-14T09:22:50.966+0000] {logging_mixin.py:137} INFO - [2023-06-14T09:22:50.966+0000] {dag.py:2690} INFO - Sync 1 DAGs
[2023-06-14T09:22:50.984+0000] {logging_mixin.py:137} INFO - [2023-06-14T09:22:50.984+0000] {dag.py:3441} INFO - Setting next_dagrun for tutorial to 2023-06-13T09:22:50.983927+00:00, run_after=2023-06-14T09:22:50.983927+00:00
[2023-06-14T09:22:50.996+0000] {processor.py:175} INFO - Processing /home/airflow/.local/lib/python3.7/site-packages/airflow/example_dags/tutorial.py took 0.076 seconds
[2023-06-14T09:23:21.195+0000] {processor.py:153} INFO - Started process (PID=982) to work on /home/airflow/.local/lib/python3.7/site-packages/airflow/example_dags/tutorial.py
[2023-06-14T09:23:21.196+0000] {processor.py:743} INFO - Processing file /home/airflow/.local/lib/python3.7/site-packages/airflow/example_dags/tutorial.py for tasks to queue
[2023-06-14T09:23:21.197+0000] {logging_mixin.py:137} INFO - [2023-06-14T09:23:21.197+0000] {dagbag.py:538} INFO - Filling up the DagBag from /home/airflow/.local/lib/python3.7/site-packages/airflow/example_dags/tutorial.py
[2023-06-14T09:23:21.209+0000] {processor.py:753} INFO - DAG(s) dict_keys(['tutorial']) retrieved from /home/airflow/.local/lib/python3.7/site-packages/airflow/example_dags/tutorial.py
[2023-06-14T09:23:21.228+0000] {logging_mixin.py:137} INFO - [2023-06-14T09:23:21.228+0000] {dag.py:2690} INFO - Sync 1 DAGs
[2023-06-14T09:23:21.244+0000] {logging_mixin.py:137} INFO - [2023-06-14T09:23:21.244+0000] {dag.py:3441} INFO - Setting next_dagrun for tutorial to 2023-06-13T09:23:21.244262+00:00, run_after=2023-06-14T09:23:21.244262+00:00
[2023-06-14T09:23:21.256+0000] {processor.py:175} INFO - Processing /home/airflow/.local/lib/python3.7/site-packages/airflow/example_dags/tutorial.py took 0.063 seconds
[2023-06-14T09:23:51.548+0000] {processor.py:153} INFO - Started process (PID=1058) to work on /home/airflow/.local/lib/python3.7/site-packages/airflow/example_dags/tutorial.py
[2023-06-14T09:23:51.549+0000] {processor.py:743} INFO - Processing file /home/airflow/.local/lib/python3.7/site-packages/airflow/example_dags/tutorial.py for tasks to queue
[2023-06-14T09:23:51.550+0000] {logging_mixin.py:137} INFO - [2023-06-14T09:23:51.550+0000] {dagbag.py:538} INFO - Filling up the DagBag from /home/airflow/.local/lib/python3.7/site-packages/airflow/example_dags/tutorial.py
[2023-06-14T09:23:51.562+0000] {processor.py:753} INFO - DAG(s) dict_keys(['tutorial']) retrieved from /home/airflow/.local/lib/python3.7/site-packages/airflow/example_dags/tutorial.py
[2023-06-14T09:23:51.583+0000] {logging_mixin.py:137} INFO - [2023-06-14T09:23:51.582+0000] {dag.py:2690} INFO - Sync 1 DAGs
[2023-06-14T09:23:51.599+0000] {logging_mixin.py:137} INFO - [2023-06-14T09:23:51.599+0000] {dag.py:3441} INFO - Setting next_dagrun for tutorial to 2023-06-13T09:23:51.599016+00:00, run_after=2023-06-14T09:23:51.599016+00:00
[2023-06-14T09:23:51.611+0000] {processor.py:175} INFO - Processing /home/airflow/.local/lib/python3.7/site-packages/airflow/example_dags/tutorial.py took 0.066 seconds
[2023-06-14T09:24:22.110+0000] {processor.py:153} INFO - Started process (PID=1122) to work on /home/airflow/.local/lib/python3.7/site-packages/airflow/example_dags/tutorial.py
[2023-06-14T09:24:22.111+0000] {processor.py:743} INFO - Processing file /home/airflow/.local/lib/python3.7/site-packages/airflow/example_dags/tutorial.py for tasks to queue
[2023-06-14T09:24:22.112+0000] {logging_mixin.py:137} INFO - [2023-06-14T09:24:22.112+0000] {dagbag.py:538} INFO - Filling up the DagBag from /home/airflow/.local/lib/python3.7/site-packages/airflow/example_dags/tutorial.py
[2023-06-14T09:24:22.130+0000] {processor.py:753} INFO - DAG(s) dict_keys(['tutorial']) retrieved from /home/airflow/.local/lib/python3.7/site-packages/airflow/example_dags/tutorial.py
[2023-06-14T09:24:22.170+0000] {logging_mixin.py:137} INFO - [2023-06-14T09:24:22.170+0000] {dag.py:2690} INFO - Sync 1 DAGs
[2023-06-14T09:24:22.196+0000] {logging_mixin.py:137} INFO - [2023-06-14T09:24:22.196+0000] {dag.py:3441} INFO - Setting next_dagrun for tutorial to 2023-06-13T09:24:22.195884+00:00, run_after=2023-06-14T09:24:22.195884+00:00
[2023-06-14T09:24:22.215+0000] {processor.py:175} INFO - Processing /home/airflow/.local/lib/python3.7/site-packages/airflow/example_dags/tutorial.py took 0.108 seconds
[2023-06-14T09:24:52.662+0000] {processor.py:153} INFO - Started process (PID=1198) to work on /home/airflow/.local/lib/python3.7/site-packages/airflow/example_dags/tutorial.py
[2023-06-14T09:24:52.664+0000] {processor.py:743} INFO - Processing file /home/airflow/.local/lib/python3.7/site-packages/airflow/example_dags/tutorial.py for tasks to queue
[2023-06-14T09:24:52.665+0000] {logging_mixin.py:137} INFO - [2023-06-14T09:24:52.665+0000] {dagbag.py:538} INFO - Filling up the DagBag from /home/airflow/.local/lib/python3.7/site-packages/airflow/example_dags/tutorial.py
[2023-06-14T09:24:52.676+0000] {processor.py:753} INFO - DAG(s) dict_keys(['tutorial']) retrieved from /home/airflow/.local/lib/python3.7/site-packages/airflow/example_dags/tutorial.py
[2023-06-14T09:24:52.695+0000] {logging_mixin.py:137} INFO - [2023-06-14T09:24:52.695+0000] {dag.py:2690} INFO - Sync 1 DAGs
[2023-06-14T09:24:52.710+0000] {logging_mixin.py:137} INFO - [2023-06-14T09:24:52.710+0000] {dag.py:3441} INFO - Setting next_dagrun for tutorial to 2023-06-13T09:24:52.710391+00:00, run_after=2023-06-14T09:24:52.710391+00:00
[2023-06-14T09:24:52.721+0000] {processor.py:175} INFO - Processing /home/airflow/.local/lib/python3.7/site-packages/airflow/example_dags/tutorial.py took 0.062 seconds
[2023-06-14T09:25:22.789+0000] {processor.py:153} INFO - Started process (PID=1272) to work on /home/airflow/.local/lib/python3.7/site-packages/airflow/example_dags/tutorial.py
[2023-06-14T09:25:22.790+0000] {processor.py:743} INFO - Processing file /home/airflow/.local/lib/python3.7/site-packages/airflow/example_dags/tutorial.py for tasks to queue
[2023-06-14T09:25:22.791+0000] {logging_mixin.py:137} INFO - [2023-06-14T09:25:22.791+0000] {dagbag.py:538} INFO - Filling up the DagBag from /home/airflow/.local/lib/python3.7/site-packages/airflow/example_dags/tutorial.py
[2023-06-14T09:25:22.801+0000] {processor.py:753} INFO - DAG(s) dict_keys(['tutorial']) retrieved from /home/airflow/.local/lib/python3.7/site-packages/airflow/example_dags/tutorial.py
[2023-06-14T09:25:22.820+0000] {logging_mixin.py:137} INFO - [2023-06-14T09:25:22.820+0000] {dag.py:2690} INFO - Sync 1 DAGs
[2023-06-14T09:25:22.835+0000] {logging_mixin.py:137} INFO - [2023-06-14T09:25:22.835+0000] {dag.py:3441} INFO - Setting next_dagrun for tutorial to 2023-06-13T09:25:22.835180+00:00, run_after=2023-06-14T09:25:22.835180+00:00
[2023-06-14T09:25:22.846+0000] {processor.py:175} INFO - Processing /home/airflow/.local/lib/python3.7/site-packages/airflow/example_dags/tutorial.py took 0.059 seconds
[2023-06-14T09:25:53.088+0000] {processor.py:153} INFO - Started process (PID=1337) to work on /home/airflow/.local/lib/python3.7/site-packages/airflow/example_dags/tutorial.py
[2023-06-14T09:25:53.089+0000] {processor.py:743} INFO - Processing file /home/airflow/.local/lib/python3.7/site-packages/airflow/example_dags/tutorial.py for tasks to queue
[2023-06-14T09:25:53.089+0000] {logging_mixin.py:137} INFO - [2023-06-14T09:25:53.089+0000] {dagbag.py:538} INFO - Filling up the DagBag from /home/airflow/.local/lib/python3.7/site-packages/airflow/example_dags/tutorial.py
[2023-06-14T09:25:53.100+0000] {processor.py:753} INFO - DAG(s) dict_keys(['tutorial']) retrieved from /home/airflow/.local/lib/python3.7/site-packages/airflow/example_dags/tutorial.py
[2023-06-14T09:25:53.120+0000] {logging_mixin.py:137} INFO - [2023-06-14T09:25:53.120+0000] {dag.py:2690} INFO - Sync 1 DAGs
[2023-06-14T09:25:53.135+0000] {logging_mixin.py:137} INFO - [2023-06-14T09:25:53.135+0000] {dag.py:3441} INFO - Setting next_dagrun for tutorial to 2023-06-13T09:25:53.135421+00:00, run_after=2023-06-14T09:25:53.135421+00:00
[2023-06-14T09:25:53.150+0000] {processor.py:175} INFO - Processing /home/airflow/.local/lib/python3.7/site-packages/airflow/example_dags/tutorial.py took 0.065 seconds
[2023-06-14T09:26:23.201+0000] {processor.py:153} INFO - Started process (PID=1413) to work on /home/airflow/.local/lib/python3.7/site-packages/airflow/example_dags/tutorial.py
[2023-06-14T09:26:23.202+0000] {processor.py:743} INFO - Processing file /home/airflow/.local/lib/python3.7/site-packages/airflow/example_dags/tutorial.py for tasks to queue
[2023-06-14T09:26:23.203+0000] {logging_mixin.py:137} INFO - [2023-06-14T09:26:23.203+0000] {dagbag.py:538} INFO - Filling up the DagBag from /home/airflow/.local/lib/python3.7/site-packages/airflow/example_dags/tutorial.py
[2023-06-14T09:26:23.213+0000] {processor.py:753} INFO - DAG(s) dict_keys(['tutorial']) retrieved from /home/airflow/.local/lib/python3.7/site-packages/airflow/example_dags/tutorial.py
[2023-06-14T09:26:23.232+0000] {logging_mixin.py:137} INFO - [2023-06-14T09:26:23.232+0000] {dag.py:2690} INFO - Sync 1 DAGs
[2023-06-14T09:26:23.247+0000] {logging_mixin.py:137} INFO - [2023-06-14T09:26:23.247+0000] {dag.py:3441} INFO - Setting next_dagrun for tutorial to 2023-06-13T09:26:23.247701+00:00, run_after=2023-06-14T09:26:23.247701+00:00
[2023-06-14T09:26:23.260+0000] {processor.py:175} INFO - Processing /home/airflow/.local/lib/python3.7/site-packages/airflow/example_dags/tutorial.py took 0.062 seconds
