[2023-06-14T15:24:59.977+0000] {taskinstance.py:1083} INFO - Dependencies all met for <TaskInstance: database_postgres.create_table manual__2023-06-14T15:24:58.974140+00:00 [queued]>
[2023-06-14T15:24:59.982+0000] {taskinstance.py:1083} INFO - Dependencies all met for <TaskInstance: database_postgres.create_table manual__2023-06-14T15:24:58.974140+00:00 [queued]>
[2023-06-14T15:24:59.982+0000] {taskinstance.py:1279} INFO - 
--------------------------------------------------------------------------------
[2023-06-14T15:24:59.983+0000] {taskinstance.py:1280} INFO - Starting attempt 1 of 1
[2023-06-14T15:24:59.983+0000] {taskinstance.py:1281} INFO - 
--------------------------------------------------------------------------------
[2023-06-14T15:24:59.990+0000] {taskinstance.py:1300} INFO - Executing <Task(PostgresOperator): create_table> on 2023-06-14 15:24:58.974140+00:00
[2023-06-14T15:24:59.994+0000] {standard_task_runner.py:55} INFO - Started process 166 to run task
[2023-06-14T15:24:59.997+0000] {standard_task_runner.py:82} INFO - Running: ['***', 'tasks', 'run', 'database_postgres', 'create_table', 'manual__2023-06-14T15:24:58.974140+00:00', '--job-id', '59', '--raw', '--subdir', 'DAGS_FOLDER/postgress_db.py', '--cfg-path', '/tmp/tmpecffcsi3']
[2023-06-14T15:24:59.998+0000] {standard_task_runner.py:83} INFO - Job 59: Subtask create_table
[2023-06-14T15:25:00.045+0000] {task_command.py:388} INFO - Running <TaskInstance: database_postgres.create_table manual__2023-06-14T15:24:58.974140+00:00 [running]> on host 3de891eadda2
[2023-06-14T15:25:00.088+0000] {taskinstance.py:1509} INFO - Exporting the following env vars:
AIRFLOW_CTX_DAG_OWNER=***
AIRFLOW_CTX_DAG_ID=database_postgres
AIRFLOW_CTX_TASK_ID=create_table
AIRFLOW_CTX_EXECUTION_DATE=2023-06-14T15:24:58.974140+00:00
AIRFLOW_CTX_TRY_NUMBER=1
AIRFLOW_CTX_DAG_RUN_ID=manual__2023-06-14T15:24:58.974140+00:00
[2023-06-14T15:25:00.089+0000] {sql.py:254} INFO - Executing: CREATE TABLE IF NOT EXISTS execution_table (
  id INT UNIQUE NOT NULL,
  exectime TIMESTAMP DEFAULT CURRENT_TIMESTAMP
);
[2023-06-14T15:25:00.097+0000] {base.py:73} INFO - Using connection ID 'postgres' for task execution.
[2023-06-14T15:25:00.195+0000] {base.py:73} INFO - Using connection ID 'postgres' for task execution.
[2023-06-14T15:25:00.199+0000] {sql.py:375} INFO - Running statement: CREATE TABLE IF NOT EXISTS execution_table (
  id INT UNIQUE NOT NULL,
  exectime TIMESTAMP DEFAULT CURRENT_TIMESTAMP
);, parameters: None
[2023-06-14T15:25:00.207+0000] {taskinstance.py:1323} INFO - Marking task as SUCCESS. dag_id=database_postgres, task_id=create_table, execution_date=20230614T152458, start_date=20230614T152459, end_date=20230614T152500
[2023-06-14T15:25:00.251+0000] {local_task_job.py:208} INFO - Task exited with return code 0
[2023-06-14T15:25:00.267+0000] {taskinstance.py:2578} INFO - 1 downstream tasks scheduled from follow-on schedule check
