[2023-06-14T15:31:56.399+0000] {taskinstance.py:1083} INFO - Dependencies all met for <TaskInstance: database_postgres.create_table manual__2023-06-14T15:31:54.956411+00:00 [queued]>
[2023-06-14T15:31:56.407+0000] {taskinstance.py:1083} INFO - Dependencies all met for <TaskInstance: database_postgres.create_table manual__2023-06-14T15:31:54.956411+00:00 [queued]>
[2023-06-14T15:31:56.407+0000] {taskinstance.py:1279} INFO - 
--------------------------------------------------------------------------------
[2023-06-14T15:31:56.408+0000] {taskinstance.py:1280} INFO - Starting attempt 1 of 1
[2023-06-14T15:31:56.408+0000] {taskinstance.py:1281} INFO - 
--------------------------------------------------------------------------------
[2023-06-14T15:31:56.425+0000] {taskinstance.py:1300} INFO - Executing <Task(PostgresOperator): create_table> on 2023-06-14 15:31:54.956411+00:00
[2023-06-14T15:31:56.432+0000] {standard_task_runner.py:55} INFO - Started process 89 to run task
[2023-06-14T15:31:56.435+0000] {standard_task_runner.py:82} INFO - Running: ['***', 'tasks', 'run', 'database_postgres', 'create_table', 'manual__2023-06-14T15:31:54.956411+00:00', '--job-id', '64', '--raw', '--subdir', 'DAGS_FOLDER/postgress_db.py', '--cfg-path', '/tmp/tmppqrywbzi']
[2023-06-14T15:31:56.436+0000] {standard_task_runner.py:83} INFO - Job 64: Subtask create_table
[2023-06-14T15:31:56.488+0000] {task_command.py:388} INFO - Running <TaskInstance: database_postgres.create_table manual__2023-06-14T15:31:54.956411+00:00 [running]> on host 9268ba351b9c
[2023-06-14T15:31:56.539+0000] {taskinstance.py:1509} INFO - Exporting the following env vars:
AIRFLOW_CTX_DAG_OWNER=***
AIRFLOW_CTX_DAG_ID=database_postgres
AIRFLOW_CTX_TASK_ID=create_table
AIRFLOW_CTX_EXECUTION_DATE=2023-06-14T15:31:54.956411+00:00
AIRFLOW_CTX_TRY_NUMBER=1
AIRFLOW_CTX_DAG_RUN_ID=manual__2023-06-14T15:31:54.956411+00:00
[2023-06-14T15:31:56.541+0000] {sql.py:254} INFO - Executing: drop table if exists execution_table;
CREATE TABLE IF NOT EXISTS execution_table (
  id SERIAL PRIMARY KEY,
  exectime TIMESTAMP DEFAULT CURRENT_TIMESTAMP
);
[2023-06-14T15:31:56.550+0000] {base.py:73} INFO - Using connection ID 'postgres' for task execution.
[2023-06-14T15:31:56.661+0000] {base.py:73} INFO - Using connection ID 'postgres' for task execution.
[2023-06-14T15:31:56.666+0000] {sql.py:375} INFO - Running statement: drop table if exists execution_table;
CREATE TABLE IF NOT EXISTS execution_table (
  id SERIAL PRIMARY KEY,
  exectime TIMESTAMP DEFAULT CURRENT_TIMESTAMP
);, parameters: None
[2023-06-14T15:31:56.689+0000] {taskinstance.py:1323} INFO - Marking task as SUCCESS. dag_id=database_postgres, task_id=create_table, execution_date=20230614T153154, start_date=20230614T153156, end_date=20230614T153156
[2023-06-14T15:31:56.732+0000] {local_task_job.py:208} INFO - Task exited with return code 0
[2023-06-14T15:31:56.750+0000] {taskinstance.py:2578} INFO - 1 downstream tasks scheduled from follow-on schedule check
