[2023-06-14T09:17:16.674+0000] {taskinstance.py:1083} INFO - Dependencies all met for <TaskInstance: database_postgres.get_all_users scheduled__2023-06-08T00:00:00+00:00 [queued]>
[2023-06-14T09:17:16.679+0000] {taskinstance.py:1083} INFO - Dependencies all met for <TaskInstance: database_postgres.get_all_users scheduled__2023-06-08T00:00:00+00:00 [queued]>
[2023-06-14T09:17:16.679+0000] {taskinstance.py:1279} INFO - 
--------------------------------------------------------------------------------
[2023-06-14T09:17:16.680+0000] {taskinstance.py:1280} INFO - Starting attempt 1 of 1
[2023-06-14T09:17:16.680+0000] {taskinstance.py:1281} INFO - 
--------------------------------------------------------------------------------
[2023-06-14T09:17:16.687+0000] {taskinstance.py:1300} INFO - Executing <Task(PostgresOperator): get_all_users> on 2023-06-08 00:00:00+00:00
[2023-06-14T09:17:16.690+0000] {standard_task_runner.py:55} INFO - Started process 61 to run task
[2023-06-14T09:17:16.693+0000] {standard_task_runner.py:82} INFO - Running: ['***', 'tasks', 'run', 'database_postgres', 'get_all_users', 'scheduled__2023-06-08T00:00:00+00:00', '--job-id', '30', '--raw', '--subdir', 'DAGS_FOLDER/postgress_db.py', '--cfg-path', '/tmp/tmpjdzjtsyj']
[2023-06-14T09:17:16.694+0000] {standard_task_runner.py:83} INFO - Job 30: Subtask get_all_users
[2023-06-14T09:17:16.739+0000] {task_command.py:388} INFO - Running <TaskInstance: database_postgres.get_all_users scheduled__2023-06-08T00:00:00+00:00 [running]> on host 54f992379a81
[2023-06-14T09:17:16.780+0000] {taskinstance.py:1509} INFO - Exporting the following env vars:
AIRFLOW_CTX_DAG_OWNER=***
AIRFLOW_CTX_DAG_ID=database_postgres
AIRFLOW_CTX_TASK_ID=get_all_users
AIRFLOW_CTX_EXECUTION_DATE=2023-06-08T00:00:00+00:00
AIRFLOW_CTX_TRY_NUMBER=1
AIRFLOW_CTX_DAG_RUN_ID=scheduled__2023-06-08T00:00:00+00:00
[2023-06-14T09:17:16.781+0000] {sql.py:254} INFO - Executing: select * from users;
[2023-06-14T09:17:16.788+0000] {base.py:73} INFO - Using connection ID 'postgres' for task execution.
[2023-06-14T09:17:16.882+0000] {base.py:73} INFO - Using connection ID 'postgres' for task execution.
[2023-06-14T09:17:16.886+0000] {sql.py:375} INFO - Running statement: select * from users;, parameters: None
[2023-06-14T09:17:16.888+0000] {sql.py:384} INFO - Rows affected: 4
[2023-06-14T09:17:16.904+0000] {taskinstance.py:1323} INFO - Marking task as SUCCESS. dag_id=database_postgres, task_id=get_all_users, execution_date=20230608T000000, start_date=20230614T091716, end_date=20230614T091716
[2023-06-14T09:17:16.948+0000] {local_task_job.py:208} INFO - Task exited with return code 0
[2023-06-14T09:17:16.960+0000] {taskinstance.py:2578} INFO - 0 downstream tasks scheduled from follow-on schedule check
