[2023-06-14T15:36:08.591+0000] {taskinstance.py:1083} INFO - Dependencies all met for <TaskInstance: database_postgres.create_table manual__2023-06-14T15:36:07.499807+00:00 [queued]>
[2023-06-14T15:36:08.597+0000] {taskinstance.py:1083} INFO - Dependencies all met for <TaskInstance: database_postgres.create_table manual__2023-06-14T15:36:07.499807+00:00 [queued]>
[2023-06-14T15:36:08.598+0000] {taskinstance.py:1279} INFO - 
--------------------------------------------------------------------------------
[2023-06-14T15:36:08.598+0000] {taskinstance.py:1280} INFO - Starting attempt 1 of 1
[2023-06-14T15:36:08.599+0000] {taskinstance.py:1281} INFO - 
--------------------------------------------------------------------------------
[2023-06-14T15:36:08.607+0000] {taskinstance.py:1300} INFO - Executing <Task(PostgresOperator): create_table> on 2023-06-14 15:36:07.499807+00:00
[2023-06-14T15:36:08.612+0000] {standard_task_runner.py:55} INFO - Started process 374 to run task
[2023-06-14T15:36:08.615+0000] {standard_task_runner.py:82} INFO - Running: ['***', 'tasks', 'run', 'database_postgres', 'create_table', 'manual__2023-06-14T15:36:07.499807+00:00', '--job-id', '73', '--raw', '--subdir', 'DAGS_FOLDER/postgress_db.py', '--cfg-path', '/tmp/tmp4n9twkca']
[2023-06-14T15:36:08.616+0000] {standard_task_runner.py:83} INFO - Job 73: Subtask create_table
[2023-06-14T15:36:08.668+0000] {task_command.py:388} INFO - Running <TaskInstance: database_postgres.create_table manual__2023-06-14T15:36:07.499807+00:00 [running]> on host 9268ba351b9c
[2023-06-14T15:36:08.718+0000] {taskinstance.py:1509} INFO - Exporting the following env vars:
AIRFLOW_CTX_DAG_OWNER=***
AIRFLOW_CTX_DAG_ID=database_postgres
AIRFLOW_CTX_TASK_ID=create_table
AIRFLOW_CTX_EXECUTION_DATE=2023-06-14T15:36:07.499807+00:00
AIRFLOW_CTX_TRY_NUMBER=1
AIRFLOW_CTX_DAG_RUN_ID=manual__2023-06-14T15:36:07.499807+00:00
[2023-06-14T15:36:08.719+0000] {sql.py:254} INFO - Executing: -- drop table if exists execution_table;
CREATE TABLE IF NOT EXISTS execution_table (
  id SERIAL PRIMARY KEY,
  exectime TIMESTAMP DEFAULT CURRENT_TIMESTAMP
);
[2023-06-14T15:36:08.727+0000] {base.py:73} INFO - Using connection ID 'postgres' for task execution.
[2023-06-14T15:36:08.832+0000] {base.py:73} INFO - Using connection ID 'postgres' for task execution.
[2023-06-14T15:36:08.837+0000] {sql.py:375} INFO - Running statement: -- drop table if exists execution_table;
CREATE TABLE IF NOT EXISTS execution_table (
  id SERIAL PRIMARY KEY,
  exectime TIMESTAMP DEFAULT CURRENT_TIMESTAMP
);, parameters: None
[2023-06-14T15:36:08.846+0000] {taskinstance.py:1323} INFO - Marking task as SUCCESS. dag_id=database_postgres, task_id=create_table, execution_date=20230614T153607, start_date=20230614T153608, end_date=20230614T153608
[2023-06-14T15:36:08.867+0000] {local_task_job.py:208} INFO - Task exited with return code 0
[2023-06-14T15:36:08.885+0000] {taskinstance.py:2578} INFO - 1 downstream tasks scheduled from follow-on schedule check
