[2023-06-14T15:17:49.524+0000] {taskinstance.py:1083} INFO - Dependencies all met for <TaskInstance: database_postgres.create_table manual__2023-06-14T15:17:48.985869+00:00 [queued]>
[2023-06-14T15:17:49.530+0000] {taskinstance.py:1083} INFO - Dependencies all met for <TaskInstance: database_postgres.create_table manual__2023-06-14T15:17:48.985869+00:00 [queued]>
[2023-06-14T15:17:49.531+0000] {taskinstance.py:1279} INFO - 
--------------------------------------------------------------------------------
[2023-06-14T15:17:49.531+0000] {taskinstance.py:1280} INFO - Starting attempt 1 of 1
[2023-06-14T15:17:49.532+0000] {taskinstance.py:1281} INFO - 
--------------------------------------------------------------------------------
[2023-06-14T15:17:49.540+0000] {taskinstance.py:1300} INFO - Executing <Task(PostgresOperator): create_table> on 2023-06-14 15:17:48.985869+00:00
[2023-06-14T15:17:49.544+0000] {standard_task_runner.py:55} INFO - Started process 516 to run task
[2023-06-14T15:17:49.548+0000] {standard_task_runner.py:82} INFO - Running: ['***', 'tasks', 'run', 'database_postgres', 'create_table', 'manual__2023-06-14T15:17:48.985869+00:00', '--job-id', '51', '--raw', '--subdir', 'DAGS_FOLDER/postgress_db.py', '--cfg-path', '/tmp/tmpx9kjkijo']
[2023-06-14T15:17:49.549+0000] {standard_task_runner.py:83} INFO - Job 51: Subtask create_table
[2023-06-14T15:17:49.598+0000] {task_command.py:388} INFO - Running <TaskInstance: database_postgres.create_table manual__2023-06-14T15:17:48.985869+00:00 [running]> on host 240567dc9ead
[2023-06-14T15:17:49.643+0000] {taskinstance.py:1509} INFO - Exporting the following env vars:
AIRFLOW_CTX_DAG_OWNER=***
AIRFLOW_CTX_DAG_ID=database_postgres
AIRFLOW_CTX_TASK_ID=create_table
AIRFLOW_CTX_EXECUTION_DATE=2023-06-14T15:17:48.985869+00:00
AIRFLOW_CTX_TRY_NUMBER=1
AIRFLOW_CTX_DAG_RUN_ID=manual__2023-06-14T15:17:48.985869+00:00
[2023-06-14T15:17:49.645+0000] {sql.py:254} INFO - Executing: CREATE TABLE IF NOT EXISTS my_table (
  id INT UNIQUE NOT NULL,
  exectime TIMESTAMP DEFAULT CURRENT_TIMESTAMP
);
[2023-06-14T15:17:49.652+0000] {base.py:73} INFO - Using connection ID 'postgres' for task execution.
[2023-06-14T15:17:49.757+0000] {base.py:73} INFO - Using connection ID 'postgres' for task execution.
[2023-06-14T15:17:49.767+0000] {sql.py:375} INFO - Running statement: CREATE TABLE IF NOT EXISTS my_table (
  id INT UNIQUE NOT NULL,
  exectime TIMESTAMP DEFAULT CURRENT_TIMESTAMP
);, parameters: None
[2023-06-14T15:17:49.777+0000] {taskinstance.py:1323} INFO - Marking task as SUCCESS. dag_id=database_postgres, task_id=create_table, execution_date=20230614T151748, start_date=20230614T151749, end_date=20230614T151749
[2023-06-14T15:17:49.800+0000] {local_task_job.py:208} INFO - Task exited with return code 0
[2023-06-14T15:17:49.817+0000] {taskinstance.py:2578} INFO - 1 downstream tasks scheduled from follow-on schedule check
