[2023-06-14T15:34:17.640+0000] {taskinstance.py:1083} INFO - Dependencies all met for <TaskInstance: database_postgres.insert_into_table manual__2023-06-14T15:34:15.501609+00:00 [queued]>
[2023-06-14T15:34:17.647+0000] {taskinstance.py:1083} INFO - Dependencies all met for <TaskInstance: database_postgres.insert_into_table manual__2023-06-14T15:34:15.501609+00:00 [queued]>
[2023-06-14T15:34:17.648+0000] {taskinstance.py:1279} INFO - 
--------------------------------------------------------------------------------
[2023-06-14T15:34:17.649+0000] {taskinstance.py:1280} INFO - Starting attempt 1 of 1
[2023-06-14T15:34:17.649+0000] {taskinstance.py:1281} INFO - 
--------------------------------------------------------------------------------
[2023-06-14T15:34:17.660+0000] {taskinstance.py:1300} INFO - Executing <Task(PostgresOperator): insert_into_table> on 2023-06-14 15:34:15.501609+00:00
[2023-06-14T15:34:17.665+0000] {standard_task_runner.py:55} INFO - Started process 248 to run task
[2023-06-14T15:34:17.671+0000] {standard_task_runner.py:82} INFO - Running: ['***', 'tasks', 'run', 'database_postgres', 'insert_into_table', 'manual__2023-06-14T15:34:15.501609+00:00', '--job-id', '70', '--raw', '--subdir', 'DAGS_FOLDER/postgress_db.py', '--cfg-path', '/tmp/tmpqp5vqh95']
[2023-06-14T15:34:17.674+0000] {standard_task_runner.py:83} INFO - Job 70: Subtask insert_into_table
[2023-06-14T15:34:17.749+0000] {task_command.py:388} INFO - Running <TaskInstance: database_postgres.insert_into_table manual__2023-06-14T15:34:15.501609+00:00 [running]> on host 9268ba351b9c
[2023-06-14T15:34:17.800+0000] {taskinstance.py:1509} INFO - Exporting the following env vars:
AIRFLOW_CTX_DAG_OWNER=***
AIRFLOW_CTX_DAG_ID=database_postgres
AIRFLOW_CTX_TASK_ID=insert_into_table
AIRFLOW_CTX_EXECUTION_DATE=2023-06-14T15:34:15.501609+00:00
AIRFLOW_CTX_TRY_NUMBER=1
AIRFLOW_CTX_DAG_RUN_ID=manual__2023-06-14T15:34:15.501609+00:00
[2023-06-14T15:34:17.802+0000] {sql.py:254} INFO - Executing: INSERT INTO execution_table (exectime) VALUES (CURRENT_TIMESTAMP);
[2023-06-14T15:34:17.811+0000] {base.py:73} INFO - Using connection ID 'postgres' for task execution.
[2023-06-14T15:34:17.916+0000] {base.py:73} INFO - Using connection ID 'postgres' for task execution.
[2023-06-14T15:34:17.922+0000] {sql.py:375} INFO - Running statement: INSERT INTO execution_table (exectime) VALUES (CURRENT_TIMESTAMP);, parameters: None
[2023-06-14T15:34:17.924+0000] {sql.py:384} INFO - Rows affected: 1
[2023-06-14T15:34:17.933+0000] {taskinstance.py:1323} INFO - Marking task as SUCCESS. dag_id=database_postgres, task_id=insert_into_table, execution_date=20230614T153415, start_date=20230614T153417, end_date=20230614T153417
[2023-06-14T15:34:17.965+0000] {local_task_job.py:208} INFO - Task exited with return code 0
[2023-06-14T15:34:17.979+0000] {taskinstance.py:2578} INFO - 0 downstream tasks scheduled from follow-on schedule check
