[2023-06-14T15:24:27.749+0000] {taskinstance.py:1083} INFO - Dependencies all met for <TaskInstance: database_postgres.create_table manual__2023-06-14T15:24:26.874049+00:00 [queued]>
[2023-06-14T15:24:27.754+0000] {taskinstance.py:1083} INFO - Dependencies all met for <TaskInstance: database_postgres.create_table manual__2023-06-14T15:24:26.874049+00:00 [queued]>
[2023-06-14T15:24:27.755+0000] {taskinstance.py:1279} INFO - 
--------------------------------------------------------------------------------
[2023-06-14T15:24:27.755+0000] {taskinstance.py:1280} INFO - Starting attempt 1 of 1
[2023-06-14T15:24:27.756+0000] {taskinstance.py:1281} INFO - 
--------------------------------------------------------------------------------
[2023-06-14T15:24:27.763+0000] {taskinstance.py:1300} INFO - Executing <Task(PostgresOperator): create_table> on 2023-06-14 15:24:26.874049+00:00
[2023-06-14T15:24:27.767+0000] {standard_task_runner.py:55} INFO - Started process 126 to run task
[2023-06-14T15:24:27.770+0000] {standard_task_runner.py:82} INFO - Running: ['***', 'tasks', 'run', 'database_postgres', 'create_table', 'manual__2023-06-14T15:24:26.874049+00:00', '--job-id', '57', '--raw', '--subdir', 'DAGS_FOLDER/postgress_db.py', '--cfg-path', '/tmp/tmp6c4fwvp7']
[2023-06-14T15:24:27.771+0000] {standard_task_runner.py:83} INFO - Job 57: Subtask create_table
[2023-06-14T15:24:27.817+0000] {task_command.py:388} INFO - Running <TaskInstance: database_postgres.create_table manual__2023-06-14T15:24:26.874049+00:00 [running]> on host 3de891eadda2
[2023-06-14T15:24:27.860+0000] {taskinstance.py:1509} INFO - Exporting the following env vars:
AIRFLOW_CTX_DAG_OWNER=***
AIRFLOW_CTX_DAG_ID=database_postgres
AIRFLOW_CTX_TASK_ID=create_table
AIRFLOW_CTX_EXECUTION_DATE=2023-06-14T15:24:26.874049+00:00
AIRFLOW_CTX_TRY_NUMBER=1
AIRFLOW_CTX_DAG_RUN_ID=manual__2023-06-14T15:24:26.874049+00:00
[2023-06-14T15:24:27.862+0000] {sql.py:254} INFO - Executing: CREATE TABLE IF NOT EXISTS execution_table (
  id INT UNIQUE NOT NULL,
  exectime TIMESTAMP DEFAULT CURRENT_TIMESTAMP
);
[2023-06-14T15:24:27.869+0000] {base.py:73} INFO - Using connection ID 'postgres' for task execution.
[2023-06-14T15:24:27.966+0000] {base.py:73} INFO - Using connection ID 'postgres' for task execution.
[2023-06-14T15:24:27.970+0000] {sql.py:375} INFO - Running statement: CREATE TABLE IF NOT EXISTS execution_table (
  id INT UNIQUE NOT NULL,
  exectime TIMESTAMP DEFAULT CURRENT_TIMESTAMP
);, parameters: None
[2023-06-14T15:24:27.978+0000] {taskinstance.py:1323} INFO - Marking task as SUCCESS. dag_id=database_postgres, task_id=create_table, execution_date=20230614T152426, start_date=20230614T152427, end_date=20230614T152427
[2023-06-14T15:24:28.023+0000] {local_task_job.py:208} INFO - Task exited with return code 0
[2023-06-14T15:24:28.038+0000] {taskinstance.py:2578} INFO - 1 downstream tasks scheduled from follow-on schedule check
