[2023-06-14T13:39:47.343+0000] {taskinstance.py:1083} INFO - Dependencies all met for <TaskInstance: database_postgres.create_table manual__2023-06-14T13:39:45.989112+00:00 [queued]>
[2023-06-14T13:39:47.348+0000] {taskinstance.py:1083} INFO - Dependencies all met for <TaskInstance: database_postgres.create_table manual__2023-06-14T13:39:45.989112+00:00 [queued]>
[2023-06-14T13:39:47.349+0000] {taskinstance.py:1279} INFO - 
--------------------------------------------------------------------------------
[2023-06-14T13:39:47.349+0000] {taskinstance.py:1280} INFO - Starting attempt 1 of 1
[2023-06-14T13:39:47.350+0000] {taskinstance.py:1281} INFO - 
--------------------------------------------------------------------------------
[2023-06-14T13:39:47.357+0000] {taskinstance.py:1300} INFO - Executing <Task(PostgresOperator): create_table> on 2023-06-14 13:39:45.989112+00:00
[2023-06-14T13:39:47.362+0000] {standard_task_runner.py:55} INFO - Started process 1038 to run task
[2023-06-14T13:39:47.366+0000] {standard_task_runner.py:82} INFO - Running: ['***', 'tasks', 'run', 'database_postgres', 'create_table', 'manual__2023-06-14T13:39:45.989112+00:00', '--job-id', '28', '--raw', '--subdir', 'DAGS_FOLDER/postgress_db.py', '--cfg-path', '/tmp/tmp0ljzbepf']
[2023-06-14T13:39:47.366+0000] {standard_task_runner.py:83} INFO - Job 28: Subtask create_table
[2023-06-14T13:39:47.417+0000] {task_command.py:388} INFO - Running <TaskInstance: database_postgres.create_table manual__2023-06-14T13:39:45.989112+00:00 [running]> on host 649eec7cdf92
[2023-06-14T13:39:47.466+0000] {taskinstance.py:1509} INFO - Exporting the following env vars:
AIRFLOW_CTX_DAG_OWNER=***
AIRFLOW_CTX_DAG_ID=database_postgres
AIRFLOW_CTX_TASK_ID=create_table
AIRFLOW_CTX_EXECUTION_DATE=2023-06-14T13:39:45.989112+00:00
AIRFLOW_CTX_TRY_NUMBER=1
AIRFLOW_CTX_DAG_RUN_ID=manual__2023-06-14T13:39:45.989112+00:00
[2023-06-14T13:39:47.467+0000] {sql.py:254} INFO - Executing: CREATE TABLE IF NOT EXISTS my_table (
  id INT UNIQUE NOT NULL,
  "current_time" TIMESTAMP DEFAULT CURRENT_TIMESTAMP
);
[2023-06-14T13:39:47.475+0000] {base.py:73} INFO - Using connection ID 'postgres' for task execution.
[2023-06-14T13:39:47.575+0000] {base.py:73} INFO - Using connection ID 'postgres' for task execution.
[2023-06-14T13:39:47.580+0000] {sql.py:375} INFO - Running statement: CREATE TABLE IF NOT EXISTS my_table (
  id INT UNIQUE NOT NULL,
  "current_time" TIMESTAMP DEFAULT CURRENT_TIMESTAMP
);, parameters: None
[2023-06-14T13:39:47.589+0000] {taskinstance.py:1323} INFO - Marking task as SUCCESS. dag_id=database_postgres, task_id=create_table, execution_date=20230614T133945, start_date=20230614T133947, end_date=20230614T133947
[2023-06-14T13:39:47.620+0000] {local_task_job.py:208} INFO - Task exited with return code 0
[2023-06-14T13:39:47.639+0000] {taskinstance.py:2578} INFO - 1 downstream tasks scheduled from follow-on schedule check
