[2023-06-15T00:02:01.525+0000] {taskinstance.py:1083} INFO - Dependencies all met for <TaskInstance: database_postgres.insert_into_table scheduled__2023-06-14T00:00:00+00:00 [queued]>
[2023-06-15T00:02:01.536+0000] {taskinstance.py:1083} INFO - Dependencies all met for <TaskInstance: database_postgres.insert_into_table scheduled__2023-06-14T00:00:00+00:00 [queued]>
[2023-06-15T00:02:01.537+0000] {taskinstance.py:1279} INFO - 
--------------------------------------------------------------------------------
[2023-06-15T00:02:01.537+0000] {taskinstance.py:1280} INFO - Starting attempt 1 of 1
[2023-06-15T00:02:01.538+0000] {taskinstance.py:1281} INFO - 
--------------------------------------------------------------------------------
[2023-06-15T00:02:01.552+0000] {taskinstance.py:1300} INFO - Executing <Task(PostgresOperator): insert_into_table> on 2023-06-14 00:00:00+00:00
[2023-06-15T00:02:01.558+0000] {standard_task_runner.py:55} INFO - Started process 15024 to run task
[2023-06-15T00:02:01.562+0000] {standard_task_runner.py:82} INFO - Running: ['***', 'tasks', 'run', 'database_postgres', 'insert_into_table', 'scheduled__2023-06-14T00:00:00+00:00', '--job-id', '76', '--raw', '--subdir', 'DAGS_FOLDER/postgress_db.py', '--cfg-path', '/tmp/tmpczxgabct']
[2023-06-15T00:02:01.563+0000] {standard_task_runner.py:83} INFO - Job 76: Subtask insert_into_table
[2023-06-15T00:02:01.646+0000] {task_command.py:388} INFO - Running <TaskInstance: database_postgres.insert_into_table scheduled__2023-06-14T00:00:00+00:00 [running]> on host 9268ba351b9c
[2023-06-15T00:02:01.720+0000] {taskinstance.py:1509} INFO - Exporting the following env vars:
AIRFLOW_CTX_DAG_OWNER=***
AIRFLOW_CTX_DAG_ID=database_postgres
AIRFLOW_CTX_TASK_ID=insert_into_table
AIRFLOW_CTX_EXECUTION_DATE=2023-06-14T00:00:00+00:00
AIRFLOW_CTX_TRY_NUMBER=1
AIRFLOW_CTX_DAG_RUN_ID=scheduled__2023-06-14T00:00:00+00:00
[2023-06-15T00:02:01.722+0000] {sql.py:254} INFO - Executing: INSERT INTO execution_table (exectime) VALUES (CURRENT_TIMESTAMP);
[2023-06-15T00:02:01.734+0000] {base.py:73} INFO - Using connection ID 'postgres' for task execution.
[2023-06-15T00:02:01.851+0000] {base.py:73} INFO - Using connection ID 'postgres' for task execution.
[2023-06-15T00:02:01.861+0000] {sql.py:375} INFO - Running statement: INSERT INTO execution_table (exectime) VALUES (CURRENT_TIMESTAMP);, parameters: None
[2023-06-15T00:02:01.864+0000] {sql.py:384} INFO - Rows affected: 1
[2023-06-15T00:02:01.881+0000] {taskinstance.py:1323} INFO - Marking task as SUCCESS. dag_id=database_postgres, task_id=insert_into_table, execution_date=20230614T000000, start_date=20230615T000201, end_date=20230615T000201
[2023-06-15T00:02:01.935+0000] {local_task_job.py:208} INFO - Task exited with return code 0
[2023-06-15T00:02:01.957+0000] {taskinstance.py:2578} INFO - 0 downstream tasks scheduled from follow-on schedule check
