[2023-06-14T09:16:38.919+0000] {processor.py:153} INFO - Started process (PID=33) to work on /opt/airflow/dags/postgress_db.py
[2023-06-14T09:16:38.928+0000] {processor.py:743} INFO - Processing file /opt/airflow/dags/postgress_db.py for tasks to queue
[2023-06-14T09:16:38.929+0000] {logging_mixin.py:137} INFO - [2023-06-14T09:16:38.929+0000] {dagbag.py:538} INFO - Filling up the DagBag from /opt/airflow/dags/postgress_db.py
[2023-06-14T09:16:39.008+0000] {processor.py:753} INFO - DAG(s) dict_keys(['database_postgres']) retrieved from /opt/airflow/dags/postgress_db.py
[2023-06-14T09:16:39.052+0000] {logging_mixin.py:137} INFO - [2023-06-14T09:16:39.052+0000] {dag.py:2690} INFO - Sync 1 DAGs
[2023-06-14T09:16:39.078+0000] {logging_mixin.py:137} INFO - [2023-06-14T09:16:39.078+0000] {dag.py:3441} INFO - Setting next_dagrun for database_postgres to 2023-06-14T00:00:00+00:00, run_after=2023-06-15T00:00:00+00:00
[2023-06-14T09:16:39.102+0000] {processor.py:175} INFO - Processing /opt/airflow/dags/postgress_db.py took 0.188 seconds
[2023-06-14T09:17:09.749+0000] {processor.py:153} INFO - Started process (PID=108) to work on /opt/airflow/dags/postgress_db.py
[2023-06-14T09:17:09.751+0000] {processor.py:743} INFO - Processing file /opt/airflow/dags/postgress_db.py for tasks to queue
[2023-06-14T09:17:09.752+0000] {logging_mixin.py:137} INFO - [2023-06-14T09:17:09.752+0000] {dagbag.py:538} INFO - Filling up the DagBag from /opt/airflow/dags/postgress_db.py
[2023-06-14T09:17:09.786+0000] {processor.py:753} INFO - DAG(s) dict_keys(['database_postgres']) retrieved from /opt/airflow/dags/postgress_db.py
[2023-06-14T09:17:09.803+0000] {logging_mixin.py:137} INFO - [2023-06-14T09:17:09.803+0000] {dag.py:2690} INFO - Sync 1 DAGs
[2023-06-14T09:17:09.821+0000] {logging_mixin.py:137} INFO - [2023-06-14T09:17:09.821+0000] {dag.py:3441} INFO - Setting next_dagrun for database_postgres to 2023-06-14T00:00:00+00:00, run_after=2023-06-15T00:00:00+00:00
[2023-06-14T09:17:09.838+0000] {processor.py:175} INFO - Processing /opt/airflow/dags/postgress_db.py took 0.092 seconds
[2023-06-14T09:17:40.846+0000] {processor.py:153} INFO - Started process (PID=176) to work on /opt/airflow/dags/postgress_db.py
[2023-06-14T09:17:40.852+0000] {processor.py:743} INFO - Processing file /opt/airflow/dags/postgress_db.py for tasks to queue
[2023-06-14T09:17:40.853+0000] {logging_mixin.py:137} INFO - [2023-06-14T09:17:40.853+0000] {dagbag.py:538} INFO - Filling up the DagBag from /opt/airflow/dags/postgress_db.py
[2023-06-14T09:17:40.927+0000] {processor.py:753} INFO - DAG(s) dict_keys(['database_postgres']) retrieved from /opt/airflow/dags/postgress_db.py
[2023-06-14T09:17:40.967+0000] {logging_mixin.py:137} INFO - [2023-06-14T09:17:40.967+0000] {dag.py:2690} INFO - Sync 1 DAGs
[2023-06-14T09:17:40.994+0000] {logging_mixin.py:137} INFO - [2023-06-14T09:17:40.993+0000] {dag.py:3441} INFO - Setting next_dagrun for database_postgres to 2023-06-14T00:00:00+00:00, run_after=2023-06-15T00:00:00+00:00
[2023-06-14T09:17:41.015+0000] {processor.py:175} INFO - Processing /opt/airflow/dags/postgress_db.py took 0.172 seconds
[2023-06-14T09:18:11.827+0000] {processor.py:153} INFO - Started process (PID=252) to work on /opt/airflow/dags/postgress_db.py
[2023-06-14T09:18:11.830+0000] {processor.py:743} INFO - Processing file /opt/airflow/dags/postgress_db.py for tasks to queue
[2023-06-14T09:18:11.832+0000] {logging_mixin.py:137} INFO - [2023-06-14T09:18:11.832+0000] {dagbag.py:538} INFO - Filling up the DagBag from /opt/airflow/dags/postgress_db.py
[2023-06-14T09:18:11.869+0000] {processor.py:753} INFO - DAG(s) dict_keys(['database_postgres']) retrieved from /opt/airflow/dags/postgress_db.py
[2023-06-14T09:18:11.886+0000] {logging_mixin.py:137} INFO - [2023-06-14T09:18:11.886+0000] {dag.py:2690} INFO - Sync 1 DAGs
[2023-06-14T09:18:11.900+0000] {logging_mixin.py:137} INFO - [2023-06-14T09:18:11.900+0000] {dag.py:3441} INFO - Setting next_dagrun for database_postgres to 2023-06-14T00:00:00+00:00, run_after=2023-06-15T00:00:00+00:00
[2023-06-14T09:18:11.910+0000] {processor.py:175} INFO - Processing /opt/airflow/dags/postgress_db.py took 0.090 seconds
[2023-06-14T09:18:41.999+0000] {processor.py:153} INFO - Started process (PID=328) to work on /opt/airflow/dags/postgress_db.py
[2023-06-14T09:18:42.001+0000] {processor.py:743} INFO - Processing file /opt/airflow/dags/postgress_db.py for tasks to queue
[2023-06-14T09:18:42.003+0000] {logging_mixin.py:137} INFO - [2023-06-14T09:18:42.003+0000] {dagbag.py:538} INFO - Filling up the DagBag from /opt/airflow/dags/postgress_db.py
[2023-06-14T09:18:42.038+0000] {processor.py:753} INFO - DAG(s) dict_keys(['database_postgres']) retrieved from /opt/airflow/dags/postgress_db.py
[2023-06-14T09:18:42.054+0000] {logging_mixin.py:137} INFO - [2023-06-14T09:18:42.054+0000] {dag.py:2690} INFO - Sync 1 DAGs
[2023-06-14T09:18:42.069+0000] {logging_mixin.py:137} INFO - [2023-06-14T09:18:42.069+0000] {dag.py:3441} INFO - Setting next_dagrun for database_postgres to 2023-06-14T00:00:00+00:00, run_after=2023-06-15T00:00:00+00:00
[2023-06-14T09:18:42.078+0000] {processor.py:175} INFO - Processing /opt/airflow/dags/postgress_db.py took 0.086 seconds
[2023-06-14T09:19:13.055+0000] {processor.py:153} INFO - Started process (PID=404) to work on /opt/airflow/dags/postgress_db.py
[2023-06-14T09:19:13.057+0000] {processor.py:743} INFO - Processing file /opt/airflow/dags/postgress_db.py for tasks to queue
[2023-06-14T09:19:13.059+0000] {logging_mixin.py:137} INFO - [2023-06-14T09:19:13.058+0000] {dagbag.py:538} INFO - Filling up the DagBag from /opt/airflow/dags/postgress_db.py
[2023-06-14T09:19:13.142+0000] {processor.py:753} INFO - DAG(s) dict_keys(['database_postgres']) retrieved from /opt/airflow/dags/postgress_db.py
[2023-06-14T09:19:13.192+0000] {logging_mixin.py:137} INFO - [2023-06-14T09:19:13.192+0000] {dag.py:2690} INFO - Sync 1 DAGs
[2023-06-14T09:19:13.264+0000] {logging_mixin.py:137} INFO - [2023-06-14T09:19:13.264+0000] {dag.py:3441} INFO - Setting next_dagrun for database_postgres to 2023-06-14T00:00:00+00:00, run_after=2023-06-15T00:00:00+00:00
[2023-06-14T09:19:13.303+0000] {processor.py:175} INFO - Processing /opt/airflow/dags/postgress_db.py took 0.252 seconds
[2023-06-14T09:19:43.794+0000] {processor.py:153} INFO - Started process (PID=469) to work on /opt/airflow/dags/postgress_db.py
[2023-06-14T09:19:43.797+0000] {processor.py:743} INFO - Processing file /opt/airflow/dags/postgress_db.py for tasks to queue
[2023-06-14T09:19:43.798+0000] {logging_mixin.py:137} INFO - [2023-06-14T09:19:43.798+0000] {dagbag.py:538} INFO - Filling up the DagBag from /opt/airflow/dags/postgress_db.py
[2023-06-14T09:19:43.946+0000] {processor.py:753} INFO - DAG(s) dict_keys(['database_postgres']) retrieved from /opt/airflow/dags/postgress_db.py
[2023-06-14T09:19:43.967+0000] {logging_mixin.py:137} INFO - [2023-06-14T09:19:43.967+0000] {dag.py:2690} INFO - Sync 1 DAGs
[2023-06-14T09:19:43.990+0000] {logging_mixin.py:137} INFO - [2023-06-14T09:19:43.989+0000] {dag.py:3441} INFO - Setting next_dagrun for database_postgres to 2023-06-14T00:00:00+00:00, run_after=2023-06-15T00:00:00+00:00
[2023-06-14T09:19:44.028+0000] {processor.py:175} INFO - Processing /opt/airflow/dags/postgress_db.py took 0.239 seconds
[2023-06-14T09:20:14.111+0000] {processor.py:153} INFO - Started process (PID=544) to work on /opt/airflow/dags/postgress_db.py
[2023-06-14T09:20:14.152+0000] {processor.py:743} INFO - Processing file /opt/airflow/dags/postgress_db.py for tasks to queue
[2023-06-14T09:20:14.158+0000] {logging_mixin.py:137} INFO - [2023-06-14T09:20:14.156+0000] {dagbag.py:538} INFO - Filling up the DagBag from /opt/airflow/dags/postgress_db.py
[2023-06-14T09:20:14.544+0000] {processor.py:753} INFO - DAG(s) dict_keys(['database_postgres']) retrieved from /opt/airflow/dags/postgress_db.py
[2023-06-14T09:20:14.757+0000] {logging_mixin.py:137} INFO - [2023-06-14T09:20:14.756+0000] {dag.py:2690} INFO - Sync 1 DAGs
[2023-06-14T09:20:15.224+0000] {logging_mixin.py:137} INFO - [2023-06-14T09:20:15.205+0000] {dag.py:3441} INFO - Setting next_dagrun for database_postgres to 2023-06-14T00:00:00+00:00, run_after=2023-06-15T00:00:00+00:00
[2023-06-14T09:20:15.413+0000] {processor.py:175} INFO - Processing /opt/airflow/dags/postgress_db.py took 1.318 seconds
[2023-06-14T09:20:45.956+0000] {processor.py:153} INFO - Started process (PID=597) to work on /opt/airflow/dags/postgress_db.py
[2023-06-14T09:20:45.987+0000] {processor.py:743} INFO - Processing file /opt/airflow/dags/postgress_db.py for tasks to queue
[2023-06-14T09:20:46.028+0000] {logging_mixin.py:137} INFO - [2023-06-14T09:20:45.999+0000] {dagbag.py:538} INFO - Filling up the DagBag from /opt/airflow/dags/postgress_db.py
[2023-06-14T09:20:46.544+0000] {processor.py:753} INFO - DAG(s) dict_keys(['database_postgres']) retrieved from /opt/airflow/dags/postgress_db.py
[2023-06-14T09:20:46.655+0000] {logging_mixin.py:137} INFO - [2023-06-14T09:20:46.654+0000] {dag.py:2690} INFO - Sync 1 DAGs
[2023-06-14T09:20:46.773+0000] {logging_mixin.py:137} INFO - [2023-06-14T09:20:46.773+0000] {dag.py:3441} INFO - Setting next_dagrun for database_postgres to 2023-06-14T00:00:00+00:00, run_after=2023-06-15T00:00:00+00:00
[2023-06-14T09:20:46.861+0000] {processor.py:175} INFO - Processing /opt/airflow/dags/postgress_db.py took 0.958 seconds
[2023-06-14T09:21:17.933+0000] {processor.py:153} INFO - Started process (PID=673) to work on /opt/airflow/dags/postgress_db.py
[2023-06-14T09:21:17.935+0000] {processor.py:743} INFO - Processing file /opt/airflow/dags/postgress_db.py for tasks to queue
[2023-06-14T09:21:17.937+0000] {logging_mixin.py:137} INFO - [2023-06-14T09:21:17.936+0000] {dagbag.py:538} INFO - Filling up the DagBag from /opt/airflow/dags/postgress_db.py
[2023-06-14T09:21:17.981+0000] {processor.py:753} INFO - DAG(s) dict_keys(['database_postgres']) retrieved from /opt/airflow/dags/postgress_db.py
[2023-06-14T09:21:18.000+0000] {logging_mixin.py:137} INFO - [2023-06-14T09:21:18.000+0000] {dag.py:2690} INFO - Sync 1 DAGs
[2023-06-14T09:21:18.016+0000] {logging_mixin.py:137} INFO - [2023-06-14T09:21:18.016+0000] {dag.py:3441} INFO - Setting next_dagrun for database_postgres to 2023-06-14T00:00:00+00:00, run_after=2023-06-15T00:00:00+00:00
[2023-06-14T09:21:18.027+0000] {processor.py:175} INFO - Processing /opt/airflow/dags/postgress_db.py took 0.101 seconds
[2023-06-14T09:21:48.391+0000] {processor.py:153} INFO - Started process (PID=749) to work on /opt/airflow/dags/postgress_db.py
[2023-06-14T09:21:48.393+0000] {processor.py:743} INFO - Processing file /opt/airflow/dags/postgress_db.py for tasks to queue
[2023-06-14T09:21:48.394+0000] {logging_mixin.py:137} INFO - [2023-06-14T09:21:48.394+0000] {dagbag.py:538} INFO - Filling up the DagBag from /opt/airflow/dags/postgress_db.py
[2023-06-14T09:21:48.425+0000] {processor.py:753} INFO - DAG(s) dict_keys(['database_postgres']) retrieved from /opt/airflow/dags/postgress_db.py
[2023-06-14T09:21:48.443+0000] {logging_mixin.py:137} INFO - [2023-06-14T09:21:48.443+0000] {dag.py:2690} INFO - Sync 1 DAGs
[2023-06-14T09:21:48.457+0000] {logging_mixin.py:137} INFO - [2023-06-14T09:21:48.457+0000] {dag.py:3441} INFO - Setting next_dagrun for database_postgres to 2023-06-14T00:00:00+00:00, run_after=2023-06-15T00:00:00+00:00
[2023-06-14T09:21:48.468+0000] {processor.py:175} INFO - Processing /opt/airflow/dags/postgress_db.py took 0.081 seconds
[2023-06-14T09:22:18.628+0000] {processor.py:153} INFO - Started process (PID=815) to work on /opt/airflow/dags/postgress_db.py
[2023-06-14T09:22:18.631+0000] {processor.py:743} INFO - Processing file /opt/airflow/dags/postgress_db.py for tasks to queue
[2023-06-14T09:22:18.631+0000] {logging_mixin.py:137} INFO - [2023-06-14T09:22:18.631+0000] {dagbag.py:538} INFO - Filling up the DagBag from /opt/airflow/dags/postgress_db.py
[2023-06-14T09:22:18.666+0000] {processor.py:753} INFO - DAG(s) dict_keys(['database_postgres']) retrieved from /opt/airflow/dags/postgress_db.py
[2023-06-14T09:22:18.697+0000] {logging_mixin.py:137} INFO - [2023-06-14T09:22:18.697+0000] {dag.py:2690} INFO - Sync 1 DAGs
[2023-06-14T09:22:18.754+0000] {logging_mixin.py:137} INFO - [2023-06-14T09:22:18.754+0000] {dag.py:3441} INFO - Setting next_dagrun for database_postgres to 2023-06-14T00:00:00+00:00, run_after=2023-06-15T00:00:00+00:00
[2023-06-14T09:22:18.775+0000] {processor.py:175} INFO - Processing /opt/airflow/dags/postgress_db.py took 0.152 seconds
[2023-06-14T09:22:49.066+0000] {processor.py:153} INFO - Started process (PID=890) to work on /opt/airflow/dags/postgress_db.py
[2023-06-14T09:22:49.068+0000] {processor.py:743} INFO - Processing file /opt/airflow/dags/postgress_db.py for tasks to queue
[2023-06-14T09:22:49.070+0000] {logging_mixin.py:137} INFO - [2023-06-14T09:22:49.069+0000] {dagbag.py:538} INFO - Filling up the DagBag from /opt/airflow/dags/postgress_db.py
[2023-06-14T09:22:49.106+0000] {processor.py:753} INFO - DAG(s) dict_keys(['database_postgres']) retrieved from /opt/airflow/dags/postgress_db.py
[2023-06-14T09:22:49.124+0000] {logging_mixin.py:137} INFO - [2023-06-14T09:22:49.124+0000] {dag.py:2690} INFO - Sync 1 DAGs
[2023-06-14T09:22:49.139+0000] {logging_mixin.py:137} INFO - [2023-06-14T09:22:49.139+0000] {dag.py:3441} INFO - Setting next_dagrun for database_postgres to 2023-06-14T00:00:00+00:00, run_after=2023-06-15T00:00:00+00:00
[2023-06-14T09:22:49.149+0000] {processor.py:175} INFO - Processing /opt/airflow/dags/postgress_db.py took 0.090 seconds
[2023-06-14T09:23:19.324+0000] {processor.py:153} INFO - Started process (PID=965) to work on /opt/airflow/dags/postgress_db.py
[2023-06-14T09:23:19.328+0000] {processor.py:743} INFO - Processing file /opt/airflow/dags/postgress_db.py for tasks to queue
[2023-06-14T09:23:19.330+0000] {logging_mixin.py:137} INFO - [2023-06-14T09:23:19.330+0000] {dagbag.py:538} INFO - Filling up the DagBag from /opt/airflow/dags/postgress_db.py
[2023-06-14T09:23:19.381+0000] {processor.py:753} INFO - DAG(s) dict_keys(['database_postgres']) retrieved from /opt/airflow/dags/postgress_db.py
[2023-06-14T09:23:19.401+0000] {logging_mixin.py:137} INFO - [2023-06-14T09:23:19.401+0000] {dag.py:2690} INFO - Sync 1 DAGs
[2023-06-14T09:23:19.421+0000] {logging_mixin.py:137} INFO - [2023-06-14T09:23:19.421+0000] {dag.py:3441} INFO - Setting next_dagrun for database_postgres to 2023-06-14T00:00:00+00:00, run_after=2023-06-15T00:00:00+00:00
[2023-06-14T09:23:19.432+0000] {processor.py:175} INFO - Processing /opt/airflow/dags/postgress_db.py took 0.115 seconds
[2023-06-14T09:23:49.607+0000] {processor.py:153} INFO - Started process (PID=1029) to work on /opt/airflow/dags/postgress_db.py
[2023-06-14T09:23:49.609+0000] {processor.py:743} INFO - Processing file /opt/airflow/dags/postgress_db.py for tasks to queue
[2023-06-14T09:23:49.612+0000] {logging_mixin.py:137} INFO - [2023-06-14T09:23:49.611+0000] {dagbag.py:538} INFO - Filling up the DagBag from /opt/airflow/dags/postgress_db.py
[2023-06-14T09:23:49.652+0000] {processor.py:753} INFO - DAG(s) dict_keys(['database_postgres']) retrieved from /opt/airflow/dags/postgress_db.py
[2023-06-14T09:23:49.670+0000] {logging_mixin.py:137} INFO - [2023-06-14T09:23:49.670+0000] {dag.py:2690} INFO - Sync 1 DAGs
[2023-06-14T09:23:49.686+0000] {logging_mixin.py:137} INFO - [2023-06-14T09:23:49.686+0000] {dag.py:3441} INFO - Setting next_dagrun for database_postgres to 2023-06-14T00:00:00+00:00, run_after=2023-06-15T00:00:00+00:00
[2023-06-14T09:23:49.699+0000] {processor.py:175} INFO - Processing /opt/airflow/dags/postgress_db.py took 0.100 seconds
[2023-06-14T09:24:20.024+0000] {processor.py:153} INFO - Started process (PID=1105) to work on /opt/airflow/dags/postgress_db.py
[2023-06-14T09:24:20.026+0000] {processor.py:743} INFO - Processing file /opt/airflow/dags/postgress_db.py for tasks to queue
[2023-06-14T09:24:20.028+0000] {logging_mixin.py:137} INFO - [2023-06-14T09:24:20.028+0000] {dagbag.py:538} INFO - Filling up the DagBag from /opt/airflow/dags/postgress_db.py
[2023-06-14T09:24:20.066+0000] {processor.py:753} INFO - DAG(s) dict_keys(['database_postgres']) retrieved from /opt/airflow/dags/postgress_db.py
[2023-06-14T09:24:20.089+0000] {logging_mixin.py:137} INFO - [2023-06-14T09:24:20.088+0000] {dag.py:2690} INFO - Sync 1 DAGs
[2023-06-14T09:24:20.105+0000] {logging_mixin.py:137} INFO - [2023-06-14T09:24:20.105+0000] {dag.py:3441} INFO - Setting next_dagrun for database_postgres to 2023-06-14T00:00:00+00:00, run_after=2023-06-15T00:00:00+00:00
[2023-06-14T09:24:20.115+0000] {processor.py:175} INFO - Processing /opt/airflow/dags/postgress_db.py took 0.097 seconds
[2023-06-14T09:24:50.822+0000] {processor.py:153} INFO - Started process (PID=1181) to work on /opt/airflow/dags/postgress_db.py
[2023-06-14T09:24:50.824+0000] {processor.py:743} INFO - Processing file /opt/airflow/dags/postgress_db.py for tasks to queue
[2023-06-14T09:24:50.825+0000] {logging_mixin.py:137} INFO - [2023-06-14T09:24:50.825+0000] {dagbag.py:538} INFO - Filling up the DagBag from /opt/airflow/dags/postgress_db.py
[2023-06-14T09:24:50.862+0000] {processor.py:753} INFO - DAG(s) dict_keys(['database_postgres']) retrieved from /opt/airflow/dags/postgress_db.py
[2023-06-14T09:24:50.882+0000] {logging_mixin.py:137} INFO - [2023-06-14T09:24:50.882+0000] {dag.py:2690} INFO - Sync 1 DAGs
[2023-06-14T09:24:50.906+0000] {logging_mixin.py:137} INFO - [2023-06-14T09:24:50.905+0000] {dag.py:3441} INFO - Setting next_dagrun for database_postgres to 2023-06-14T00:00:00+00:00, run_after=2023-06-15T00:00:00+00:00
[2023-06-14T09:24:50.922+0000] {processor.py:175} INFO - Processing /opt/airflow/dags/postgress_db.py took 0.106 seconds
[2023-06-14T09:25:20.984+0000] {processor.py:153} INFO - Started process (PID=1244) to work on /opt/airflow/dags/postgress_db.py
[2023-06-14T09:25:20.986+0000] {processor.py:743} INFO - Processing file /opt/airflow/dags/postgress_db.py for tasks to queue
[2023-06-14T09:25:20.987+0000] {logging_mixin.py:137} INFO - [2023-06-14T09:25:20.987+0000] {dagbag.py:538} INFO - Filling up the DagBag from /opt/airflow/dags/postgress_db.py
[2023-06-14T09:25:21.021+0000] {processor.py:753} INFO - DAG(s) dict_keys(['database_postgres']) retrieved from /opt/airflow/dags/postgress_db.py
[2023-06-14T09:25:21.044+0000] {logging_mixin.py:137} INFO - [2023-06-14T09:25:21.044+0000] {dag.py:2690} INFO - Sync 1 DAGs
[2023-06-14T09:25:21.061+0000] {logging_mixin.py:137} INFO - [2023-06-14T09:25:21.061+0000] {dag.py:3441} INFO - Setting next_dagrun for database_postgres to 2023-06-14T00:00:00+00:00, run_after=2023-06-15T00:00:00+00:00
[2023-06-14T09:25:21.073+0000] {processor.py:175} INFO - Processing /opt/airflow/dags/postgress_db.py took 0.094 seconds
[2023-06-14T09:25:51.187+0000] {processor.py:153} INFO - Started process (PID=1320) to work on /opt/airflow/dags/postgress_db.py
[2023-06-14T09:25:51.189+0000] {processor.py:743} INFO - Processing file /opt/airflow/dags/postgress_db.py for tasks to queue
[2023-06-14T09:25:51.190+0000] {logging_mixin.py:137} INFO - [2023-06-14T09:25:51.190+0000] {dagbag.py:538} INFO - Filling up the DagBag from /opt/airflow/dags/postgress_db.py
[2023-06-14T09:25:51.221+0000] {processor.py:753} INFO - DAG(s) dict_keys(['database_postgres']) retrieved from /opt/airflow/dags/postgress_db.py
[2023-06-14T09:25:51.239+0000] {logging_mixin.py:137} INFO - [2023-06-14T09:25:51.239+0000] {dag.py:2690} INFO - Sync 1 DAGs
[2023-06-14T09:25:51.254+0000] {logging_mixin.py:137} INFO - [2023-06-14T09:25:51.254+0000] {dag.py:3441} INFO - Setting next_dagrun for database_postgres to 2023-06-14T00:00:00+00:00, run_after=2023-06-15T00:00:00+00:00
[2023-06-14T09:25:51.264+0000] {processor.py:175} INFO - Processing /opt/airflow/dags/postgress_db.py took 0.081 seconds
[2023-06-14T09:26:21.366+0000] {processor.py:153} INFO - Started process (PID=1396) to work on /opt/airflow/dags/postgress_db.py
[2023-06-14T09:26:21.368+0000] {processor.py:743} INFO - Processing file /opt/airflow/dags/postgress_db.py for tasks to queue
[2023-06-14T09:26:21.370+0000] {logging_mixin.py:137} INFO - [2023-06-14T09:26:21.369+0000] {dagbag.py:538} INFO - Filling up the DagBag from /opt/airflow/dags/postgress_db.py
[2023-06-14T09:26:21.405+0000] {processor.py:753} INFO - DAG(s) dict_keys(['database_postgres']) retrieved from /opt/airflow/dags/postgress_db.py
[2023-06-14T09:26:21.423+0000] {logging_mixin.py:137} INFO - [2023-06-14T09:26:21.423+0000] {dag.py:2690} INFO - Sync 1 DAGs
[2023-06-14T09:26:21.439+0000] {logging_mixin.py:137} INFO - [2023-06-14T09:26:21.439+0000] {dag.py:3441} INFO - Setting next_dagrun for database_postgres to 2023-06-14T00:00:00+00:00, run_after=2023-06-15T00:00:00+00:00
[2023-06-14T09:26:21.449+0000] {processor.py:175} INFO - Processing /opt/airflow/dags/postgress_db.py took 0.089 seconds
