[2023-06-14T13:30:21.000+0000] {taskinstance.py:1083} INFO - Dependencies all met for <TaskInstance: database_postgres.create_table manual__2023-06-14T13:30:20.200085+00:00 [queued]>
[2023-06-14T13:30:21.006+0000] {taskinstance.py:1083} INFO - Dependencies all met for <TaskInstance: database_postgres.create_table manual__2023-06-14T13:30:20.200085+00:00 [queued]>
[2023-06-14T13:30:21.007+0000] {taskinstance.py:1279} INFO - 
--------------------------------------------------------------------------------
[2023-06-14T13:30:21.007+0000] {taskinstance.py:1280} INFO - Starting attempt 1 of 1
[2023-06-14T13:30:21.008+0000] {taskinstance.py:1281} INFO - 
--------------------------------------------------------------------------------
[2023-06-14T13:30:21.015+0000] {taskinstance.py:1300} INFO - Executing <Task(PostgresOperator): create_table> on 2023-06-14 13:30:20.200085+00:00
[2023-06-14T13:30:21.020+0000] {standard_task_runner.py:55} INFO - Started process 423 to run task
[2023-06-14T13:30:21.023+0000] {standard_task_runner.py:82} INFO - Running: ['***', 'tasks', 'run', 'database_postgres', 'create_table', 'manual__2023-06-14T13:30:20.200085+00:00', '--job-id', '19', '--raw', '--subdir', 'DAGS_FOLDER/postgress_db.py', '--cfg-path', '/tmp/tmpp4b2d_pu']
[2023-06-14T13:30:21.024+0000] {standard_task_runner.py:83} INFO - Job 19: Subtask create_table
[2023-06-14T13:30:21.072+0000] {task_command.py:388} INFO - Running <TaskInstance: database_postgres.create_table manual__2023-06-14T13:30:20.200085+00:00 [running]> on host 649eec7cdf92
[2023-06-14T13:30:21.126+0000] {taskinstance.py:1509} INFO - Exporting the following env vars:
AIRFLOW_CTX_DAG_OWNER=***
AIRFLOW_CTX_DAG_ID=database_postgres
AIRFLOW_CTX_TASK_ID=create_table
AIRFLOW_CTX_EXECUTION_DATE=2023-06-14T13:30:20.200085+00:00
AIRFLOW_CTX_TRY_NUMBER=1
AIRFLOW_CTX_DAG_RUN_ID=manual__2023-06-14T13:30:20.200085+00:00
[2023-06-14T13:30:21.127+0000] {sql.py:254} INFO - Executing: CREATE TABLE IF NOT EXISTS my_table (
  id INT UNIQUE NOT NULL,
  "current_time" TIMESTAMP DEFAULT CURRENT_TIMESTAMP
);
[2023-06-14T13:30:21.136+0000] {base.py:73} INFO - Using connection ID 'postgres' for task execution.
[2023-06-14T13:30:21.240+0000] {base.py:73} INFO - Using connection ID 'postgres' for task execution.
[2023-06-14T13:30:21.245+0000] {sql.py:375} INFO - Running statement: CREATE TABLE IF NOT EXISTS my_table (
  id INT UNIQUE NOT NULL,
  "current_time" TIMESTAMP DEFAULT CURRENT_TIMESTAMP
);, parameters: None
[2023-06-14T13:30:21.254+0000] {taskinstance.py:1323} INFO - Marking task as SUCCESS. dag_id=database_postgres, task_id=create_table, execution_date=20230614T133020, start_date=20230614T133021, end_date=20230614T133021
[2023-06-14T13:30:21.278+0000] {local_task_job.py:208} INFO - Task exited with return code 0
[2023-06-14T13:30:21.298+0000] {taskinstance.py:2578} INFO - 1 downstream tasks scheduled from follow-on schedule check
