[2023-06-14T14:05:45.035+0000] {taskinstance.py:1083} INFO - Dependencies all met for <TaskInstance: database_postgres.create_table manual__2023-06-14T14:05:43.496008+00:00 [queued]>
[2023-06-14T14:05:45.040+0000] {taskinstance.py:1083} INFO - Dependencies all met for <TaskInstance: database_postgres.create_table manual__2023-06-14T14:05:43.496008+00:00 [queued]>
[2023-06-14T14:05:45.041+0000] {taskinstance.py:1279} INFO - 
--------------------------------------------------------------------------------
[2023-06-14T14:05:45.042+0000] {taskinstance.py:1280} INFO - Starting attempt 1 of 1
[2023-06-14T14:05:45.042+0000] {taskinstance.py:1281} INFO - 
--------------------------------------------------------------------------------
[2023-06-14T14:05:45.050+0000] {taskinstance.py:1300} INFO - Executing <Task(PostgresOperator): create_table> on 2023-06-14 14:05:43.496008+00:00
[2023-06-14T14:05:45.055+0000] {standard_task_runner.py:55} INFO - Started process 76 to run task
[2023-06-14T14:05:45.058+0000] {standard_task_runner.py:82} INFO - Running: ['***', 'tasks', 'run', 'database_postgres', 'create_table', 'manual__2023-06-14T14:05:43.496008+00:00', '--job-id', '40', '--raw', '--subdir', 'DAGS_FOLDER/postgress_db.py', '--cfg-path', '/tmp/tmp0_uwvo3b']
[2023-06-14T14:05:45.059+0000] {standard_task_runner.py:83} INFO - Job 40: Subtask create_table
[2023-06-14T14:05:45.109+0000] {task_command.py:388} INFO - Running <TaskInstance: database_postgres.create_table manual__2023-06-14T14:05:43.496008+00:00 [running]> on host 5fd7c6d884b5
[2023-06-14T14:05:45.159+0000] {taskinstance.py:1509} INFO - Exporting the following env vars:
AIRFLOW_CTX_DAG_OWNER=***
AIRFLOW_CTX_DAG_ID=database_postgres
AIRFLOW_CTX_TASK_ID=create_table
AIRFLOW_CTX_EXECUTION_DATE=2023-06-14T14:05:43.496008+00:00
AIRFLOW_CTX_TRY_NUMBER=1
AIRFLOW_CTX_DAG_RUN_ID=manual__2023-06-14T14:05:43.496008+00:00
[2023-06-14T14:05:45.161+0000] {sql.py:254} INFO - Executing: CREATE TABLE IF NOT EXISTS my_table (
  id INT UNIQUE NOT NULL,
  execution_time TIMESTAMP DEFAULT CURRENT_TIMESTAMP
);
[2023-06-14T14:05:45.169+0000] {base.py:73} INFO - Using connection ID 'postgres' for task execution.
[2023-06-14T14:05:45.288+0000] {base.py:73} INFO - Using connection ID 'postgres' for task execution.
[2023-06-14T14:05:45.294+0000] {sql.py:375} INFO - Running statement: CREATE TABLE IF NOT EXISTS my_table (
  id INT UNIQUE NOT NULL,
  execution_time TIMESTAMP DEFAULT CURRENT_TIMESTAMP
);, parameters: None
[2023-06-14T14:05:45.305+0000] {taskinstance.py:1323} INFO - Marking task as SUCCESS. dag_id=database_postgres, task_id=create_table, execution_date=20230614T140543, start_date=20230614T140545, end_date=20230614T140545
[2023-06-14T14:05:45.354+0000] {local_task_job.py:208} INFO - Task exited with return code 0
[2023-06-14T14:05:45.372+0000] {taskinstance.py:2578} INFO - 1 downstream tasks scheduled from follow-on schedule check
