[2023-06-08T12:58:52.101+0000] {taskinstance.py:1083} INFO - Dependencies all met for <TaskInstance: database_postgres.get_all_users manual__2023-06-08T12:58:49.021479+00:00 [queued]>
[2023-06-08T12:58:52.107+0000] {taskinstance.py:1083} INFO - Dependencies all met for <TaskInstance: database_postgres.get_all_users manual__2023-06-08T12:58:49.021479+00:00 [queued]>
[2023-06-08T12:58:52.107+0000] {taskinstance.py:1279} INFO - 
--------------------------------------------------------------------------------
[2023-06-08T12:58:52.107+0000] {taskinstance.py:1280} INFO - Starting attempt 1 of 1
[2023-06-08T12:58:52.108+0000] {taskinstance.py:1281} INFO - 
--------------------------------------------------------------------------------
[2023-06-08T12:58:52.115+0000] {taskinstance.py:1300} INFO - Executing <Task(PostgresOperator): get_all_users> on 2023-06-08 12:58:49.021479+00:00
[2023-06-08T12:58:52.119+0000] {standard_task_runner.py:55} INFO - Started process 775 to run task
[2023-06-08T12:58:52.122+0000] {standard_task_runner.py:82} INFO - Running: ['***', 'tasks', 'run', 'database_postgres', 'get_all_users', 'manual__2023-06-08T12:58:49.021479+00:00', '--job-id', '23', '--raw', '--subdir', 'DAGS_FOLDER/postgress_db.py', '--cfg-path', '/tmp/tmpco5cppvp']
[2023-06-08T12:58:52.123+0000] {standard_task_runner.py:83} INFO - Job 23: Subtask get_all_users
[2023-06-08T12:58:52.169+0000] {task_command.py:388} INFO - Running <TaskInstance: database_postgres.get_all_users manual__2023-06-08T12:58:49.021479+00:00 [running]> on host 54f992379a81
[2023-06-08T12:58:52.216+0000] {taskinstance.py:1509} INFO - Exporting the following env vars:
AIRFLOW_CTX_DAG_OWNER=***
AIRFLOW_CTX_DAG_ID=database_postgres
AIRFLOW_CTX_TASK_ID=get_all_users
AIRFLOW_CTX_EXECUTION_DATE=2023-06-08T12:58:49.021479+00:00
AIRFLOW_CTX_TRY_NUMBER=1
AIRFLOW_CTX_DAG_RUN_ID=manual__2023-06-08T12:58:49.021479+00:00
[2023-06-08T12:58:52.217+0000] {sql.py:254} INFO - Executing: select * from users;
[2023-06-08T12:58:52.225+0000] {base.py:73} INFO - Using connection ID 'postgres' for task execution.
[2023-06-08T12:58:52.322+0000] {base.py:73} INFO - Using connection ID 'postgres' for task execution.
[2023-06-08T12:58:52.326+0000] {sql.py:375} INFO - Running statement: select * from users;, parameters: None
[2023-06-08T12:58:52.328+0000] {sql.py:384} INFO - Rows affected: 4
[2023-06-08T12:58:52.346+0000] {taskinstance.py:1323} INFO - Marking task as SUCCESS. dag_id=database_postgres, task_id=get_all_users, execution_date=20230608T125849, start_date=20230608T125852, end_date=20230608T125852
[2023-06-08T12:58:52.376+0000] {local_task_job.py:208} INFO - Task exited with return code 0
[2023-06-08T12:58:52.391+0000] {taskinstance.py:2578} INFO - 0 downstream tasks scheduled from follow-on schedule check
